SLF4J: Failed to load class "org.slf4j.impl.StaticLoggerBinder".
SLF4J: Defaulting to no-operation (NOP) logger implementation
SLF4J: See http://www.slf4j.org/codes.html#StaticLoggerBinder for further details.
Starting ChromeDriver 101.0.4951.41 (93c720db8323b3ec10d056025ab95c23a31997c9-refs/branch-heads/4951@{#904}) on port 46301
Only local connections are allowed.
Please see https://chromedriver.chromium.org/security-considerations for suggestions on keeping ChromeDriver safe.
ChromeDriver was started successfully.
[1664718779.555][WARNING]: This version of ChromeDriver has not been tested with Chrome version 102.
Oct 02, 2022 1:52:59 PM org.openqa.selenium.remote.ProtocolHandshake createSession
INFO: Detected dialect: W3C
Oct 02, 2022 1:52:59 PM org.openqa.selenium.devtools.CdpVersionFinder findNearestMatch
WARNING: Unable to find an exact match for CDP version 102, so returning the closest version found: a no-op implementation
Oct 02, 2022 1:52:59 PM org.openqa.selenium.devtools.CdpVersionFinder findNearestMatch
INFO: Unable to find CDP implementation matching 102.
Oct 02, 2022 1:52:59 PM org.openqa.selenium.chromium.ChromiumDriver lambda$new$3
WARNING: Unable to find version of CDP to use for . You may need to include a dependency on a specific version of the CDP using something similar to `org.seleniumhq.selenium:selenium-devtools-v86:4.0.0` where the version ("v86") matches the version of the chromium-based browser you're using and the version number of the artifact is the same as Selenium's.
Oct 02, 2022 1:53:19 PM se.kth.assertgroup.core.analysis.statediff.ui.StateDiffUIManipulator addStateDiffToExecDiffUI
INFO: Line mappings and vars computed.
Oct 02, 2022 1:53:19 PM se.kth.assertgroup.core.analysis.statediff.ui.StateDiffUIManipulator addStateDiffToExecDiffUI
INFO: For commit fb5372e59b6cf69b47f9c9b7154fb341ef2ad64b line mappings and vars computation took 23079 MILLIS
Oct 02, 2022 1:53:19 PM se.kth.assertgroup.core.analysis.statediff.ui.StateDiffUIManipulator addStateDiffToExecDiffUI
INFO: ProgramStateDiff{firstOriginalUniqueStateSummary=UniqueStateSummary{differencingTest=null, firstUniqueStateLine=null, firstUniqueVarValLine=null, firstUniqueStateHash=null, firstUniqueVarVal='null'}, firstPatchedUniqueStateSummary=UniqueStateSummary{differencingTest=null, firstUniqueStateLine=null, firstUniqueVarValLine=null, firstUniqueStateHash=null, firstUniqueVarVal='null'}, originalUniqueReturn=UniqueReturnSummary{differencingTest=org.apache.commons.math.analysis.solvers.BrentSolverTest::testBadEndpoints, firstUniqueVarValLine=251, firstUniqueReturnLine=251, firstUniqueReturnHash=1899488597, firstUniqueVarVal='{return-object}=1.2'}, patchedUniqueReturn=UniqueReturnSummary{differencingTest=null, firstUniqueVarValLine=null, firstUniqueReturnLine=null, firstUniqueReturnHash=null, firstUniqueVarVal='null'}}
Oct 02, 2022 1:53:19 PM se.kth.assertgroup.core.analysis.statediff.ui.StateDiffUIManipulator addStateDiffToExecDiffUI
INFO: For commit fb5372e59b6cf69b47f9c9b7154fb341ef2ad64b diff computation took 60 MILLIS
Oct 02, 2022 1:53:19 PM se.kth.assertgroup.core.analysis.statediff.ui.StateDiffUIManipulator addStateDiffToExecDiffUI
INFO: For commit fb5372e59b6cf69b47f9c9b7154fb341ef2ad64b UI manipulation took 38 MILLIS
