SLF4J: Failed to load class "org.slf4j.impl.StaticLoggerBinder".
SLF4J: Defaulting to no-operation (NOP) logger implementation
SLF4J: See http://www.slf4j.org/codes.html#StaticLoggerBinder for further details.
Starting ChromeDriver 101.0.4951.41 (93c720db8323b3ec10d056025ab95c23a31997c9-refs/branch-heads/4951@{#904}) on port 59690
Only local connections are allowed.
Please see https://chromedriver.chromium.org/security-considerations for suggestions on keeping ChromeDriver safe.
ChromeDriver was started successfully.
[1664561803.770][WARNING]: This version of ChromeDriver has not been tested with Chrome version 102.
Sep 30, 2022 6:16:43 PM org.openqa.selenium.remote.ProtocolHandshake createSession
INFO: Detected dialect: W3C
Sep 30, 2022 6:16:43 PM org.openqa.selenium.devtools.CdpVersionFinder findNearestMatch
WARNING: Unable to find an exact match for CDP version 102, so returning the closest version found: a no-op implementation
Sep 30, 2022 6:16:43 PM org.openqa.selenium.devtools.CdpVersionFinder findNearestMatch
INFO: Unable to find CDP implementation matching 102.
Sep 30, 2022 6:16:43 PM org.openqa.selenium.chromium.ChromiumDriver lambda$new$3
WARNING: Unable to find version of CDP to use for . You may need to include a dependency on a specific version of the CDP using something similar to `org.seleniumhq.selenium:selenium-devtools-v86:4.0.0` where the version ("v86") matches the version of the chromium-based browser you're using and the version number of the artifact is the same as Selenium's.
Sep 30, 2022 6:16:58 PM se.kth.assertgroup.core.analysis.statediff.ui.StateDiffUIManipulator addStateDiffToExecDiffUI
INFO: Line mappings and vars computed.
Sep 30, 2022 6:16:58 PM se.kth.assertgroup.core.analysis.statediff.ui.StateDiffUIManipulator addStateDiffToExecDiffUI
INFO: For commit 8eae3e069849915fa211cd36320ce44cc2450de0 line mappings and vars computation took 16443 MILLIS
Sep 30, 2022 6:16:58 PM se.kth.assertgroup.core.analysis.statediff.ui.StateDiffUIManipulator addStateDiffToExecDiffUI
INFO: ProgramStateDiff{firstOriginalUniqueStateSummary=UniqueStateSummary{differencingTest=org.apache.commons.math.optimization.univariate.MultiStartUnivariateRealOptimizerTest::testQuinticMin, firstUniqueStateLine=162, firstUniqueVarValLine=162, firstUniqueStateHash=1301333584, firstUniqueVarVal='bound2=-0.29359645981071525'}, firstPatchedUniqueStateSummary=UniqueStateSummary{differencingTest=org.apache.commons.math.optimization.univariate.MultiStartUnivariateRealOptimizerTest::testQuinticMin, firstUniqueStateLine=162, firstUniqueVarValLine=162, firstUniqueStateHash=-844862102, firstUniqueVarVal='bound2=-0.2546117429035549'}, originalUniqueReturn=UniqueReturnSummary{differencingTest=org.apache.commons.math.optimization.univariate.MultiStartUnivariateRealOptimizerTest::testQuinticMin, firstUniqueVarValLine=182, firstUniqueReturnLine=182, firstUniqueReturnHash=-349576079, firstUniqueVarVal='{return-object}.point=-0.2719561278056452'}, patchedUniqueReturn=UniqueReturnSummary{differencingTest=org.apache.commons.math.optimization.univariate.MultiStartUnivariateRealOptimizerTest::testQuinticMin, firstUniqueVarValLine=182, firstUniqueReturnLine=182, firstUniqueReturnHash=895949898, firstUniqueVarVal='{return-object}.point=-0.27195612832105936'}}
Sep 30, 2022 6:16:58 PM se.kth.assertgroup.core.analysis.statediff.ui.StateDiffUIManipulator addStateDiffToExecDiffUI
INFO: For commit 8eae3e069849915fa211cd36320ce44cc2450de0 diff computation took 187 MILLIS
Sep 30, 2022 6:16:58 PM se.kth.assertgroup.core.analysis.statediff.ui.StateDiffUIManipulator addStateDiffToExecDiffUI
INFO: For commit 8eae3e069849915fa211cd36320ce44cc2450de0 UI manipulation took 78 MILLIS
