SLF4J: Failed to load class "org.slf4j.impl.StaticLoggerBinder".
SLF4J: Defaulting to no-operation (NOP) logger implementation
SLF4J: See http://www.slf4j.org/codes.html#StaticLoggerBinder for further details.
Starting ChromeDriver 101.0.4951.41 (93c720db8323b3ec10d056025ab95c23a31997c9-refs/branch-heads/4951@{#904}) on port 41059
Only local connections are allowed.
Please see https://chromedriver.chromium.org/security-considerations for suggestions on keeping ChromeDriver safe.
ChromeDriver was started successfully.
[1664735767.745][WARNING]: This version of ChromeDriver has not been tested with Chrome version 102.
Oct 02, 2022 6:36:07 PM org.openqa.selenium.remote.ProtocolHandshake createSession
INFO: Detected dialect: W3C
Oct 02, 2022 6:36:07 PM org.openqa.selenium.devtools.CdpVersionFinder findNearestMatch
WARNING: Unable to find an exact match for CDP version 102, so returning the closest version found: a no-op implementation
Oct 02, 2022 6:36:07 PM org.openqa.selenium.devtools.CdpVersionFinder findNearestMatch
INFO: Unable to find CDP implementation matching 102.
Oct 02, 2022 6:36:07 PM org.openqa.selenium.chromium.ChromiumDriver lambda$new$3
WARNING: Unable to find version of CDP to use for . You may need to include a dependency on a specific version of the CDP using something similar to `org.seleniumhq.selenium:selenium-devtools-v86:4.0.0` where the version ("v86") matches the version of the chromium-based browser you're using and the version number of the artifact is the same as Selenium's.
Oct 02, 2022 6:37:28 PM se.kth.assertgroup.core.analysis.statediff.ui.StateDiffUIManipulator addStateDiffToExecDiffUI
INFO: Line mappings and vars computed.
Oct 02, 2022 6:37:28 PM se.kth.assertgroup.core.analysis.statediff.ui.StateDiffUIManipulator addStateDiffToExecDiffUI
INFO: For commit 09e40b014905153aa3ec35974152e4613b6ec885 line mappings and vars computation took 84450 MILLIS
Oct 02, 2022 6:38:13 PM se.kth.assertgroup.core.analysis.statediff.ui.StateDiffUIManipulator addStateDiffToExecDiffUI
INFO: ProgramStateDiff{firstOriginalUniqueStateSummary=UniqueStateSummary{differencingTest=org.apache.commons.math3.optimization.direct.CMAESOptimizerTest::testFitAccuracyDependsOnBoundary, firstUniqueStateLine=356, firstUniqueVarValLine=376, firstUniqueStateHash=-559054063, firstUniqueVarVal='lambda=4'}, firstPatchedUniqueStateSummary=UniqueStateSummary{differencingTest=org.apache.commons.math3.optimization.direct.CMAESOptimizerTest::testFitAccuracyDependsOnBoundary, firstUniqueStateLine=356, firstUniqueVarValLine=498, firstUniqueStateHash=2086677517, firstUniqueVarVal='optimum.key=[1.0]'}, originalUniqueReturn=UniqueReturnSummary{differencingTest=org.apache.commons.math3.optimization.direct.CMAESOptimizerTest::testFitAccuracyDependsOnBoundary, firstUniqueVarValLine=498, firstUniqueReturnLine=498, firstUniqueReturnHash=-361529606, firstUniqueVarVal='{return-object}.key=[11.099999999981032]'}, patchedUniqueReturn=UniqueReturnSummary{differencingTest=org.apache.commons.math3.optimization.direct.CMAESOptimizerTest::testFitAccuracyDependsOnBoundary, firstUniqueVarValLine=498, firstUniqueReturnLine=498, firstUniqueReturnHash=1405845727, firstUniqueVarVal='{return-object}.key=[1.0]'}}
Oct 02, 2022 6:38:13 PM se.kth.assertgroup.core.analysis.statediff.ui.StateDiffUIManipulator addStateDiffToExecDiffUI
INFO: For commit 09e40b014905153aa3ec35974152e4613b6ec885 diff computation took 45194 MILLIS
Oct 02, 2022 6:38:13 PM se.kth.assertgroup.core.analysis.statediff.ui.StateDiffUIManipulator addStateDiffToExecDiffUI
INFO: For commit 09e40b014905153aa3ec35974152e4613b6ec885 UI manipulation took 52 MILLIS
