SLF4J: Failed to load class "org.slf4j.impl.StaticLoggerBinder".
SLF4J: Defaulting to no-operation (NOP) logger implementation
SLF4J: See http://www.slf4j.org/codes.html#StaticLoggerBinder for further details.
Starting ChromeDriver 101.0.4951.41 (93c720db8323b3ec10d056025ab95c23a31997c9-refs/branch-heads/4951@{#904}) on port 41053
Only local connections are allowed.
Please see https://chromedriver.chromium.org/security-considerations for suggestions on keeping ChromeDriver safe.
ChromeDriver was started successfully.
[1664477455.335][WARNING]: This version of ChromeDriver has not been tested with Chrome version 102.
Sep 29, 2022 6:50:55 PM org.openqa.selenium.remote.ProtocolHandshake createSession
INFO: Detected dialect: W3C
Sep 29, 2022 6:50:55 PM org.openqa.selenium.devtools.CdpVersionFinder findNearestMatch
WARNING: Unable to find an exact match for CDP version 102, so returning the closest version found: a no-op implementation
Sep 29, 2022 6:50:55 PM org.openqa.selenium.devtools.CdpVersionFinder findNearestMatch
INFO: Unable to find CDP implementation matching 102.
Sep 29, 2022 6:50:55 PM org.openqa.selenium.chromium.ChromiumDriver lambda$new$3
WARNING: Unable to find version of CDP to use for . You may need to include a dependency on a specific version of the CDP using something similar to `org.seleniumhq.selenium:selenium-devtools-v86:4.0.0` where the version ("v86") matches the version of the chromium-based browser you're using and the version number of the artifact is the same as Selenium's.
Sep 29, 2022 6:51:10 PM se.kth.assertgroup.core.analysis.statediff.ui.StateDiffUIManipulator addStateDiffToExecDiffUI
INFO: Line mappings and vars computed.
Sep 29, 2022 6:51:10 PM se.kth.assertgroup.core.analysis.statediff.ui.StateDiffUIManipulator addStateDiffToExecDiffUI
INFO: For commit 737913664e57dad4768ff538a81ace8e0f0db559 line mappings and vars computation took 16884 MILLIS
Sep 29, 2022 6:51:10 PM se.kth.assertgroup.core.analysis.statediff.ui.StateDiffUIManipulator addStateDiffToExecDiffUI
INFO: ProgramStateDiff{firstOriginalUniqueStateSummary=UniqueStateSummary{differencingTest=org.apache.commons.math3.stat.inference.MannWhitneyUTestTest::testBigDataSet, firstUniqueStateLine=179, firstUniqueVarValLine=179, firstUniqueStateHash=-1390095771, firstUniqueVarVal='VarU=-1.5314038266666666E8'}, firstPatchedUniqueStateSummary=UniqueStateSummary{differencingTest=org.apache.commons.math3.stat.inference.MannWhitneyUTestTest::testBigDataSet, firstUniqueStateLine=179, firstUniqueVarValLine=179, firstUniqueStateHash=1127758142, firstUniqueVarVal='VarU=5.626875E8'}, originalUniqueReturn=UniqueReturnSummary{differencingTest=org.apache.commons.math3.stat.inference.MannWhitneyUTestTest::testBigDataSet, firstUniqueVarValLine=183, firstUniqueReturnLine=183, firstUniqueReturnHash=-941730437, firstUniqueVarVal='{return-object}=NaN'}, patchedUniqueReturn=UniqueReturnSummary{differencingTest=org.apache.commons.math3.stat.inference.MannWhitneyUTestTest::testBigDataSet, firstUniqueVarValLine=183, firstUniqueReturnLine=183, firstUniqueReturnHash=-1510746824, firstUniqueVarVal='{return-object}=0.9747770814386078'}}
Sep 29, 2022 6:51:10 PM se.kth.assertgroup.core.analysis.statediff.ui.StateDiffUIManipulator addStateDiffToExecDiffUI
INFO: For commit 737913664e57dad4768ff538a81ace8e0f0db559 diff computation took 40 MILLIS
Sep 29, 2022 6:51:10 PM se.kth.assertgroup.core.analysis.statediff.ui.StateDiffUIManipulator addStateDiffToExecDiffUI
INFO: For commit 737913664e57dad4768ff538a81ace8e0f0db559 UI manipulation took 46 MILLIS
