SLF4J: Failed to load class "org.slf4j.impl.StaticLoggerBinder".
SLF4J: Defaulting to no-operation (NOP) logger implementation
SLF4J: See http://www.slf4j.org/codes.html#StaticLoggerBinder for further details.
Starting ChromeDriver 101.0.4951.41 (93c720db8323b3ec10d056025ab95c23a31997c9-refs/branch-heads/4951@{#904}) on port 42439
Only local connections are allowed.
Please see https://chromedriver.chromium.org/security-considerations for suggestions on keeping ChromeDriver safe.
ChromeDriver was started successfully.
[1664654710.793][WARNING]: This version of ChromeDriver has not been tested with Chrome version 102.
Oct 01, 2022 8:05:10 PM org.openqa.selenium.remote.ProtocolHandshake createSession
INFO: Detected dialect: W3C
Oct 01, 2022 8:05:11 PM org.openqa.selenium.devtools.CdpVersionFinder findNearestMatch
WARNING: Unable to find an exact match for CDP version 102, so returning the closest version found: a no-op implementation
Oct 01, 2022 8:05:11 PM org.openqa.selenium.devtools.CdpVersionFinder findNearestMatch
INFO: Unable to find CDP implementation matching 102.
Oct 01, 2022 8:05:11 PM org.openqa.selenium.chromium.ChromiumDriver lambda$new$3
WARNING: Unable to find version of CDP to use for . You may need to include a dependency on a specific version of the CDP using something similar to `org.seleniumhq.selenium:selenium-devtools-v86:4.0.0` where the version ("v86") matches the version of the chromium-based browser you're using and the version number of the artifact is the same as Selenium's.
Oct 01, 2022 8:05:38 PM se.kth.assertgroup.core.analysis.statediff.ui.StateDiffUIManipulator addStateDiffToExecDiffUI
INFO: Line mappings and vars computed.
Oct 01, 2022 8:05:38 PM se.kth.assertgroup.core.analysis.statediff.ui.StateDiffUIManipulator addStateDiffToExecDiffUI
INFO: For commit 53774b33c437cc0b9b5cd579aa1034ee3b46c094 line mappings and vars computation took 31521 MILLIS
Oct 01, 2022 8:12:19 PM se.kth.assertgroup.core.analysis.statediff.ui.StateDiffUIManipulator addStateDiffToExecDiffUI
INFO: ProgramStateDiff{firstOriginalUniqueStateSummary=UniqueStateSummary{differencingTest=org.apache.commons.math.ode.nonstiff.AdamsMoultonIntegratorTest::polynomial, firstUniqueStateLine=237, firstUniqueVarValLine=347, firstUniqueStateHash=-1696851195, firstUniqueVarVal='factor=1.4142135623730951'}, firstPatchedUniqueStateSummary=UniqueStateSummary{differencingTest=org.apache.commons.math.ode.nonstiff.AdamsMoultonIntegratorTest::polynomial, firstUniqueStateLine=238, firstUniqueVarValLine=348, firstUniqueStateHash=755866249, firstUniqueVarVal='factor=3.1129781135090777'}, originalUniqueReturn=UniqueReturnSummary{differencingTest=null, firstUniqueVarValLine=null, firstUniqueReturnLine=null, firstUniqueReturnHash=null, firstUniqueVarVal='null'}, patchedUniqueReturn=UniqueReturnSummary{differencingTest=null, firstUniqueVarValLine=null, firstUniqueReturnLine=null, firstUniqueReturnHash=null, firstUniqueVarVal='null'}}
Oct 01, 2022 8:12:19 PM se.kth.assertgroup.core.analysis.statediff.ui.StateDiffUIManipulator addStateDiffToExecDiffUI
INFO: For commit 53774b33c437cc0b9b5cd579aa1034ee3b46c094 diff computation took 401078 MILLIS
Oct 01, 2022 8:12:19 PM se.kth.assertgroup.core.analysis.statediff.ui.StateDiffUIManipulator addStateDiffToExecDiffUI
INFO: For commit 53774b33c437cc0b9b5cd579aa1034ee3b46c094 UI manipulation took 64 MILLIS
