SLF4J: Failed to load class "org.slf4j.impl.StaticLoggerBinder".
SLF4J: Defaulting to no-operation (NOP) logger implementation
SLF4J: See http://www.slf4j.org/codes.html#StaticLoggerBinder for further details.
Starting ChromeDriver 101.0.4951.41 (93c720db8323b3ec10d056025ab95c23a31997c9-refs/branch-heads/4951@{#904}) on port 33411
Only local connections are allowed.
Please see https://chromedriver.chromium.org/security-considerations for suggestions on keeping ChromeDriver safe.
ChromeDriver was started successfully.
[1664659094.485][WARNING]: This version of ChromeDriver has not been tested with Chrome version 102.
Oct 01, 2022 9:18:14 PM org.openqa.selenium.remote.ProtocolHandshake createSession
INFO: Detected dialect: W3C
Oct 01, 2022 9:18:14 PM org.openqa.selenium.devtools.CdpVersionFinder findNearestMatch
WARNING: Unable to find an exact match for CDP version 102, so returning the closest version found: a no-op implementation
Oct 01, 2022 9:18:14 PM org.openqa.selenium.devtools.CdpVersionFinder findNearestMatch
INFO: Unable to find CDP implementation matching 102.
Oct 01, 2022 9:18:14 PM org.openqa.selenium.chromium.ChromiumDriver lambda$new$3
WARNING: Unable to find version of CDP to use for . You may need to include a dependency on a specific version of the CDP using something similar to `org.seleniumhq.selenium:selenium-devtools-v86:4.0.0` where the version ("v86") matches the version of the chromium-based browser you're using and the version number of the artifact is the same as Selenium's.
Oct 01, 2022 9:18:28 PM se.kth.assertgroup.core.analysis.statediff.ui.StateDiffUIManipulator addStateDiffToExecDiffUI
INFO: Line mappings and vars computed.
Oct 01, 2022 9:18:28 PM se.kth.assertgroup.core.analysis.statediff.ui.StateDiffUIManipulator addStateDiffToExecDiffUI
INFO: For commit 93ca7d51279dd2e954084dd62be5eccfd664c8f9 line mappings and vars computation took 16142 MILLIS
Oct 01, 2022 9:18:29 PM se.kth.assertgroup.core.analysis.statediff.ui.StateDiffUIManipulator addStateDiffToExecDiffUI
INFO: ProgramStateDiff{firstOriginalUniqueStateSummary=UniqueStateSummary{differencingTest=org.apache.commons.math.optimization.linear.SimplexSolverTest::testMath288, firstUniqueStateLine=86, firstUniqueVarValLine=84, firstUniqueStateHash=-1300974178, firstUniqueVarVal='minRatio=0.4'}, firstPatchedUniqueStateSummary=UniqueStateSummary{differencingTest=org.apache.commons.math.optimization.linear.SimplexSolverTest::testMath288, firstUniqueStateLine=89, firstUniqueVarValLine=84, firstUniqueStateHash=-37303295, firstUniqueVarVal='minRatio=1.0'}, originalUniqueReturn=UniqueReturnSummary{differencingTest=org.apache.commons.math.optimization.linear.SimplexSolverTest::testMath288, firstUniqueVarValLine=90, firstUniqueReturnLine=90, firstUniqueReturnHash=1002441491, firstUniqueVarVal='{return-object}=3'}, patchedUniqueReturn=UniqueReturnSummary{differencingTest=null, firstUniqueVarValLine=null, firstUniqueReturnLine=null, firstUniqueReturnHash=null, firstUniqueVarVal='null'}}
Oct 01, 2022 9:18:29 PM se.kth.assertgroup.core.analysis.statediff.ui.StateDiffUIManipulator addStateDiffToExecDiffUI
INFO: For commit 93ca7d51279dd2e954084dd62be5eccfd664c8f9 diff computation took 459 MILLIS
Oct 01, 2022 9:18:29 PM se.kth.assertgroup.core.analysis.statediff.ui.StateDiffUIManipulator addStateDiffToExecDiffUI
INFO: For commit 93ca7d51279dd2e954084dd62be5eccfd664c8f9 UI manipulation took 31 MILLIS
