SLF4J: Failed to load class "org.slf4j.impl.StaticLoggerBinder".
SLF4J: Defaulting to no-operation (NOP) logger implementation
SLF4J: See http://www.slf4j.org/codes.html#StaticLoggerBinder for further details.
Starting ChromeDriver 101.0.4951.41 (93c720db8323b3ec10d056025ab95c23a31997c9-refs/branch-heads/4951@{#904}) on port 34409
Only local connections are allowed.
Please see https://chromedriver.chromium.org/security-considerations for suggestions on keeping ChromeDriver safe.
ChromeDriver was started successfully.
[1664474731.894][WARNING]: This version of ChromeDriver has not been tested with Chrome version 102.
Sep 29, 2022 6:05:31 PM org.openqa.selenium.remote.ProtocolHandshake createSession
INFO: Detected dialect: W3C
Sep 29, 2022 6:05:32 PM org.openqa.selenium.devtools.CdpVersionFinder findNearestMatch
WARNING: Unable to find an exact match for CDP version 102, so returning the closest version found: a no-op implementation
Sep 29, 2022 6:05:32 PM org.openqa.selenium.devtools.CdpVersionFinder findNearestMatch
INFO: Unable to find CDP implementation matching 102.
Sep 29, 2022 6:05:32 PM org.openqa.selenium.chromium.ChromiumDriver lambda$new$3
WARNING: Unable to find version of CDP to use for . You may need to include a dependency on a specific version of the CDP using something similar to `org.seleniumhq.selenium:selenium-devtools-v86:4.0.0` where the version ("v86") matches the version of the chromium-based browser you're using and the version number of the artifact is the same as Selenium's.
Sep 29, 2022 6:05:47 PM se.kth.assertgroup.core.analysis.statediff.ui.StateDiffUIManipulator addStateDiffToExecDiffUI
INFO: Line mappings and vars computed.
Sep 29, 2022 6:05:47 PM se.kth.assertgroup.core.analysis.statediff.ui.StateDiffUIManipulator addStateDiffToExecDiffUI
INFO: For commit 915f2c653993277cd37fee5b3fd1d11df25c7cbe line mappings and vars computation took 17379 MILLIS
Sep 29, 2022 6:06:10 PM se.kth.assertgroup.core.analysis.statediff.ui.StateDiffUIManipulator addStateDiffToExecDiffUI
INFO: ProgramStateDiff{firstOriginalUniqueStateSummary=UniqueStateSummary{differencingTest=org.apache.commons.math3.optimization.linear.SimplexSolverTest::testMath828Cycle, firstUniqueStateLine=92, firstUniqueVarValLine=96, firstUniqueStateHash=-570274240, firstUniqueVarVal='col=23'}, firstPatchedUniqueStateSummary=UniqueStateSummary{differencingTest=org.apache.commons.math3.optimization.linear.SimplexSolverTest::testMath828Cycle, firstUniqueStateLine=131, firstUniqueVarValLine=132, firstUniqueStateHash=39984735, firstUniqueVarVal='tableau.numArtificialVariables=7'}, originalUniqueReturn=UniqueReturnSummary{differencingTest=org.apache.commons.math3.optimization.linear.SimplexSolverTest::testMath828Cycle, firstUniqueVarValLine=151, firstUniqueReturnLine=151, firstUniqueReturnHash=1001517970, firstUniqueVarVal='{return-object}=2'}, patchedUniqueReturn=UniqueReturnSummary{differencingTest=org.apache.commons.math3.optimization.linear.SimplexSolverTest::testMath828Cycle, firstUniqueVarValLine=144, firstUniqueReturnLine=144, firstUniqueReturnHash=1003365012, firstUniqueVarVal='{return-object}=4'}}
Sep 29, 2022 6:06:10 PM se.kth.assertgroup.core.analysis.statediff.ui.StateDiffUIManipulator addStateDiffToExecDiffUI
INFO: For commit 915f2c653993277cd37fee5b3fd1d11df25c7cbe diff computation took 23599 MILLIS
Sep 29, 2022 6:06:10 PM se.kth.assertgroup.core.analysis.statediff.ui.StateDiffUIManipulator addStateDiffToExecDiffUI
INFO: For commit 915f2c653993277cd37fee5b3fd1d11df25c7cbe UI manipulation took 55 MILLIS
