SLF4J: Failed to load class "org.slf4j.impl.StaticLoggerBinder".
SLF4J: Defaulting to no-operation (NOP) logger implementation
SLF4J: See http://www.slf4j.org/codes.html#StaticLoggerBinder for further details.
Starting ChromeDriver 101.0.4951.41 (93c720db8323b3ec10d056025ab95c23a31997c9-refs/branch-heads/4951@{#904}) on port 45528
Only local connections are allowed.
Please see https://chromedriver.chromium.org/security-considerations for suggestions on keeping ChromeDriver safe.
ChromeDriver was started successfully.
[1664676223.526][WARNING]: This version of ChromeDriver has not been tested with Chrome version 102.
Oct 02, 2022 2:03:43 AM org.openqa.selenium.remote.ProtocolHandshake createSession
INFO: Detected dialect: W3C
Oct 02, 2022 2:03:43 AM org.openqa.selenium.devtools.CdpVersionFinder findNearestMatch
WARNING: Unable to find an exact match for CDP version 102, so returning the closest version found: a no-op implementation
Oct 02, 2022 2:03:43 AM org.openqa.selenium.devtools.CdpVersionFinder findNearestMatch
INFO: Unable to find CDP implementation matching 102.
Oct 02, 2022 2:03:43 AM org.openqa.selenium.chromium.ChromiumDriver lambda$new$3
WARNING: Unable to find version of CDP to use for . You may need to include a dependency on a specific version of the CDP using something similar to `org.seleniumhq.selenium:selenium-devtools-v86:4.0.0` where the version ("v86") matches the version of the chromium-based browser you're using and the version number of the artifact is the same as Selenium's.
Oct 02, 2022 2:05:00 AM se.kth.assertgroup.core.analysis.statediff.ui.StateDiffUIManipulator addStateDiffToExecDiffUI
INFO: Line mappings and vars computed.
Oct 02, 2022 2:05:00 AM se.kth.assertgroup.core.analysis.statediff.ui.StateDiffUIManipulator addStateDiffToExecDiffUI
INFO: For commit 15c4d000fbc7607124a40780d206e8edc612167c line mappings and vars computation took 80930 MILLIS
Oct 02, 2022 2:05:05 AM se.kth.assertgroup.core.analysis.statediff.ui.StateDiffUIManipulator addStateDiffToExecDiffUI
INFO: ProgramStateDiff{firstOriginalUniqueStateSummary=UniqueStateSummary{differencingTest=org.apache.commons.math3.optimization.direct.CMAESOptimizerTest::testMath864, firstUniqueStateLine=990, firstUniqueVarValLine=990, firstUniqueStateHash=-744152940, firstUniqueVarVal='x[0]=0.9999997014723134'}, firstPatchedUniqueStateSummary=UniqueStateSummary{differencingTest=org.apache.commons.math3.optimization.direct.CMAESOptimizerTest::testMath864, firstUniqueStateLine=990, firstUniqueVarValLine=990, firstUniqueStateHash=-2055342130, firstUniqueVarVal='x[0]=0.999999446662477'}, originalUniqueReturn=UniqueReturnSummary{differencingTest=org.apache.commons.math3.optimization.direct.CMAESOptimizerTest::testMath864, firstUniqueVarValLine=1000, firstUniqueReturnLine=1000, firstUniqueReturnHash=-1643934605, firstUniqueVarVal='{return-object}[0]=0.9999997014723134'}, patchedUniqueReturn=UniqueReturnSummary{differencingTest=org.apache.commons.math3.optimization.direct.CMAESOptimizerTest::testMath864, firstUniqueVarValLine=999, firstUniqueReturnLine=999, firstUniqueReturnHash=906677519, firstUniqueVarVal='{return-object}[0]=0.999999446662477'}}
Oct 02, 2022 2:05:05 AM se.kth.assertgroup.core.analysis.statediff.ui.StateDiffUIManipulator addStateDiffToExecDiffUI
INFO: For commit 15c4d000fbc7607124a40780d206e8edc612167c diff computation took 4098 MILLIS
Oct 02, 2022 2:05:05 AM se.kth.assertgroup.core.analysis.statediff.ui.StateDiffUIManipulator addStateDiffToExecDiffUI
INFO: For commit 15c4d000fbc7607124a40780d206e8edc612167c UI manipulation took 67 MILLIS
