SLF4J: Failed to load class "org.slf4j.impl.StaticLoggerBinder".
SLF4J: Defaulting to no-operation (NOP) logger implementation
SLF4J: See http://www.slf4j.org/codes.html#StaticLoggerBinder for further details.
Starting ChromeDriver 101.0.4951.41 (93c720db8323b3ec10d056025ab95c23a31997c9-refs/branch-heads/4951@{#904}) on port 53903
Only local connections are allowed.
Please see https://chromedriver.chromium.org/security-considerations for suggestions on keeping ChromeDriver safe.
ChromeDriver was started successfully.
[1664477176.160][WARNING]: This version of ChromeDriver has not been tested with Chrome version 102.
Sep 29, 2022 6:46:16 PM org.openqa.selenium.remote.ProtocolHandshake createSession
INFO: Detected dialect: W3C
Sep 29, 2022 6:46:16 PM org.openqa.selenium.devtools.CdpVersionFinder findNearestMatch
WARNING: Unable to find an exact match for CDP version 102, so returning the closest version found: a no-op implementation
Sep 29, 2022 6:46:16 PM org.openqa.selenium.devtools.CdpVersionFinder findNearestMatch
INFO: Unable to find CDP implementation matching 102.
Sep 29, 2022 6:46:16 PM org.openqa.selenium.chromium.ChromiumDriver lambda$new$3
WARNING: Unable to find version of CDP to use for . You may need to include a dependency on a specific version of the CDP using something similar to `org.seleniumhq.selenium:selenium-devtools-v86:4.0.0` where the version ("v86") matches the version of the chromium-based browser you're using and the version number of the artifact is the same as Selenium's.
Sep 29, 2022 6:46:31 PM se.kth.assertgroup.core.analysis.statediff.ui.StateDiffUIManipulator addStateDiffToExecDiffUI
INFO: Line mappings and vars computed.
Sep 29, 2022 6:46:31 PM se.kth.assertgroup.core.analysis.statediff.ui.StateDiffUIManipulator addStateDiffToExecDiffUI
INFO: For commit 1a03ec3d687ede679d10001f33dbd802d8180775 line mappings and vars computation took 16984 MILLIS
Sep 29, 2022 6:46:31 PM se.kth.assertgroup.core.analysis.statediff.ui.StateDiffUIManipulator addStateDiffToExecDiffUI
INFO: ProgramStateDiff{firstOriginalUniqueStateSummary=UniqueStateSummary{differencingTest=org.apache.commons.math3.stat.inference.MannWhitneyUTestTest::testBigDataSet, firstUniqueStateLine=141, firstUniqueVarValLine=141, firstUniqueStateHash=-946315852, firstUniqueVarVal='dev=NaN'}, firstPatchedUniqueStateSummary=UniqueStateSummary{differencingTest=org.apache.commons.math3.stat.inference.MannWhitneyUTestTest::testBigDataSet, firstUniqueStateLine=139, firstUniqueVarValLine=139, firstUniqueStateHash=-946315852, firstUniqueVarVal='dev=NaN'}, originalUniqueReturn=UniqueReturnSummary{differencingTest=org.apache.commons.math3.stat.inference.MannWhitneyUTestTest::testBigDataSet, firstUniqueVarValLine=141, firstUniqueReturnLine=141, firstUniqueReturnHash=-941730437, firstUniqueVarVal='{return-object}=NaN'}, patchedUniqueReturn=UniqueReturnSummary{differencingTest=org.apache.commons.math3.stat.inference.MannWhitneyUTestTest::testBigDataSet, firstUniqueVarValLine=139, firstUniqueReturnLine=139, firstUniqueReturnHash=1897641555, firstUniqueVarVal='{return-object}=1.0'}}
Sep 29, 2022 6:46:31 PM se.kth.assertgroup.core.analysis.statediff.ui.StateDiffUIManipulator addStateDiffToExecDiffUI
INFO: For commit 1a03ec3d687ede679d10001f33dbd802d8180775 diff computation took 46 MILLIS
Sep 29, 2022 6:46:31 PM se.kth.assertgroup.core.analysis.statediff.ui.StateDiffUIManipulator addStateDiffToExecDiffUI
INFO: For commit 1a03ec3d687ede679d10001f33dbd802d8180775 UI manipulation took 44 MILLIS
