SLF4J: Failed to load class "org.slf4j.impl.StaticLoggerBinder".
SLF4J: Defaulting to no-operation (NOP) logger implementation
SLF4J: See http://www.slf4j.org/codes.html#StaticLoggerBinder for further details.
Starting ChromeDriver 101.0.4951.41 (93c720db8323b3ec10d056025ab95c23a31997c9-refs/branch-heads/4951@{#904}) on port 59341
Only local connections are allowed.
Please see https://chromedriver.chromium.org/security-considerations for suggestions on keeping ChromeDriver safe.
ChromeDriver was started successfully.
[1664494876.070][WARNING]: This version of ChromeDriver has not been tested with Chrome version 102.
Sep 29, 2022 11:41:16 PM org.openqa.selenium.remote.ProtocolHandshake createSession
INFO: Detected dialect: W3C
Sep 29, 2022 11:41:16 PM org.openqa.selenium.devtools.CdpVersionFinder findNearestMatch
WARNING: Unable to find an exact match for CDP version 102, so returning the closest version found: a no-op implementation
Sep 29, 2022 11:41:16 PM org.openqa.selenium.devtools.CdpVersionFinder findNearestMatch
INFO: Unable to find CDP implementation matching 102.
Sep 29, 2022 11:41:16 PM org.openqa.selenium.chromium.ChromiumDriver lambda$new$3
WARNING: Unable to find version of CDP to use for . You may need to include a dependency on a specific version of the CDP using something similar to `org.seleniumhq.selenium:selenium-devtools-v86:4.0.0` where the version ("v86") matches the version of the chromium-based browser you're using and the version number of the artifact is the same as Selenium's.
Sep 29, 2022 11:41:33 PM se.kth.assertgroup.core.analysis.statediff.ui.StateDiffUIManipulator addStateDiffToExecDiffUI
INFO: Line mappings and vars computed.
Sep 29, 2022 11:41:33 PM se.kth.assertgroup.core.analysis.statediff.ui.StateDiffUIManipulator addStateDiffToExecDiffUI
INFO: For commit 3ae853a6464baa3dd498a43e2af9638f8ba09d86 line mappings and vars computation took 19774 MILLIS
Sep 29, 2022 11:42:29 PM se.kth.assertgroup.core.analysis.statediff.ui.StateDiffUIManipulator addStateDiffToExecDiffUI
INFO: ProgramStateDiff{firstOriginalUniqueStateSummary=UniqueStateSummary{differencingTest=org.apache.commons.math.analysis.solvers.RegulaFalsiSolverTest::testIssue631, firstUniqueStateLine=189, firstUniqueVarValLine=189, firstUniqueStateHash=1648036811, firstUniqueVarVal='x0=5.075641493161144'}, firstPatchedUniqueStateSummary=UniqueStateSummary{differencingTest=org.apache.commons.math.analysis.solvers.RegulaFalsiSolverTest::testIssue631, firstUniqueStateLine=189, firstUniqueVarValLine=189, firstUniqueStateHash=1362830980, firstUniqueVarVal='x0=4.7170943287741'}, originalUniqueReturn=UniqueReturnSummary{differencingTest=org.apache.commons.math.analysis.solvers.RegulaFalsiSolverTest::testIssue631, firstUniqueVarValLine=239, firstUniqueReturnLine=239, firstUniqueReturnHash=-1186700920, firstUniqueVarVal='{return-object}=3.4341896575482003'}, patchedUniqueReturn=UniqueReturnSummary{differencingTest=null, firstUniqueVarValLine=null, firstUniqueReturnLine=null, firstUniqueReturnHash=null, firstUniqueVarVal='null'}}
Sep 29, 2022 11:42:29 PM se.kth.assertgroup.core.analysis.statediff.ui.StateDiffUIManipulator addStateDiffToExecDiffUI
INFO: For commit 3ae853a6464baa3dd498a43e2af9638f8ba09d86 diff computation took 55864 MILLIS
Sep 29, 2022 11:42:29 PM se.kth.assertgroup.core.analysis.statediff.ui.StateDiffUIManipulator addStateDiffToExecDiffUI
INFO: For commit 3ae853a6464baa3dd498a43e2af9638f8ba09d86 UI manipulation took 65 MILLIS
