SLF4J: Failed to load class "org.slf4j.impl.StaticLoggerBinder".
SLF4J: Defaulting to no-operation (NOP) logger implementation
SLF4J: See http://www.slf4j.org/codes.html#StaticLoggerBinder for further details.
Starting ChromeDriver 101.0.4951.41 (93c720db8323b3ec10d056025ab95c23a31997c9-refs/branch-heads/4951@{#904}) on port 51634
Only local connections are allowed.
Please see https://chromedriver.chromium.org/security-considerations for suggestions on keeping ChromeDriver safe.
ChromeDriver was started successfully.
[1664564974.912][WARNING]: This version of ChromeDriver has not been tested with Chrome version 102.
Sep 30, 2022 7:09:34 PM org.openqa.selenium.remote.ProtocolHandshake createSession
INFO: Detected dialect: W3C
Sep 30, 2022 7:09:35 PM org.openqa.selenium.devtools.CdpVersionFinder findNearestMatch
WARNING: Unable to find an exact match for CDP version 102, so returning the closest version found: a no-op implementation
Sep 30, 2022 7:09:35 PM org.openqa.selenium.devtools.CdpVersionFinder findNearestMatch
INFO: Unable to find CDP implementation matching 102.
Sep 30, 2022 7:09:35 PM org.openqa.selenium.chromium.ChromiumDriver lambda$new$3
WARNING: Unable to find version of CDP to use for . You may need to include a dependency on a specific version of the CDP using something similar to `org.seleniumhq.selenium:selenium-devtools-v86:4.0.0` where the version ("v86") matches the version of the chromium-based browser you're using and the version number of the artifact is the same as Selenium's.
Sep 30, 2022 7:09:51 PM se.kth.assertgroup.core.analysis.statediff.ui.StateDiffUIManipulator addStateDiffToExecDiffUI
INFO: Line mappings and vars computed.
Sep 30, 2022 7:09:51 PM se.kth.assertgroup.core.analysis.statediff.ui.StateDiffUIManipulator addStateDiffToExecDiffUI
INFO: For commit a679e27a12f474ca61d27adb261f16cf31d75fc9 line mappings and vars computation took 18470 MILLIS
Sep 30, 2022 7:09:51 PM se.kth.assertgroup.core.analysis.statediff.ui.StateDiffUIManipulator addStateDiffToExecDiffUI
INFO: ProgramStateDiff{firstOriginalUniqueStateSummary=UniqueStateSummary{differencingTest=org.apache.commons.math.ode.nonstiff.ClassicalRungeKuttaIntegratorTest::testMissedEndEvent, firstUniqueStateLine=170, firstUniqueVarValLine=170, firstUniqueStateHash=-535005549, firstUniqueVarVal='first.nextAction=3'}, firstPatchedUniqueStateSummary=UniqueStateSummary{differencingTest=org.apache.commons.math.ode.nonstiff.ClassicalRungeKuttaIntegratorTest::testMissedEndEvent, firstUniqueStateLine=186, firstUniqueVarValLine=128, firstUniqueStateHash=1754520833, firstUniqueVarVal='states.size=2'}, originalUniqueReturn=UniqueReturnSummary{differencingTest=org.apache.commons.math.ode.nonstiff.ClassicalRungeKuttaIntegratorTest::testMissedEndEvent, firstUniqueVarValLine=170, firstUniqueReturnLine=170, firstUniqueReturnHash=1689129628, firstUniqueVarVal='{return-object}=true'}, patchedUniqueReturn=UniqueReturnSummary{differencingTest=null, firstUniqueVarValLine=null, firstUniqueReturnLine=null, firstUniqueReturnHash=null, firstUniqueVarVal='null'}}
Sep 30, 2022 7:09:51 PM se.kth.assertgroup.core.analysis.statediff.ui.StateDiffUIManipulator addStateDiffToExecDiffUI
INFO: For commit a679e27a12f474ca61d27adb261f16cf31d75fc9 diff computation took 166 MILLIS
Sep 30, 2022 7:09:51 PM se.kth.assertgroup.core.analysis.statediff.ui.StateDiffUIManipulator addStateDiffToExecDiffUI
INFO: For commit a679e27a12f474ca61d27adb261f16cf31d75fc9 UI manipulation took 59 MILLIS
