SLF4J: Failed to load class "org.slf4j.impl.StaticLoggerBinder".
SLF4J: Defaulting to no-operation (NOP) logger implementation
SLF4J: See http://www.slf4j.org/codes.html#StaticLoggerBinder for further details.
Starting ChromeDriver 101.0.4951.41 (93c720db8323b3ec10d056025ab95c23a31997c9-refs/branch-heads/4951@{#904}) on port 48581
Only local connections are allowed.
Please see https://chromedriver.chromium.org/security-considerations for suggestions on keeping ChromeDriver safe.
ChromeDriver was started successfully.
[1664570598.291][WARNING]: This version of ChromeDriver has not been tested with Chrome version 102.
Sep 30, 2022 8:43:18 PM org.openqa.selenium.remote.ProtocolHandshake createSession
INFO: Detected dialect: W3C
Sep 30, 2022 8:43:18 PM org.openqa.selenium.devtools.CdpVersionFinder findNearestMatch
WARNING: Unable to find an exact match for CDP version 102, so returning the closest version found: a no-op implementation
Sep 30, 2022 8:43:18 PM org.openqa.selenium.devtools.CdpVersionFinder findNearestMatch
INFO: Unable to find CDP implementation matching 102.
Sep 30, 2022 8:43:18 PM org.openqa.selenium.chromium.ChromiumDriver lambda$new$3
WARNING: Unable to find version of CDP to use for . You may need to include a dependency on a specific version of the CDP using something similar to `org.seleniumhq.selenium:selenium-devtools-v86:4.0.0` where the version ("v86") matches the version of the chromium-based browser you're using and the version number of the artifact is the same as Selenium's.
Sep 30, 2022 8:43:43 PM se.kth.assertgroup.core.analysis.statediff.ui.StateDiffUIManipulator addStateDiffToExecDiffUI
INFO: Line mappings and vars computed.
Sep 30, 2022 8:43:43 PM se.kth.assertgroup.core.analysis.statediff.ui.StateDiffUIManipulator addStateDiffToExecDiffUI
INFO: For commit d4c1da3ceadd8113b544e697db375c572d7de30e line mappings and vars computation took 27636 MILLIS
Sep 30, 2022 8:43:44 PM se.kth.assertgroup.core.analysis.statediff.ui.StateDiffUIManipulator addStateDiffToExecDiffUI
INFO: ProgramStateDiff{firstOriginalUniqueStateSummary=UniqueStateSummary{differencingTest=org.apache.commons.math.ode.nonstiff.AdamsMoultonIntegratorTest::polynomial, firstUniqueStateLine=330, firstUniqueVarValLine=340, firstUniqueStateHash=-1582175702, firstUniqueVarVal='interpolator.interpolatedTime=0.006735051682255412'}, firstPatchedUniqueStateSummary=UniqueStateSummary{differencingTest=org.apache.commons.math.ode.nonstiff.AdamsMoultonIntegratorTest::polynomial, firstUniqueStateLine=330, firstUniqueVarValLine=340, firstUniqueStateHash=1329671951, firstUniqueVarVal='interpolator.interpolatedTime=0.020205155046766236'}, originalUniqueReturn=UniqueReturnSummary{differencingTest=null, firstUniqueVarValLine=null, firstUniqueReturnLine=null, firstUniqueReturnHash=null, firstUniqueVarVal='null'}, patchedUniqueReturn=UniqueReturnSummary{differencingTest=null, firstUniqueVarValLine=null, firstUniqueReturnLine=null, firstUniqueReturnHash=null, firstUniqueVarVal='null'}}
Sep 30, 2022 8:43:44 PM se.kth.assertgroup.core.analysis.statediff.ui.StateDiffUIManipulator addStateDiffToExecDiffUI
INFO: For commit d4c1da3ceadd8113b544e697db375c572d7de30e diff computation took 1008 MILLIS
Sep 30, 2022 8:43:44 PM se.kth.assertgroup.core.analysis.statediff.ui.StateDiffUIManipulator addStateDiffToExecDiffUI
INFO: For commit d4c1da3ceadd8113b544e697db375c572d7de30e UI manipulation took 109 MILLIS
