SLF4J: Failed to load class "org.slf4j.impl.StaticLoggerBinder".
SLF4J: Defaulting to no-operation (NOP) logger implementation
SLF4J: See http://www.slf4j.org/codes.html#StaticLoggerBinder for further details.
Starting ChromeDriver 101.0.4951.41 (93c720db8323b3ec10d056025ab95c23a31997c9-refs/branch-heads/4951@{#904}) on port 60604
Only local connections are allowed.
Please see https://chromedriver.chromium.org/security-considerations for suggestions on keeping ChromeDriver safe.
ChromeDriver was started successfully.
[1664563044.642][WARNING]: This version of ChromeDriver has not been tested with Chrome version 102.
Sep 30, 2022 6:37:24 PM org.openqa.selenium.remote.ProtocolHandshake createSession
INFO: Detected dialect: W3C
Sep 30, 2022 6:37:24 PM org.openqa.selenium.devtools.CdpVersionFinder findNearestMatch
WARNING: Unable to find an exact match for CDP version 102, so returning the closest version found: a no-op implementation
Sep 30, 2022 6:37:24 PM org.openqa.selenium.devtools.CdpVersionFinder findNearestMatch
INFO: Unable to find CDP implementation matching 102.
Sep 30, 2022 6:37:24 PM org.openqa.selenium.chromium.ChromiumDriver lambda$new$3
WARNING: Unable to find version of CDP to use for . You may need to include a dependency on a specific version of the CDP using something similar to `org.seleniumhq.selenium:selenium-devtools-v86:4.0.0` where the version ("v86") matches the version of the chromium-based browser you're using and the version number of the artifact is the same as Selenium's.
Sep 30, 2022 6:37:47 PM se.kth.assertgroup.core.analysis.statediff.ui.StateDiffUIManipulator addStateDiffToExecDiffUI
INFO: Line mappings and vars computed.
Sep 30, 2022 6:37:47 PM se.kth.assertgroup.core.analysis.statediff.ui.StateDiffUIManipulator addStateDiffToExecDiffUI
INFO: For commit cbbf4b36e9199ca7236dcca4e806359f59406005 line mappings and vars computation took 26094 MILLIS
Sep 30, 2022 6:37:59 PM se.kth.assertgroup.core.analysis.statediff.ui.StateDiffUIManipulator addStateDiffToExecDiffUI
INFO: ProgramStateDiff{firstOriginalUniqueStateSummary=UniqueStateSummary{differencingTest=org.apache.commons.math.optimization.general.LevenbergMarquardtOptimizerTest::testCircleFitting, firstUniqueStateLine=257, firstUniqueVarValLine=260, firstUniqueStateHash=-1553232996, firstUniqueVarVal='chiSquare=1.5633763529538318'}, firstPatchedUniqueStateSummary=UniqueStateSummary{differencingTest=org.apache.commons.math.optimization.general.LevenbergMarquardtOptimizerTest::testCircleFitting, firstUniqueStateLine=257, firstUniqueVarValLine=260, firstUniqueStateHash=1969138050, firstUniqueVarVal='chiSquare=6.253505411815327'}, originalUniqueReturn=UniqueReturnSummary{differencingTest=org.apache.commons.math.optimization.general.LevenbergMarquardtOptimizerTest::testCircleFitting, firstUniqueVarValLine=260, firstUniqueReturnLine=260, firstUniqueReturnHash=-1864291404, firstUniqueVarVal='{return-object}=1.5633763529538318'}, patchedUniqueReturn=UniqueReturnSummary{differencingTest=org.apache.commons.math.optimization.general.LevenbergMarquardtOptimizerTest::testCircleFitting, firstUniqueVarValLine=260, firstUniqueReturnLine=260, firstUniqueReturnHash=760362606, firstUniqueVarVal='{return-object}=6.253505411815327'}}
Sep 30, 2022 6:37:59 PM se.kth.assertgroup.core.analysis.statediff.ui.StateDiffUIManipulator addStateDiffToExecDiffUI
INFO: For commit cbbf4b36e9199ca7236dcca4e806359f59406005 diff computation took 11381 MILLIS
Sep 30, 2022 6:37:59 PM se.kth.assertgroup.core.analysis.statediff.ui.StateDiffUIManipulator addStateDiffToExecDiffUI
INFO: For commit cbbf4b36e9199ca7236dcca4e806359f59406005 UI manipulation took 46 MILLIS
