SLF4J: Failed to load class "org.slf4j.impl.StaticLoggerBinder".
SLF4J: Defaulting to no-operation (NOP) logger implementation
SLF4J: See http://www.slf4j.org/codes.html#StaticLoggerBinder for further details.
Starting ChromeDriver 101.0.4951.41 (93c720db8323b3ec10d056025ab95c23a31997c9-refs/branch-heads/4951@{#904}) on port 54467
Only local connections are allowed.
Please see https://chromedriver.chromium.org/security-considerations for suggestions on keeping ChromeDriver safe.
ChromeDriver was started successfully.
[1664548593.590][WARNING]: This version of ChromeDriver has not been tested with Chrome version 102.
Sep 30, 2022 2:36:33 PM org.openqa.selenium.remote.ProtocolHandshake createSession
INFO: Detected dialect: W3C
Sep 30, 2022 2:36:33 PM org.openqa.selenium.devtools.CdpVersionFinder findNearestMatch
WARNING: Unable to find an exact match for CDP version 102, so returning the closest version found: a no-op implementation
Sep 30, 2022 2:36:33 PM org.openqa.selenium.devtools.CdpVersionFinder findNearestMatch
INFO: Unable to find CDP implementation matching 102.
Sep 30, 2022 2:36:33 PM org.openqa.selenium.chromium.ChromiumDriver lambda$new$3
WARNING: Unable to find version of CDP to use for . You may need to include a dependency on a specific version of the CDP using something similar to `org.seleniumhq.selenium:selenium-devtools-v86:4.0.0` where the version ("v86") matches the version of the chromium-based browser you're using and the version number of the artifact is the same as Selenium's.
Sep 30, 2022 2:39:48 PM se.kth.assertgroup.core.analysis.statediff.ui.StateDiffUIManipulator addStateDiffToExecDiffUI
INFO: Line mappings and vars computed.
Sep 30, 2022 2:39:48 PM se.kth.assertgroup.core.analysis.statediff.ui.StateDiffUIManipulator addStateDiffToExecDiffUI
INFO: For commit 12365bf7485a0b37220432cd56e437a242128f07 line mappings and vars computation took 197651 MILLIS
Sep 30, 2022 2:39:48 PM se.kth.assertgroup.core.analysis.statediff.ui.StateDiffUIManipulator addStateDiffToExecDiffUI
INFO: ProgramStateDiff{firstOriginalUniqueStateSummary=UniqueStateSummary{differencingTest=null, firstUniqueStateLine=null, firstUniqueVarValLine=null, firstUniqueStateHash=null, firstUniqueVarVal='null'}, firstPatchedUniqueStateSummary=UniqueStateSummary{differencingTest=null, firstUniqueStateLine=null, firstUniqueVarValLine=null, firstUniqueStateHash=null, firstUniqueVarVal='null'}, originalUniqueReturn=UniqueReturnSummary{differencingTest=org.apache.commons.math.util.FastMathTest::testMinMaxFloat, firstUniqueVarValLine=3482, firstUniqueReturnLine=3482, firstUniqueReturnHash=-1373862358, firstUniqueVarVal='{return-object}=-50.0'}, patchedUniqueReturn=UniqueReturnSummary{differencingTest=org.apache.commons.math.util.FastMathTest::testMinMaxFloat, firstUniqueVarValLine=3482, firstUniqueReturnLine=3482, firstUniqueReturnHash=1510793942, firstUniqueVarVal='{return-object}=Infinity'}}
Sep 30, 2022 2:39:48 PM se.kth.assertgroup.core.analysis.statediff.ui.StateDiffUIManipulator addStateDiffToExecDiffUI
INFO: For commit 12365bf7485a0b37220432cd56e437a242128f07 diff computation took 37 MILLIS
Sep 30, 2022 2:39:48 PM se.kth.assertgroup.core.analysis.statediff.ui.StateDiffUIManipulator addStateDiffToExecDiffUI
INFO: For commit 12365bf7485a0b37220432cd56e437a242128f07 UI manipulation took 27 MILLIS
