SLF4J: Failed to load class "org.slf4j.impl.StaticLoggerBinder".
SLF4J: Defaulting to no-operation (NOP) logger implementation
SLF4J: See http://www.slf4j.org/codes.html#StaticLoggerBinder for further details.
Starting ChromeDriver 101.0.4951.41 (93c720db8323b3ec10d056025ab95c23a31997c9-refs/branch-heads/4951@{#904}) on port 52912
Only local connections are allowed.
Please see https://chromedriver.chromium.org/security-considerations for suggestions on keeping ChromeDriver safe.
ChromeDriver was started successfully.
[1664708084.326][WARNING]: This version of ChromeDriver has not been tested with Chrome version 102.
Oct 02, 2022 10:54:44 AM org.openqa.selenium.remote.ProtocolHandshake createSession
INFO: Detected dialect: W3C
Oct 02, 2022 10:54:44 AM org.openqa.selenium.devtools.CdpVersionFinder findNearestMatch
WARNING: Unable to find an exact match for CDP version 102, so returning the closest version found: a no-op implementation
Oct 02, 2022 10:54:44 AM org.openqa.selenium.devtools.CdpVersionFinder findNearestMatch
INFO: Unable to find CDP implementation matching 102.
Oct 02, 2022 10:54:44 AM org.openqa.selenium.chromium.ChromiumDriver lambda$new$3
WARNING: Unable to find version of CDP to use for . You may need to include a dependency on a specific version of the CDP using something similar to `org.seleniumhq.selenium:selenium-devtools-v86:4.0.0` where the version ("v86") matches the version of the chromium-based browser you're using and the version number of the artifact is the same as Selenium's.
Oct 02, 2022 10:55:55 AM se.kth.assertgroup.core.analysis.statediff.ui.StateDiffUIManipulator addStateDiffToExecDiffUI
INFO: Line mappings and vars computed.
Oct 02, 2022 10:55:55 AM se.kth.assertgroup.core.analysis.statediff.ui.StateDiffUIManipulator addStateDiffToExecDiffUI
INFO: For commit c186e849dcb9dcb23e4a0c2f5c798ffbb86dd87f line mappings and vars computation took 73618 MILLIS
Oct 02, 2022 10:55:55 AM se.kth.assertgroup.core.analysis.statediff.ui.StateDiffUIManipulator addStateDiffToExecDiffUI
INFO: ProgramStateDiff{firstOriginalUniqueStateSummary=UniqueStateSummary{differencingTest=org.apache.commons.math3.complex.ComplexTest::testReciprocalZero, firstUniqueStateLine=348, firstUniqueVarValLine=348, firstUniqueStateHash=-1746548217, firstUniqueVarVal='real=NaN'}, firstPatchedUniqueStateSummary=UniqueStateSummary{differencingTest=org.apache.commons.math3.complex.ComplexTest::testReciprocalZero, firstUniqueStateLine=346, firstUniqueVarValLine=346, firstUniqueStateHash=-1746548217, firstUniqueVarVal='isNaN=true'}, originalUniqueReturn=UniqueReturnSummary{differencingTest=org.apache.commons.math3.complex.ComplexTest::testReciprocalZero, firstUniqueVarValLine=348, firstUniqueReturnLine=348, firstUniqueReturnHash=1789663107, firstUniqueVarVal='{return-object}=false'}, patchedUniqueReturn=UniqueReturnSummary{differencingTest=org.apache.commons.math3.complex.ComplexTest::testReciprocalZero, firstUniqueVarValLine=346, firstUniqueReturnLine=346, firstUniqueReturnHash=1689129628, firstUniqueVarVal='{return-object}=true'}}
Oct 02, 2022 10:55:55 AM se.kth.assertgroup.core.analysis.statediff.ui.StateDiffUIManipulator addStateDiffToExecDiffUI
INFO: For commit c186e849dcb9dcb23e4a0c2f5c798ffbb86dd87f diff computation took 63 MILLIS
Oct 02, 2022 10:55:55 AM se.kth.assertgroup.core.analysis.statediff.ui.StateDiffUIManipulator addStateDiffToExecDiffUI
INFO: For commit c186e849dcb9dcb23e4a0c2f5c798ffbb86dd87f UI manipulation took 45 MILLIS
