SLF4J: Failed to load class "org.slf4j.impl.StaticLoggerBinder".
SLF4J: Defaulting to no-operation (NOP) logger implementation
SLF4J: See http://www.slf4j.org/codes.html#StaticLoggerBinder for further details.
Starting ChromeDriver 101.0.4951.41 (93c720db8323b3ec10d056025ab95c23a31997c9-refs/branch-heads/4951@{#904}) on port 40255
Only local connections are allowed.
Please see https://chromedriver.chromium.org/security-considerations for suggestions on keeping ChromeDriver safe.
ChromeDriver was started successfully.
[1664661954.020][WARNING]: This version of ChromeDriver has not been tested with Chrome version 102.
Oct 01, 2022 10:05:54 PM org.openqa.selenium.remote.ProtocolHandshake createSession
INFO: Detected dialect: W3C
Oct 01, 2022 10:05:54 PM org.openqa.selenium.devtools.CdpVersionFinder findNearestMatch
WARNING: Unable to find an exact match for CDP version 102, so returning the closest version found: a no-op implementation
Oct 01, 2022 10:05:54 PM org.openqa.selenium.devtools.CdpVersionFinder findNearestMatch
INFO: Unable to find CDP implementation matching 102.
Oct 01, 2022 10:05:54 PM org.openqa.selenium.chromium.ChromiumDriver lambda$new$3
WARNING: Unable to find version of CDP to use for . You may need to include a dependency on a specific version of the CDP using something similar to `org.seleniumhq.selenium:selenium-devtools-v86:4.0.0` where the version ("v86") matches the version of the chromium-based browser you're using and the version number of the artifact is the same as Selenium's.
Oct 01, 2022 10:06:08 PM se.kth.assertgroup.core.analysis.statediff.ui.StateDiffUIManipulator addStateDiffToExecDiffUI
INFO: Line mappings and vars computed.
Oct 01, 2022 10:06:08 PM se.kth.assertgroup.core.analysis.statediff.ui.StateDiffUIManipulator addStateDiffToExecDiffUI
INFO: For commit b289bd9c6959bfb038231c658dde3f517d3015b6 line mappings and vars computation took 15867 MILLIS
Oct 01, 2022 10:06:08 PM se.kth.assertgroup.core.analysis.statediff.ui.StateDiffUIManipulator addStateDiffToExecDiffUI
INFO: ProgramStateDiff{firstOriginalUniqueStateSummary=UniqueStateSummary{differencingTest=null, firstUniqueStateLine=null, firstUniqueVarValLine=null, firstUniqueStateHash=null, firstUniqueVarVal='null'}, firstPatchedUniqueStateSummary=UniqueStateSummary{differencingTest=org.apache.commons.math.distribution.FDistributionTest::testSmallDegreesOfFreedom, firstUniqueStateLine=145, firstUniqueVarValLine=147, firstUniqueStateHash=800921241, firstUniqueVarVal='d=2.0'}, originalUniqueReturn=UniqueReturnSummary{differencingTest=org.apache.commons.math.distribution.FDistributionTest::testSmallDegreesOfFreedom, firstUniqueVarValLine=148, firstUniqueReturnLine=148, firstUniqueReturnHash=-1431133324, firstUniqueVarVal='{return-object}=-1.0'}, patchedUniqueReturn=UniqueReturnSummary{differencingTest=org.apache.commons.math.distribution.FDistributionTest::testSmallDegreesOfFreedom, firstUniqueVarValLine=148, firstUniqueReturnLine=148, firstUniqueReturnHash=1897641555, firstUniqueVarVal='{return-object}=1.0'}}
Oct 01, 2022 10:06:08 PM se.kth.assertgroup.core.analysis.statediff.ui.StateDiffUIManipulator addStateDiffToExecDiffUI
INFO: For commit b289bd9c6959bfb038231c658dde3f517d3015b6 diff computation took 32 MILLIS
Oct 01, 2022 10:06:08 PM se.kth.assertgroup.core.analysis.statediff.ui.StateDiffUIManipulator addStateDiffToExecDiffUI
INFO: For commit b289bd9c6959bfb038231c658dde3f517d3015b6 UI manipulation took 32 MILLIS
