SLF4J: Failed to load class "org.slf4j.impl.StaticLoggerBinder".
SLF4J: Defaulting to no-operation (NOP) logger implementation
SLF4J: See http://www.slf4j.org/codes.html#StaticLoggerBinder for further details.
Starting ChromeDriver 101.0.4951.41 (93c720db8323b3ec10d056025ab95c23a31997c9-refs/branch-heads/4951@{#904}) on port 32822
Only local connections are allowed.
Please see https://chromedriver.chromium.org/security-considerations for suggestions on keeping ChromeDriver safe.
ChromeDriver was started successfully.
[1664587123.894][WARNING]: This version of ChromeDriver has not been tested with Chrome version 102.
Oct 01, 2022 1:18:43 AM org.openqa.selenium.remote.ProtocolHandshake createSession
INFO: Detected dialect: W3C
Oct 01, 2022 1:18:44 AM org.openqa.selenium.devtools.CdpVersionFinder findNearestMatch
WARNING: Unable to find an exact match for CDP version 102, so returning the closest version found: a no-op implementation
Oct 01, 2022 1:18:44 AM org.openqa.selenium.devtools.CdpVersionFinder findNearestMatch
INFO: Unable to find CDP implementation matching 102.
Oct 01, 2022 1:18:44 AM org.openqa.selenium.chromium.ChromiumDriver lambda$new$3
WARNING: Unable to find version of CDP to use for . You may need to include a dependency on a specific version of the CDP using something similar to `org.seleniumhq.selenium:selenium-devtools-v86:4.0.0` where the version ("v86") matches the version of the chromium-based browser you're using and the version number of the artifact is the same as Selenium's.
Oct 01, 2022 1:18:58 AM se.kth.assertgroup.core.analysis.statediff.ui.StateDiffUIManipulator addStateDiffToExecDiffUI
INFO: Line mappings and vars computed.
Oct 01, 2022 1:18:58 AM se.kth.assertgroup.core.analysis.statediff.ui.StateDiffUIManipulator addStateDiffToExecDiffUI
INFO: For commit 2248edce74f74170ed213cbf30c87469c97662f1 line mappings and vars computation took 16010 MILLIS
Oct 01, 2022 1:18:58 AM se.kth.assertgroup.core.analysis.statediff.ui.StateDiffUIManipulator addStateDiffToExecDiffUI
INFO: ProgramStateDiff{firstOriginalUniqueStateSummary=UniqueStateSummary{differencingTest=null, firstUniqueStateLine=182, firstUniqueVarValLine=null, firstUniqueStateHash=1776392234, firstUniqueVarVal='null'}, firstPatchedUniqueStateSummary=UniqueStateSummary{differencingTest=org.apache.commons.math3.distribution.DiscreteRealDistributionTest::testIssue942, firstUniqueStateLine=182, firstUniqueVarValLine=195, firstUniqueStateHash=-1685422510, firstUniqueVarVal='out=[]'}, originalUniqueReturn=UniqueReturnSummary{differencingTest=org.apache.commons.math3.distribution.DiscreteRealDistributionTest::testIssue942, firstUniqueVarValLine=163, firstUniqueReturnLine=163, firstUniqueReturnHash=348984288, firstUniqueVarVal='{return-object}.this$0=org.apache.commons.math3.distribution.DiscreteRealDistributionTest'}, patchedUniqueReturn=UniqueReturnSummary{differencingTest=org.apache.commons.math3.distribution.DiscreteRealDistributionTest::testIssue942, firstUniqueVarValLine=195, firstUniqueReturnLine=195, firstUniqueReturnHash=-1601023834, firstUniqueVarVal='{return-object}=[]'}}
Oct 01, 2022 1:18:58 AM se.kth.assertgroup.core.analysis.statediff.ui.StateDiffUIManipulator addStateDiffToExecDiffUI
INFO: For commit 2248edce74f74170ed213cbf30c87469c97662f1 diff computation took 69 MILLIS
Oct 01, 2022 1:18:58 AM se.kth.assertgroup.core.analysis.statediff.ui.StateDiffUIManipulator addStateDiffToExecDiffUI
INFO: For commit 2248edce74f74170ed213cbf30c87469c97662f1 UI manipulation took 27 MILLIS
