SLF4J: Failed to load class "org.slf4j.impl.StaticLoggerBinder".
SLF4J: Defaulting to no-operation (NOP) logger implementation
SLF4J: See http://www.slf4j.org/codes.html#StaticLoggerBinder for further details.
Starting ChromeDriver 101.0.4951.41 (93c720db8323b3ec10d056025ab95c23a31997c9-refs/branch-heads/4951@{#904}) on port 46652
Only local connections are allowed.
Please see https://chromedriver.chromium.org/security-considerations for suggestions on keeping ChromeDriver safe.
ChromeDriver was started successfully.
[1664575746.179][WARNING]: This version of ChromeDriver has not been tested with Chrome version 102.
Sep 30, 2022 10:09:06 PM org.openqa.selenium.remote.ProtocolHandshake createSession
INFO: Detected dialect: W3C
Sep 30, 2022 10:09:06 PM org.openqa.selenium.devtools.CdpVersionFinder findNearestMatch
WARNING: Unable to find an exact match for CDP version 102, so returning the closest version found: a no-op implementation
Sep 30, 2022 10:09:06 PM org.openqa.selenium.devtools.CdpVersionFinder findNearestMatch
INFO: Unable to find CDP implementation matching 102.
Sep 30, 2022 10:09:06 PM org.openqa.selenium.chromium.ChromiumDriver lambda$new$3
WARNING: Unable to find version of CDP to use for . You may need to include a dependency on a specific version of the CDP using something similar to `org.seleniumhq.selenium:selenium-devtools-v86:4.0.0` where the version ("v86") matches the version of the chromium-based browser you're using and the version number of the artifact is the same as Selenium's.
Sep 30, 2022 10:09:18 PM se.kth.assertgroup.core.analysis.statediff.ui.StateDiffUIManipulator addStateDiffToExecDiffUI
INFO: Line mappings and vars computed.
Sep 30, 2022 10:09:18 PM se.kth.assertgroup.core.analysis.statediff.ui.StateDiffUIManipulator addStateDiffToExecDiffUI
INFO: For commit 14c9cf448fa2a0bc2d44cf005724999fbbac238b line mappings and vars computation took 13913 MILLIS
Sep 30, 2022 10:09:18 PM se.kth.assertgroup.core.analysis.statediff.ui.StateDiffUIManipulator addStateDiffToExecDiffUI
INFO: ProgramStateDiff{firstOriginalUniqueStateSummary=UniqueStateSummary{differencingTest=org.apache.commons.math.stat.clustering.KMeansPlusPlusClustererTest::testPerformClusterAnalysisDegenerate, firstUniqueStateLine=162, firstUniqueVarValLine=162, firstUniqueStateHash=-1402785834, firstUniqueVarVal='minCluster=null'}, firstPatchedUniqueStateSummary=UniqueStateSummary{differencingTest=org.apache.commons.math.stat.clustering.KMeansPlusPlusClustererTest::testPerformClusterAnalysisDegenerate, firstUniqueStateLine=158, firstUniqueVarValLine=158, firstUniqueStateHash=628329143, firstUniqueVarVal='distance=NaN'}, originalUniqueReturn=UniqueReturnSummary{differencingTest=org.apache.commons.math.stat.clustering.KMeansPlusPlusClustererTest::testPerformClusterAnalysisDegenerate, firstUniqueVarValLine=162, firstUniqueReturnLine=162, firstUniqueReturnHash=-2061451755, firstUniqueVarVal='{return-object}=null'}, patchedUniqueReturn=UniqueReturnSummary{differencingTest=org.apache.commons.math.stat.clustering.KMeansPlusPlusClustererTest::testPerformClusterAnalysisDegenerate, firstUniqueVarValLine=162, firstUniqueReturnLine=162, firstUniqueReturnHash=2119631193, firstUniqueVarVal='{return-object}.points=java.util.ArrayList'}}
Sep 30, 2022 10:09:18 PM se.kth.assertgroup.core.analysis.statediff.ui.StateDiffUIManipulator addStateDiffToExecDiffUI
INFO: For commit 14c9cf448fa2a0bc2d44cf005724999fbbac238b diff computation took 104 MILLIS
Sep 30, 2022 10:09:18 PM se.kth.assertgroup.core.analysis.statediff.ui.StateDiffUIManipulator addStateDiffToExecDiffUI
INFO: For commit 14c9cf448fa2a0bc2d44cf005724999fbbac238b UI manipulation took 56 MILLIS
