SLF4J: Failed to load class "org.slf4j.impl.StaticLoggerBinder".
SLF4J: Defaulting to no-operation (NOP) logger implementation
SLF4J: See http://www.slf4j.org/codes.html#StaticLoggerBinder for further details.
Starting ChromeDriver 101.0.4951.41 (93c720db8323b3ec10d056025ab95c23a31997c9-refs/branch-heads/4951@{#904}) on port 41219
Only local connections are allowed.
Please see https://chromedriver.chromium.org/security-considerations for suggestions on keeping ChromeDriver safe.
ChromeDriver was started successfully.
[1664563451.447][WARNING]: This version of ChromeDriver has not been tested with Chrome version 102.
Sep 30, 2022 6:44:11 PM org.openqa.selenium.remote.ProtocolHandshake createSession
INFO: Detected dialect: W3C
Sep 30, 2022 6:44:11 PM org.openqa.selenium.devtools.CdpVersionFinder findNearestMatch
WARNING: Unable to find an exact match for CDP version 102, so returning the closest version found: a no-op implementation
Sep 30, 2022 6:44:11 PM org.openqa.selenium.devtools.CdpVersionFinder findNearestMatch
INFO: Unable to find CDP implementation matching 102.
Sep 30, 2022 6:44:11 PM org.openqa.selenium.chromium.ChromiumDriver lambda$new$3
WARNING: Unable to find version of CDP to use for . You may need to include a dependency on a specific version of the CDP using something similar to `org.seleniumhq.selenium:selenium-devtools-v86:4.0.0` where the version ("v86") matches the version of the chromium-based browser you're using and the version number of the artifact is the same as Selenium's.
Sep 30, 2022 6:44:27 PM se.kth.assertgroup.core.analysis.statediff.ui.StateDiffUIManipulator addStateDiffToExecDiffUI
INFO: Line mappings and vars computed.
Sep 30, 2022 6:44:27 PM se.kth.assertgroup.core.analysis.statediff.ui.StateDiffUIManipulator addStateDiffToExecDiffUI
INFO: For commit 83947459a0ff5dfa380a2f3b4051cf9a07ce4fe6 line mappings and vars computation took 17336 MILLIS
Sep 30, 2022 6:44:27 PM se.kth.assertgroup.core.analysis.statediff.ui.StateDiffUIManipulator addStateDiffToExecDiffUI
INFO: ProgramStateDiff{firstOriginalUniqueStateSummary=UniqueStateSummary{differencingTest=org.apache.commons.math.stat.correlation.PearsonsCorrelationTest::testPValueNearZero, firstUniqueStateLine=131, firstUniqueVarValLine=136, firstUniqueStateHash=686236427, firstUniqueVarVal='x=3915.524971171073'}, firstPatchedUniqueStateSummary=UniqueStateSummary{differencingTest=org.apache.commons.math.stat.correlation.PearsonsCorrelationTest::testPValueNearZero, firstUniqueStateLine=129, firstUniqueVarValLine=143, firstUniqueStateHash=686236427, firstUniqueVarVal='ret=0.5'}, originalUniqueReturn=UniqueReturnSummary{differencingTest=org.apache.commons.math.stat.correlation.PearsonsCorrelationTest::testPValueNearZero, firstUniqueVarValLine=143, firstUniqueReturnLine=143, firstUniqueReturnHash=1897641555, firstUniqueVarVal='{return-object}=1.0'}, patchedUniqueReturn=UniqueReturnSummary{differencingTest=org.apache.commons.math.stat.correlation.PearsonsCorrelationTest::testPValueNearZero, firstUniqueVarValLine=143, firstUniqueReturnLine=143, firstUniqueReturnHash=1014755479, firstUniqueVarVal='{return-object}=0.5'}}
Sep 30, 2022 6:44:27 PM se.kth.assertgroup.core.analysis.statediff.ui.StateDiffUIManipulator addStateDiffToExecDiffUI
INFO: For commit 83947459a0ff5dfa380a2f3b4051cf9a07ce4fe6 diff computation took 37 MILLIS
Sep 30, 2022 6:44:27 PM se.kth.assertgroup.core.analysis.statediff.ui.StateDiffUIManipulator addStateDiffToExecDiffUI
INFO: For commit 83947459a0ff5dfa380a2f3b4051cf9a07ce4fe6 UI manipulation took 60 MILLIS
