SLF4J: Failed to load class "org.slf4j.impl.StaticLoggerBinder".
SLF4J: Defaulting to no-operation (NOP) logger implementation
SLF4J: See http://www.slf4j.org/codes.html#StaticLoggerBinder for further details.
Starting ChromeDriver 101.0.4951.41 (93c720db8323b3ec10d056025ab95c23a31997c9-refs/branch-heads/4951@{#904}) on port 36418
Only local connections are allowed.
Please see https://chromedriver.chromium.org/security-considerations for suggestions on keeping ChromeDriver safe.
ChromeDriver was started successfully.
[1664617694.966][WARNING]: This version of ChromeDriver has not been tested with Chrome version 102.
Oct 01, 2022 9:48:15 AM org.openqa.selenium.remote.ProtocolHandshake createSession
INFO: Detected dialect: W3C
Oct 01, 2022 9:48:15 AM org.openqa.selenium.devtools.CdpVersionFinder findNearestMatch
WARNING: Unable to find an exact match for CDP version 102, so returning the closest version found: a no-op implementation
Oct 01, 2022 9:48:15 AM org.openqa.selenium.devtools.CdpVersionFinder findNearestMatch
INFO: Unable to find CDP implementation matching 102.
Oct 01, 2022 9:48:15 AM org.openqa.selenium.chromium.ChromiumDriver lambda$new$3
WARNING: Unable to find version of CDP to use for . You may need to include a dependency on a specific version of the CDP using something similar to `org.seleniumhq.selenium:selenium-devtools-v86:4.0.0` where the version ("v86") matches the version of the chromium-based browser you're using and the version number of the artifact is the same as Selenium's.
Oct 01, 2022 9:48:50 AM se.kth.assertgroup.core.analysis.statediff.ui.StateDiffUIManipulator addStateDiffToExecDiffUI
INFO: Line mappings and vars computed.
Oct 01, 2022 9:48:50 AM se.kth.assertgroup.core.analysis.statediff.ui.StateDiffUIManipulator addStateDiffToExecDiffUI
INFO: For commit 152df0446399839c3778c1e684b98f3f6206902f line mappings and vars computation took 37983 MILLIS
Oct 01, 2022 9:48:54 AM se.kth.assertgroup.core.analysis.statediff.ui.StateDiffUIManipulator addStateDiffToExecDiffUI
INFO: ProgramStateDiff{firstOriginalUniqueStateSummary=UniqueStateSummary{differencingTest=null, firstUniqueStateLine=331, firstUniqueVarValLine=null, firstUniqueStateHash=-1143575897, firstUniqueVarVal='null'}, firstPatchedUniqueStateSummary=UniqueStateSummary{differencingTest=null, firstUniqueStateLine=331, firstUniqueVarValLine=null, firstUniqueStateHash=320382427, firstUniqueVarVal='null'}, originalUniqueReturn=UniqueReturnSummary{differencingTest=org.apache.commons.math3.geometry.euclidean.threed.PolyhedronsSetTest::testIssue780, firstUniqueVarValLine=331, firstUniqueReturnLine=331, firstUniqueReturnHash=-1785542525, firstUniqueVarVal='{return-object}.x=-5.066394805907553E-7'}, patchedUniqueReturn=UniqueReturnSummary{differencingTest=org.apache.commons.math3.geometry.euclidean.threed.PolyhedronsSetTest::testIssue780, firstUniqueVarValLine=331, firstUniqueReturnLine=331, firstUniqueReturnHash=-1595703916, firstUniqueVarVal='{return-object}.x=-5.066394805908203E-7'}}
Oct 01, 2022 9:48:54 AM se.kth.assertgroup.core.analysis.statediff.ui.StateDiffUIManipulator addStateDiffToExecDiffUI
INFO: For commit 152df0446399839c3778c1e684b98f3f6206902f diff computation took 4031 MILLIS
Oct 01, 2022 9:48:54 AM se.kth.assertgroup.core.analysis.statediff.ui.StateDiffUIManipulator addStateDiffToExecDiffUI
INFO: For commit 152df0446399839c3778c1e684b98f3f6206902f UI manipulation took 22 MILLIS
