SLF4J: Failed to load class "org.slf4j.impl.StaticLoggerBinder".
SLF4J: Defaulting to no-operation (NOP) logger implementation
SLF4J: See http://www.slf4j.org/codes.html#StaticLoggerBinder for further details.
Starting ChromeDriver 101.0.4951.41 (93c720db8323b3ec10d056025ab95c23a31997c9-refs/branch-heads/4951@{#904}) on port 59024
Only local connections are allowed.
Please see https://chromedriver.chromium.org/security-considerations for suggestions on keeping ChromeDriver safe.
ChromeDriver was started successfully.
[1664490663.570][WARNING]: This version of ChromeDriver has not been tested with Chrome version 102.
Sep 29, 2022 10:31:03 PM org.openqa.selenium.remote.ProtocolHandshake createSession
INFO: Detected dialect: W3C
Sep 29, 2022 10:31:03 PM org.openqa.selenium.devtools.CdpVersionFinder findNearestMatch
WARNING: Unable to find an exact match for CDP version 102, so returning the closest version found: a no-op implementation
Sep 29, 2022 10:31:03 PM org.openqa.selenium.devtools.CdpVersionFinder findNearestMatch
INFO: Unable to find CDP implementation matching 102.
Sep 29, 2022 10:31:03 PM org.openqa.selenium.chromium.ChromiumDriver lambda$new$3
WARNING: Unable to find version of CDP to use for . You may need to include a dependency on a specific version of the CDP using something similar to `org.seleniumhq.selenium:selenium-devtools-v86:4.0.0` where the version ("v86") matches the version of the chromium-based browser you're using and the version number of the artifact is the same as Selenium's.
Sep 29, 2022 10:31:39 PM se.kth.assertgroup.core.analysis.statediff.ui.StateDiffUIManipulator addStateDiffToExecDiffUI
INFO: Line mappings and vars computed.
Sep 29, 2022 10:31:39 PM se.kth.assertgroup.core.analysis.statediff.ui.StateDiffUIManipulator addStateDiffToExecDiffUI
INFO: For commit 1d066b30a6d441b256cfa32034be73fbecb18b89 line mappings and vars computation took 38557 MILLIS
Sep 29, 2022 10:31:39 PM se.kth.assertgroup.core.analysis.statediff.ui.StateDiffUIManipulator addStateDiffToExecDiffUI
INFO: ProgramStateDiff{firstOriginalUniqueStateSummary=UniqueStateSummary{differencingTest=org.apache.commons.math.stat.descriptive.moment.VarianceTest::testEvaluateArraySegmentWeighted, firstUniqueStateLine=521, firstUniqueVarValLine=521, firstUniqueStateHash=1507032977, firstUniqueVarVal='i=10'}, firstPatchedUniqueStateSummary=UniqueStateSummary{differencingTest=org.apache.commons.math.stat.descriptive.moment.VarianceTest::testEvaluateArraySegmentWeighted, firstUniqueStateLine=524, firstUniqueVarValLine=506, firstUniqueStateHash=-598893401, firstUniqueVarVal='values[2]=8.2'}, originalUniqueReturn=UniqueReturnSummary{differencingTest=org.apache.commons.math.stat.descriptive.moment.VarianceTest::testEvaluateArraySegmentWeighted, firstUniqueVarValLine=531, firstUniqueReturnLine=531, firstUniqueReturnHash=-1927741572, firstUniqueVarVal='{return-object}=0.31909161062727365'}, patchedUniqueReturn=UniqueReturnSummary{differencingTest=org.apache.commons.math.stat.descriptive.moment.VarianceTest::testEvaluateArraySegmentWeighted, firstUniqueVarValLine=531, firstUniqueReturnLine=531, firstUniqueReturnHash=-1685278926, firstUniqueVarVal='{return-object}=23.71205818965517'}}
Sep 29, 2022 10:31:39 PM se.kth.assertgroup.core.analysis.statediff.ui.StateDiffUIManipulator addStateDiffToExecDiffUI
INFO: For commit 1d066b30a6d441b256cfa32034be73fbecb18b89 diff computation took 377 MILLIS
Sep 29, 2022 10:31:40 PM se.kth.assertgroup.core.analysis.statediff.ui.StateDiffUIManipulator addStateDiffToExecDiffUI
INFO: For commit 1d066b30a6d441b256cfa32034be73fbecb18b89 UI manipulation took 68 MILLIS
