HEAD is now at e5d67a81 bugs added
WARNING: An illegal reflective access operation has occurred
WARNING: Illegal reflective access by com.google.inject.internal.cglib.core.$ReflectUtils$1 (file:/usr/share/maven/lib/guice.jar) to method java.lang.ClassLoader.defineClass(java.lang.String,byte[],int,int,java.security.ProtectionDomain)
WARNING: Please consider reporting this to the maintainers of com.google.inject.internal.cglib.core.$ReflectUtils$1
WARNING: Use --illegal-access=warn to enable warnings of further illegal reflective access operations
WARNING: All illegal access operations will be denied in a future release
WARNING: An illegal reflective access operation has occurred
WARNING: Illegal reflective access by com.google.inject.internal.cglib.core.$ReflectUtils$1 (file:/usr/share/maven/lib/guice.jar) to method java.lang.ClassLoader.defineClass(java.lang.String,byte[],int,int,java.security.ProtectionDomain)
WARNING: Please consider reporting this to the maintainers of com.google.inject.internal.cglib.core.$ReflectUtils$1
WARNING: Use --illegal-access=warn to enable warnings of further illegal reflective access operations
WARNING: All illegal access operations will be denied in a future release
Previous HEAD position was e5d67a81 bugs added
HEAD is now at 4f210849 patch applied
WARNING: An illegal reflective access operation has occurred
WARNING: Illegal reflective access by com.google.inject.internal.cglib.core.$ReflectUtils$1 (file:/usr/share/maven/lib/guice.jar) to method java.lang.ClassLoader.defineClass(java.lang.String,byte[],int,int,java.security.ProtectionDomain)
WARNING: Please consider reporting this to the maintainers of com.google.inject.internal.cglib.core.$ReflectUtils$1
WARNING: Use --illegal-access=warn to enable warnings of further illegal reflective access operations
WARNING: All illegal access operations will be denied in a future release
WARNING: An illegal reflective access operation has occurred
WARNING: Illegal reflective access by com.google.inject.internal.cglib.core.$ReflectUtils$1 (file:/usr/share/maven/lib/guice.jar) to method java.lang.ClassLoader.defineClass(java.lang.String,byte[],int,int,java.security.ProtectionDomain)
WARNING: Please consider reporting this to the maintainers of com.google.inject.internal.cglib.core.$ReflectUtils$1
WARNING: Use --illegal-access=warn to enable warnings of further illegal reflective access operations
WARNING: All illegal access operations will be denied in a future release
SLF4J: Failed to load class "org.slf4j.impl.StaticLoggerBinder".
SLF4J: Defaulting to no-operation (NOP) logger implementation
SLF4J: See http://www.slf4j.org/codes.html#StaticLoggerBinder for further details.
Oct 04, 2022 12:34:57 AM se.kth.debug.Debugger launchVMAndJunit
INFO: java -cp /home/khesoem/exec-diff/d1/collector-sahab/target/collector-sahab-0.0.1-SNAPSHOT-jar-with-dependencies.jar:/home/khesoem/exec-diff/d1/drr-execdiff/Time-17/sahab-left_4f2108495ab5f966ca753c39bed399ad4576cf79/classes:/home/khesoem/exec-diff/d1/drr-execdiff/Time-17/sahab-left_4f2108495ab5f966ca753c39bed399ad4576cf79/test-classes:/root/.m2/repository/org/joda/joda-convert/1.1/joda-convert-1.1.jar:/root/.m2/repository/junit/junit/3.8.2/junit-3.8.2.jar se.kth.debug.JUnitTestRunner org.joda.time.TestDateTimeZoneCutover::testBug3476684_adjustOffset
Oct 04, 2022 12:34:58 AM se.kth.debug.Debugger launchVMAndJunit
INFO: Connected to port: 44635
Oct 04, 2022 12:34:58 AM se.kth.debug.Debugger addClassPrepareEvent
INFO: org.joda.time.DateTimeZone added!
Oct 04, 2022 12:35:03 AM se.kth.debug.EventProcessor startEventProcessor
WARNING: com.sun.jdi.VMDisconnectedException
Oct 04, 2022 12:35:03 AM se.kth.debug.Collector write
INFO: Breakpoints serialised!
Oct 04, 2022 12:35:03 AM se.kth.debug.Collector write
INFO: Return values serialised!
Oct 04, 2022 12:35:03 AM se.kth.debug.Collector write
INFO: File output to: /home/khesoem/exec-diff/d1/output/sahab-reports/4f2108495ab5f966ca753c39bed399ad4576cf79/left.json
Oct 04, 2022 12:35:03 AM se.kth.debug.Debugger launchVMAndJunit
INFO: java -cp /home/khesoem/exec-diff/d1/collector-sahab/target/collector-sahab-0.0.1-SNAPSHOT-jar-with-dependencies.jar:/home/khesoem/exec-diff/d1/drr-execdiff/Time-17/sahab-right_4f2108495ab5f966ca753c39bed399ad4576cf79/classes:/home/khesoem/exec-diff/d1/drr-execdiff/Time-17/sahab-right_4f2108495ab5f966ca753c39bed399ad4576cf79/test-classes:/root/.m2/repository/org/joda/joda-convert/1.1/joda-convert-1.1.jar:/root/.m2/repository/junit/junit/3.8.2/junit-3.8.2.jar se.kth.debug.JUnitTestRunner org.joda.time.TestDateTimeZoneCutover::testBug3476684_adjustOffset
Oct 04, 2022 12:35:04 AM se.kth.debug.Debugger launchVMAndJunit
INFO: Connected to port: 53781
Oct 04, 2022 12:35:04 AM se.kth.debug.Debugger addClassPrepareEvent
INFO: org.joda.time.DateTimeZone added!
Oct 04, 2022 12:35:09 AM se.kth.debug.EventProcessor startEventProcessor
WARNING: com.sun.jdi.VMDisconnectedException
Oct 04, 2022 12:35:09 AM se.kth.debug.Collector write
INFO: Breakpoints serialised!
Oct 04, 2022 12:35:09 AM se.kth.debug.Collector write
INFO: Return values serialised!
Oct 04, 2022 12:35:09 AM se.kth.debug.Collector write
INFO: File output to: /home/khesoem/exec-diff/d1/output/sahab-reports/4f2108495ab5f966ca753c39bed399ad4576cf79/right.json
