HEAD is now at e5d67a81 bugs added
WARNING: An illegal reflective access operation has occurred
WARNING: Illegal reflective access by com.google.inject.internal.cglib.core.$ReflectUtils$1 (file:/usr/share/maven/lib/guice.jar) to method java.lang.ClassLoader.defineClass(java.lang.String,byte[],int,int,java.security.ProtectionDomain)
WARNING: Please consider reporting this to the maintainers of com.google.inject.internal.cglib.core.$ReflectUtils$1
WARNING: Use --illegal-access=warn to enable warnings of further illegal reflective access operations
WARNING: All illegal access operations will be denied in a future release
WARNING: An illegal reflective access operation has occurred
WARNING: Illegal reflective access by com.google.inject.internal.cglib.core.$ReflectUtils$1 (file:/usr/share/maven/lib/guice.jar) to method java.lang.ClassLoader.defineClass(java.lang.String,byte[],int,int,java.security.ProtectionDomain)
WARNING: Please consider reporting this to the maintainers of com.google.inject.internal.cglib.core.$ReflectUtils$1
WARNING: Use --illegal-access=warn to enable warnings of further illegal reflective access operations
WARNING: All illegal access operations will be denied in a future release
Previous HEAD position was e5d67a81 bugs added
HEAD is now at 80b227a1 patch applied
WARNING: An illegal reflective access operation has occurred
WARNING: Illegal reflective access by com.google.inject.internal.cglib.core.$ReflectUtils$1 (file:/usr/share/maven/lib/guice.jar) to method java.lang.ClassLoader.defineClass(java.lang.String,byte[],int,int,java.security.ProtectionDomain)
WARNING: Please consider reporting this to the maintainers of com.google.inject.internal.cglib.core.$ReflectUtils$1
WARNING: Use --illegal-access=warn to enable warnings of further illegal reflective access operations
WARNING: All illegal access operations will be denied in a future release
WARNING: An illegal reflective access operation has occurred
WARNING: Illegal reflective access by com.google.inject.internal.cglib.core.$ReflectUtils$1 (file:/usr/share/maven/lib/guice.jar) to method java.lang.ClassLoader.defineClass(java.lang.String,byte[],int,int,java.security.ProtectionDomain)
WARNING: Please consider reporting this to the maintainers of com.google.inject.internal.cglib.core.$ReflectUtils$1
WARNING: Use --illegal-access=warn to enable warnings of further illegal reflective access operations
WARNING: All illegal access operations will be denied in a future release
SLF4J: Failed to load class "org.slf4j.impl.StaticLoggerBinder".
SLF4J: Defaulting to no-operation (NOP) logger implementation
SLF4J: See http://www.slf4j.org/codes.html#StaticLoggerBinder for further details.
Sep 29, 2022 4:57:18 PM se.kth.debug.Debugger launchVMAndJunit
INFO: java -cp /home/khesoem/exec-diff/d1/collector-sahab/target/collector-sahab-0.0.1-SNAPSHOT-jar-with-dependencies.jar:/home/khesoem/exec-diff/d1/drr-execdiff/Math-85/sahab-left_80b227a1d232c9e8cbc2d23932f52519928b4026/classes:/home/khesoem/exec-diff/d1/drr-execdiff/Math-85/sahab-left_80b227a1d232c9e8cbc2d23932f52519928b4026/test-classes:/root/.m2/repository/junit/junit/4.4/junit-4.4.jar se.kth.debug.JUnitTestRunner org.apache.commons.math.distribution.NormalDistributionTest::testMath280
Sep 29, 2022 4:57:18 PM se.kth.debug.Debugger launchVMAndJunit
INFO: Connected to port: 58205
Sep 29, 2022 4:57:18 PM se.kth.debug.Debugger addClassPrepareEvent
INFO: org.apache.commons.math.analysis.solvers.UnivariateRealSolverUtils added!
Sep 29, 2022 4:57:19 PM se.kth.debug.Debugger setBreakpoints
WARNING: 184 is not a valid breakpoint in org.apache.commons.math.analysis.solvers.UnivariateRealSolverUtils
Sep 29, 2022 4:57:19 PM se.kth.debug.Debugger setBreakpoints
WARNING: 185 is not a valid breakpoint in org.apache.commons.math.analysis.solvers.UnivariateRealSolverUtils
Sep 29, 2022 4:57:19 PM se.kth.debug.Debugger setBreakpoints
WARNING: 188 is not a valid breakpoint in org.apache.commons.math.analysis.solvers.UnivariateRealSolverUtils
Sep 29, 2022 4:57:20 PM se.kth.debug.EventProcessor startEventProcessor
WARNING: com.sun.jdi.VMDisconnectedException
Sep 29, 2022 4:57:20 PM se.kth.debug.Collector write
INFO: Breakpoints serialised!
Sep 29, 2022 4:57:20 PM se.kth.debug.Collector write
INFO: No method exits were encountered.
Sep 29, 2022 4:57:20 PM se.kth.debug.Collector write
INFO: File output to: /home/khesoem/exec-diff/d1/output/sahab-reports/80b227a1d232c9e8cbc2d23932f52519928b4026/left.json
Sep 29, 2022 4:57:20 PM se.kth.debug.Debugger launchVMAndJunit
INFO: java -cp /home/khesoem/exec-diff/d1/collector-sahab/target/collector-sahab-0.0.1-SNAPSHOT-jar-with-dependencies.jar:/home/khesoem/exec-diff/d1/drr-execdiff/Math-85/sahab-right_80b227a1d232c9e8cbc2d23932f52519928b4026/classes:/home/khesoem/exec-diff/d1/drr-execdiff/Math-85/sahab-right_80b227a1d232c9e8cbc2d23932f52519928b4026/test-classes:/root/.m2/repository/junit/junit/4.4/junit-4.4.jar se.kth.debug.JUnitTestRunner org.apache.commons.math.distribution.NormalDistributionTest::testMath280
Sep 29, 2022 4:57:20 PM se.kth.debug.Debugger launchVMAndJunit
INFO: Connected to port: 46993
Sep 29, 2022 4:57:20 PM se.kth.debug.Debugger addClassPrepareEvent
INFO: org.apache.commons.math.analysis.solvers.UnivariateRealSolverUtils added!
Sep 29, 2022 4:57:20 PM se.kth.debug.Debugger setBreakpoints
WARNING: 184 is not a valid breakpoint in org.apache.commons.math.analysis.solvers.UnivariateRealSolverUtils
Sep 29, 2022 4:57:20 PM se.kth.debug.Debugger setBreakpoints
WARNING: 185 is not a valid breakpoint in org.apache.commons.math.analysis.solvers.UnivariateRealSolverUtils
Sep 29, 2022 4:57:20 PM se.kth.debug.Debugger setBreakpoints
WARNING: 188 is not a valid breakpoint in org.apache.commons.math.analysis.solvers.UnivariateRealSolverUtils
Sep 29, 2022 4:57:21 PM se.kth.debug.EventProcessor startEventProcessor
WARNING: com.sun.jdi.VMDisconnectedException
Sep 29, 2022 4:57:21 PM se.kth.debug.Collector write
INFO: Breakpoints serialised!
Sep 29, 2022 4:57:21 PM se.kth.debug.Collector write
INFO: Return values serialised!
Sep 29, 2022 4:57:21 PM se.kth.debug.Collector write
INFO: File output to: /home/khesoem/exec-diff/d1/output/sahab-reports/80b227a1d232c9e8cbc2d23932f52519928b4026/right.json
