HEAD is now at e5d67a81 bugs added
WARNING: An illegal reflective access operation has occurred
WARNING: Illegal reflective access by com.google.inject.internal.cglib.core.$ReflectUtils$1 (file:/usr/share/maven/lib/guice.jar) to method java.lang.ClassLoader.defineClass(java.lang.String,byte[],int,int,java.security.ProtectionDomain)
WARNING: Please consider reporting this to the maintainers of com.google.inject.internal.cglib.core.$ReflectUtils$1
WARNING: Use --illegal-access=warn to enable warnings of further illegal reflective access operations
WARNING: All illegal access operations will be denied in a future release
WARNING: An illegal reflective access operation has occurred
WARNING: Illegal reflective access by com.google.inject.internal.cglib.core.$ReflectUtils$1 (file:/usr/share/maven/lib/guice.jar) to method java.lang.ClassLoader.defineClass(java.lang.String,byte[],int,int,java.security.ProtectionDomain)
WARNING: Please consider reporting this to the maintainers of com.google.inject.internal.cglib.core.$ReflectUtils$1
WARNING: Use --illegal-access=warn to enable warnings of further illegal reflective access operations
WARNING: All illegal access operations will be denied in a future release
Previous HEAD position was e5d67a81 bugs added
HEAD is now at f032a9e8 patch applied
WARNING: An illegal reflective access operation has occurred
WARNING: Illegal reflective access by com.google.inject.internal.cglib.core.$ReflectUtils$1 (file:/usr/share/maven/lib/guice.jar) to method java.lang.ClassLoader.defineClass(java.lang.String,byte[],int,int,java.security.ProtectionDomain)
WARNING: Please consider reporting this to the maintainers of com.google.inject.internal.cglib.core.$ReflectUtils$1
WARNING: Use --illegal-access=warn to enable warnings of further illegal reflective access operations
WARNING: All illegal access operations will be denied in a future release
WARNING: An illegal reflective access operation has occurred
WARNING: Illegal reflective access by com.google.inject.internal.cglib.core.$ReflectUtils$1 (file:/usr/share/maven/lib/guice.jar) to method java.lang.ClassLoader.defineClass(java.lang.String,byte[],int,int,java.security.ProtectionDomain)
WARNING: Please consider reporting this to the maintainers of com.google.inject.internal.cglib.core.$ReflectUtils$1
WARNING: Use --illegal-access=warn to enable warnings of further illegal reflective access operations
WARNING: All illegal access operations will be denied in a future release
SLF4J: Failed to load class "org.slf4j.impl.StaticLoggerBinder".
SLF4J: Defaulting to no-operation (NOP) logger implementation
SLF4J: See http://www.slf4j.org/codes.html#StaticLoggerBinder for further details.
Sep 30, 2022 1:33:00 AM se.kth.debug.Debugger launchVMAndJunit
INFO: java -cp /home/khesoem/exec-diff/d1/collector-sahab/target/collector-sahab-0.0.1-SNAPSHOT-jar-with-dependencies.jar:/home/khesoem/exec-diff/d1/drr-execdiff/Math-50/sahab-left_f032a9e85cbc36db13be78c7f617b6b729d07441/classes:/home/khesoem/exec-diff/d1/drr-execdiff/Math-50/sahab-left_f032a9e85cbc36db13be78c7f617b6b729d07441/test-classes:/root/.m2/repository/junit/junit/4.8.2/junit-4.8.2.jar se.kth.debug.JUnitTestRunner org.apache.commons.math.analysis.solvers.RegulaFalsiSolverTest::testIssue631
Sep 30, 2022 1:33:00 AM se.kth.debug.Debugger launchVMAndJunit
INFO: Connected to port: 60235
Sep 30, 2022 1:33:00 AM se.kth.debug.Debugger addClassPrepareEvent
INFO: org.apache.commons.math.analysis.solvers.BaseSecantSolver added!
Sep 30, 2022 1:33:01 AM se.kth.debug.Debugger setBreakpoints
WARNING: 158 is not a valid breakpoint in org.apache.commons.math.analysis.solvers.BaseSecantSolver
Sep 30, 2022 1:33:01 AM se.kth.debug.Debugger setBreakpoints
WARNING: 191 is not a valid breakpoint in org.apache.commons.math.analysis.solvers.BaseSecantSolver
Sep 30, 2022 1:33:01 AM se.kth.debug.Debugger setBreakpoints
WARNING: 212 is not a valid breakpoint in org.apache.commons.math.analysis.solvers.BaseSecantSolver
Sep 30, 2022 1:33:01 AM se.kth.debug.Debugger setBreakpoints
WARNING: 217 is not a valid breakpoint in org.apache.commons.math.analysis.solvers.BaseSecantSolver
Sep 30, 2022 1:33:01 AM se.kth.debug.Debugger setBreakpoints
WARNING: 222 is not a valid breakpoint in org.apache.commons.math.analysis.solvers.BaseSecantSolver
Sep 30, 2022 1:33:01 AM se.kth.debug.Debugger setBreakpoints
WARNING: 227 is not a valid breakpoint in org.apache.commons.math.analysis.solvers.BaseSecantSolver
Sep 30, 2022 1:37:53 AM se.kth.debug.EventProcessor startEventProcessor
WARNING: com.sun.jdi.VMDisconnectedException
Sep 30, 2022 1:38:00 AM se.kth.debug.Collector write
INFO: Breakpoints serialised!
Sep 30, 2022 1:38:00 AM se.kth.debug.Collector write
INFO: Return values serialised!
Sep 30, 2022 1:38:00 AM se.kth.debug.Collector write
INFO: File output to: /home/khesoem/exec-diff/d1/output/sahab-reports/f032a9e85cbc36db13be78c7f617b6b729d07441/left.json
Sep 30, 2022 1:38:01 AM se.kth.debug.Debugger launchVMAndJunit
INFO: java -cp /home/khesoem/exec-diff/d1/collector-sahab/target/collector-sahab-0.0.1-SNAPSHOT-jar-with-dependencies.jar:/home/khesoem/exec-diff/d1/drr-execdiff/Math-50/sahab-right_f032a9e85cbc36db13be78c7f617b6b729d07441/classes:/home/khesoem/exec-diff/d1/drr-execdiff/Math-50/sahab-right_f032a9e85cbc36db13be78c7f617b6b729d07441/test-classes:/root/.m2/repository/junit/junit/4.8.2/junit-4.8.2.jar se.kth.debug.JUnitTestRunner org.apache.commons.math.analysis.solvers.RegulaFalsiSolverTest::testIssue631
Sep 30, 2022 1:38:01 AM se.kth.debug.Debugger launchVMAndJunit
INFO: Connected to port: 48273
Sep 30, 2022 1:38:01 AM se.kth.debug.Debugger addClassPrepareEvent
INFO: org.apache.commons.math.analysis.solvers.BaseSecantSolver added!
Sep 30, 2022 1:38:01 AM se.kth.debug.Debugger setBreakpoints
WARNING: 158 is not a valid breakpoint in org.apache.commons.math.analysis.solvers.BaseSecantSolver
Sep 30, 2022 1:38:01 AM se.kth.debug.Debugger setBreakpoints
WARNING: 208 is not a valid breakpoint in org.apache.commons.math.analysis.solvers.BaseSecantSolver
Sep 30, 2022 1:38:01 AM se.kth.debug.Debugger setBreakpoints
WARNING: 213 is not a valid breakpoint in org.apache.commons.math.analysis.solvers.BaseSecantSolver
Sep 30, 2022 1:38:01 AM se.kth.debug.Debugger setBreakpoints
WARNING: 218 is not a valid breakpoint in org.apache.commons.math.analysis.solvers.BaseSecantSolver
Sep 30, 2022 1:38:01 AM se.kth.debug.Debugger setBreakpoints
WARNING: 223 is not a valid breakpoint in org.apache.commons.math.analysis.solvers.BaseSecantSolver
Sep 30, 2022 1:43:26 AM se.kth.debug.EventProcessor startEventProcessor
WARNING: com.sun.jdi.VMDisconnectedException
Sep 30, 2022 1:43:34 AM se.kth.debug.Collector write
INFO: Breakpoints serialised!
Sep 30, 2022 1:43:34 AM se.kth.debug.Collector write
INFO: No method exits were encountered.
Sep 30, 2022 1:43:34 AM se.kth.debug.Collector write
INFO: File output to: /home/khesoem/exec-diff/d1/output/sahab-reports/f032a9e85cbc36db13be78c7f617b6b729d07441/right.json
