HEAD is now at e5d67a81 bugs added
WARNING: An illegal reflective access operation has occurred
WARNING: Illegal reflective access by com.google.inject.internal.cglib.core.$ReflectUtils$1 (file:/usr/share/maven/lib/guice.jar) to method java.lang.ClassLoader.defineClass(java.lang.String,byte[],int,int,java.security.ProtectionDomain)
WARNING: Please consider reporting this to the maintainers of com.google.inject.internal.cglib.core.$ReflectUtils$1
WARNING: Use --illegal-access=warn to enable warnings of further illegal reflective access operations
WARNING: All illegal access operations will be denied in a future release
WARNING: An illegal reflective access operation has occurred
WARNING: Illegal reflective access by com.google.inject.internal.cglib.core.$ReflectUtils$1 (file:/usr/share/maven/lib/guice.jar) to method java.lang.ClassLoader.defineClass(java.lang.String,byte[],int,int,java.security.ProtectionDomain)
WARNING: Please consider reporting this to the maintainers of com.google.inject.internal.cglib.core.$ReflectUtils$1
WARNING: Use --illegal-access=warn to enable warnings of further illegal reflective access operations
WARNING: All illegal access operations will be denied in a future release
Previous HEAD position was e5d67a81 bugs added
HEAD is now at 9f598c25 patch applied
WARNING: An illegal reflective access operation has occurred
WARNING: Illegal reflective access by com.google.inject.internal.cglib.core.$ReflectUtils$1 (file:/usr/share/maven/lib/guice.jar) to method java.lang.ClassLoader.defineClass(java.lang.String,byte[],int,int,java.security.ProtectionDomain)
WARNING: Please consider reporting this to the maintainers of com.google.inject.internal.cglib.core.$ReflectUtils$1
WARNING: Use --illegal-access=warn to enable warnings of further illegal reflective access operations
WARNING: All illegal access operations will be denied in a future release
WARNING: An illegal reflective access operation has occurred
WARNING: Illegal reflective access by com.google.inject.internal.cglib.core.$ReflectUtils$1 (file:/usr/share/maven/lib/guice.jar) to method java.lang.ClassLoader.defineClass(java.lang.String,byte[],int,int,java.security.ProtectionDomain)
WARNING: Please consider reporting this to the maintainers of com.google.inject.internal.cglib.core.$ReflectUtils$1
WARNING: Use --illegal-access=warn to enable warnings of further illegal reflective access operations
WARNING: All illegal access operations will be denied in a future release
SLF4J: Failed to load class "org.slf4j.impl.StaticLoggerBinder".
SLF4J: Defaulting to no-operation (NOP) logger implementation
SLF4J: See http://www.slf4j.org/codes.html#StaticLoggerBinder for further details.
Oct 02, 2022 10:56:30 PM se.kth.debug.Debugger launchVMAndJunit
INFO: java -cp /home/khesoem/exec-diff/d1/collector-sahab/target/collector-sahab-0.0.1-SNAPSHOT-jar-with-dependencies.jar:/home/khesoem/exec-diff/d1/drr-execdiff/Math-41/sahab-left_9f598c25fbf4391891141d21b3005635eb35857f/classes:/home/khesoem/exec-diff/d1/drr-execdiff/Math-41/sahab-left_9f598c25fbf4391891141d21b3005635eb35857f/test-classes:/root/.m2/repository/junit/junit/4.8.2/junit-4.8.2.jar se.kth.debug.JUnitTestRunner org.apache.commons.math.stat.descriptive.moment.VarianceTest::testEvaluateArraySegmentWeighted
Oct 02, 2022 10:56:30 PM se.kth.debug.Debugger launchVMAndJunit
INFO: Connected to port: 44737
Oct 02, 2022 10:56:30 PM se.kth.debug.Debugger addClassPrepareEvent
INFO: org.apache.commons.math.stat.descriptive.moment.Variance added!
Oct 02, 2022 10:56:31 PM se.kth.debug.EventProcessor startEventProcessor
WARNING: com.sun.jdi.VMDisconnectedException
Oct 02, 2022 10:56:31 PM se.kth.debug.Collector write
INFO: Output file was not generated as breakpoints were not encountered.
Oct 02, 2022 10:56:31 PM se.kth.debug.Collector write
INFO: Return values serialised!
Oct 02, 2022 10:56:31 PM se.kth.debug.Collector write
INFO: File output to: /home/khesoem/exec-diff/d1/output/sahab-reports/9f598c25fbf4391891141d21b3005635eb35857f/left.json
Oct 02, 2022 10:56:31 PM se.kth.debug.Debugger launchVMAndJunit
INFO: java -cp /home/khesoem/exec-diff/d1/collector-sahab/target/collector-sahab-0.0.1-SNAPSHOT-jar-with-dependencies.jar:/home/khesoem/exec-diff/d1/drr-execdiff/Math-41/sahab-right_9f598c25fbf4391891141d21b3005635eb35857f/classes:/root/.m2/repository/junit/junit/4.8.2/junit-4.8.2.jar se.kth.debug.JUnitTestRunner org.apache.commons.math.stat.descriptive.moment.VarianceTest::testEvaluateArraySegmentWeighted
Oct 02, 2022 10:56:32 PM se.kth.debug.Debugger launchVMAndJunit
INFO: Connected to port: 36815
Oct 02, 2022 10:56:32 PM se.kth.debug.Debugger addClassPrepareEvent
INFO: org.apache.commons.math.stat.descriptive.moment.Variance added!
Oct 02, 2022 10:56:32 PM se.kth.debug.EventProcessor startEventProcessor
WARNING: com.sun.jdi.VMDisconnectedException
Oct 02, 2022 10:56:32 PM se.kth.debug.Collector write
INFO: Output file was not generated as breakpoints were not encountered.
Oct 02, 2022 10:56:32 PM se.kth.debug.Collector write
INFO: No method exits were encountered.
Oct 02, 2022 10:56:32 PM se.kth.debug.Collector write
INFO: File output to: /home/khesoem/exec-diff/d1/output/sahab-reports/9f598c25fbf4391891141d21b3005635eb35857f/right.json
