HEAD is now at e5d67a81 bugs added
WARNING: An illegal reflective access operation has occurred
WARNING: Illegal reflective access by com.google.inject.internal.cglib.core.$ReflectUtils$1 (file:/usr/share/maven/lib/guice.jar) to method java.lang.ClassLoader.defineClass(java.lang.String,byte[],int,int,java.security.ProtectionDomain)
WARNING: Please consider reporting this to the maintainers of com.google.inject.internal.cglib.core.$ReflectUtils$1
WARNING: Use --illegal-access=warn to enable warnings of further illegal reflective access operations
WARNING: All illegal access operations will be denied in a future release
WARNING: An illegal reflective access operation has occurred
WARNING: Illegal reflective access by com.google.inject.internal.cglib.core.$ReflectUtils$1 (file:/usr/share/maven/lib/guice.jar) to method java.lang.ClassLoader.defineClass(java.lang.String,byte[],int,int,java.security.ProtectionDomain)
WARNING: Please consider reporting this to the maintainers of com.google.inject.internal.cglib.core.$ReflectUtils$1
WARNING: Use --illegal-access=warn to enable warnings of further illegal reflective access operations
WARNING: All illegal access operations will be denied in a future release
Previous HEAD position was e5d67a81 bugs added
HEAD is now at 802a4f68 patch applied
WARNING: An illegal reflective access operation has occurred
WARNING: Illegal reflective access by com.google.inject.internal.cglib.core.$ReflectUtils$1 (file:/usr/share/maven/lib/guice.jar) to method java.lang.ClassLoader.defineClass(java.lang.String,byte[],int,int,java.security.ProtectionDomain)
WARNING: Please consider reporting this to the maintainers of com.google.inject.internal.cglib.core.$ReflectUtils$1
WARNING: Use --illegal-access=warn to enable warnings of further illegal reflective access operations
WARNING: All illegal access operations will be denied in a future release
WARNING: An illegal reflective access operation has occurred
WARNING: Illegal reflective access by com.google.inject.internal.cglib.core.$ReflectUtils$1 (file:/usr/share/maven/lib/guice.jar) to method java.lang.ClassLoader.defineClass(java.lang.String,byte[],int,int,java.security.ProtectionDomain)
WARNING: Please consider reporting this to the maintainers of com.google.inject.internal.cglib.core.$ReflectUtils$1
WARNING: Use --illegal-access=warn to enable warnings of further illegal reflective access operations
WARNING: All illegal access operations will be denied in a future release
SLF4J: Failed to load class "org.slf4j.impl.StaticLoggerBinder".
SLF4J: Defaulting to no-operation (NOP) logger implementation
SLF4J: See http://www.slf4j.org/codes.html#StaticLoggerBinder for further details.
Sep 30, 2022 6:39:35 PM se.kth.debug.Debugger launchVMAndJunit
INFO: java -cp /home/khesoem/exec-diff/d1/collector-sahab/target/collector-sahab-0.0.1-SNAPSHOT-jar-with-dependencies.jar:/home/khesoem/exec-diff/d1/drr-execdiff/Math-68/sahab-left_802a4f68ac6d342919593788c323d2ec75a62c78/classes:/home/khesoem/exec-diff/d1/drr-execdiff/Math-68/sahab-left_802a4f68ac6d342919593788c323d2ec75a62c78/test-classes:/root/.m2/repository/junit/junit/4.4/junit-4.4.jar se.kth.debug.JUnitTestRunner org.apache.commons.math.optimization.general.MinpackTest::testMinpackJennrichSampson
Sep 30, 2022 6:39:35 PM se.kth.debug.Debugger launchVMAndJunit
INFO: Connected to port: 53883
Sep 30, 2022 6:39:35 PM se.kth.debug.Debugger addClassPrepareEvent
INFO: org.apache.commons.math.optimization.general.LevenbergMarquardtOptimizer added!
Sep 30, 2022 6:39:35 PM se.kth.debug.Debugger setBreakpoints
WARNING: 378 is not a valid breakpoint in org.apache.commons.math.optimization.general.LevenbergMarquardtOptimizer
Sep 30, 2022 6:39:35 PM se.kth.debug.Debugger setBreakpoints
WARNING: 247 is not a valid breakpoint in org.apache.commons.math.optimization.general.LevenbergMarquardtOptimizer
Sep 30, 2022 6:40:26 PM se.kth.debug.EventProcessor startEventProcessor
WARNING: com.sun.jdi.VMDisconnectedException
Sep 30, 2022 6:40:28 PM se.kth.debug.Collector write
INFO: Breakpoints serialised!
Sep 30, 2022 6:40:28 PM se.kth.debug.Collector write
INFO: Return values serialised!
Sep 30, 2022 6:40:28 PM se.kth.debug.Collector write
INFO: File output to: /home/khesoem/exec-diff/d1/output/sahab-reports/802a4f68ac6d342919593788c323d2ec75a62c78/left.json
Sep 30, 2022 6:40:29 PM se.kth.debug.Debugger launchVMAndJunit
INFO: java -cp /home/khesoem/exec-diff/d1/collector-sahab/target/collector-sahab-0.0.1-SNAPSHOT-jar-with-dependencies.jar:/home/khesoem/exec-diff/d1/drr-execdiff/Math-68/sahab-right_802a4f68ac6d342919593788c323d2ec75a62c78/classes:/home/khesoem/exec-diff/d1/drr-execdiff/Math-68/sahab-right_802a4f68ac6d342919593788c323d2ec75a62c78/test-classes:/root/.m2/repository/junit/junit/4.4/junit-4.4.jar se.kth.debug.JUnitTestRunner org.apache.commons.math.optimization.general.MinpackTest::testMinpackJennrichSampson
Sep 30, 2022 6:40:29 PM se.kth.debug.Debugger launchVMAndJunit
INFO: Connected to port: 49869
Sep 30, 2022 6:40:29 PM se.kth.debug.Debugger addClassPrepareEvent
INFO: org.apache.commons.math.optimization.general.LevenbergMarquardtOptimizer added!
Sep 30, 2022 6:40:29 PM se.kth.debug.Debugger setBreakpoints
WARNING: 378 is not a valid breakpoint in org.apache.commons.math.optimization.general.LevenbergMarquardtOptimizer
Sep 30, 2022 6:40:29 PM se.kth.debug.Debugger setBreakpoints
WARNING: 247 is not a valid breakpoint in org.apache.commons.math.optimization.general.LevenbergMarquardtOptimizer
Sep 30, 2022 6:41:20 PM se.kth.debug.EventProcessor startEventProcessor
WARNING: com.sun.jdi.VMDisconnectedException
Sep 30, 2022 6:41:22 PM se.kth.debug.Collector write
INFO: Breakpoints serialised!
Sep 30, 2022 6:41:22 PM se.kth.debug.Collector write
INFO: Return values serialised!
Sep 30, 2022 6:41:22 PM se.kth.debug.Collector write
INFO: File output to: /home/khesoem/exec-diff/d1/output/sahab-reports/802a4f68ac6d342919593788c323d2ec75a62c78/right.json
