SLF4J: Failed to load class "org.slf4j.impl.StaticLoggerBinder".
SLF4J: Defaulting to no-operation (NOP) logger implementation
SLF4J: See http://www.slf4j.org/codes.html#StaticLoggerBinder for further details.
Starting ChromeDriver 112.0.5615.49 (bd2a7bcb881c11e8cfe3078709382934e3916914-refs/branch-heads/5615@{#936}) on port 21432
Only local connections are allowed.
Please see https://chromedriver.chromium.org/security-considerations for suggestions on keeping ChromeDriver safe.
ChromeDriver was started successfully.
May 01, 2023 6:19:39 PM org.openqa.selenium.devtools.CdpVersionFinder findNearestMatch
WARNING: Unable to find an exact match for CDP version 112, so returning the closest version found: 110
May 01, 2023 6:20:06 PM io.github.chains_project.tracediff.statediff.ui.StateDiffUIManipulator addStateDiffToExecDiffUI
INFO: Line mappings and vars computed.
May 01, 2023 6:20:06 PM io.github.chains_project.tracediff.statediff.ui.StateDiffUIManipulator addStateDiffToExecDiffUI
INFO: For commit 329d50c82fd3e024bd8d1f915a3977df321b1336 line mappings and vars computation took 30143 MILLIS
May 01, 2023 6:20:06 PM io.github.chains_project.tracediff.statediff.ui.StateDiffUIManipulator addStateDiffToExecDiffUI
INFO: ProgramStateDiff{firstOriginalUniqueStateSummary=UniqueStateSummary{differencingTest=null, firstUniqueVarValLine=null, firstUniqueVarVal=null'}, firstPatchedUniqueStateSummary=UniqueStateSummary{differencingTest=null, firstUniqueVarValLine=null, firstUniqueVarVal=null'}, originalUniqueReturn=UniqueReturnSummary{differencingTest=null, firstUniqueVarValLine=null, firstUniqueVarVal='null'}, patchedUniqueReturn=UniqueReturnSummary{differencingTest=null, firstUniqueVarValLine=null, firstUniqueVarVal='null'}}
May 01, 2023 6:20:06 PM io.github.chains_project.tracediff.statediff.ui.StateDiffUIManipulator addStateDiffToExecDiffUI
INFO: For commit 329d50c82fd3e024bd8d1f915a3977df321b1336 diff computation took 174 MILLIS
May 01, 2023 6:20:06 PM io.github.chains_project.tracediff.statediff.ui.StateDiffUIManipulator addStateDiffToExecDiffUI
INFO: For commit 329d50c82fd3e024bd8d1f915a3977df321b1336 UI manipulation took 0 MILLIS
SLF4J: Failed to load class "org.slf4j.impl.StaticLoggerBinder".
SLF4J: Defaulting to no-operation (NOP) logger implementation
SLF4J: See http://www.slf4j.org/codes.html#StaticLoggerBinder for further details.
Starting ChromeDriver 112.0.5615.49 (bd2a7bcb881c11e8cfe3078709382934e3916914-refs/branch-heads/5615@{#936}) on port 25718
Only local connections are allowed.
Please see https://chromedriver.chromium.org/security-considerations for suggestions on keeping ChromeDriver safe.
ChromeDriver was started successfully.
May 02, 2023 3:42:45 PM org.openqa.selenium.devtools.CdpVersionFinder findNearestMatch
WARNING: Unable to find an exact match for CDP version 112, so returning the closest version found: 110
May 02, 2023 3:43:12 PM io.github.chains_project.tracediff.statediff.ui.StateDiffUIManipulator addStateDiffToExecDiffUI
INFO: Line mappings and vars computed.
May 02, 2023 3:43:12 PM io.github.chains_project.tracediff.statediff.ui.StateDiffUIManipulator addStateDiffToExecDiffUI
INFO: For commit 329d50c82fd3e024bd8d1f915a3977df321b1336 line mappings and vars computation took 30292 MILLIS
May 02, 2023 3:43:13 PM io.github.chains_project.tracediff.statediff.ui.StateDiffUIManipulator addStateDiffToExecDiffUI
INFO: ProgramStateDiff{firstOriginalUniqueStateSummary=UniqueStateSummary{differencingTest=null, firstUniqueVarValLine=null, firstUniqueVarVal=null'}, firstPatchedUniqueStateSummary=UniqueStateSummary{differencingTest=null, firstUniqueVarValLine=null, firstUniqueVarVal=null'}, originalUniqueReturn=UniqueReturnSummary{differencingTest=null, firstUniqueVarValLine=null, firstUniqueVarVal='null'}, patchedUniqueReturn=UniqueReturnSummary{differencingTest=null, firstUniqueVarValLine=null, firstUniqueVarVal='null'}}
May 02, 2023 3:43:13 PM io.github.chains_project.tracediff.statediff.ui.StateDiffUIManipulator addStateDiffToExecDiffUI
INFO: For commit 329d50c82fd3e024bd8d1f915a3977df321b1336 diff computation took 226 MILLIS
May 02, 2023 3:43:13 PM io.github.chains_project.tracediff.statediff.ui.StateDiffUIManipulator addStateDiffToExecDiffUI
INFO: For commit 329d50c82fd3e024bd8d1f915a3977df321b1336 UI manipulation took 1 MILLIS
SLF4J: Failed to load class "org.slf4j.impl.StaticLoggerBinder".
SLF4J: Defaulting to no-operation (NOP) logger implementation
SLF4J: See http://www.slf4j.org/codes.html#StaticLoggerBinder for further details.
Starting ChromeDriver 112.0.5615.49 (bd2a7bcb881c11e8cfe3078709382934e3916914-refs/branch-heads/5615@{#936}) on port 22810
Only local connections are allowed.
Please see https://chromedriver.chromium.org/security-considerations for suggestions on keeping ChromeDriver safe.
ChromeDriver was started successfully.
May 02, 2023 3:57:18 PM org.openqa.selenium.devtools.CdpVersionFinder findNearestMatch
WARNING: Unable to find an exact match for CDP version 112, so returning the closest version found: 110
May 02, 2023 3:57:45 PM io.github.chains_project.tracediff.statediff.ui.StateDiffUIManipulator addStateDiffToExecDiffUI
INFO: Line mappings and vars computed.
May 02, 2023 3:57:45 PM io.github.chains_project.tracediff.statediff.ui.StateDiffUIManipulator addStateDiffToExecDiffUI
INFO: For commit 329d50c82fd3e024bd8d1f915a3977df321b1336 line mappings and vars computation took 30755 MILLIS
May 02, 2023 3:57:46 PM io.github.chains_project.tracediff.statediff.ui.StateDiffUIManipulator addStateDiffToExecDiffUI
INFO: ProgramStateDiff{firstOriginalUniqueStateSummary=UniqueStateSummary{differencingTest=null, firstUniqueVarValLine=null, firstUniqueVarVal=null'}, firstPatchedUniqueStateSummary=UniqueStateSummary{differencingTest=null, firstUniqueVarValLine=null, firstUniqueVarVal=null'}, originalUniqueReturn=UniqueReturnSummary{differencingTest=null, firstUniqueVarValLine=null, firstUniqueVarVal='null'}, patchedUniqueReturn=UniqueReturnSummary{differencingTest=null, firstUniqueVarValLine=null, firstUniqueVarVal='null'}}
May 02, 2023 3:57:46 PM io.github.chains_project.tracediff.statediff.ui.StateDiffUIManipulator addStateDiffToExecDiffUI
INFO: For commit 329d50c82fd3e024bd8d1f915a3977df321b1336 diff computation took 272 MILLIS
May 02, 2023 3:57:46 PM io.github.chains_project.tracediff.statediff.ui.StateDiffUIManipulator addStateDiffToExecDiffUI
INFO: For commit 329d50c82fd3e024bd8d1f915a3977df321b1336 UI manipulation took 0 MILLIS
