HEAD is now at e5d67a81 bugs added
WARNING: An illegal reflective access operation has occurred
WARNING: Illegal reflective access by com.google.inject.internal.cglib.core.$ReflectUtils$1 (file:/usr/share/maven/lib/guice.jar) to method java.lang.ClassLoader.defineClass(java.lang.String,byte[],int,int,java.security.ProtectionDomain)
WARNING: Please consider reporting this to the maintainers of com.google.inject.internal.cglib.core.$ReflectUtils$1
WARNING: Use --illegal-access=warn to enable warnings of further illegal reflective access operations
WARNING: All illegal access operations will be denied in a future release
WARNING: An illegal reflective access operation has occurred
WARNING: Illegal reflective access by com.google.inject.internal.cglib.core.$ReflectUtils$1 (file:/usr/share/maven/lib/guice.jar) to method java.lang.ClassLoader.defineClass(java.lang.String,byte[],int,int,java.security.ProtectionDomain)
WARNING: Please consider reporting this to the maintainers of com.google.inject.internal.cglib.core.$ReflectUtils$1
WARNING: Use --illegal-access=warn to enable warnings of further illegal reflective access operations
WARNING: All illegal access operations will be denied in a future release
Previous HEAD position was e5d67a81 bugs added
HEAD is now at 3a36c5e8 patch applied
WARNING: An illegal reflective access operation has occurred
WARNING: Illegal reflective access by com.google.inject.internal.cglib.core.$ReflectUtils$1 (file:/usr/share/maven/lib/guice.jar) to method java.lang.ClassLoader.defineClass(java.lang.String,byte[],int,int,java.security.ProtectionDomain)
WARNING: Please consider reporting this to the maintainers of com.google.inject.internal.cglib.core.$ReflectUtils$1
WARNING: Use --illegal-access=warn to enable warnings of further illegal reflective access operations
WARNING: All illegal access operations will be denied in a future release
WARNING: An illegal reflective access operation has occurred
WARNING: Illegal reflective access by com.google.inject.internal.cglib.core.$ReflectUtils$1 (file:/usr/share/maven/lib/guice.jar) to method java.lang.ClassLoader.defineClass(java.lang.String,byte[],int,int,java.security.ProtectionDomain)
WARNING: Please consider reporting this to the maintainers of com.google.inject.internal.cglib.core.$ReflectUtils$1
WARNING: Use --illegal-access=warn to enable warnings of further illegal reflective access operations
WARNING: All illegal access operations will be denied in a future release
SLF4J: Failed to load class "org.slf4j.impl.StaticLoggerBinder".
SLF4J: Defaulting to no-operation (NOP) logger implementation
SLF4J: See http://www.slf4j.org/codes.html#StaticLoggerBinder for further details.
Oct 04, 2022 9:27:35 AM se.kth.debug.Debugger launchVMAndJunit
INFO: java -cp /home/khesoem/exec-diff/d1/collector-sahab/target/collector-sahab-0.0.1-SNAPSHOT-jar-with-dependencies.jar:/home/khesoem/exec-diff/d1/drr-execdiff/Math-63/sahab-left_3a36c5e8c60a87238df3450bd88c1177cfc6b76a/classes:/home/khesoem/exec-diff/d1/drr-execdiff/Math-63/sahab-left_3a36c5e8c60a87238df3450bd88c1177cfc6b76a/test-classes:/root/.m2/repository/junit/junit/4.4/junit-4.4.jar se.kth.debug.JUnitTestRunner org.apache.commons.math.util.MathUtilsTest::testArrayEquals
Oct 04, 2022 9:27:35 AM se.kth.debug.Debugger launchVMAndJunit
INFO: Connected to port: 48807
Oct 04, 2022 9:27:35 AM se.kth.debug.Debugger addClassPrepareEvent
INFO: org.apache.commons.math.util.MathUtils added!
Oct 04, 2022 9:27:36 AM se.kth.debug.EventProcessor startEventProcessor
WARNING: com.sun.jdi.VMDisconnectedException
Oct 04, 2022 9:27:36 AM se.kth.debug.Collector write
INFO: Output file was not generated as breakpoints were not encountered.
Oct 04, 2022 9:27:36 AM se.kth.debug.Collector write
INFO: Return values serialised!
Oct 04, 2022 9:27:36 AM se.kth.debug.Collector write
INFO: File output to: /home/khesoem/exec-diff/d1/output/sahab-reports/3a36c5e8c60a87238df3450bd88c1177cfc6b76a/left.json
Oct 04, 2022 9:27:37 AM se.kth.debug.Debugger launchVMAndJunit
INFO: java -cp /home/khesoem/exec-diff/d1/collector-sahab/target/collector-sahab-0.0.1-SNAPSHOT-jar-with-dependencies.jar:/home/khesoem/exec-diff/d1/drr-execdiff/Math-63/sahab-right_3a36c5e8c60a87238df3450bd88c1177cfc6b76a/classes:/home/khesoem/exec-diff/d1/drr-execdiff/Math-63/sahab-right_3a36c5e8c60a87238df3450bd88c1177cfc6b76a/test-classes:/root/.m2/repository/junit/junit/4.4/junit-4.4.jar se.kth.debug.JUnitTestRunner org.apache.commons.math.util.MathUtilsTest::testArrayEquals
Oct 04, 2022 9:27:37 AM se.kth.debug.Debugger launchVMAndJunit
INFO: Connected to port: 51783
Oct 04, 2022 9:27:37 AM se.kth.debug.Debugger addClassPrepareEvent
INFO: org.apache.commons.math.util.MathUtils added!
Oct 04, 2022 9:27:38 AM se.kth.debug.EventProcessor startEventProcessor
WARNING: com.sun.jdi.VMDisconnectedException
Oct 04, 2022 9:27:38 AM se.kth.debug.Collector write
INFO: Output file was not generated as breakpoints were not encountered.
Oct 04, 2022 9:27:38 AM se.kth.debug.Collector write
INFO: Return values serialised!
Oct 04, 2022 9:27:38 AM se.kth.debug.Collector write
INFO: File output to: /home/khesoem/exec-diff/d1/output/sahab-reports/3a36c5e8c60a87238df3450bd88c1177cfc6b76a/right.json
