HEAD is now at e5d67a81 bugs added
WARNING: An illegal reflective access operation has occurred
WARNING: Illegal reflective access by com.google.inject.internal.cglib.core.$ReflectUtils$1 (file:/usr/share/maven/lib/guice.jar) to method java.lang.ClassLoader.defineClass(java.lang.String,byte[],int,int,java.security.ProtectionDomain)
WARNING: Please consider reporting this to the maintainers of com.google.inject.internal.cglib.core.$ReflectUtils$1
WARNING: Use --illegal-access=warn to enable warnings of further illegal reflective access operations
WARNING: All illegal access operations will be denied in a future release
WARNING: An illegal reflective access operation has occurred
WARNING: Illegal reflective access by com.google.inject.internal.cglib.core.$ReflectUtils$1 (file:/usr/share/maven/lib/guice.jar) to method java.lang.ClassLoader.defineClass(java.lang.String,byte[],int,int,java.security.ProtectionDomain)
WARNING: Please consider reporting this to the maintainers of com.google.inject.internal.cglib.core.$ReflectUtils$1
WARNING: Use --illegal-access=warn to enable warnings of further illegal reflective access operations
WARNING: All illegal access operations will be denied in a future release
Previous HEAD position was e5d67a81 bugs added
HEAD is now at 2e9e0ce7 patch applied
WARNING: An illegal reflective access operation has occurred
WARNING: Illegal reflective access by com.google.inject.internal.cglib.core.$ReflectUtils$1 (file:/usr/share/maven/lib/guice.jar) to method java.lang.ClassLoader.defineClass(java.lang.String,byte[],int,int,java.security.ProtectionDomain)
WARNING: Please consider reporting this to the maintainers of com.google.inject.internal.cglib.core.$ReflectUtils$1
WARNING: Use --illegal-access=warn to enable warnings of further illegal reflective access operations
WARNING: All illegal access operations will be denied in a future release
WARNING: An illegal reflective access operation has occurred
WARNING: Illegal reflective access by com.google.inject.internal.cglib.core.$ReflectUtils$1 (file:/usr/share/maven/lib/guice.jar) to method java.lang.ClassLoader.defineClass(java.lang.String,byte[],int,int,java.security.ProtectionDomain)
WARNING: Please consider reporting this to the maintainers of com.google.inject.internal.cglib.core.$ReflectUtils$1
WARNING: Use --illegal-access=warn to enable warnings of further illegal reflective access operations
WARNING: All illegal access operations will be denied in a future release
SLF4J: Failed to load class "org.slf4j.impl.StaticLoggerBinder".
SLF4J: Defaulting to no-operation (NOP) logger implementation
SLF4J: See http://www.slf4j.org/codes.html#StaticLoggerBinder for further details.
Oct 02, 2022 1:59:38 PM se.kth.debug.Debugger launchVMAndJunit
INFO: java -cp /home/khesoem/exec-diff/d1/collector-sahab/target/collector-sahab-0.0.1-SNAPSHOT-jar-with-dependencies.jar:/home/khesoem/exec-diff/d1/drr-execdiff/Math-74/sahab-left_2e9e0ce73266e92591abf25f3867e843f59a28e6/classes:/home/khesoem/exec-diff/d1/drr-execdiff/Math-74/sahab-left_2e9e0ce73266e92591abf25f3867e843f59a28e6/test-classes:/root/.m2/repository/junit/junit/4.4/junit-4.4.jar se.kth.debug.JUnitTestRunner org.apache.commons.math.ode.nonstiff.AdamsMoultonIntegratorTest::polynomial
Oct 02, 2022 1:59:38 PM se.kth.debug.Debugger launchVMAndJunit
INFO: Connected to port: 48041
Oct 02, 2022 1:59:38 PM se.kth.debug.Debugger addClassPrepareEvent
INFO: org.apache.commons.math.ode.nonstiff.AdamsMoultonIntegrator added!
Oct 02, 2022 2:30:56 PM se.kth.debug.EventProcessor startEventProcessor
WARNING: com.sun.jdi.VMDisconnectedException
Oct 02, 2022 2:31:57 PM se.kth.debug.Collector write
INFO: Breakpoints serialised!
Oct 02, 2022 2:31:57 PM se.kth.debug.Collector write
INFO: Return values serialised!
Oct 02, 2022 2:31:57 PM se.kth.debug.Collector write
INFO: File output to: /home/khesoem/exec-diff/d1/output/sahab-reports/2e9e0ce73266e92591abf25f3867e843f59a28e6/left.json
Oct 02, 2022 2:31:57 PM se.kth.debug.Debugger launchVMAndJunit
INFO: java -cp /home/khesoem/exec-diff/d1/collector-sahab/target/collector-sahab-0.0.1-SNAPSHOT-jar-with-dependencies.jar:/home/khesoem/exec-diff/d1/drr-execdiff/Math-74/sahab-right_2e9e0ce73266e92591abf25f3867e843f59a28e6/classes:/home/khesoem/exec-diff/d1/drr-execdiff/Math-74/sahab-right_2e9e0ce73266e92591abf25f3867e843f59a28e6/test-classes:/root/.m2/repository/junit/junit/4.4/junit-4.4.jar se.kth.debug.JUnitTestRunner org.apache.commons.math.ode.nonstiff.AdamsMoultonIntegratorTest::polynomial
Oct 02, 2022 2:31:57 PM se.kth.debug.Debugger launchVMAndJunit
INFO: Connected to port: 42295
Oct 02, 2022 2:31:57 PM se.kth.debug.Debugger addClassPrepareEvent
INFO: org.apache.commons.math.ode.nonstiff.AdamsMoultonIntegrator added!
Oct 02, 2022 3:02:13 PM se.kth.debug.EventProcessor startEventProcessor
WARNING: com.sun.jdi.VMDisconnectedException
Oct 02, 2022 3:03:16 PM se.kth.debug.Collector write
INFO: Breakpoints serialised!
Oct 02, 2022 3:03:16 PM se.kth.debug.Collector write
INFO: Return values serialised!
Oct 02, 2022 3:03:16 PM se.kth.debug.Collector write
INFO: File output to: /home/khesoem/exec-diff/d1/output/sahab-reports/2e9e0ce73266e92591abf25f3867e843f59a28e6/right.json
