HEAD is now at e5d67a81 bugs added
WARNING: An illegal reflective access operation has occurred
WARNING: Illegal reflective access by com.google.inject.internal.cglib.core.$ReflectUtils$1 (file:/usr/share/maven/lib/guice.jar) to method java.lang.ClassLoader.defineClass(java.lang.String,byte[],int,int,java.security.ProtectionDomain)
WARNING: Please consider reporting this to the maintainers of com.google.inject.internal.cglib.core.$ReflectUtils$1
WARNING: Use --illegal-access=warn to enable warnings of further illegal reflective access operations
WARNING: All illegal access operations will be denied in a future release
WARNING: An illegal reflective access operation has occurred
WARNING: Illegal reflective access by com.google.inject.internal.cglib.core.$ReflectUtils$1 (file:/usr/share/maven/lib/guice.jar) to method java.lang.ClassLoader.defineClass(java.lang.String,byte[],int,int,java.security.ProtectionDomain)
WARNING: Please consider reporting this to the maintainers of com.google.inject.internal.cglib.core.$ReflectUtils$1
WARNING: Use --illegal-access=warn to enable warnings of further illegal reflective access operations
WARNING: All illegal access operations will be denied in a future release
Previous HEAD position was e5d67a81 bugs added
HEAD is now at 6bbc14ea patch applied
WARNING: An illegal reflective access operation has occurred
WARNING: Illegal reflective access by com.google.inject.internal.cglib.core.$ReflectUtils$1 (file:/usr/share/maven/lib/guice.jar) to method java.lang.ClassLoader.defineClass(java.lang.String,byte[],int,int,java.security.ProtectionDomain)
WARNING: Please consider reporting this to the maintainers of com.google.inject.internal.cglib.core.$ReflectUtils$1
WARNING: Use --illegal-access=warn to enable warnings of further illegal reflective access operations
WARNING: All illegal access operations will be denied in a future release
WARNING: An illegal reflective access operation has occurred
WARNING: Illegal reflective access by com.google.inject.internal.cglib.core.$ReflectUtils$1 (file:/usr/share/maven/lib/guice.jar) to method java.lang.ClassLoader.defineClass(java.lang.String,byte[],int,int,java.security.ProtectionDomain)
WARNING: Please consider reporting this to the maintainers of com.google.inject.internal.cglib.core.$ReflectUtils$1
WARNING: Use --illegal-access=warn to enable warnings of further illegal reflective access operations
WARNING: All illegal access operations will be denied in a future release
SLF4J: Failed to load class "org.slf4j.impl.StaticLoggerBinder".
SLF4J: Defaulting to no-operation (NOP) logger implementation
SLF4J: See http://www.slf4j.org/codes.html#StaticLoggerBinder for further details.
Sep 29, 2022 10:35:29 PM se.kth.debug.Debugger launchVMAndJunit
INFO: java -cp /home/khesoem/exec-diff/d1/collector-sahab/target/collector-sahab-0.0.1-SNAPSHOT-jar-with-dependencies.jar:/home/khesoem/exec-diff/d1/drr-execdiff/Math-49/sahab-left_6bbc14ea70e70769b82735846cedd774b4c9d417/classes:/home/khesoem/exec-diff/d1/drr-execdiff/Math-49/sahab-left_6bbc14ea70e70769b82735846cedd774b4c9d417/test-classes:/root/.m2/repository/junit/junit/4.8.2/junit-4.8.2.jar se.kth.debug.JUnitTestRunner org.apache.commons.math.linear.SparseRealVectorTest::testConcurrentModification
Sep 29, 2022 10:35:29 PM se.kth.debug.Debugger launchVMAndJunit
INFO: Connected to port: 53555
Sep 29, 2022 10:35:29 PM se.kth.debug.Debugger addClassPrepareEvent
INFO: org.apache.commons.math.util.OpenIntToDoubleHashMap added!
Sep 29, 2022 10:35:31 PM se.kth.debug.EventProcessor startEventProcessor
WARNING: com.sun.jdi.VMDisconnectedException
Sep 29, 2022 10:35:31 PM se.kth.debug.Collector write
INFO: Breakpoints serialised!
Sep 29, 2022 10:35:31 PM se.kth.debug.Collector write
INFO: Return values serialised!
Sep 29, 2022 10:35:31 PM se.kth.debug.Collector write
INFO: File output to: /home/khesoem/exec-diff/d1/output/sahab-reports/6bbc14ea70e70769b82735846cedd774b4c9d417/left.json
Sep 29, 2022 10:35:31 PM se.kth.debug.Debugger launchVMAndJunit
INFO: java -cp /home/khesoem/exec-diff/d1/collector-sahab/target/collector-sahab-0.0.1-SNAPSHOT-jar-with-dependencies.jar:/home/khesoem/exec-diff/d1/drr-execdiff/Math-49/sahab-right_6bbc14ea70e70769b82735846cedd774b4c9d417/classes:/home/khesoem/exec-diff/d1/drr-execdiff/Math-49/sahab-right_6bbc14ea70e70769b82735846cedd774b4c9d417/test-classes:/root/.m2/repository/junit/junit/4.8.2/junit-4.8.2.jar se.kth.debug.JUnitTestRunner org.apache.commons.math.linear.SparseRealVectorTest::testConcurrentModification
Sep 29, 2022 10:35:31 PM se.kth.debug.Debugger launchVMAndJunit
INFO: Connected to port: 40051
Sep 29, 2022 10:35:31 PM se.kth.debug.Debugger addClassPrepareEvent
INFO: org.apache.commons.math.util.OpenIntToDoubleHashMap added!
Sep 29, 2022 10:35:33 PM se.kth.debug.EventProcessor startEventProcessor
WARNING: com.sun.jdi.VMDisconnectedException
Sep 29, 2022 10:35:33 PM se.kth.debug.Collector write
INFO: Breakpoints serialised!
Sep 29, 2022 10:35:33 PM se.kth.debug.Collector write
INFO: Return values serialised!
Sep 29, 2022 10:35:33 PM se.kth.debug.Collector write
INFO: File output to: /home/khesoem/exec-diff/d1/output/sahab-reports/6bbc14ea70e70769b82735846cedd774b4c9d417/right.json
