HEAD is now at e5d67a81 bugs added
WARNING: An illegal reflective access operation has occurred
WARNING: Illegal reflective access by com.google.inject.internal.cglib.core.$ReflectUtils$1 (file:/usr/share/maven/lib/guice.jar) to method java.lang.ClassLoader.defineClass(java.lang.String,byte[],int,int,java.security.ProtectionDomain)
WARNING: Please consider reporting this to the maintainers of com.google.inject.internal.cglib.core.$ReflectUtils$1
WARNING: Use --illegal-access=warn to enable warnings of further illegal reflective access operations
WARNING: All illegal access operations will be denied in a future release
WARNING: An illegal reflective access operation has occurred
WARNING: Illegal reflective access by com.google.inject.internal.cglib.core.$ReflectUtils$1 (file:/usr/share/maven/lib/guice.jar) to method java.lang.ClassLoader.defineClass(java.lang.String,byte[],int,int,java.security.ProtectionDomain)
WARNING: Please consider reporting this to the maintainers of com.google.inject.internal.cglib.core.$ReflectUtils$1
WARNING: Use --illegal-access=warn to enable warnings of further illegal reflective access operations
WARNING: All illegal access operations will be denied in a future release
Previous HEAD position was e5d67a81 bugs added
HEAD is now at 118303cc patch applied
WARNING: An illegal reflective access operation has occurred
WARNING: Illegal reflective access by com.google.inject.internal.cglib.core.$ReflectUtils$1 (file:/usr/share/maven/lib/guice.jar) to method java.lang.ClassLoader.defineClass(java.lang.String,byte[],int,int,java.security.ProtectionDomain)
WARNING: Please consider reporting this to the maintainers of com.google.inject.internal.cglib.core.$ReflectUtils$1
WARNING: Use --illegal-access=warn to enable warnings of further illegal reflective access operations
WARNING: All illegal access operations will be denied in a future release
WARNING: An illegal reflective access operation has occurred
WARNING: Illegal reflective access by com.google.inject.internal.cglib.core.$ReflectUtils$1 (file:/usr/share/maven/lib/guice.jar) to method java.lang.ClassLoader.defineClass(java.lang.String,byte[],int,int,java.security.ProtectionDomain)
WARNING: Please consider reporting this to the maintainers of com.google.inject.internal.cglib.core.$ReflectUtils$1
WARNING: Use --illegal-access=warn to enable warnings of further illegal reflective access operations
WARNING: All illegal access operations will be denied in a future release
SLF4J: Failed to load class "org.slf4j.impl.StaticLoggerBinder".
SLF4J: Defaulting to no-operation (NOP) logger implementation
SLF4J: See http://www.slf4j.org/codes.html#StaticLoggerBinder for further details.
Oct 03, 2022 11:54:58 PM se.kth.debug.Debugger launchVMAndJunit
INFO: java -cp /home/khesoem/exec-diff/d1/collector-sahab/target/collector-sahab-0.0.1-SNAPSHOT-jar-with-dependencies.jar:/home/khesoem/exec-diff/d1/drr-execdiff/Math-97/sahab-left_118303cc7ab959b864e6ad8704347ce7bcb4dd32/classes:/home/khesoem/exec-diff/d1/drr-execdiff/Math-97/sahab-left_118303cc7ab959b864e6ad8704347ce7bcb4dd32/test-classes:/root/.m2/repository/junit/junit/4.4/junit-4.4.jar se.kth.debug.JUnitTestRunner org.apache.commons.math.analysis.BrentSolverTest::testRootEndpoints
Oct 03, 2022 11:54:58 PM se.kth.debug.Debugger launchVMAndJunit
INFO: Connected to port: 37757
Oct 03, 2022 11:54:58 PM se.kth.debug.Debugger addClassPrepareEvent
INFO: org.apache.commons.math.analysis.BrentSolver added!
Oct 03, 2022 11:54:59 PM se.kth.debug.EventProcessor startEventProcessor
WARNING: com.sun.jdi.VMDisconnectedException
Oct 03, 2022 11:54:59 PM se.kth.debug.Collector write
INFO: Breakpoints serialised!
Oct 03, 2022 11:54:59 PM se.kth.debug.Collector write
INFO: Return values serialised!
Oct 03, 2022 11:54:59 PM se.kth.debug.Collector write
INFO: File output to: /home/khesoem/exec-diff/d1/output/sahab-reports/118303cc7ab959b864e6ad8704347ce7bcb4dd32/left.json
Oct 03, 2022 11:54:59 PM se.kth.debug.Debugger launchVMAndJunit
INFO: java -cp /home/khesoem/exec-diff/d1/collector-sahab/target/collector-sahab-0.0.1-SNAPSHOT-jar-with-dependencies.jar:/home/khesoem/exec-diff/d1/drr-execdiff/Math-97/sahab-right_118303cc7ab959b864e6ad8704347ce7bcb4dd32/classes:/home/khesoem/exec-diff/d1/drr-execdiff/Math-97/sahab-right_118303cc7ab959b864e6ad8704347ce7bcb4dd32/test-classes:/root/.m2/repository/junit/junit/4.4/junit-4.4.jar se.kth.debug.JUnitTestRunner org.apache.commons.math.analysis.BrentSolverTest::testRootEndpoints
Oct 03, 2022 11:54:59 PM se.kth.debug.Debugger launchVMAndJunit
INFO: Connected to port: 40087
Oct 03, 2022 11:54:59 PM se.kth.debug.Debugger addClassPrepareEvent
INFO: org.apache.commons.math.analysis.BrentSolver added!
Oct 03, 2022 11:55:00 PM se.kth.debug.EventProcessor startEventProcessor
WARNING: com.sun.jdi.VMDisconnectedException
Oct 03, 2022 11:55:00 PM se.kth.debug.Collector write
INFO: Breakpoints serialised!
Oct 03, 2022 11:55:00 PM se.kth.debug.Collector write
INFO: Return values serialised!
Oct 03, 2022 11:55:00 PM se.kth.debug.Collector write
INFO: File output to: /home/khesoem/exec-diff/d1/output/sahab-reports/118303cc7ab959b864e6ad8704347ce7bcb4dd32/right.json
