SLF4J: Failed to load class "org.slf4j.impl.StaticLoggerBinder".
SLF4J: Defaulting to no-operation (NOP) logger implementation
SLF4J: See http://www.slf4j.org/codes.html#StaticLoggerBinder for further details.
Starting ChromeDriver 112.0.5615.49 (bd2a7bcb881c11e8cfe3078709382934e3916914-refs/branch-heads/5615@{#936}) on port 11119
Only local connections are allowed.
Please see https://chromedriver.chromium.org/security-considerations for suggestions on keeping ChromeDriver safe.
ChromeDriver was started successfully.
May 02, 2023 5:59:56 AM org.openqa.selenium.devtools.CdpVersionFinder findNearestMatch
WARNING: Unable to find an exact match for CDP version 112, so returning the closest version found: 110
May 02, 2023 6:01:35 AM io.github.chains_project.tracediff.statediff.ui.StateDiffUIManipulator addStateDiffToExecDiffUI
INFO: Line mappings and vars computed.
May 02, 2023 6:01:35 AM io.github.chains_project.tracediff.statediff.ui.StateDiffUIManipulator addStateDiffToExecDiffUI
INFO: For commit 56dd0ed3cd92d9eca3ebff2780d0b0f4b70bc954 line mappings and vars computation took 101907 MILLIS
May 02, 2023 6:01:38 AM io.github.chains_project.tracediff.statediff.ui.StateDiffUIManipulator addStateDiffToExecDiffUI
INFO: ProgramStateDiff{firstOriginalUniqueStateSummary=UniqueStateSummary{differencingTest=null, firstUniqueVarValLine=null, firstUniqueVarVal=null'}, firstPatchedUniqueStateSummary=UniqueStateSummary{differencingTest=null, firstUniqueVarValLine=null, firstUniqueVarVal=null'}, originalUniqueReturn=UniqueReturnSummary{differencingTest=null, firstUniqueVarValLine=null, firstUniqueVarVal='null'}, patchedUniqueReturn=UniqueReturnSummary{differencingTest=null, firstUniqueVarValLine=null, firstUniqueVarVal='null'}}
May 02, 2023 6:01:38 AM io.github.chains_project.tracediff.statediff.ui.StateDiffUIManipulator addStateDiffToExecDiffUI
INFO: For commit 56dd0ed3cd92d9eca3ebff2780d0b0f4b70bc954 diff computation took 3088 MILLIS
May 02, 2023 6:01:38 AM io.github.chains_project.tracediff.statediff.ui.StateDiffUIManipulator addStateDiffToExecDiffUI
INFO: For commit 56dd0ed3cd92d9eca3ebff2780d0b0f4b70bc954 UI manipulation took 1 MILLIS
SLF4J: Failed to load class "org.slf4j.impl.StaticLoggerBinder".
SLF4J: Defaulting to no-operation (NOP) logger implementation
SLF4J: See http://www.slf4j.org/codes.html#StaticLoggerBinder for further details.
Starting ChromeDriver 112.0.5615.49 (bd2a7bcb881c11e8cfe3078709382934e3916914-refs/branch-heads/5615@{#936}) on port 24433
Only local connections are allowed.
Please see https://chromedriver.chromium.org/security-considerations for suggestions on keeping ChromeDriver safe.
ChromeDriver was started successfully.
May 02, 2023 3:26:23 PM org.openqa.selenium.devtools.CdpVersionFinder findNearestMatch
WARNING: Unable to find an exact match for CDP version 112, so returning the closest version found: 110
May 02, 2023 3:28:02 PM io.github.chains_project.tracediff.statediff.ui.StateDiffUIManipulator addStateDiffToExecDiffUI
INFO: Line mappings and vars computed.
May 02, 2023 3:28:02 PM io.github.chains_project.tracediff.statediff.ui.StateDiffUIManipulator addStateDiffToExecDiffUI
INFO: For commit 56dd0ed3cd92d9eca3ebff2780d0b0f4b70bc954 line mappings and vars computation took 102136 MILLIS
May 02, 2023 3:28:06 PM io.github.chains_project.tracediff.statediff.ui.StateDiffUIManipulator addStateDiffToExecDiffUI
INFO: ProgramStateDiff{firstOriginalUniqueStateSummary=UniqueStateSummary{differencingTest=null, firstUniqueVarValLine=null, firstUniqueVarVal=null'}, firstPatchedUniqueStateSummary=UniqueStateSummary{differencingTest=null, firstUniqueVarValLine=null, firstUniqueVarVal=null'}, originalUniqueReturn=UniqueReturnSummary{differencingTest=null, firstUniqueVarValLine=null, firstUniqueVarVal='null'}, patchedUniqueReturn=UniqueReturnSummary{differencingTest=null, firstUniqueVarValLine=null, firstUniqueVarVal='null'}}
May 02, 2023 3:28:06 PM io.github.chains_project.tracediff.statediff.ui.StateDiffUIManipulator addStateDiffToExecDiffUI
INFO: For commit 56dd0ed3cd92d9eca3ebff2780d0b0f4b70bc954 diff computation took 3380 MILLIS
May 02, 2023 3:28:06 PM io.github.chains_project.tracediff.statediff.ui.StateDiffUIManipulator addStateDiffToExecDiffUI
INFO: For commit 56dd0ed3cd92d9eca3ebff2780d0b0f4b70bc954 UI manipulation took 0 MILLIS
SLF4J: Failed to load class "org.slf4j.impl.StaticLoggerBinder".
SLF4J: Defaulting to no-operation (NOP) logger implementation
SLF4J: See http://www.slf4j.org/codes.html#StaticLoggerBinder for further details.
Starting ChromeDriver 112.0.5615.49 (bd2a7bcb881c11e8cfe3078709382934e3916914-refs/branch-heads/5615@{#936}) on port 16087
Only local connections are allowed.
Please see https://chromedriver.chromium.org/security-considerations for suggestions on keeping ChromeDriver safe.
ChromeDriver was started successfully.
May 02, 2023 3:38:52 PM org.openqa.selenium.devtools.CdpVersionFinder findNearestMatch
WARNING: Unable to find an exact match for CDP version 112, so returning the closest version found: 110
May 02, 2023 3:40:30 PM io.github.chains_project.tracediff.statediff.ui.StateDiffUIManipulator addStateDiffToExecDiffUI
INFO: Line mappings and vars computed.
May 02, 2023 3:40:30 PM io.github.chains_project.tracediff.statediff.ui.StateDiffUIManipulator addStateDiffToExecDiffUI
INFO: For commit 56dd0ed3cd92d9eca3ebff2780d0b0f4b70bc954 line mappings and vars computation took 101722 MILLIS
May 02, 2023 3:40:35 PM io.github.chains_project.tracediff.statediff.ui.StateDiffUIManipulator addStateDiffToExecDiffUI
INFO: ProgramStateDiff{firstOriginalUniqueStateSummary=UniqueStateSummary{differencingTest=null, firstUniqueVarValLine=null, firstUniqueVarVal=null'}, firstPatchedUniqueStateSummary=UniqueStateSummary{differencingTest=null, firstUniqueVarValLine=null, firstUniqueVarVal=null'}, originalUniqueReturn=UniqueReturnSummary{differencingTest=null, firstUniqueVarValLine=null, firstUniqueVarVal='null'}, patchedUniqueReturn=UniqueReturnSummary{differencingTest=null, firstUniqueVarValLine=null, firstUniqueVarVal='null'}}
May 02, 2023 3:40:35 PM io.github.chains_project.tracediff.statediff.ui.StateDiffUIManipulator addStateDiffToExecDiffUI
INFO: For commit 56dd0ed3cd92d9eca3ebff2780d0b0f4b70bc954 diff computation took 4082 MILLIS
May 02, 2023 3:40:35 PM io.github.chains_project.tracediff.statediff.ui.StateDiffUIManipulator addStateDiffToExecDiffUI
INFO: For commit 56dd0ed3cd92d9eca3ebff2780d0b0f4b70bc954 UI manipulation took 0 MILLIS
