HEAD is now at e5d67a81 bugs added
WARNING: An illegal reflective access operation has occurred
WARNING: Illegal reflective access by com.google.inject.internal.cglib.core.$ReflectUtils$1 (file:/usr/share/maven/lib/guice.jar) to method java.lang.ClassLoader.defineClass(java.lang.String,byte[],int,int,java.security.ProtectionDomain)
WARNING: Please consider reporting this to the maintainers of com.google.inject.internal.cglib.core.$ReflectUtils$1
WARNING: Use --illegal-access=warn to enable warnings of further illegal reflective access operations
WARNING: All illegal access operations will be denied in a future release
WARNING: An illegal reflective access operation has occurred
WARNING: Illegal reflective access by com.google.inject.internal.cglib.core.$ReflectUtils$1 (file:/usr/share/maven/lib/guice.jar) to method java.lang.ClassLoader.defineClass(java.lang.String,byte[],int,int,java.security.ProtectionDomain)
WARNING: Please consider reporting this to the maintainers of com.google.inject.internal.cglib.core.$ReflectUtils$1
WARNING: Use --illegal-access=warn to enable warnings of further illegal reflective access operations
WARNING: All illegal access operations will be denied in a future release
Previous HEAD position was e5d67a81 bugs added
HEAD is now at 80152bca patch applied
WARNING: An illegal reflective access operation has occurred
WARNING: Illegal reflective access by com.google.inject.internal.cglib.core.$ReflectUtils$1 (file:/usr/share/maven/lib/guice.jar) to method java.lang.ClassLoader.defineClass(java.lang.String,byte[],int,int,java.security.ProtectionDomain)
WARNING: Please consider reporting this to the maintainers of com.google.inject.internal.cglib.core.$ReflectUtils$1
WARNING: Use --illegal-access=warn to enable warnings of further illegal reflective access operations
WARNING: All illegal access operations will be denied in a future release
WARNING: An illegal reflective access operation has occurred
WARNING: Illegal reflective access by com.google.inject.internal.cglib.core.$ReflectUtils$1 (file:/usr/share/maven/lib/guice.jar) to method java.lang.ClassLoader.defineClass(java.lang.String,byte[],int,int,java.security.ProtectionDomain)
WARNING: Please consider reporting this to the maintainers of com.google.inject.internal.cglib.core.$ReflectUtils$1
WARNING: Use --illegal-access=warn to enable warnings of further illegal reflective access operations
WARNING: All illegal access operations will be denied in a future release
SLF4J: Failed to load class "org.slf4j.impl.StaticLoggerBinder".
SLF4J: Defaulting to no-operation (NOP) logger implementation
SLF4J: See http://www.slf4j.org/codes.html#StaticLoggerBinder for further details.
Sep 30, 2022 2:44:19 PM se.kth.debug.Debugger launchVMAndJunit
INFO: java -cp /home/khesoem/exec-diff/d1/collector-sahab/target/collector-sahab-0.0.1-SNAPSHOT-jar-with-dependencies.jar:/home/khesoem/exec-diff/d1/drr-execdiff/Math-5/sahab-left_80152bcaa4ed8b82f173800bae6e3ee3a9304324/classes:/home/khesoem/exec-diff/d1/drr-execdiff/Math-5/sahab-left_80152bcaa4ed8b82f173800bae6e3ee3a9304324/test-classes:/root/.m2/repository/junit/junit/4.10/junit-4.10.jar:/root/.m2/repository/org/hamcrest/hamcrest-core/1.1/hamcrest-core-1.1.jar se.kth.debug.JUnitTestRunner org.apache.commons.math3.complex.ComplexTest::testReciprocalZero
Sep 30, 2022 2:44:19 PM se.kth.debug.Debugger launchVMAndJunit
INFO: Connected to port: 43525
Sep 30, 2022 2:44:19 PM se.kth.debug.Debugger addClassPrepareEvent
INFO: org.apache.commons.math3.complex.Complex added!
Sep 30, 2022 2:44:20 PM se.kth.debug.EventProcessor startEventProcessor
WARNING: com.sun.jdi.VMDisconnectedException
Sep 30, 2022 2:44:20 PM se.kth.debug.Collector write
INFO: Breakpoints serialised!
Sep 30, 2022 2:44:20 PM se.kth.debug.Collector write
INFO: Return values serialised!
Sep 30, 2022 2:44:20 PM se.kth.debug.Collector write
INFO: File output to: /home/khesoem/exec-diff/d1/output/sahab-reports/80152bcaa4ed8b82f173800bae6e3ee3a9304324/left.json
Sep 30, 2022 2:44:20 PM se.kth.debug.Debugger launchVMAndJunit
INFO: java -cp /home/khesoem/exec-diff/d1/collector-sahab/target/collector-sahab-0.0.1-SNAPSHOT-jar-with-dependencies.jar:/home/khesoem/exec-diff/d1/drr-execdiff/Math-5/sahab-right_80152bcaa4ed8b82f173800bae6e3ee3a9304324/classes:/home/khesoem/exec-diff/d1/drr-execdiff/Math-5/sahab-right_80152bcaa4ed8b82f173800bae6e3ee3a9304324/test-classes:/root/.m2/repository/junit/junit/4.10/junit-4.10.jar:/root/.m2/repository/org/hamcrest/hamcrest-core/1.1/hamcrest-core-1.1.jar se.kth.debug.JUnitTestRunner org.apache.commons.math3.complex.ComplexTest::testReciprocalZero
Sep 30, 2022 2:44:20 PM se.kth.debug.Debugger launchVMAndJunit
INFO: Connected to port: 58485
Sep 30, 2022 2:44:20 PM se.kth.debug.Debugger addClassPrepareEvent
INFO: org.apache.commons.math3.complex.Complex added!
Sep 30, 2022 2:44:21 PM se.kth.debug.EventProcessor startEventProcessor
WARNING: com.sun.jdi.VMDisconnectedException
Sep 30, 2022 2:44:21 PM se.kth.debug.Collector write
INFO: Breakpoints serialised!
Sep 30, 2022 2:44:21 PM se.kth.debug.Collector write
INFO: Return values serialised!
Sep 30, 2022 2:44:21 PM se.kth.debug.Collector write
INFO: File output to: /home/khesoem/exec-diff/d1/output/sahab-reports/80152bcaa4ed8b82f173800bae6e3ee3a9304324/right.json
