HEAD is now at e5d67a81 bugs added
WARNING: An illegal reflective access operation has occurred
WARNING: Illegal reflective access by com.google.inject.internal.cglib.core.$ReflectUtils$1 (file:/usr/share/maven/lib/guice.jar) to method java.lang.ClassLoader.defineClass(java.lang.String,byte[],int,int,java.security.ProtectionDomain)
WARNING: Please consider reporting this to the maintainers of com.google.inject.internal.cglib.core.$ReflectUtils$1
WARNING: Use --illegal-access=warn to enable warnings of further illegal reflective access operations
WARNING: All illegal access operations will be denied in a future release
WARNING: An illegal reflective access operation has occurred
WARNING: Illegal reflective access by com.google.inject.internal.cglib.core.$ReflectUtils$1 (file:/usr/share/maven/lib/guice.jar) to method java.lang.ClassLoader.defineClass(java.lang.String,byte[],int,int,java.security.ProtectionDomain)
WARNING: Please consider reporting this to the maintainers of com.google.inject.internal.cglib.core.$ReflectUtils$1
WARNING: Use --illegal-access=warn to enable warnings of further illegal reflective access operations
WARNING: All illegal access operations will be denied in a future release
Previous HEAD position was e5d67a81 bugs added
HEAD is now at 74686ce6 patch applied
WARNING: An illegal reflective access operation has occurred
WARNING: Illegal reflective access by com.google.inject.internal.cglib.core.$ReflectUtils$1 (file:/usr/share/maven/lib/guice.jar) to method java.lang.ClassLoader.defineClass(java.lang.String,byte[],int,int,java.security.ProtectionDomain)
WARNING: Please consider reporting this to the maintainers of com.google.inject.internal.cglib.core.$ReflectUtils$1
WARNING: Use --illegal-access=warn to enable warnings of further illegal reflective access operations
WARNING: All illegal access operations will be denied in a future release
WARNING: An illegal reflective access operation has occurred
WARNING: Illegal reflective access by com.google.inject.internal.cglib.core.$ReflectUtils$1 (file:/usr/share/maven/lib/guice.jar) to method java.lang.ClassLoader.defineClass(java.lang.String,byte[],int,int,java.security.ProtectionDomain)
WARNING: Please consider reporting this to the maintainers of com.google.inject.internal.cglib.core.$ReflectUtils$1
WARNING: Use --illegal-access=warn to enable warnings of further illegal reflective access operations
WARNING: All illegal access operations will be denied in a future release
SLF4J: Failed to load class "org.slf4j.impl.StaticLoggerBinder".
SLF4J: Defaulting to no-operation (NOP) logger implementation
SLF4J: See http://www.slf4j.org/codes.html#StaticLoggerBinder for further details.
Sep 30, 2022 1:06:23 AM se.kth.debug.Debugger launchVMAndJunit
INFO: java -cp /home/khesoem/exec-diff/d1/collector-sahab/target/collector-sahab-0.0.1-SNAPSHOT-jar-with-dependencies.jar:/home/khesoem/exec-diff/d1/drr-execdiff/Math-50/sahab-left_74686ce645eb4039cfe3bf7c3a56703184917e81/classes:/home/khesoem/exec-diff/d1/drr-execdiff/Math-50/sahab-left_74686ce645eb4039cfe3bf7c3a56703184917e81/test-classes:/root/.m2/repository/junit/junit/4.8.2/junit-4.8.2.jar se.kth.debug.JUnitTestRunner org.apache.commons.math.analysis.solvers.RegulaFalsiSolverTest::testIssue631
Sep 30, 2022 1:06:23 AM se.kth.debug.Debugger launchVMAndJunit
INFO: Connected to port: 35847
Sep 30, 2022 1:06:23 AM se.kth.debug.Debugger addClassPrepareEvent
INFO: org.apache.commons.math.analysis.solvers.BaseSecantSolver added!
Sep 30, 2022 1:06:24 AM se.kth.debug.Debugger setBreakpoints
WARNING: 158 is not a valid breakpoint in org.apache.commons.math.analysis.solvers.BaseSecantSolver
Sep 30, 2022 1:06:24 AM se.kth.debug.Debugger setBreakpoints
WARNING: 191 is not a valid breakpoint in org.apache.commons.math.analysis.solvers.BaseSecantSolver
Sep 30, 2022 1:06:24 AM se.kth.debug.Debugger setBreakpoints
WARNING: 212 is not a valid breakpoint in org.apache.commons.math.analysis.solvers.BaseSecantSolver
Sep 30, 2022 1:06:24 AM se.kth.debug.Debugger setBreakpoints
WARNING: 217 is not a valid breakpoint in org.apache.commons.math.analysis.solvers.BaseSecantSolver
Sep 30, 2022 1:06:24 AM se.kth.debug.Debugger setBreakpoints
WARNING: 222 is not a valid breakpoint in org.apache.commons.math.analysis.solvers.BaseSecantSolver
Sep 30, 2022 1:06:24 AM se.kth.debug.Debugger setBreakpoints
WARNING: 227 is not a valid breakpoint in org.apache.commons.math.analysis.solvers.BaseSecantSolver
Sep 30, 2022 1:11:52 AM se.kth.debug.EventProcessor startEventProcessor
WARNING: com.sun.jdi.VMDisconnectedException
Sep 30, 2022 1:12:00 AM se.kth.debug.Collector write
INFO: Breakpoints serialised!
Sep 30, 2022 1:12:00 AM se.kth.debug.Collector write
INFO: Return values serialised!
Sep 30, 2022 1:12:00 AM se.kth.debug.Collector write
INFO: File output to: /home/khesoem/exec-diff/d1/output/sahab-reports/74686ce645eb4039cfe3bf7c3a56703184917e81/left.json
Sep 30, 2022 1:12:00 AM se.kth.debug.Debugger launchVMAndJunit
INFO: java -cp /home/khesoem/exec-diff/d1/collector-sahab/target/collector-sahab-0.0.1-SNAPSHOT-jar-with-dependencies.jar:/home/khesoem/exec-diff/d1/drr-execdiff/Math-50/sahab-right_74686ce645eb4039cfe3bf7c3a56703184917e81/classes:/home/khesoem/exec-diff/d1/drr-execdiff/Math-50/sahab-right_74686ce645eb4039cfe3bf7c3a56703184917e81/test-classes:/root/.m2/repository/junit/junit/4.8.2/junit-4.8.2.jar se.kth.debug.JUnitTestRunner org.apache.commons.math.analysis.solvers.RegulaFalsiSolverTest::testIssue631
Sep 30, 2022 1:12:01 AM se.kth.debug.Debugger launchVMAndJunit
INFO: Connected to port: 44513
Sep 30, 2022 1:12:01 AM se.kth.debug.Debugger addClassPrepareEvent
INFO: org.apache.commons.math.analysis.solvers.BaseSecantSolver added!
Sep 30, 2022 1:12:01 AM se.kth.debug.Debugger setBreakpoints
WARNING: 158 is not a valid breakpoint in org.apache.commons.math.analysis.solvers.BaseSecantSolver
Sep 30, 2022 1:12:01 AM se.kth.debug.Debugger setBreakpoints
WARNING: 193 is not a valid breakpoint in org.apache.commons.math.analysis.solvers.BaseSecantSolver
Sep 30, 2022 1:12:01 AM se.kth.debug.Debugger setBreakpoints
WARNING: 214 is not a valid breakpoint in org.apache.commons.math.analysis.solvers.BaseSecantSolver
Sep 30, 2022 1:12:01 AM se.kth.debug.Debugger setBreakpoints
WARNING: 219 is not a valid breakpoint in org.apache.commons.math.analysis.solvers.BaseSecantSolver
Sep 30, 2022 1:12:01 AM se.kth.debug.Debugger setBreakpoints
WARNING: 224 is not a valid breakpoint in org.apache.commons.math.analysis.solvers.BaseSecantSolver
Sep 30, 2022 1:12:01 AM se.kth.debug.Debugger setBreakpoints
WARNING: 229 is not a valid breakpoint in org.apache.commons.math.analysis.solvers.BaseSecantSolver
Sep 30, 2022 1:16:57 AM se.kth.debug.EventProcessor startEventProcessor
WARNING: com.sun.jdi.VMDisconnectedException
Sep 30, 2022 1:17:05 AM se.kth.debug.Collector write
INFO: Breakpoints serialised!
Sep 30, 2022 1:17:05 AM se.kth.debug.Collector write
INFO: No method exits were encountered.
Sep 30, 2022 1:17:05 AM se.kth.debug.Collector write
INFO: File output to: /home/khesoem/exec-diff/d1/output/sahab-reports/74686ce645eb4039cfe3bf7c3a56703184917e81/right.json
