HEAD is now at e5d67a81 bugs added
WARNING: An illegal reflective access operation has occurred
WARNING: Illegal reflective access by com.google.inject.internal.cglib.core.$ReflectUtils$1 (file:/usr/share/maven/lib/guice.jar) to method java.lang.ClassLoader.defineClass(java.lang.String,byte[],int,int,java.security.ProtectionDomain)
WARNING: Please consider reporting this to the maintainers of com.google.inject.internal.cglib.core.$ReflectUtils$1
WARNING: Use --illegal-access=warn to enable warnings of further illegal reflective access operations
WARNING: All illegal access operations will be denied in a future release
WARNING: An illegal reflective access operation has occurred
WARNING: Illegal reflective access by com.google.inject.internal.cglib.core.$ReflectUtils$1 (file:/usr/share/maven/lib/guice.jar) to method java.lang.ClassLoader.defineClass(java.lang.String,byte[],int,int,java.security.ProtectionDomain)
WARNING: Please consider reporting this to the maintainers of com.google.inject.internal.cglib.core.$ReflectUtils$1
WARNING: Use --illegal-access=warn to enable warnings of further illegal reflective access operations
WARNING: All illegal access operations will be denied in a future release
Previous HEAD position was e5d67a81 bugs added
HEAD is now at 486031b1 patch applied
WARNING: An illegal reflective access operation has occurred
WARNING: Illegal reflective access by com.google.inject.internal.cglib.core.$ReflectUtils$1 (file:/usr/share/maven/lib/guice.jar) to method java.lang.ClassLoader.defineClass(java.lang.String,byte[],int,int,java.security.ProtectionDomain)
WARNING: Please consider reporting this to the maintainers of com.google.inject.internal.cglib.core.$ReflectUtils$1
WARNING: Use --illegal-access=warn to enable warnings of further illegal reflective access operations
WARNING: All illegal access operations will be denied in a future release
WARNING: An illegal reflective access operation has occurred
WARNING: Illegal reflective access by com.google.inject.internal.cglib.core.$ReflectUtils$1 (file:/usr/share/maven/lib/guice.jar) to method java.lang.ClassLoader.defineClass(java.lang.String,byte[],int,int,java.security.ProtectionDomain)
WARNING: Please consider reporting this to the maintainers of com.google.inject.internal.cglib.core.$ReflectUtils$1
WARNING: Use --illegal-access=warn to enable warnings of further illegal reflective access operations
WARNING: All illegal access operations will be denied in a future release
SLF4J: Failed to load class "org.slf4j.impl.StaticLoggerBinder".
SLF4J: Defaulting to no-operation (NOP) logger implementation
SLF4J: See http://www.slf4j.org/codes.html#StaticLoggerBinder for further details.
Oct 01, 2022 12:12:43 AM se.kth.debug.Debugger launchVMAndJunit
INFO: java -cp /home/khesoem/exec-diff/d1/collector-sahab/target/collector-sahab-0.0.1-SNAPSHOT-jar-with-dependencies.jar:/home/khesoem/exec-diff/d1/drr-execdiff/Math-82/sahab-left_486031b18dcc3dcdeec5c10573dc5d30105b6dae/classes:/home/khesoem/exec-diff/d1/drr-execdiff/Math-82/sahab-left_486031b18dcc3dcdeec5c10573dc5d30105b6dae/test-classes:/root/.m2/repository/junit/junit/4.4/junit-4.4.jar se.kth.debug.JUnitTestRunner org.apache.commons.math.optimization.linear.SimplexSolverTest::testMath288
Oct 01, 2022 12:12:43 AM se.kth.debug.Debugger launchVMAndJunit
INFO: Connected to port: 43217
Oct 01, 2022 12:12:43 AM se.kth.debug.Debugger addClassPrepareEvent
INFO: org.apache.commons.math.optimization.linear.SimplexSolver added!
Oct 01, 2022 12:12:45 AM se.kth.debug.EventProcessor startEventProcessor
WARNING: com.sun.jdi.VMDisconnectedException
Oct 01, 2022 12:12:45 AM se.kth.debug.Collector write
INFO: Breakpoints serialised!
Oct 01, 2022 12:12:45 AM se.kth.debug.Collector write
INFO: Return values serialised!
Oct 01, 2022 12:12:45 AM se.kth.debug.Collector write
INFO: File output to: /home/khesoem/exec-diff/d1/output/sahab-reports/486031b18dcc3dcdeec5c10573dc5d30105b6dae/left.json
Oct 01, 2022 12:12:45 AM se.kth.debug.Debugger launchVMAndJunit
INFO: java -cp /home/khesoem/exec-diff/d1/collector-sahab/target/collector-sahab-0.0.1-SNAPSHOT-jar-with-dependencies.jar:/home/khesoem/exec-diff/d1/drr-execdiff/Math-82/sahab-right_486031b18dcc3dcdeec5c10573dc5d30105b6dae/classes:/home/khesoem/exec-diff/d1/drr-execdiff/Math-82/sahab-right_486031b18dcc3dcdeec5c10573dc5d30105b6dae/test-classes:/root/.m2/repository/junit/junit/4.4/junit-4.4.jar se.kth.debug.JUnitTestRunner org.apache.commons.math.optimization.linear.SimplexSolverTest::testMath288
Oct 01, 2022 12:12:45 AM se.kth.debug.Debugger launchVMAndJunit
INFO: Connected to port: 58947
Oct 01, 2022 12:12:45 AM se.kth.debug.Debugger addClassPrepareEvent
INFO: org.apache.commons.math.optimization.linear.SimplexSolver added!
Oct 01, 2022 12:12:47 AM se.kth.debug.EventProcessor startEventProcessor
WARNING: com.sun.jdi.VMDisconnectedException
Oct 01, 2022 12:12:47 AM se.kth.debug.Collector write
INFO: Breakpoints serialised!
Oct 01, 2022 12:12:47 AM se.kth.debug.Collector write
INFO: Return values serialised!
Oct 01, 2022 12:12:47 AM se.kth.debug.Collector write
INFO: File output to: /home/khesoem/exec-diff/d1/output/sahab-reports/486031b18dcc3dcdeec5c10573dc5d30105b6dae/right.json
