HEAD is now at e5d67a81 bugs added
WARNING: An illegal reflective access operation has occurred
WARNING: Illegal reflective access by com.google.inject.internal.cglib.core.$ReflectUtils$1 (file:/usr/share/maven/lib/guice.jar) to method java.lang.ClassLoader.defineClass(java.lang.String,byte[],int,int,java.security.ProtectionDomain)
WARNING: Please consider reporting this to the maintainers of com.google.inject.internal.cglib.core.$ReflectUtils$1
WARNING: Use --illegal-access=warn to enable warnings of further illegal reflective access operations
WARNING: All illegal access operations will be denied in a future release
WARNING: An illegal reflective access operation has occurred
WARNING: Illegal reflective access by com.google.inject.internal.cglib.core.$ReflectUtils$1 (file:/usr/share/maven/lib/guice.jar) to method java.lang.ClassLoader.defineClass(java.lang.String,byte[],int,int,java.security.ProtectionDomain)
WARNING: Please consider reporting this to the maintainers of com.google.inject.internal.cglib.core.$ReflectUtils$1
WARNING: Use --illegal-access=warn to enable warnings of further illegal reflective access operations
WARNING: All illegal access operations will be denied in a future release
Previous HEAD position was e5d67a81 bugs added
HEAD is now at 82260afb patch applied
WARNING: An illegal reflective access operation has occurred
WARNING: Illegal reflective access by com.google.inject.internal.cglib.core.$ReflectUtils$1 (file:/usr/share/maven/lib/guice.jar) to method java.lang.ClassLoader.defineClass(java.lang.String,byte[],int,int,java.security.ProtectionDomain)
WARNING: Please consider reporting this to the maintainers of com.google.inject.internal.cglib.core.$ReflectUtils$1
WARNING: Use --illegal-access=warn to enable warnings of further illegal reflective access operations
WARNING: All illegal access operations will be denied in a future release
WARNING: An illegal reflective access operation has occurred
WARNING: Illegal reflective access by com.google.inject.internal.cglib.core.$ReflectUtils$1 (file:/usr/share/maven/lib/guice.jar) to method java.lang.ClassLoader.defineClass(java.lang.String,byte[],int,int,java.security.ProtectionDomain)
WARNING: Please consider reporting this to the maintainers of com.google.inject.internal.cglib.core.$ReflectUtils$1
WARNING: Use --illegal-access=warn to enable warnings of further illegal reflective access operations
WARNING: All illegal access operations will be denied in a future release
SLF4J: Failed to load class "org.slf4j.impl.StaticLoggerBinder".
SLF4J: Defaulting to no-operation (NOP) logger implementation
SLF4J: See http://www.slf4j.org/codes.html#StaticLoggerBinder for further details.
Oct 01, 2022 3:26:38 AM se.kth.debug.Debugger launchVMAndJunit
INFO: java -cp /home/khesoem/exec-diff/d1/collector-sahab/target/collector-sahab-0.0.1-SNAPSHOT-jar-with-dependencies.jar:/home/khesoem/exec-diff/d1/drr-execdiff/Math-18/sahab-left_82260afb10c85a927e4a2344352e851d7b5742b6/classes:/home/khesoem/exec-diff/d1/drr-execdiff/Math-18/sahab-left_82260afb10c85a927e4a2344352e851d7b5742b6/test-classes:/root/.m2/repository/junit/junit/4.10/junit-4.10.jar:/root/.m2/repository/org/hamcrest/hamcrest-core/1.1/hamcrest-core-1.1.jar se.kth.debug.JUnitTestRunner org.apache.commons.math3.optimization.direct.CMAESOptimizerTest::testFitAccuracyDependsOnBoundary
Oct 01, 2022 3:26:38 AM se.kth.debug.Debugger launchVMAndJunit
INFO: Connected to port: 55637
Oct 01, 2022 3:26:38 AM se.kth.debug.Debugger addClassPrepareEvent
INFO: org.apache.commons.math3.optimization.direct.CMAESOptimizer added!
Oct 01, 2022 3:26:39 AM se.kth.debug.Debugger setBreakpoints
WARNING: 397 is not a valid breakpoint in org.apache.commons.math3.optimization.direct.CMAESOptimizer
Oct 01, 2022 3:26:39 AM se.kth.debug.Debugger setBreakpoints
WARNING: 373 is not a valid breakpoint in org.apache.commons.math3.optimization.direct.CMAESOptimizer
Oct 01, 2022 3:32:51 AM se.kth.debug.EventProcessor startEventProcessor
WARNING: com.sun.jdi.VMDisconnectedException
Oct 01, 2022 3:33:03 AM se.kth.debug.Collector write
INFO: Breakpoints serialised!
Oct 01, 2022 3:33:03 AM se.kth.debug.Collector write
INFO: Return values serialised!
Oct 01, 2022 3:33:03 AM se.kth.debug.Collector write
INFO: File output to: /home/khesoem/exec-diff/d1/output/sahab-reports/82260afb10c85a927e4a2344352e851d7b5742b6/left.json
Oct 01, 2022 3:33:04 AM se.kth.debug.Debugger launchVMAndJunit
INFO: java -cp /home/khesoem/exec-diff/d1/collector-sahab/target/collector-sahab-0.0.1-SNAPSHOT-jar-with-dependencies.jar:/home/khesoem/exec-diff/d1/drr-execdiff/Math-18/sahab-right_82260afb10c85a927e4a2344352e851d7b5742b6/classes:/home/khesoem/exec-diff/d1/drr-execdiff/Math-18/sahab-right_82260afb10c85a927e4a2344352e851d7b5742b6/test-classes:/root/.m2/repository/junit/junit/4.10/junit-4.10.jar:/root/.m2/repository/org/hamcrest/hamcrest-core/1.1/hamcrest-core-1.1.jar se.kth.debug.JUnitTestRunner org.apache.commons.math3.optimization.direct.CMAESOptimizerTest::testFitAccuracyDependsOnBoundary
Oct 01, 2022 3:33:04 AM se.kth.debug.Debugger launchVMAndJunit
INFO: Connected to port: 51525
Oct 01, 2022 3:33:04 AM se.kth.debug.Debugger addClassPrepareEvent
INFO: org.apache.commons.math3.optimization.direct.CMAESOptimizer added!
Oct 01, 2022 3:33:04 AM se.kth.debug.Debugger setBreakpoints
WARNING: 397 is not a valid breakpoint in org.apache.commons.math3.optimization.direct.CMAESOptimizer
Oct 01, 2022 3:33:04 AM se.kth.debug.Debugger setBreakpoints
WARNING: 373 is not a valid breakpoint in org.apache.commons.math3.optimization.direct.CMAESOptimizer
Oct 01, 2022 3:39:06 AM se.kth.debug.EventProcessor startEventProcessor
WARNING: com.sun.jdi.VMDisconnectedException
Oct 01, 2022 3:39:17 AM se.kth.debug.Collector write
INFO: Breakpoints serialised!
Oct 01, 2022 3:39:17 AM se.kth.debug.Collector write
INFO: Return values serialised!
Oct 01, 2022 3:39:17 AM se.kth.debug.Collector write
INFO: File output to: /home/khesoem/exec-diff/d1/output/sahab-reports/82260afb10c85a927e4a2344352e851d7b5742b6/right.json
