HEAD is now at e5d67a81 bugs added
WARNING: An illegal reflective access operation has occurred
WARNING: Illegal reflective access by com.google.inject.internal.cglib.core.$ReflectUtils$1 (file:/usr/share/maven/lib/guice.jar) to method java.lang.ClassLoader.defineClass(java.lang.String,byte[],int,int,java.security.ProtectionDomain)
WARNING: Please consider reporting this to the maintainers of com.google.inject.internal.cglib.core.$ReflectUtils$1
WARNING: Use --illegal-access=warn to enable warnings of further illegal reflective access operations
WARNING: All illegal access operations will be denied in a future release
WARNING: An illegal reflective access operation has occurred
WARNING: Illegal reflective access by com.google.inject.internal.cglib.core.$ReflectUtils$1 (file:/usr/share/maven/lib/guice.jar) to method java.lang.ClassLoader.defineClass(java.lang.String,byte[],int,int,java.security.ProtectionDomain)
WARNING: Please consider reporting this to the maintainers of com.google.inject.internal.cglib.core.$ReflectUtils$1
WARNING: Use --illegal-access=warn to enable warnings of further illegal reflective access operations
WARNING: All illegal access operations will be denied in a future release
Previous HEAD position was e5d67a81 bugs added
HEAD is now at 333658f9 patch applied
WARNING: An illegal reflective access operation has occurred
WARNING: Illegal reflective access by com.google.inject.internal.cglib.core.$ReflectUtils$1 (file:/usr/share/maven/lib/guice.jar) to method java.lang.ClassLoader.defineClass(java.lang.String,byte[],int,int,java.security.ProtectionDomain)
WARNING: Please consider reporting this to the maintainers of com.google.inject.internal.cglib.core.$ReflectUtils$1
WARNING: Use --illegal-access=warn to enable warnings of further illegal reflective access operations
WARNING: All illegal access operations will be denied in a future release
WARNING: An illegal reflective access operation has occurred
WARNING: Illegal reflective access by com.google.inject.internal.cglib.core.$ReflectUtils$1 (file:/usr/share/maven/lib/guice.jar) to method java.lang.ClassLoader.defineClass(java.lang.String,byte[],int,int,java.security.ProtectionDomain)
WARNING: Please consider reporting this to the maintainers of com.google.inject.internal.cglib.core.$ReflectUtils$1
WARNING: Use --illegal-access=warn to enable warnings of further illegal reflective access operations
WARNING: All illegal access operations will be denied in a future release
SLF4J: Failed to load class "org.slf4j.impl.StaticLoggerBinder".
SLF4J: Defaulting to no-operation (NOP) logger implementation
SLF4J: See http://www.slf4j.org/codes.html#StaticLoggerBinder for further details.
Oct 02, 2022 6:24:59 PM se.kth.debug.Debugger launchVMAndJunit
INFO: java -cp /home/khesoem/exec-diff/d1/collector-sahab/target/collector-sahab-0.0.1-SNAPSHOT-jar-with-dependencies.jar:/home/khesoem/exec-diff/d1/drr-execdiff/Time-4/sahab-left_333658f96f840f35f555c24c3afe11cd3aefdd4a/classes:/home/khesoem/exec-diff/d1/drr-execdiff/Time-4/sahab-left_333658f96f840f35f555c24c3afe11cd3aefdd4a/test-classes:/root/.m2/repository/org/joda/joda-convert/1.2/joda-convert-1.2.jar:/root/.m2/repository/junit/junit/3.8.2/junit-3.8.2.jar se.kth.debug.JUnitTestRunner org.joda.time.TestPartial_Basics::testWith3
Oct 02, 2022 6:25:00 PM se.kth.debug.Debugger launchVMAndJunit
INFO: Connected to port: 33353
Oct 02, 2022 6:25:00 PM se.kth.debug.Debugger addClassPrepareEvent
INFO: org.joda.time.field.ZeroIsMaxDateTimeField added!
Oct 02, 2022 6:25:03 PM se.kth.debug.EventProcessor startEventProcessor
WARNING: com.sun.jdi.VMDisconnectedException
Oct 02, 2022 6:25:03 PM se.kth.debug.Collector write
INFO: Output file was not generated as breakpoints were not encountered.
Oct 02, 2022 6:25:03 PM se.kth.debug.Collector write
INFO: Return values serialised!
Oct 02, 2022 6:25:03 PM se.kth.debug.Collector write
INFO: File output to: /home/khesoem/exec-diff/d1/output/sahab-reports/333658f96f840f35f555c24c3afe11cd3aefdd4a/left.json
Oct 02, 2022 6:25:04 PM se.kth.debug.Debugger launchVMAndJunit
INFO: java -cp /home/khesoem/exec-diff/d1/collector-sahab/target/collector-sahab-0.0.1-SNAPSHOT-jar-with-dependencies.jar:/home/khesoem/exec-diff/d1/drr-execdiff/Time-4/sahab-right_333658f96f840f35f555c24c3afe11cd3aefdd4a/classes:/home/khesoem/exec-diff/d1/drr-execdiff/Time-4/sahab-right_333658f96f840f35f555c24c3afe11cd3aefdd4a/test-classes:/root/.m2/repository/org/joda/joda-convert/1.2/joda-convert-1.2.jar:/root/.m2/repository/junit/junit/3.8.2/junit-3.8.2.jar se.kth.debug.JUnitTestRunner org.joda.time.TestPartial_Basics::testWith3
Oct 02, 2022 6:25:04 PM se.kth.debug.Debugger launchVMAndJunit
INFO: Connected to port: 58255
Oct 02, 2022 6:25:04 PM se.kth.debug.Debugger addClassPrepareEvent
INFO: org.joda.time.field.ZeroIsMaxDateTimeField added!
Oct 02, 2022 6:25:08 PM se.kth.debug.EventProcessor startEventProcessor
WARNING: com.sun.jdi.VMDisconnectedException
Oct 02, 2022 6:25:08 PM se.kth.debug.Collector write
INFO: Output file was not generated as breakpoints were not encountered.
Oct 02, 2022 6:25:08 PM se.kth.debug.Collector write
INFO: Return values serialised!
Oct 02, 2022 6:25:08 PM se.kth.debug.Collector write
INFO: File output to: /home/khesoem/exec-diff/d1/output/sahab-reports/333658f96f840f35f555c24c3afe11cd3aefdd4a/right.json
