HEAD is now at e5d67a81 bugs added
WARNING: An illegal reflective access operation has occurred
WARNING: Illegal reflective access by com.google.inject.internal.cglib.core.$ReflectUtils$1 (file:/usr/share/maven/lib/guice.jar) to method java.lang.ClassLoader.defineClass(java.lang.String,byte[],int,int,java.security.ProtectionDomain)
WARNING: Please consider reporting this to the maintainers of com.google.inject.internal.cglib.core.$ReflectUtils$1
WARNING: Use --illegal-access=warn to enable warnings of further illegal reflective access operations
WARNING: All illegal access operations will be denied in a future release
WARNING: An illegal reflective access operation has occurred
WARNING: Illegal reflective access by com.google.inject.internal.cglib.core.$ReflectUtils$1 (file:/usr/share/maven/lib/guice.jar) to method java.lang.ClassLoader.defineClass(java.lang.String,byte[],int,int,java.security.ProtectionDomain)
WARNING: Please consider reporting this to the maintainers of com.google.inject.internal.cglib.core.$ReflectUtils$1
WARNING: Use --illegal-access=warn to enable warnings of further illegal reflective access operations
WARNING: All illegal access operations will be denied in a future release
Previous HEAD position was e5d67a81 bugs added
HEAD is now at 2845a028 patch applied
WARNING: An illegal reflective access operation has occurred
WARNING: Illegal reflective access by com.google.inject.internal.cglib.core.$ReflectUtils$1 (file:/usr/share/maven/lib/guice.jar) to method java.lang.ClassLoader.defineClass(java.lang.String,byte[],int,int,java.security.ProtectionDomain)
WARNING: Please consider reporting this to the maintainers of com.google.inject.internal.cglib.core.$ReflectUtils$1
WARNING: Use --illegal-access=warn to enable warnings of further illegal reflective access operations
WARNING: All illegal access operations will be denied in a future release
WARNING: An illegal reflective access operation has occurred
WARNING: Illegal reflective access by com.google.inject.internal.cglib.core.$ReflectUtils$1 (file:/usr/share/maven/lib/guice.jar) to method java.lang.ClassLoader.defineClass(java.lang.String,byte[],int,int,java.security.ProtectionDomain)
WARNING: Please consider reporting this to the maintainers of com.google.inject.internal.cglib.core.$ReflectUtils$1
WARNING: Use --illegal-access=warn to enable warnings of further illegal reflective access operations
WARNING: All illegal access operations will be denied in a future release
SLF4J: Failed to load class "org.slf4j.impl.StaticLoggerBinder".
SLF4J: Defaulting to no-operation (NOP) logger implementation
SLF4J: See http://www.slf4j.org/codes.html#StaticLoggerBinder for further details.
Sep 30, 2022 2:23:59 PM se.kth.debug.Debugger launchVMAndJunit
INFO: java -cp /home/khesoem/exec-diff/d1/collector-sahab/target/collector-sahab-0.0.1-SNAPSHOT-jar-with-dependencies.jar:/home/khesoem/exec-diff/d1/drr-execdiff/Math-59/sahab-left_2845a02868eb4ab0beeee4f616693a4849a80829/classes:/home/khesoem/exec-diff/d1/drr-execdiff/Math-59/sahab-left_2845a02868eb4ab0beeee4f616693a4849a80829/test-classes:/root/.m2/repository/junit/junit/4.4/junit-4.4.jar se.kth.debug.JUnitTestRunner org.apache.commons.math.util.FastMathTest::testMinMaxFloat
Sep 30, 2022 2:23:59 PM se.kth.debug.Debugger launchVMAndJunit
INFO: Connected to port: 36851
Sep 30, 2022 2:23:59 PM se.kth.debug.Debugger addClassPrepareEvent
INFO: org.apache.commons.math.util.FastMath added!
Sep 30, 2022 2:25:27 PM se.kth.debug.EventProcessor startEventProcessor
WARNING: com.sun.jdi.VMDisconnectedException
Sep 30, 2022 2:25:27 PM se.kth.debug.Collector write
INFO: Output file was not generated as breakpoints were not encountered.
Sep 30, 2022 2:25:27 PM se.kth.debug.Collector write
INFO: Return values serialised!
Sep 30, 2022 2:25:27 PM se.kth.debug.Collector write
INFO: File output to: /home/khesoem/exec-diff/d1/output/sahab-reports/2845a02868eb4ab0beeee4f616693a4849a80829/left.json
Sep 30, 2022 2:25:27 PM se.kth.debug.Debugger launchVMAndJunit
INFO: java -cp /home/khesoem/exec-diff/d1/collector-sahab/target/collector-sahab-0.0.1-SNAPSHOT-jar-with-dependencies.jar:/home/khesoem/exec-diff/d1/drr-execdiff/Math-59/sahab-right_2845a02868eb4ab0beeee4f616693a4849a80829/classes:/home/khesoem/exec-diff/d1/drr-execdiff/Math-59/sahab-right_2845a02868eb4ab0beeee4f616693a4849a80829/test-classes:/root/.m2/repository/junit/junit/4.4/junit-4.4.jar se.kth.debug.JUnitTestRunner org.apache.commons.math.util.FastMathTest::testMinMaxFloat
Sep 30, 2022 2:25:27 PM se.kth.debug.Debugger launchVMAndJunit
INFO: Connected to port: 38375
Sep 30, 2022 2:25:27 PM se.kth.debug.Debugger addClassPrepareEvent
INFO: org.apache.commons.math.util.FastMath added!
Sep 30, 2022 2:26:55 PM se.kth.debug.EventProcessor startEventProcessor
WARNING: com.sun.jdi.VMDisconnectedException
Sep 30, 2022 2:26:55 PM se.kth.debug.Collector write
INFO: Output file was not generated as breakpoints were not encountered.
Sep 30, 2022 2:26:55 PM se.kth.debug.Collector write
INFO: Return values serialised!
Sep 30, 2022 2:26:55 PM se.kth.debug.Collector write
INFO: File output to: /home/khesoem/exec-diff/d1/output/sahab-reports/2845a02868eb4ab0beeee4f616693a4849a80829/right.json
