HEAD is now at e5d67a81 bugs added
WARNING: An illegal reflective access operation has occurred
WARNING: Illegal reflective access by com.google.inject.internal.cglib.core.$ReflectUtils$1 (file:/usr/share/maven/lib/guice.jar) to method java.lang.ClassLoader.defineClass(java.lang.String,byte[],int,int,java.security.ProtectionDomain)
WARNING: Please consider reporting this to the maintainers of com.google.inject.internal.cglib.core.$ReflectUtils$1
WARNING: Use --illegal-access=warn to enable warnings of further illegal reflective access operations
WARNING: All illegal access operations will be denied in a future release
WARNING: An illegal reflective access operation has occurred
WARNING: Illegal reflective access by com.google.inject.internal.cglib.core.$ReflectUtils$1 (file:/usr/share/maven/lib/guice.jar) to method java.lang.ClassLoader.defineClass(java.lang.String,byte[],int,int,java.security.ProtectionDomain)
WARNING: Please consider reporting this to the maintainers of com.google.inject.internal.cglib.core.$ReflectUtils$1
WARNING: Use --illegal-access=warn to enable warnings of further illegal reflective access operations
WARNING: All illegal access operations will be denied in a future release
Previous HEAD position was e5d67a81 bugs added
HEAD is now at b601a7fa patch applied
WARNING: An illegal reflective access operation has occurred
WARNING: Illegal reflective access by com.google.inject.internal.cglib.core.$ReflectUtils$1 (file:/usr/share/maven/lib/guice.jar) to method java.lang.ClassLoader.defineClass(java.lang.String,byte[],int,int,java.security.ProtectionDomain)
WARNING: Please consider reporting this to the maintainers of com.google.inject.internal.cglib.core.$ReflectUtils$1
WARNING: Use --illegal-access=warn to enable warnings of further illegal reflective access operations
WARNING: All illegal access operations will be denied in a future release
WARNING: An illegal reflective access operation has occurred
WARNING: Illegal reflective access by com.google.inject.internal.cglib.core.$ReflectUtils$1 (file:/usr/share/maven/lib/guice.jar) to method java.lang.ClassLoader.defineClass(java.lang.String,byte[],int,int,java.security.ProtectionDomain)
WARNING: Please consider reporting this to the maintainers of com.google.inject.internal.cglib.core.$ReflectUtils$1
WARNING: Use --illegal-access=warn to enable warnings of further illegal reflective access operations
WARNING: All illegal access operations will be denied in a future release
SLF4J: Failed to load class "org.slf4j.impl.StaticLoggerBinder".
SLF4J: Defaulting to no-operation (NOP) logger implementation
SLF4J: See http://www.slf4j.org/codes.html#StaticLoggerBinder for further details.
Oct 02, 2022 3:07:39 AM se.kth.debug.Debugger launchVMAndJunit
INFO: java -cp /home/khesoem/exec-diff/d1/collector-sahab/target/collector-sahab-0.0.1-SNAPSHOT-jar-with-dependencies.jar:/home/khesoem/exec-diff/d1/drr-execdiff/Math-30/sahab-left_b601a7fa9e7ede49b8acddfe73a73ca41ca4451c/classes:/home/khesoem/exec-diff/d1/drr-execdiff/Math-30/sahab-left_b601a7fa9e7ede49b8acddfe73a73ca41ca4451c/test-classes:/root/.m2/repository/junit/junit/4.10/junit-4.10.jar:/root/.m2/repository/org/hamcrest/hamcrest-core/1.1/hamcrest-core-1.1.jar se.kth.debug.JUnitTestRunner org.apache.commons.math3.stat.inference.MannWhitneyUTestTest::testBigDataSet
Oct 02, 2022 3:07:39 AM se.kth.debug.Debugger launchVMAndJunit
INFO: Connected to port: 59545
Oct 02, 2022 3:07:39 AM se.kth.debug.Debugger addClassPrepareEvent
INFO: org.apache.commons.math3.distribution.NormalDistribution added!
Oct 02, 2022 3:07:40 AM se.kth.debug.EventProcessor startEventProcessor
WARNING: com.sun.jdi.VMDisconnectedException
Oct 02, 2022 3:07:40 AM se.kth.debug.Collector write
INFO: Breakpoints serialised!
Oct 02, 2022 3:07:40 AM se.kth.debug.Collector write
INFO: Return values serialised!
Oct 02, 2022 3:07:40 AM se.kth.debug.Collector write
INFO: File output to: /home/khesoem/exec-diff/d1/output/sahab-reports/b601a7fa9e7ede49b8acddfe73a73ca41ca4451c/left.json
Oct 02, 2022 3:07:40 AM se.kth.debug.Debugger launchVMAndJunit
INFO: java -cp /home/khesoem/exec-diff/d1/collector-sahab/target/collector-sahab-0.0.1-SNAPSHOT-jar-with-dependencies.jar:/home/khesoem/exec-diff/d1/drr-execdiff/Math-30/sahab-right_b601a7fa9e7ede49b8acddfe73a73ca41ca4451c/classes:/home/khesoem/exec-diff/d1/drr-execdiff/Math-30/sahab-right_b601a7fa9e7ede49b8acddfe73a73ca41ca4451c/test-classes:/root/.m2/repository/junit/junit/4.10/junit-4.10.jar:/root/.m2/repository/org/hamcrest/hamcrest-core/1.1/hamcrest-core-1.1.jar se.kth.debug.JUnitTestRunner org.apache.commons.math3.stat.inference.MannWhitneyUTestTest::testBigDataSet
Oct 02, 2022 3:07:41 AM se.kth.debug.Debugger launchVMAndJunit
INFO: Connected to port: 44025
Oct 02, 2022 3:07:41 AM se.kth.debug.Debugger addClassPrepareEvent
INFO: org.apache.commons.math3.distribution.NormalDistribution added!
Oct 02, 2022 3:07:41 AM se.kth.debug.EventProcessor startEventProcessor
WARNING: com.sun.jdi.VMDisconnectedException
Oct 02, 2022 3:07:41 AM se.kth.debug.Collector write
INFO: Breakpoints serialised!
Oct 02, 2022 3:07:41 AM se.kth.debug.Collector write
INFO: Return values serialised!
Oct 02, 2022 3:07:41 AM se.kth.debug.Collector write
INFO: File output to: /home/khesoem/exec-diff/d1/output/sahab-reports/b601a7fa9e7ede49b8acddfe73a73ca41ca4451c/right.json
