HEAD is now at e5d67a81 bugs added
WARNING: An illegal reflective access operation has occurred
WARNING: Illegal reflective access by com.google.inject.internal.cglib.core.$ReflectUtils$1 (file:/usr/share/maven/lib/guice.jar) to method java.lang.ClassLoader.defineClass(java.lang.String,byte[],int,int,java.security.ProtectionDomain)
WARNING: Please consider reporting this to the maintainers of com.google.inject.internal.cglib.core.$ReflectUtils$1
WARNING: Use --illegal-access=warn to enable warnings of further illegal reflective access operations
WARNING: All illegal access operations will be denied in a future release
WARNING: An illegal reflective access operation has occurred
WARNING: Illegal reflective access by com.google.inject.internal.cglib.core.$ReflectUtils$1 (file:/usr/share/maven/lib/guice.jar) to method java.lang.ClassLoader.defineClass(java.lang.String,byte[],int,int,java.security.ProtectionDomain)
WARNING: Please consider reporting this to the maintainers of com.google.inject.internal.cglib.core.$ReflectUtils$1
WARNING: Use --illegal-access=warn to enable warnings of further illegal reflective access operations
WARNING: All illegal access operations will be denied in a future release
Previous HEAD position was e5d67a81 bugs added
HEAD is now at 1bfbdb13 patch applied
WARNING: An illegal reflective access operation has occurred
WARNING: Illegal reflective access by com.google.inject.internal.cglib.core.$ReflectUtils$1 (file:/usr/share/maven/lib/guice.jar) to method java.lang.ClassLoader.defineClass(java.lang.String,byte[],int,int,java.security.ProtectionDomain)
WARNING: Please consider reporting this to the maintainers of com.google.inject.internal.cglib.core.$ReflectUtils$1
WARNING: Use --illegal-access=warn to enable warnings of further illegal reflective access operations
WARNING: All illegal access operations will be denied in a future release
WARNING: An illegal reflective access operation has occurred
WARNING: Illegal reflective access by com.google.inject.internal.cglib.core.$ReflectUtils$1 (file:/usr/share/maven/lib/guice.jar) to method java.lang.ClassLoader.defineClass(java.lang.String,byte[],int,int,java.security.ProtectionDomain)
WARNING: Please consider reporting this to the maintainers of com.google.inject.internal.cglib.core.$ReflectUtils$1
WARNING: Use --illegal-access=warn to enable warnings of further illegal reflective access operations
WARNING: All illegal access operations will be denied in a future release
SLF4J: Failed to load class "org.slf4j.impl.StaticLoggerBinder".
SLF4J: Defaulting to no-operation (NOP) logger implementation
SLF4J: See http://www.slf4j.org/codes.html#StaticLoggerBinder for further details.
Oct 01, 2022 10:03:55 AM se.kth.debug.Debugger launchVMAndJunit
INFO: java -cp /home/khesoem/exec-diff/d1/collector-sahab/target/collector-sahab-0.0.1-SNAPSHOT-jar-with-dependencies.jar:/home/khesoem/exec-diff/d1/drr-execdiff/Math-40/sahab-left_1bfbdb13ec2869faea9368bb27d3dc002a704e27/classes:/home/khesoem/exec-diff/d1/drr-execdiff/Math-40/sahab-left_1bfbdb13ec2869faea9368bb27d3dc002a704e27/test-classes:/root/.m2/repository/junit/junit/4.8.2/junit-4.8.2.jar se.kth.debug.JUnitTestRunner org.apache.commons.math.analysis.solvers.BracketingNthOrderBrentSolverTest::testIssue716
Oct 01, 2022 10:03:55 AM se.kth.debug.Debugger launchVMAndJunit
INFO: Connected to port: 50801
Oct 01, 2022 10:03:55 AM se.kth.debug.Debugger addClassPrepareEvent
INFO: org.apache.commons.math.analysis.solvers.BracketingNthOrderBrentSolver added!
Oct 01, 2022 10:03:56 AM se.kth.debug.Debugger setBreakpoints
WARNING: 167 is not a valid breakpoint in org.apache.commons.math.analysis.solvers.BracketingNthOrderBrentSolver
Oct 01, 2022 10:03:56 AM se.kth.debug.Debugger setBreakpoints
WARNING: 168 is not a valid breakpoint in org.apache.commons.math.analysis.solvers.BracketingNthOrderBrentSolver
Oct 01, 2022 10:03:56 AM se.kth.debug.Debugger setBreakpoints
WARNING: 208 is not a valid breakpoint in org.apache.commons.math.analysis.solvers.BracketingNthOrderBrentSolver
Oct 01, 2022 10:03:56 AM se.kth.debug.Debugger setBreakpoints
WARNING: 232 is not a valid breakpoint in org.apache.commons.math.analysis.solvers.BracketingNthOrderBrentSolver
Oct 01, 2022 10:03:56 AM se.kth.debug.Debugger setBreakpoints
WARNING: 245 is not a valid breakpoint in org.apache.commons.math.analysis.solvers.BracketingNthOrderBrentSolver
Oct 01, 2022 10:03:56 AM se.kth.debug.Debugger setBreakpoints
WARNING: 248 is not a valid breakpoint in org.apache.commons.math.analysis.solvers.BracketingNthOrderBrentSolver
Oct 01, 2022 10:04:48 AM se.kth.debug.EventProcessor startEventProcessor
WARNING: com.sun.jdi.VMDisconnectedException
Oct 01, 2022 10:04:50 AM se.kth.debug.Collector write
INFO: Breakpoints serialised!
Oct 01, 2022 10:04:50 AM se.kth.debug.Collector write
INFO: No method exits were encountered.
Oct 01, 2022 10:04:50 AM se.kth.debug.Collector write
INFO: File output to: /home/khesoem/exec-diff/d1/output/sahab-reports/1bfbdb13ec2869faea9368bb27d3dc002a704e27/left.json
Oct 01, 2022 10:04:50 AM se.kth.debug.Debugger launchVMAndJunit
INFO: java -cp /home/khesoem/exec-diff/d1/collector-sahab/target/collector-sahab-0.0.1-SNAPSHOT-jar-with-dependencies.jar:/home/khesoem/exec-diff/d1/drr-execdiff/Math-40/sahab-right_1bfbdb13ec2869faea9368bb27d3dc002a704e27/classes:/home/khesoem/exec-diff/d1/drr-execdiff/Math-40/sahab-right_1bfbdb13ec2869faea9368bb27d3dc002a704e27/test-classes:/root/.m2/repository/junit/junit/4.8.2/junit-4.8.2.jar se.kth.debug.JUnitTestRunner org.apache.commons.math.analysis.solvers.BracketingNthOrderBrentSolverTest::testIssue716
Oct 01, 2022 10:04:51 AM se.kth.debug.Debugger launchVMAndJunit
INFO: Connected to port: 56409
Oct 01, 2022 10:04:51 AM se.kth.debug.Debugger addClassPrepareEvent
INFO: org.apache.commons.math.analysis.solvers.BracketingNthOrderBrentSolver added!
Oct 01, 2022 10:04:51 AM se.kth.debug.Debugger setBreakpoints
WARNING: 167 is not a valid breakpoint in org.apache.commons.math.analysis.solvers.BracketingNthOrderBrentSolver
Oct 01, 2022 10:04:51 AM se.kth.debug.Debugger setBreakpoints
WARNING: 168 is not a valid breakpoint in org.apache.commons.math.analysis.solvers.BracketingNthOrderBrentSolver
Oct 01, 2022 10:04:51 AM se.kth.debug.Debugger setBreakpoints
WARNING: 208 is not a valid breakpoint in org.apache.commons.math.analysis.solvers.BracketingNthOrderBrentSolver
Oct 01, 2022 10:04:51 AM se.kth.debug.Debugger setBreakpoints
WARNING: 232 is not a valid breakpoint in org.apache.commons.math.analysis.solvers.BracketingNthOrderBrentSolver
Oct 01, 2022 10:04:51 AM se.kth.debug.Debugger setBreakpoints
WARNING: 245 is not a valid breakpoint in org.apache.commons.math.analysis.solvers.BracketingNthOrderBrentSolver
Oct 01, 2022 10:04:51 AM se.kth.debug.Debugger setBreakpoints
WARNING: 248 is not a valid breakpoint in org.apache.commons.math.analysis.solvers.BracketingNthOrderBrentSolver
Oct 01, 2022 10:04:55 AM se.kth.debug.EventProcessor startEventProcessor
WARNING: com.sun.jdi.VMDisconnectedException
Oct 01, 2022 10:04:55 AM se.kth.debug.Collector write
INFO: Breakpoints serialised!
Oct 01, 2022 10:04:55 AM se.kth.debug.Collector write
INFO: Return values serialised!
Oct 01, 2022 10:04:55 AM se.kth.debug.Collector write
INFO: File output to: /home/khesoem/exec-diff/d1/output/sahab-reports/1bfbdb13ec2869faea9368bb27d3dc002a704e27/right.json
