HEAD is now at e5d67a81 bugs added
WARNING: An illegal reflective access operation has occurred
WARNING: Illegal reflective access by com.google.inject.internal.cglib.core.$ReflectUtils$1 (file:/usr/share/maven/lib/guice.jar) to method java.lang.ClassLoader.defineClass(java.lang.String,byte[],int,int,java.security.ProtectionDomain)
WARNING: Please consider reporting this to the maintainers of com.google.inject.internal.cglib.core.$ReflectUtils$1
WARNING: Use --illegal-access=warn to enable warnings of further illegal reflective access operations
WARNING: All illegal access operations will be denied in a future release
WARNING: An illegal reflective access operation has occurred
WARNING: Illegal reflective access by com.google.inject.internal.cglib.core.$ReflectUtils$1 (file:/usr/share/maven/lib/guice.jar) to method java.lang.ClassLoader.defineClass(java.lang.String,byte[],int,int,java.security.ProtectionDomain)
WARNING: Please consider reporting this to the maintainers of com.google.inject.internal.cglib.core.$ReflectUtils$1
WARNING: Use --illegal-access=warn to enable warnings of further illegal reflective access operations
WARNING: All illegal access operations will be denied in a future release
Previous HEAD position was e5d67a81 bugs added
HEAD is now at 43db2f70 patch applied
WARNING: An illegal reflective access operation has occurred
WARNING: Illegal reflective access by com.google.inject.internal.cglib.core.$ReflectUtils$1 (file:/usr/share/maven/lib/guice.jar) to method java.lang.ClassLoader.defineClass(java.lang.String,byte[],int,int,java.security.ProtectionDomain)
WARNING: Please consider reporting this to the maintainers of com.google.inject.internal.cglib.core.$ReflectUtils$1
WARNING: Use --illegal-access=warn to enable warnings of further illegal reflective access operations
WARNING: All illegal access operations will be denied in a future release
WARNING: An illegal reflective access operation has occurred
WARNING: Illegal reflective access by com.google.inject.internal.cglib.core.$ReflectUtils$1 (file:/usr/share/maven/lib/guice.jar) to method java.lang.ClassLoader.defineClass(java.lang.String,byte[],int,int,java.security.ProtectionDomain)
WARNING: Please consider reporting this to the maintainers of com.google.inject.internal.cglib.core.$ReflectUtils$1
WARNING: Use --illegal-access=warn to enable warnings of further illegal reflective access operations
WARNING: All illegal access operations will be denied in a future release
SLF4J: Failed to load class "org.slf4j.impl.StaticLoggerBinder".
SLF4J: Defaulting to no-operation (NOP) logger implementation
SLF4J: See http://www.slf4j.org/codes.html#StaticLoggerBinder for further details.
Oct 02, 2022 7:34:07 PM se.kth.debug.Debugger launchVMAndJunit
INFO: java -cp /home/khesoem/exec-diff/d1/collector-sahab/target/collector-sahab-0.0.1-SNAPSHOT-jar-with-dependencies.jar:/home/khesoem/exec-diff/d1/drr-execdiff/Math-2/sahab-left_43db2f705b3ba5f6e32eb2f2017d4c93f3ebf48f/classes:/home/khesoem/exec-diff/d1/drr-execdiff/Math-2/sahab-left_43db2f705b3ba5f6e32eb2f2017d4c93f3ebf48f/test-classes:/root/.m2/repository/junit/junit/4.10/junit-4.10.jar:/root/.m2/repository/org/hamcrest/hamcrest-core/1.1/hamcrest-core-1.1.jar se.kth.debug.JUnitTestRunner org.apache.commons.math3.distribution.HypergeometricDistributionTest::testMath1021
Oct 02, 2022 7:34:07 PM se.kth.debug.Debugger launchVMAndJunit
INFO: Connected to port: 40271
Oct 02, 2022 7:34:07 PM se.kth.debug.Debugger addClassPrepareEvent
INFO: org.apache.commons.math3.distribution.AbstractIntegerDistribution added!
Oct 02, 2022 7:34:08 PM se.kth.debug.EventProcessor startEventProcessor
WARNING: com.sun.jdi.VMDisconnectedException
Oct 02, 2022 7:34:08 PM se.kth.debug.Collector write
INFO: Breakpoints serialised!
Oct 02, 2022 7:34:08 PM se.kth.debug.Collector write
INFO: Return values serialised!
Oct 02, 2022 7:34:08 PM se.kth.debug.Collector write
INFO: File output to: /home/khesoem/exec-diff/d1/output/sahab-reports/43db2f705b3ba5f6e32eb2f2017d4c93f3ebf48f/left.json
Oct 02, 2022 7:34:09 PM se.kth.debug.Debugger launchVMAndJunit
INFO: java -cp /home/khesoem/exec-diff/d1/collector-sahab/target/collector-sahab-0.0.1-SNAPSHOT-jar-with-dependencies.jar:/home/khesoem/exec-diff/d1/drr-execdiff/Math-2/sahab-right_43db2f705b3ba5f6e32eb2f2017d4c93f3ebf48f/classes:/home/khesoem/exec-diff/d1/drr-execdiff/Math-2/sahab-right_43db2f705b3ba5f6e32eb2f2017d4c93f3ebf48f/test-classes:/root/.m2/repository/junit/junit/4.10/junit-4.10.jar:/root/.m2/repository/org/hamcrest/hamcrest-core/1.1/hamcrest-core-1.1.jar se.kth.debug.JUnitTestRunner org.apache.commons.math3.distribution.HypergeometricDistributionTest::testMath1021
Oct 02, 2022 7:34:09 PM se.kth.debug.Debugger launchVMAndJunit
INFO: Connected to port: 57703
Oct 02, 2022 7:34:09 PM se.kth.debug.Debugger addClassPrepareEvent
INFO: org.apache.commons.math3.distribution.AbstractIntegerDistribution added!
Oct 02, 2022 7:34:49 PM se.kth.debug.EventProcessor startEventProcessor
WARNING: com.sun.jdi.VMDisconnectedException
Oct 02, 2022 7:34:50 PM se.kth.debug.Collector write
INFO: Breakpoints serialised!
Oct 02, 2022 7:34:50 PM se.kth.debug.Collector write
INFO: Return values serialised!
Oct 02, 2022 7:34:50 PM se.kth.debug.Collector write
INFO: File output to: /home/khesoem/exec-diff/d1/output/sahab-reports/43db2f705b3ba5f6e32eb2f2017d4c93f3ebf48f/right.json
