HEAD is now at e5d67a81 bugs added
WARNING: An illegal reflective access operation has occurred
WARNING: Illegal reflective access by com.google.inject.internal.cglib.core.$ReflectUtils$1 (file:/usr/share/maven/lib/guice.jar) to method java.lang.ClassLoader.defineClass(java.lang.String,byte[],int,int,java.security.ProtectionDomain)
WARNING: Please consider reporting this to the maintainers of com.google.inject.internal.cglib.core.$ReflectUtils$1
WARNING: Use --illegal-access=warn to enable warnings of further illegal reflective access operations
WARNING: All illegal access operations will be denied in a future release
WARNING: An illegal reflective access operation has occurred
WARNING: Illegal reflective access by com.google.inject.internal.cglib.core.$ReflectUtils$1 (file:/usr/share/maven/lib/guice.jar) to method java.lang.ClassLoader.defineClass(java.lang.String,byte[],int,int,java.security.ProtectionDomain)
WARNING: Please consider reporting this to the maintainers of com.google.inject.internal.cglib.core.$ReflectUtils$1
WARNING: Use --illegal-access=warn to enable warnings of further illegal reflective access operations
WARNING: All illegal access operations will be denied in a future release
Previous HEAD position was e5d67a81 bugs added
HEAD is now at 83bf8669 patch applied
WARNING: An illegal reflective access operation has occurred
WARNING: Illegal reflective access by com.google.inject.internal.cglib.core.$ReflectUtils$1 (file:/usr/share/maven/lib/guice.jar) to method java.lang.ClassLoader.defineClass(java.lang.String,byte[],int,int,java.security.ProtectionDomain)
WARNING: Please consider reporting this to the maintainers of com.google.inject.internal.cglib.core.$ReflectUtils$1
WARNING: Use --illegal-access=warn to enable warnings of further illegal reflective access operations
WARNING: All illegal access operations will be denied in a future release
WARNING: An illegal reflective access operation has occurred
WARNING: Illegal reflective access by com.google.inject.internal.cglib.core.$ReflectUtils$1 (file:/usr/share/maven/lib/guice.jar) to method java.lang.ClassLoader.defineClass(java.lang.String,byte[],int,int,java.security.ProtectionDomain)
WARNING: Please consider reporting this to the maintainers of com.google.inject.internal.cglib.core.$ReflectUtils$1
WARNING: Use --illegal-access=warn to enable warnings of further illegal reflective access operations
WARNING: All illegal access operations will be denied in a future release
SLF4J: Failed to load class "org.slf4j.impl.StaticLoggerBinder".
SLF4J: Defaulting to no-operation (NOP) logger implementation
SLF4J: See http://www.slf4j.org/codes.html#StaticLoggerBinder for further details.
Oct 01, 2022 5:44:19 PM se.kth.debug.Debugger launchVMAndJunit
INFO: java -cp /home/khesoem/exec-diff/d1/collector-sahab/target/collector-sahab-0.0.1-SNAPSHOT-jar-with-dependencies.jar:/home/khesoem/exec-diff/d1/drr-execdiff/Math-74/sahab-left_83bf8669231966c167992a250e54687f57ff028a/classes:/home/khesoem/exec-diff/d1/drr-execdiff/Math-74/sahab-left_83bf8669231966c167992a250e54687f57ff028a/test-classes:/root/.m2/repository/junit/junit/4.4/junit-4.4.jar se.kth.debug.JUnitTestRunner org.apache.commons.math.ode.nonstiff.AdamsMoultonIntegratorTest::polynomial
Oct 01, 2022 5:44:19 PM se.kth.debug.Debugger launchVMAndJunit
INFO: Connected to port: 41211
Oct 01, 2022 5:44:19 PM se.kth.debug.Debugger addClassPrepareEvent
INFO: org.apache.commons.math.ode.nonstiff.AdamsMoultonIntegrator added!
Oct 01, 2022 6:14:52 PM se.kth.debug.EventProcessor startEventProcessor
WARNING: com.sun.jdi.VMDisconnectedException
Oct 01, 2022 6:15:50 PM se.kth.debug.Collector write
INFO: Breakpoints serialised!
Oct 01, 2022 6:15:50 PM se.kth.debug.Collector write
INFO: Return values serialised!
Oct 01, 2022 6:15:50 PM se.kth.debug.Collector write
INFO: File output to: /home/khesoem/exec-diff/d1/output/sahab-reports/83bf8669231966c167992a250e54687f57ff028a/left.json
Oct 01, 2022 6:15:51 PM se.kth.debug.Debugger launchVMAndJunit
INFO: java -cp /home/khesoem/exec-diff/d1/collector-sahab/target/collector-sahab-0.0.1-SNAPSHOT-jar-with-dependencies.jar:/home/khesoem/exec-diff/d1/drr-execdiff/Math-74/sahab-right_83bf8669231966c167992a250e54687f57ff028a/classes:/home/khesoem/exec-diff/d1/drr-execdiff/Math-74/sahab-right_83bf8669231966c167992a250e54687f57ff028a/test-classes:/root/.m2/repository/junit/junit/4.4/junit-4.4.jar se.kth.debug.JUnitTestRunner org.apache.commons.math.ode.nonstiff.AdamsMoultonIntegratorTest::polynomial
Oct 01, 2022 6:15:51 PM se.kth.debug.Debugger launchVMAndJunit
INFO: Connected to port: 42469
Oct 01, 2022 6:15:51 PM se.kth.debug.Debugger addClassPrepareEvent
INFO: org.apache.commons.math.ode.nonstiff.AdamsMoultonIntegrator added!
Oct 01, 2022 6:45:14 PM se.kth.debug.EventProcessor startEventProcessor
WARNING: com.sun.jdi.VMDisconnectedException
Oct 01, 2022 6:46:10 PM se.kth.debug.Collector write
INFO: Breakpoints serialised!
Oct 01, 2022 6:46:10 PM se.kth.debug.Collector write
INFO: Return values serialised!
Oct 01, 2022 6:46:10 PM se.kth.debug.Collector write
INFO: File output to: /home/khesoem/exec-diff/d1/output/sahab-reports/83bf8669231966c167992a250e54687f57ff028a/right.json
