HEAD is now at e5d67a81 bugs added
WARNING: An illegal reflective access operation has occurred
WARNING: Illegal reflective access by com.google.inject.internal.cglib.core.$ReflectUtils$1 (file:/usr/share/maven/lib/guice.jar) to method java.lang.ClassLoader.defineClass(java.lang.String,byte[],int,int,java.security.ProtectionDomain)
WARNING: Please consider reporting this to the maintainers of com.google.inject.internal.cglib.core.$ReflectUtils$1
WARNING: Use --illegal-access=warn to enable warnings of further illegal reflective access operations
WARNING: All illegal access operations will be denied in a future release
WARNING: An illegal reflective access operation has occurred
WARNING: Illegal reflective access by com.google.inject.internal.cglib.core.$ReflectUtils$1 (file:/usr/share/maven/lib/guice.jar) to method java.lang.ClassLoader.defineClass(java.lang.String,byte[],int,int,java.security.ProtectionDomain)
WARNING: Please consider reporting this to the maintainers of com.google.inject.internal.cglib.core.$ReflectUtils$1
WARNING: Use --illegal-access=warn to enable warnings of further illegal reflective access operations
WARNING: All illegal access operations will be denied in a future release
Previous HEAD position was e5d67a81 bugs added
HEAD is now at 405a303f patch applied
WARNING: An illegal reflective access operation has occurred
WARNING: Illegal reflective access by com.google.inject.internal.cglib.core.$ReflectUtils$1 (file:/usr/share/maven/lib/guice.jar) to method java.lang.ClassLoader.defineClass(java.lang.String,byte[],int,int,java.security.ProtectionDomain)
WARNING: Please consider reporting this to the maintainers of com.google.inject.internal.cglib.core.$ReflectUtils$1
WARNING: Use --illegal-access=warn to enable warnings of further illegal reflective access operations
WARNING: All illegal access operations will be denied in a future release
WARNING: An illegal reflective access operation has occurred
WARNING: Illegal reflective access by com.google.inject.internal.cglib.core.$ReflectUtils$1 (file:/usr/share/maven/lib/guice.jar) to method java.lang.ClassLoader.defineClass(java.lang.String,byte[],int,int,java.security.ProtectionDomain)
WARNING: Please consider reporting this to the maintainers of com.google.inject.internal.cglib.core.$ReflectUtils$1
WARNING: Use --illegal-access=warn to enable warnings of further illegal reflective access operations
WARNING: All illegal access operations will be denied in a future release
SLF4J: Failed to load class "org.slf4j.impl.StaticLoggerBinder".
SLF4J: Defaulting to no-operation (NOP) logger implementation
SLF4J: See http://www.slf4j.org/codes.html#StaticLoggerBinder for further details.
Oct 01, 2022 2:16:02 AM se.kth.debug.Debugger launchVMAndJunit
INFO: java -cp /home/khesoem/exec-diff/d1/collector-sahab/target/collector-sahab-0.0.1-SNAPSHOT-jar-with-dependencies.jar:/home/khesoem/exec-diff/d1/drr-execdiff/Time-11/sahab-left_405a303f7e468b8f5f8fa90438628d253c9dd600/classes:/home/khesoem/exec-diff/d1/drr-execdiff/Time-11/sahab-left_405a303f7e468b8f5f8fa90438628d253c9dd600/test-classes:/root/.m2/repository/org/joda/joda-convert/1.2/joda-convert-1.2.jar:/root/.m2/repository/junit/junit/3.8.2/junit-3.8.2.jar se.kth.debug.JUnitTestRunner org.joda.time.tz.TestCompiler::testDateTimeZoneBuilder
Oct 01, 2022 2:16:03 AM se.kth.debug.Debugger launchVMAndJunit
INFO: Connected to port: 46667
Oct 01, 2022 2:16:03 AM se.kth.debug.Debugger addClassPrepareEvent
INFO: org.joda.time.tz.DateTimeZoneBuilder$PrecalculatedZone added!
Oct 01, 2022 2:17:05 AM se.kth.debug.EventProcessor startEventProcessor
WARNING: com.sun.jdi.VMDisconnectedException
Oct 01, 2022 2:17:08 AM se.kth.debug.Collector write
INFO: Breakpoints serialised!
Oct 01, 2022 2:17:08 AM se.kth.debug.Collector write
INFO: Return values serialised!
Oct 01, 2022 2:17:08 AM se.kth.debug.Collector write
INFO: File output to: /home/khesoem/exec-diff/d1/output/sahab-reports/405a303f7e468b8f5f8fa90438628d253c9dd600/left.json
Oct 01, 2022 2:17:08 AM se.kth.debug.Debugger launchVMAndJunit
INFO: java -cp /home/khesoem/exec-diff/d1/collector-sahab/target/collector-sahab-0.0.1-SNAPSHOT-jar-with-dependencies.jar:/home/khesoem/exec-diff/d1/drr-execdiff/Time-11/sahab-right_405a303f7e468b8f5f8fa90438628d253c9dd600/classes:/home/khesoem/exec-diff/d1/drr-execdiff/Time-11/sahab-right_405a303f7e468b8f5f8fa90438628d253c9dd600/test-classes:/root/.m2/repository/org/joda/joda-convert/1.2/joda-convert-1.2.jar:/root/.m2/repository/junit/junit/3.8.2/junit-3.8.2.jar se.kth.debug.JUnitTestRunner org.joda.time.tz.TestCompiler::testDateTimeZoneBuilder
Oct 01, 2022 2:17:08 AM se.kth.debug.Debugger launchVMAndJunit
INFO: Connected to port: 59569
Oct 01, 2022 2:17:08 AM se.kth.debug.Debugger addClassPrepareEvent
INFO: org.joda.time.tz.DateTimeZoneBuilder$PrecalculatedZone added!
Oct 01, 2022 2:18:10 AM se.kth.debug.EventProcessor startEventProcessor
WARNING: com.sun.jdi.VMDisconnectedException
Oct 01, 2022 2:18:13 AM se.kth.debug.Collector write
INFO: Breakpoints serialised!
Oct 01, 2022 2:18:13 AM se.kth.debug.Collector write
INFO: Return values serialised!
Oct 01, 2022 2:18:13 AM se.kth.debug.Collector write
INFO: File output to: /home/khesoem/exec-diff/d1/output/sahab-reports/405a303f7e468b8f5f8fa90438628d253c9dd600/right.json
