HEAD is now at e5d67a81 bugs added
WARNING: An illegal reflective access operation has occurred
WARNING: Illegal reflective access by com.google.inject.internal.cglib.core.$ReflectUtils$1 (file:/usr/share/maven/lib/guice.jar) to method java.lang.ClassLoader.defineClass(java.lang.String,byte[],int,int,java.security.ProtectionDomain)
WARNING: Please consider reporting this to the maintainers of com.google.inject.internal.cglib.core.$ReflectUtils$1
WARNING: Use --illegal-access=warn to enable warnings of further illegal reflective access operations
WARNING: All illegal access operations will be denied in a future release
WARNING: An illegal reflective access operation has occurred
WARNING: Illegal reflective access by com.google.inject.internal.cglib.core.$ReflectUtils$1 (file:/usr/share/maven/lib/guice.jar) to method java.lang.ClassLoader.defineClass(java.lang.String,byte[],int,int,java.security.ProtectionDomain)
WARNING: Please consider reporting this to the maintainers of com.google.inject.internal.cglib.core.$ReflectUtils$1
WARNING: Use --illegal-access=warn to enable warnings of further illegal reflective access operations
WARNING: All illegal access operations will be denied in a future release
Previous HEAD position was e5d67a81 bugs added
HEAD is now at 4994a3c3 patch applied
WARNING: An illegal reflective access operation has occurred
WARNING: Illegal reflective access by com.google.inject.internal.cglib.core.$ReflectUtils$1 (file:/usr/share/maven/lib/guice.jar) to method java.lang.ClassLoader.defineClass(java.lang.String,byte[],int,int,java.security.ProtectionDomain)
WARNING: Please consider reporting this to the maintainers of com.google.inject.internal.cglib.core.$ReflectUtils$1
WARNING: Use --illegal-access=warn to enable warnings of further illegal reflective access operations
WARNING: All illegal access operations will be denied in a future release
WARNING: An illegal reflective access operation has occurred
WARNING: Illegal reflective access by com.google.inject.internal.cglib.core.$ReflectUtils$1 (file:/usr/share/maven/lib/guice.jar) to method java.lang.ClassLoader.defineClass(java.lang.String,byte[],int,int,java.security.ProtectionDomain)
WARNING: Please consider reporting this to the maintainers of com.google.inject.internal.cglib.core.$ReflectUtils$1
WARNING: Use --illegal-access=warn to enable warnings of further illegal reflective access operations
WARNING: All illegal access operations will be denied in a future release
SLF4J: Failed to load class "org.slf4j.impl.StaticLoggerBinder".
SLF4J: Defaulting to no-operation (NOP) logger implementation
SLF4J: See http://www.slf4j.org/codes.html#StaticLoggerBinder for further details.
Oct 01, 2022 4:38:23 AM se.kth.debug.Debugger launchVMAndJunit
INFO: java -cp /home/khesoem/exec-diff/d1/collector-sahab/target/collector-sahab-0.0.1-SNAPSHOT-jar-with-dependencies.jar:/home/khesoem/exec-diff/d1/drr-execdiff/Math-28/sahab-left_4994a3c31684f5c6fdd41f1289c7d0ad306c053c/classes:/home/khesoem/exec-diff/d1/drr-execdiff/Math-28/sahab-left_4994a3c31684f5c6fdd41f1289c7d0ad306c053c/test-classes:/root/.m2/repository/junit/junit/4.10/junit-4.10.jar:/root/.m2/repository/org/hamcrest/hamcrest-core/1.1/hamcrest-core-1.1.jar se.kth.debug.JUnitTestRunner org.apache.commons.math3.optimization.linear.SimplexSolverTest::testMath828Cycle
Oct 01, 2022 4:38:23 AM se.kth.debug.Debugger launchVMAndJunit
INFO: Connected to port: 43353
Oct 01, 2022 4:38:23 AM se.kth.debug.Debugger addClassPrepareEvent
INFO: org.apache.commons.math3.optimization.linear.SimplexSolver added!
Oct 01, 2022 4:41:51 AM se.kth.debug.EventProcessor startEventProcessor
WARNING: com.sun.jdi.VMDisconnectedException
Oct 01, 2022 4:42:03 AM se.kth.debug.Collector write
INFO: Breakpoints serialised!
Oct 01, 2022 4:42:03 AM se.kth.debug.Collector write
INFO: Return values serialised!
Oct 01, 2022 4:42:03 AM se.kth.debug.Collector write
INFO: File output to: /home/khesoem/exec-diff/d1/output/sahab-reports/4994a3c31684f5c6fdd41f1289c7d0ad306c053c/left.json
Oct 01, 2022 4:42:04 AM se.kth.debug.Debugger launchVMAndJunit
INFO: java -cp /home/khesoem/exec-diff/d1/collector-sahab/target/collector-sahab-0.0.1-SNAPSHOT-jar-with-dependencies.jar:/home/khesoem/exec-diff/d1/drr-execdiff/Math-28/sahab-right_4994a3c31684f5c6fdd41f1289c7d0ad306c053c/classes:/home/khesoem/exec-diff/d1/drr-execdiff/Math-28/sahab-right_4994a3c31684f5c6fdd41f1289c7d0ad306c053c/test-classes:/root/.m2/repository/junit/junit/4.10/junit-4.10.jar:/root/.m2/repository/org/hamcrest/hamcrest-core/1.1/hamcrest-core-1.1.jar se.kth.debug.JUnitTestRunner org.apache.commons.math3.optimization.linear.SimplexSolverTest::testMath828Cycle
Oct 01, 2022 4:42:05 AM se.kth.debug.Debugger launchVMAndJunit
INFO: Connected to port: 35685
Oct 01, 2022 4:42:05 AM se.kth.debug.Debugger addClassPrepareEvent
INFO: org.apache.commons.math3.optimization.linear.SimplexSolver added!
Oct 01, 2022 4:42:25 AM se.kth.debug.EventProcessor startEventProcessor
WARNING: com.sun.jdi.VMDisconnectedException
Oct 01, 2022 4:42:27 AM se.kth.debug.Collector write
INFO: Breakpoints serialised!
Oct 01, 2022 4:42:27 AM se.kth.debug.Collector write
INFO: Return values serialised!
Oct 01, 2022 4:42:27 AM se.kth.debug.Collector write
INFO: File output to: /home/khesoem/exec-diff/d1/output/sahab-reports/4994a3c31684f5c6fdd41f1289c7d0ad306c053c/right.json
