HEAD is now at e5d67a81 bugs added
WARNING: An illegal reflective access operation has occurred
WARNING: Illegal reflective access by com.google.inject.internal.cglib.core.$ReflectUtils$1 (file:/usr/share/maven/lib/guice.jar) to method java.lang.ClassLoader.defineClass(java.lang.String,byte[],int,int,java.security.ProtectionDomain)
WARNING: Please consider reporting this to the maintainers of com.google.inject.internal.cglib.core.$ReflectUtils$1
WARNING: Use --illegal-access=warn to enable warnings of further illegal reflective access operations
WARNING: All illegal access operations will be denied in a future release
WARNING: An illegal reflective access operation has occurred
WARNING: Illegal reflective access by com.google.inject.internal.cglib.core.$ReflectUtils$1 (file:/usr/share/maven/lib/guice.jar) to method java.lang.ClassLoader.defineClass(java.lang.String,byte[],int,int,java.security.ProtectionDomain)
WARNING: Please consider reporting this to the maintainers of com.google.inject.internal.cglib.core.$ReflectUtils$1
WARNING: Use --illegal-access=warn to enable warnings of further illegal reflective access operations
WARNING: All illegal access operations will be denied in a future release
Previous HEAD position was e5d67a81 bugs added
HEAD is now at 7d082014 patch applied
WARNING: An illegal reflective access operation has occurred
WARNING: Illegal reflective access by com.google.inject.internal.cglib.core.$ReflectUtils$1 (file:/usr/share/maven/lib/guice.jar) to method java.lang.ClassLoader.defineClass(java.lang.String,byte[],int,int,java.security.ProtectionDomain)
WARNING: Please consider reporting this to the maintainers of com.google.inject.internal.cglib.core.$ReflectUtils$1
WARNING: Use --illegal-access=warn to enable warnings of further illegal reflective access operations
WARNING: All illegal access operations will be denied in a future release
WARNING: An illegal reflective access operation has occurred
WARNING: Illegal reflective access by com.google.inject.internal.cglib.core.$ReflectUtils$1 (file:/usr/share/maven/lib/guice.jar) to method java.lang.ClassLoader.defineClass(java.lang.String,byte[],int,int,java.security.ProtectionDomain)
WARNING: Please consider reporting this to the maintainers of com.google.inject.internal.cglib.core.$ReflectUtils$1
WARNING: Use --illegal-access=warn to enable warnings of further illegal reflective access operations
WARNING: All illegal access operations will be denied in a future release
SLF4J: Failed to load class "org.slf4j.impl.StaticLoggerBinder".
SLF4J: Defaulting to no-operation (NOP) logger implementation
SLF4J: See http://www.slf4j.org/codes.html#StaticLoggerBinder for further details.
Sep 30, 2022 11:32:56 PM se.kth.debug.Debugger launchVMAndJunit
INFO: java -cp /home/khesoem/exec-diff/d1/collector-sahab/target/collector-sahab-0.0.1-SNAPSHOT-jar-with-dependencies.jar:/home/khesoem/exec-diff/d1/drr-execdiff/Math-81/sahab-left_7d082014e2866686d377ffbd4f9bb78fe591c217/classes:/home/khesoem/exec-diff/d1/drr-execdiff/Math-81/sahab-left_7d082014e2866686d377ffbd4f9bb78fe591c217/test-classes:/root/.m2/repository/junit/junit/4.4/junit-4.4.jar se.kth.debug.JUnitTestRunner org.apache.commons.math.linear.EigenDecompositionImplTest::testMath308
Sep 30, 2022 11:32:56 PM se.kth.debug.Debugger launchVMAndJunit
INFO: Connected to port: 52385
Sep 30, 2022 11:32:56 PM se.kth.debug.Debugger addClassPrepareEvent
INFO: org.apache.commons.math.linear.EigenDecompositionImpl added!
Sep 30, 2022 11:32:57 PM se.kth.debug.Debugger setBreakpoints
WARNING: 1476 is not a valid breakpoint in org.apache.commons.math.linear.EigenDecompositionImpl
Sep 30, 2022 11:32:57 PM se.kth.debug.Debugger setBreakpoints
WARNING: 1477 is not a valid breakpoint in org.apache.commons.math.linear.EigenDecompositionImpl
Sep 30, 2022 11:33:02 PM se.kth.debug.EventProcessor startEventProcessor
WARNING: com.sun.jdi.VMDisconnectedException
Sep 30, 2022 11:33:02 PM se.kth.debug.Collector write
INFO: Breakpoints serialised!
Sep 30, 2022 11:33:02 PM se.kth.debug.Collector write
INFO: Return values serialised!
Sep 30, 2022 11:33:02 PM se.kth.debug.Collector write
INFO: File output to: /home/khesoem/exec-diff/d1/output/sahab-reports/7d082014e2866686d377ffbd4f9bb78fe591c217/left.json
Sep 30, 2022 11:33:03 PM se.kth.debug.Debugger launchVMAndJunit
INFO: java -cp /home/khesoem/exec-diff/d1/collector-sahab/target/collector-sahab-0.0.1-SNAPSHOT-jar-with-dependencies.jar:/home/khesoem/exec-diff/d1/drr-execdiff/Math-81/sahab-right_7d082014e2866686d377ffbd4f9bb78fe591c217/classes:/home/khesoem/exec-diff/d1/drr-execdiff/Math-81/sahab-right_7d082014e2866686d377ffbd4f9bb78fe591c217/test-classes:/root/.m2/repository/junit/junit/4.4/junit-4.4.jar se.kth.debug.JUnitTestRunner org.apache.commons.math.linear.EigenDecompositionImplTest::testMath308
Sep 30, 2022 11:33:03 PM se.kth.debug.Debugger launchVMAndJunit
INFO: Connected to port: 55447
Sep 30, 2022 11:33:03 PM se.kth.debug.Debugger addClassPrepareEvent
INFO: org.apache.commons.math.linear.EigenDecompositionImpl added!
Sep 30, 2022 11:33:03 PM se.kth.debug.Debugger setBreakpoints
WARNING: 1540 is not a valid breakpoint in org.apache.commons.math.linear.EigenDecompositionImpl
Sep 30, 2022 11:33:03 PM se.kth.debug.Debugger setBreakpoints
WARNING: 1543 is not a valid breakpoint in org.apache.commons.math.linear.EigenDecompositionImpl
Sep 30, 2022 11:33:03 PM se.kth.debug.Debugger setBreakpoints
WARNING: 1544 is not a valid breakpoint in org.apache.commons.math.linear.EigenDecompositionImpl
Sep 30, 2022 11:33:03 PM se.kth.debug.Debugger setBreakpoints
WARNING: 1545 is not a valid breakpoint in org.apache.commons.math.linear.EigenDecompositionImpl
Sep 30, 2022 11:33:03 PM se.kth.debug.Debugger setBreakpoints
WARNING: 1546 is not a valid breakpoint in org.apache.commons.math.linear.EigenDecompositionImpl
Sep 30, 2022 11:33:03 PM se.kth.debug.Debugger setBreakpoints
WARNING: 1547 is not a valid breakpoint in org.apache.commons.math.linear.EigenDecompositionImpl
Sep 30, 2022 11:33:03 PM se.kth.debug.Debugger setBreakpoints
WARNING: 1548 is not a valid breakpoint in org.apache.commons.math.linear.EigenDecompositionImpl
Sep 30, 2022 11:33:03 PM se.kth.debug.Debugger setBreakpoints
WARNING: 1550 is not a valid breakpoint in org.apache.commons.math.linear.EigenDecompositionImpl
Sep 30, 2022 11:33:03 PM se.kth.debug.Debugger setBreakpoints
WARNING: 1551 is not a valid breakpoint in org.apache.commons.math.linear.EigenDecompositionImpl
Sep 30, 2022 11:33:03 PM se.kth.debug.Debugger setBreakpoints
WARNING: 1552 is not a valid breakpoint in org.apache.commons.math.linear.EigenDecompositionImpl
Sep 30, 2022 11:33:03 PM se.kth.debug.Debugger setBreakpoints
WARNING: 1554 is not a valid breakpoint in org.apache.commons.math.linear.EigenDecompositionImpl
Sep 30, 2022 11:33:03 PM se.kth.debug.Debugger setBreakpoints
WARNING: 1555 is not a valid breakpoint in org.apache.commons.math.linear.EigenDecompositionImpl
Sep 30, 2022 11:33:03 PM se.kth.debug.Debugger setBreakpoints
WARNING: 1556 is not a valid breakpoint in org.apache.commons.math.linear.EigenDecompositionImpl
Sep 30, 2022 11:33:03 PM se.kth.debug.Debugger setBreakpoints
WARNING: 1557 is not a valid breakpoint in org.apache.commons.math.linear.EigenDecompositionImpl
Sep 30, 2022 11:33:03 PM se.kth.debug.Debugger setBreakpoints
WARNING: 1560 is not a valid breakpoint in org.apache.commons.math.linear.EigenDecompositionImpl
Sep 30, 2022 11:33:03 PM se.kth.debug.Debugger setBreakpoints
WARNING: 1563 is not a valid breakpoint in org.apache.commons.math.linear.EigenDecompositionImpl
Sep 30, 2022 11:33:03 PM se.kth.debug.Debugger setBreakpoints
WARNING: 1564 is not a valid breakpoint in org.apache.commons.math.linear.EigenDecompositionImpl
Sep 30, 2022 11:33:03 PM se.kth.debug.Debugger setBreakpoints
WARNING: 1566 is not a valid breakpoint in org.apache.commons.math.linear.EigenDecompositionImpl
Sep 30, 2022 11:33:03 PM se.kth.debug.Debugger setBreakpoints
WARNING: 1476 is not a valid breakpoint in org.apache.commons.math.linear.EigenDecompositionImpl
Sep 30, 2022 11:33:03 PM se.kth.debug.Debugger setBreakpoints
WARNING: 1477 is not a valid breakpoint in org.apache.commons.math.linear.EigenDecompositionImpl
Sep 30, 2022 11:33:10 PM se.kth.debug.EventProcessor startEventProcessor
WARNING: com.sun.jdi.VMDisconnectedException
Sep 30, 2022 11:33:10 PM se.kth.debug.Collector write
INFO: Breakpoints serialised!
Sep 30, 2022 11:33:10 PM se.kth.debug.Collector write
INFO: Return values serialised!
Sep 30, 2022 11:33:10 PM se.kth.debug.Collector write
INFO: File output to: /home/khesoem/exec-diff/d1/output/sahab-reports/7d082014e2866686d377ffbd4f9bb78fe591c217/right.json
