SLF4J: Failed to load class "org.slf4j.impl.StaticLoggerBinder".
SLF4J: Defaulting to no-operation (NOP) logger implementation
SLF4J: See http://www.slf4j.org/codes.html#StaticLoggerBinder for further details.
Starting ChromeDriver 112.0.5615.49 (bd2a7bcb881c11e8cfe3078709382934e3916914-refs/branch-heads/5615@{#936}) on port 5146
Only local connections are allowed.
Please see https://chromedriver.chromium.org/security-considerations for suggestions on keeping ChromeDriver safe.
ChromeDriver was started successfully.
May 02, 2023 9:38:31 PM org.openqa.selenium.devtools.CdpVersionFinder findNearestMatch
WARNING: Unable to find an exact match for CDP version 112, so returning the closest version found: 110
java.lang.NullPointerException
	at io.github.chains_project.tracediff.sharedutils.GHHelper.getGHDiff(GHHelper.java:557)
	at io.github.chains_project.tracediff.statediff.ui.StateDiffUIManipulator.addStateDiffToExecDiffUI(StateDiffUIManipulator.java:58)
	at io.github.chains_project.tracediff.statediff.StateDiffCommand.call(StateDiffCommand.java:68)
	at io.github.chains_project.tracediff.statediff.StateDiffCommand.call(StateDiffCommand.java:9)
	at picocli.CommandLine.executeUserObject(CommandLine.java:2041)
	at picocli.CommandLine.access$1500(CommandLine.java:148)
	at picocli.CommandLine$RunLast.executeUserObjectOfLastSubcommandWithSameParent(CommandLine.java:2461)
	at picocli.CommandLine$RunLast.handle(CommandLine.java:2453)
	at picocli.CommandLine$RunLast.handle(CommandLine.java:2415)
	at picocli.CommandLine$AbstractParseResultHandler.execute(CommandLine.java:2273)
	at picocli.CommandLine$RunLast.execute(CommandLine.java:2417)
	at picocli.CommandLine.execute(CommandLine.java:2170)
	at io.github.chains_project.tracediff.ExecDiffMain.main(ExecDiffMain.java:18)
	at io.github.chains_project.cs.Main.call(Main.java:203)
	at io.github.chains_project.cs.Main.call(Main.java:28)
	at picocli.CommandLine.executeUserObject(CommandLine.java:2041)
	at picocli.CommandLine.access$1500(CommandLine.java:148)
	at picocli.CommandLine$RunLast.executeUserObjectOfLastSubcommandWithSameParent(CommandLine.java:2461)
	at picocli.CommandLine$RunLast.handle(CommandLine.java:2453)
	at picocli.CommandLine$RunLast.handle(CommandLine.java:2415)
	at picocli.CommandLine$AbstractParseResultHandler.execute(CommandLine.java:2273)
	at picocli.CommandLine$RunLast.execute(CommandLine.java:2417)
	at picocli.CommandLine.execute(CommandLine.java:2170)
	at io.github.chains_project.cs.Main.main(Main.java:93)
SLF4J: Failed to load class "org.slf4j.impl.StaticLoggerBinder".
SLF4J: Defaulting to no-operation (NOP) logger implementation
SLF4J: See http://www.slf4j.org/codes.html#StaticLoggerBinder for further details.
Starting ChromeDriver 112.0.5615.49 (bd2a7bcb881c11e8cfe3078709382934e3916914-refs/branch-heads/5615@{#936}) on port 30189
Only local connections are allowed.
Please see https://chromedriver.chromium.org/security-considerations for suggestions on keeping ChromeDriver safe.
ChromeDriver was started successfully.
May 04, 2023 3:22:15 PM org.openqa.selenium.devtools.CdpVersionFinder findNearestMatch
WARNING: Unable to find an exact match for CDP version 112, so returning the closest version found: 110
May 04, 2023 3:24:09 PM io.github.chains_project.tracediff.statediff.ui.StateDiffUIManipulator addStateDiffToExecDiffUI
INFO: Line mappings and vars computed.
May 04, 2023 3:24:09 PM io.github.chains_project.tracediff.statediff.ui.StateDiffUIManipulator addStateDiffToExecDiffUI
INFO: For commit 51bf90d32e1131415d4d3178088aba27e33d10ab line mappings and vars computation took 116944 MILLIS
May 04, 2023 3:24:09 PM io.github.chains_project.tracediff.statediff.ui.StateDiffUIManipulator addStateDiffToExecDiffUI
INFO: ProgramStateDiff{firstOriginalUniqueStateSummary=UniqueStateSummary{differencingTest=null, firstUniqueVarValLine=null, firstUniqueVarVal=null'}, firstPatchedUniqueStateSummary=UniqueStateSummary{differencingTest=null, firstUniqueVarValLine=null, firstUniqueVarVal=null'}, originalUniqueReturn=UniqueReturnSummary{differencingTest=null, firstUniqueVarValLine=null, firstUniqueVarVal='null'}, patchedUniqueReturn=UniqueReturnSummary{differencingTest=org.apache.commons.math.util.MathUtilsTest, firstUniqueVarValLine=417, firstUniqueVarVal='{return-object}=false'}}
May 04, 2023 3:24:09 PM io.github.chains_project.tracediff.statediff.ui.StateDiffUIManipulator addStateDiffToExecDiffUI
INFO: For commit 51bf90d32e1131415d4d3178088aba27e33d10ab diff computation took 100 MILLIS
May 04, 2023 3:24:09 PM io.github.chains_project.tracediff.statediff.ui.StateDiffUIManipulator addStateDiffToExecDiffUI
INFO: For commit 51bf90d32e1131415d4d3178088aba27e33d10ab UI manipulation took 25 MILLIS
