SLF4J: Failed to load class "org.slf4j.impl.StaticLoggerBinder".
SLF4J: Defaulting to no-operation (NOP) logger implementation
SLF4J: See http://www.slf4j.org/codes.html#StaticLoggerBinder for further details.
Starting ChromeDriver 112.0.5615.49 (bd2a7bcb881c11e8cfe3078709382934e3916914-refs/branch-heads/5615@{#936}) on port 23980
Only local connections are allowed.
Please see https://chromedriver.chromium.org/security-considerations for suggestions on keeping ChromeDriver safe.
ChromeDriver was started successfully.
May 02, 2023 4:39:02 PM org.openqa.selenium.devtools.CdpVersionFinder findNearestMatch
WARNING: Unable to find an exact match for CDP version 112, so returning the closest version found: 110
May 02, 2023 4:40:42 PM io.github.chains_project.tracediff.statediff.ui.StateDiffUIManipulator addStateDiffToExecDiffUI
INFO: Line mappings and vars computed.
May 02, 2023 4:40:42 PM io.github.chains_project.tracediff.statediff.ui.StateDiffUIManipulator addStateDiffToExecDiffUI
INFO: For commit a8ad6b9853609e86cbf9534fff05377dfdf7790a line mappings and vars computation took 102041 MILLIS
May 02, 2023 4:40:45 PM io.github.chains_project.tracediff.statediff.ui.StateDiffUIManipulator addStateDiffToExecDiffUI
INFO: ProgramStateDiff{firstOriginalUniqueStateSummary=UniqueStateSummary{differencingTest=null, firstUniqueVarValLine=null, firstUniqueVarVal=null'}, firstPatchedUniqueStateSummary=UniqueStateSummary{differencingTest=null, firstUniqueVarValLine=null, firstUniqueVarVal=null'}, originalUniqueReturn=UniqueReturnSummary{differencingTest=null, firstUniqueVarValLine=null, firstUniqueVarVal='null'}, patchedUniqueReturn=UniqueReturnSummary{differencingTest=null, firstUniqueVarValLine=null, firstUniqueVarVal='null'}}
May 02, 2023 4:40:45 PM io.github.chains_project.tracediff.statediff.ui.StateDiffUIManipulator addStateDiffToExecDiffUI
INFO: For commit a8ad6b9853609e86cbf9534fff05377dfdf7790a diff computation took 3838 MILLIS
May 02, 2023 4:40:45 PM io.github.chains_project.tracediff.statediff.ui.StateDiffUIManipulator addStateDiffToExecDiffUI
INFO: For commit a8ad6b9853609e86cbf9534fff05377dfdf7790a UI manipulation took 0 MILLIS
SLF4J: Failed to load class "org.slf4j.impl.StaticLoggerBinder".
SLF4J: Defaulting to no-operation (NOP) logger implementation
SLF4J: See http://www.slf4j.org/codes.html#StaticLoggerBinder for further details.
Starting ChromeDriver 112.0.5615.49 (bd2a7bcb881c11e8cfe3078709382934e3916914-refs/branch-heads/5615@{#936}) on port 6032
Only local connections are allowed.
Please see https://chromedriver.chromium.org/security-considerations for suggestions on keeping ChromeDriver safe.
ChromeDriver was started successfully.
May 04, 2023 3:03:00 PM org.openqa.selenium.devtools.CdpVersionFinder findNearestMatch
WARNING: Unable to find an exact match for CDP version 112, so returning the closest version found: 110
May 04, 2023 3:04:39 PM io.github.chains_project.tracediff.statediff.ui.StateDiffUIManipulator addStateDiffToExecDiffUI
INFO: Line mappings and vars computed.
May 04, 2023 3:04:39 PM io.github.chains_project.tracediff.statediff.ui.StateDiffUIManipulator addStateDiffToExecDiffUI
INFO: For commit a8ad6b9853609e86cbf9534fff05377dfdf7790a line mappings and vars computation took 102346 MILLIS
May 04, 2023 3:04:45 PM io.github.chains_project.tracediff.statediff.ui.StateDiffUIManipulator addStateDiffToExecDiffUI
INFO: ProgramStateDiff{firstOriginalUniqueStateSummary=UniqueStateSummary{differencingTest=null, firstUniqueVarValLine=null, firstUniqueVarVal=null'}, firstPatchedUniqueStateSummary=UniqueStateSummary{differencingTest=null, firstUniqueVarValLine=null, firstUniqueVarVal=null'}, originalUniqueReturn=UniqueReturnSummary{differencingTest=null, firstUniqueVarValLine=null, firstUniqueVarVal='null'}, patchedUniqueReturn=UniqueReturnSummary{differencingTest=null, firstUniqueVarValLine=null, firstUniqueVarVal='null'}}
May 04, 2023 3:04:45 PM io.github.chains_project.tracediff.statediff.ui.StateDiffUIManipulator addStateDiffToExecDiffUI
INFO: For commit a8ad6b9853609e86cbf9534fff05377dfdf7790a diff computation took 6192 MILLIS
May 04, 2023 3:04:45 PM io.github.chains_project.tracediff.statediff.ui.StateDiffUIManipulator addStateDiffToExecDiffUI
INFO: For commit a8ad6b9853609e86cbf9534fff05377dfdf7790a UI manipulation took 1 MILLIS
