SLF4J: Failed to load class "org.slf4j.impl.StaticLoggerBinder".
SLF4J: Defaulting to no-operation (NOP) logger implementation
SLF4J: See http://www.slf4j.org/codes.html#StaticLoggerBinder for further details.
Starting ChromeDriver 98.0.4758.80 (7f0488e8ba0d8e019187c6325a16c29d9b7f4989-refs/branch-heads/4758@{#972}) on port 60502
Only local connections are allowed.
Please see https://chromedriver.chromium.org/security-considerations for suggestions on keeping ChromeDriver safe.
ChromeDriver was started successfully.
Oct 13, 2022 8:03:49 PM org.openqa.selenium.remote.ProtocolHandshake createSession
INFO: Detected dialect: W3C
Oct 13, 2022 8:03:49 PM org.openqa.selenium.devtools.CdpVersionFinder findNearestMatch
WARNING: Unable to find an exact match for CDP version 98, so returning the closest version found: a no-op implementation
Oct 13, 2022 8:03:49 PM org.openqa.selenium.devtools.CdpVersionFinder findNearestMatch
INFO: Unable to find CDP implementation matching 98.
Oct 13, 2022 8:03:49 PM org.openqa.selenium.chromium.ChromiumDriver lambda$new$3
WARNING: Unable to find version of CDP to use for . You may need to include a dependency on a specific version of the CDP using something similar to `org.seleniumhq.selenium:selenium-devtools-v86:4.0.0` where the version ("v86") matches the version of the chromium-based browser you're using and the version number of the artifact is the same as Selenium's.
Oct 13, 2022 8:05:06 PM se.kth.assertgroup.core.analysis.statediff.ui.StateDiffUIManipulator addStateDiffToExecDiffUI
INFO: Line mappings and vars computed.
Oct 13, 2022 8:05:06 PM se.kth.assertgroup.core.analysis.statediff.ui.StateDiffUIManipulator addStateDiffToExecDiffUI
INFO: For commit cd8582936ad691dc4d114e7ee6921263f134629c line mappings and vars computation took 81731 MILLIS
Oct 13, 2022 8:05:06 PM se.kth.assertgroup.core.analysis.statediff.ui.StateDiffUIManipulator addStateDiffToExecDiffUI
INFO: ProgramStateDiff{firstOriginalUniqueStateSummary=UniqueStateSummary{differencingTest=org.apache.commons.math3.optimization.direct.CMAESOptimizerTest::testMath864, firstUniqueStateLine=905, firstUniqueVarValLine=910, firstUniqueStateHash=1773324993, firstUniqueVarVal='i=0'}, firstPatchedUniqueStateSummary=UniqueStateSummary{differencingTest=org.apache.commons.math3.optimization.direct.CMAESOptimizerTest::testMath864, firstUniqueStateLine=905, firstUniqueVarValLine=913, firstUniqueStateHash=680046501, firstUniqueVarVal='res[0]=0.0'}, originalUniqueReturn=UniqueReturnSummary{differencingTest=org.apache.commons.math3.optimization.direct.CMAESOptimizerTest::testMath864, firstUniqueVarValLine=913, firstUniqueReturnLine=913, firstUniqueReturnHash=-741319949, firstUniqueVarVal='{return-object}[0]=0.99999950000025'}, patchedUniqueReturn=UniqueReturnSummary{differencingTest=org.apache.commons.math3.optimization.direct.CMAESOptimizerTest::testMath864, firstUniqueVarValLine=913, firstUniqueReturnLine=913, firstUniqueReturnHash=75027199, firstUniqueVarVal='{return-object}[0]=0.0'}}
Oct 13, 2022 8:05:06 PM se.kth.assertgroup.core.analysis.statediff.ui.StateDiffUIManipulator addStateDiffToExecDiffUI
INFO: For commit cd8582936ad691dc4d114e7ee6921263f134629c diff computation took 109 MILLIS
Oct 13, 2022 8:05:06 PM se.kth.assertgroup.core.analysis.statediff.ui.StateDiffUIManipulator addStateDiffToExecDiffUI
INFO: For commit cd8582936ad691dc4d114e7ee6921263f134629c UI manipulation took 69 MILLIS
