SLF4J: Failed to load class "org.slf4j.impl.StaticLoggerBinder".
SLF4J: Defaulting to no-operation (NOP) logger implementation
SLF4J: See http://www.slf4j.org/codes.html#StaticLoggerBinder for further details.
Starting ChromeDriver 98.0.4758.80 (7f0488e8ba0d8e019187c6325a16c29d9b7f4989-refs/branch-heads/4758@{#972}) on port 34278
Only local connections are allowed.
Please see https://chromedriver.chromium.org/security-considerations for suggestions on keeping ChromeDriver safe.
ChromeDriver was started successfully.
Oct 11, 2022 5:33:31 PM org.openqa.selenium.remote.ProtocolHandshake createSession
INFO: Detected dialect: W3C
Oct 11, 2022 5:33:31 PM org.openqa.selenium.devtools.CdpVersionFinder findNearestMatch
WARNING: Unable to find an exact match for CDP version 98, so returning the closest version found: a no-op implementation
Oct 11, 2022 5:33:31 PM org.openqa.selenium.devtools.CdpVersionFinder findNearestMatch
INFO: Unable to find CDP implementation matching 98.
Oct 11, 2022 5:33:31 PM org.openqa.selenium.chromium.ChromiumDriver lambda$new$3
WARNING: Unable to find version of CDP to use for . You may need to include a dependency on a specific version of the CDP using something similar to `org.seleniumhq.selenium:selenium-devtools-v86:4.0.0` where the version ("v86") matches the version of the chromium-based browser you're using and the version number of the artifact is the same as Selenium's.
Oct 11, 2022 5:33:44 PM se.kth.assertgroup.core.analysis.statediff.ui.StateDiffUIManipulator addStateDiffToExecDiffUI
INFO: Line mappings and vars computed.
Oct 11, 2022 5:33:44 PM se.kth.assertgroup.core.analysis.statediff.ui.StateDiffUIManipulator addStateDiffToExecDiffUI
INFO: For commit 972945e85ef38802f44c17cae42a677896eef6e0 line mappings and vars computation took 16816 MILLIS
Oct 11, 2022 5:33:58 PM se.kth.assertgroup.core.analysis.statediff.ui.StateDiffUIManipulator addStateDiffToExecDiffUI
INFO: ProgramStateDiff{firstOriginalUniqueStateSummary=UniqueStateSummary{differencingTest=org.joda.time.chrono.TestGJChronology::testLeapYearRulesConstruction, firstUniqueStateLine=123, firstUniqueVarValLine=123, firstUniqueStateHash=-634128468, firstUniqueVarVal='month=2'}, firstPatchedUniqueStateSummary=UniqueStateSummary{differencingTest=org.joda.time.chrono.TestGJChronology::testLeapYearRulesConstruction, firstUniqueStateLine=121, firstUniqueVarValLine=121, firstUniqueStateHash=-634128468, firstUniqueVarVal='month=2'}, originalUniqueReturn=UniqueReturnSummary{differencingTest=org.joda.time.chrono.TestGJChronology::testLeapYearRulesConstruction, firstUniqueVarValLine=123, firstUniqueReturnLine=123, firstUniqueReturnHash=932216084, firstUniqueVarVal='{return-object}=28'}, patchedUniqueReturn=UniqueReturnSummary{differencingTest=org.joda.time.chrono.TestGJChronology::testLeapYearRulesConstruction, firstUniqueVarValLine=121, firstUniqueReturnLine=121, firstUniqueReturnHash=933139605, firstUniqueVarVal='{return-object}=29'}}
Oct 11, 2022 5:33:58 PM se.kth.assertgroup.core.analysis.statediff.ui.StateDiffUIManipulator addStateDiffToExecDiffUI
INFO: For commit 972945e85ef38802f44c17cae42a677896eef6e0 diff computation took 14079 MILLIS
Oct 11, 2022 5:33:58 PM se.kth.assertgroup.core.analysis.statediff.ui.StateDiffUIManipulator addStateDiffToExecDiffUI
INFO: For commit 972945e85ef38802f44c17cae42a677896eef6e0 UI manipulation took 46 MILLIS
