SLF4J: Failed to load class "org.slf4j.impl.StaticLoggerBinder".
SLF4J: Defaulting to no-operation (NOP) logger implementation
SLF4J: See http://www.slf4j.org/codes.html#StaticLoggerBinder for further details.
Starting ChromeDriver 98.0.4758.80 (7f0488e8ba0d8e019187c6325a16c29d9b7f4989-refs/branch-heads/4758@{#972}) on port 50175
Only local connections are allowed.
Please see https://chromedriver.chromium.org/security-considerations for suggestions on keeping ChromeDriver safe.
ChromeDriver was started successfully.
Oct 08, 2022 1:52:18 AM org.openqa.selenium.remote.ProtocolHandshake createSession
INFO: Detected dialect: W3C
Oct 08, 2022 1:52:18 AM org.openqa.selenium.devtools.CdpVersionFinder findNearestMatch
WARNING: Unable to find an exact match for CDP version 98, so returning the closest version found: a no-op implementation
Oct 08, 2022 1:52:18 AM org.openqa.selenium.devtools.CdpVersionFinder findNearestMatch
INFO: Unable to find CDP implementation matching 98.
Oct 08, 2022 1:52:18 AM org.openqa.selenium.chromium.ChromiumDriver lambda$new$3
WARNING: Unable to find version of CDP to use for . You may need to include a dependency on a specific version of the CDP using something similar to `org.seleniumhq.selenium:selenium-devtools-v86:4.0.0` where the version ("v86") matches the version of the chromium-based browser you're using and the version number of the artifact is the same as Selenium's.
Oct 08, 2022 1:52:33 AM se.kth.assertgroup.core.analysis.statediff.ui.StateDiffUIManipulator addStateDiffToExecDiffUI
INFO: Line mappings and vars computed.
Oct 08, 2022 1:52:33 AM se.kth.assertgroup.core.analysis.statediff.ui.StateDiffUIManipulator addStateDiffToExecDiffUI
INFO: For commit be76a134d38f4636755e229ff27e25452e8be9c1 line mappings and vars computation took 18464 MILLIS
Oct 08, 2022 1:55:19 AM se.kth.assertgroup.core.analysis.statediff.ui.StateDiffUIManipulator addStateDiffToExecDiffUI
INFO: ProgramStateDiff{firstOriginalUniqueStateSummary=UniqueStateSummary{differencingTest=org.apache.commons.math3.optimization.linear.SimplexSolverTest::testMath828Cycle, firstUniqueStateLine=142, firstUniqueVarValLine=145, firstUniqueStateHash=-1985516057, firstUniqueVarVal='i=22'}, firstPatchedUniqueStateSummary=UniqueStateSummary{differencingTest=org.apache.commons.math3.optimization.linear.SimplexSolverTest::testMath828Cycle, firstUniqueStateLine=144, firstUniqueVarValLine=144, firstUniqueStateHash=-1271916314, firstUniqueVarVal='i=1'}, originalUniqueReturn=UniqueReturnSummary{differencingTest=org.apache.commons.math3.optimization.linear.SimplexSolverTest::testMath828Cycle, firstUniqueVarValLine=151, firstUniqueReturnLine=151, firstUniqueReturnHash=1005212054, firstUniqueVarVal='{return-object}=6'}, patchedUniqueReturn=UniqueReturnSummary{differencingTest=org.apache.commons.math3.optimization.linear.SimplexSolverTest::testMath828Cycle, firstUniqueVarValLine=153, firstUniqueReturnLine=153, firstUniqueReturnHash=1006135575, firstUniqueVarVal='{return-object}=7'}}
Oct 08, 2022 1:55:19 AM se.kth.assertgroup.core.analysis.statediff.ui.StateDiffUIManipulator addStateDiffToExecDiffUI
INFO: For commit be76a134d38f4636755e229ff27e25452e8be9c1 diff computation took 165600 MILLIS
Oct 08, 2022 1:55:19 AM se.kth.assertgroup.core.analysis.statediff.ui.StateDiffUIManipulator addStateDiffToExecDiffUI
INFO: For commit be76a134d38f4636755e229ff27e25452e8be9c1 UI manipulation took 92 MILLIS
