SLF4J: Failed to load class "org.slf4j.impl.StaticLoggerBinder".
SLF4J: Defaulting to no-operation (NOP) logger implementation
SLF4J: See http://www.slf4j.org/codes.html#StaticLoggerBinder for further details.
Starting ChromeDriver 98.0.4758.80 (7f0488e8ba0d8e019187c6325a16c29d9b7f4989-refs/branch-heads/4758@{#972}) on port 58118
Only local connections are allowed.
Please see https://chromedriver.chromium.org/security-considerations for suggestions on keeping ChromeDriver safe.
ChromeDriver was started successfully.
Oct 15, 2022 10:49:01 AM org.openqa.selenium.remote.ProtocolHandshake createSession
INFO: Detected dialect: W3C
Oct 15, 2022 10:49:01 AM org.openqa.selenium.devtools.CdpVersionFinder findNearestMatch
WARNING: Unable to find an exact match for CDP version 98, so returning the closest version found: a no-op implementation
Oct 15, 2022 10:49:01 AM org.openqa.selenium.devtools.CdpVersionFinder findNearestMatch
INFO: Unable to find CDP implementation matching 98.
Oct 15, 2022 10:49:01 AM org.openqa.selenium.chromium.ChromiumDriver lambda$new$3
WARNING: Unable to find version of CDP to use for . You may need to include a dependency on a specific version of the CDP using something similar to `org.seleniumhq.selenium:selenium-devtools-v86:4.0.0` where the version ("v86") matches the version of the chromium-based browser you're using and the version number of the artifact is the same as Selenium's.
Oct 15, 2022 10:50:13 AM se.kth.assertgroup.core.analysis.statediff.ui.StateDiffUIManipulator addStateDiffToExecDiffUI
INFO: Line mappings and vars computed.
Oct 15, 2022 10:50:13 AM se.kth.assertgroup.core.analysis.statediff.ui.StateDiffUIManipulator addStateDiffToExecDiffUI
INFO: For commit f8431b4cbe4570108789c8ad6a23f02cab486b05 line mappings and vars computation took 76994 MILLIS
Oct 15, 2022 10:50:15 AM se.kth.assertgroup.core.analysis.statediff.ui.StateDiffUIManipulator addStateDiffToExecDiffUI
INFO: ProgramStateDiff{firstOriginalUniqueStateSummary=UniqueStateSummary{differencingTest=org.joda.time.TestDateTimeZoneCutover::testBug3476684_adjustOffset, firstUniqueStateLine=1167, firstUniqueVarValLine=1169, firstUniqueStateHash=246858503, firstUniqueVarVal='instantAfter=1330215300000'}, firstPatchedUniqueStateSummary=UniqueStateSummary{differencingTest=org.joda.time.TestDateTimeZoneCutover::testBug3476684_adjustOffset, firstUniqueStateLine=1167, firstUniqueVarValLine=1169, firstUniqueStateHash=-1707087265, firstUniqueVarVal='instantAfter=0'}, originalUniqueReturn=UniqueReturnSummary{differencingTest=null, firstUniqueVarValLine=null, firstUniqueReturnLine=null, firstUniqueReturnHash=null, firstUniqueVarVal='null'}, patchedUniqueReturn=UniqueReturnSummary{differencingTest=org.joda.time.TestDateTimeZoneCutover::testBug3476684_adjustOffset, firstUniqueVarValLine=1175, firstUniqueReturnLine=1175, firstUniqueReturnHash=-568472498, firstUniqueVarVal='{return-object}=1330222500000'}}
Oct 15, 2022 10:50:15 AM se.kth.assertgroup.core.analysis.statediff.ui.StateDiffUIManipulator addStateDiffToExecDiffUI
INFO: For commit f8431b4cbe4570108789c8ad6a23f02cab486b05 diff computation took 1646 MILLIS
Oct 15, 2022 10:50:15 AM se.kth.assertgroup.core.analysis.statediff.ui.StateDiffUIManipulator addStateDiffToExecDiffUI
INFO: For commit f8431b4cbe4570108789c8ad6a23f02cab486b05 UI manipulation took 69 MILLIS
