SLF4J: Failed to load class "org.slf4j.impl.StaticLoggerBinder".
SLF4J: Defaulting to no-operation (NOP) logger implementation
SLF4J: See http://www.slf4j.org/codes.html#StaticLoggerBinder for further details.
Starting ChromeDriver 98.0.4758.80 (7f0488e8ba0d8e019187c6325a16c29d9b7f4989-refs/branch-heads/4758@{#972}) on port 60622
Only local connections are allowed.
Please see https://chromedriver.chromium.org/security-considerations for suggestions on keeping ChromeDriver safe.
ChromeDriver was started successfully.
Oct 10, 2022 11:30:52 PM org.openqa.selenium.remote.ProtocolHandshake createSession
INFO: Detected dialect: W3C
Oct 10, 2022 11:30:52 PM org.openqa.selenium.devtools.CdpVersionFinder findNearestMatch
WARNING: Unable to find an exact match for CDP version 98, so returning the closest version found: a no-op implementation
Oct 10, 2022 11:30:52 PM org.openqa.selenium.devtools.CdpVersionFinder findNearestMatch
INFO: Unable to find CDP implementation matching 98.
Oct 10, 2022 11:30:52 PM org.openqa.selenium.chromium.ChromiumDriver lambda$new$3
WARNING: Unable to find version of CDP to use for . You may need to include a dependency on a specific version of the CDP using something similar to `org.seleniumhq.selenium:selenium-devtools-v86:4.0.0` where the version ("v86") matches the version of the chromium-based browser you're using and the version number of the artifact is the same as Selenium's.
Oct 10, 2022 11:32:26 PM se.kth.assertgroup.core.analysis.statediff.ui.StateDiffUIManipulator addStateDiffToExecDiffUI
INFO: Line mappings and vars computed.
Oct 10, 2022 11:32:26 PM se.kth.assertgroup.core.analysis.statediff.ui.StateDiffUIManipulator addStateDiffToExecDiffUI
INFO: For commit 2c6a505236d235e95241e772ca28d39eeb0dbfde line mappings and vars computation took 97772 MILLIS
Oct 10, 2022 11:32:26 PM se.kth.assertgroup.core.analysis.statediff.ui.StateDiffUIManipulator addStateDiffToExecDiffUI
INFO: ProgramStateDiff{firstOriginalUniqueStateSummary=UniqueStateSummary{differencingTest=org.apache.commons.math.stat.clustering.KMeansPlusPlusClustererTest::testPerformClusterAnalysisDegenerate, firstUniqueStateLine=1627, firstUniqueVarValLine=1627, firstUniqueStateHash=3786562, firstUniqueVarVal='dp=-1'}, firstPatchedUniqueStateSummary=UniqueStateSummary{differencingTest=org.apache.commons.math.stat.clustering.KMeansPlusPlusClustererTest::testPerformClusterAnalysisDegenerate, firstUniqueStateLine=1627, firstUniqueVarValLine=1627, firstUniqueStateHash=-428071552, firstUniqueVarVal='dp=-1.0'}, originalUniqueReturn=UniqueReturnSummary{differencingTest=org.apache.commons.math.stat.clustering.KMeansPlusPlusClustererTest::testPerformClusterAnalysisDegenerate, firstUniqueVarValLine=1629, firstUniqueReturnLine=1629, firstUniqueReturnHash=-941730437, firstUniqueVarVal='{return-object}=NaN'}, patchedUniqueReturn=UniqueReturnSummary{differencingTest=org.apache.commons.math.stat.clustering.KMeansPlusPlusClustererTest::testPerformClusterAnalysisDegenerate, firstUniqueVarValLine=1629, firstUniqueReturnLine=1629, firstUniqueReturnHash=2000809589, firstUniqueVarVal='{return-object}=46340.950001051984'}}
Oct 10, 2022 11:32:26 PM se.kth.assertgroup.core.analysis.statediff.ui.StateDiffUIManipulator addStateDiffToExecDiffUI
INFO: For commit 2c6a505236d235e95241e772ca28d39eeb0dbfde diff computation took 135 MILLIS
Oct 10, 2022 11:32:26 PM se.kth.assertgroup.core.analysis.statediff.ui.StateDiffUIManipulator addStateDiffToExecDiffUI
INFO: For commit 2c6a505236d235e95241e772ca28d39eeb0dbfde UI manipulation took 95 MILLIS
