SLF4J: Failed to load class "org.slf4j.impl.StaticLoggerBinder".
SLF4J: Defaulting to no-operation (NOP) logger implementation
SLF4J: See http://www.slf4j.org/codes.html#StaticLoggerBinder for further details.
Starting ChromeDriver 98.0.4758.80 (7f0488e8ba0d8e019187c6325a16c29d9b7f4989-refs/branch-heads/4758@{#972}) on port 49606
Only local connections are allowed.
Please see https://chromedriver.chromium.org/security-considerations for suggestions on keeping ChromeDriver safe.
ChromeDriver was started successfully.
Oct 12, 2022 3:20:40 AM org.openqa.selenium.remote.ProtocolHandshake createSession
INFO: Detected dialect: W3C
Oct 12, 2022 3:20:40 AM org.openqa.selenium.devtools.CdpVersionFinder findNearestMatch
WARNING: Unable to find an exact match for CDP version 98, so returning the closest version found: a no-op implementation
Oct 12, 2022 3:20:40 AM org.openqa.selenium.devtools.CdpVersionFinder findNearestMatch
INFO: Unable to find CDP implementation matching 98.
Oct 12, 2022 3:20:40 AM org.openqa.selenium.chromium.ChromiumDriver lambda$new$3
WARNING: Unable to find version of CDP to use for . You may need to include a dependency on a specific version of the CDP using something similar to `org.seleniumhq.selenium:selenium-devtools-v86:4.0.0` where the version ("v86") matches the version of the chromium-based browser you're using and the version number of the artifact is the same as Selenium's.
Oct 12, 2022 3:20:55 AM se.kth.assertgroup.core.analysis.statediff.ui.StateDiffUIManipulator addStateDiffToExecDiffUI
INFO: Line mappings and vars computed.
Oct 12, 2022 3:20:55 AM se.kth.assertgroup.core.analysis.statediff.ui.StateDiffUIManipulator addStateDiffToExecDiffUI
INFO: For commit e1f7a7580ca5f96e2607b45f0991d06467db1f81 line mappings and vars computation took 18757 MILLIS
Oct 12, 2022 3:20:56 AM se.kth.assertgroup.core.analysis.statediff.ui.StateDiffUIManipulator addStateDiffToExecDiffUI
INFO: ProgramStateDiff{firstOriginalUniqueStateSummary=UniqueStateSummary{differencingTest=org.apache.commons.math3.stat.inference.MannWhitneyUTestTest::testBigDataSet, firstUniqueStateLine=141, firstUniqueVarValLine=141, firstUniqueStateHash=1282398298, firstUniqueVarVal='dev=NaN'}, firstPatchedUniqueStateSummary=UniqueStateSummary{differencingTest=org.apache.commons.math3.stat.inference.MannWhitneyUTestTest::testBigDataSet, firstUniqueStateLine=139, firstUniqueVarValLine=139, firstUniqueStateHash=1282398298, firstUniqueVarVal='dev=NaN'}, originalUniqueReturn=UniqueReturnSummary{differencingTest=org.apache.commons.math3.stat.inference.MannWhitneyUTestTest::testBigDataSet, firstUniqueVarValLine=141, firstUniqueReturnLine=141, firstUniqueReturnHash=-941730437, firstUniqueVarVal='{return-object}=NaN'}, patchedUniqueReturn=UniqueReturnSummary{differencingTest=org.apache.commons.math3.stat.inference.MannWhitneyUTestTest::testBigDataSet, firstUniqueVarValLine=139, firstUniqueReturnLine=139, firstUniqueReturnHash=1897641555, firstUniqueVarVal='{return-object}=1.0'}}
Oct 12, 2022 3:20:56 AM se.kth.assertgroup.core.analysis.statediff.ui.StateDiffUIManipulator addStateDiffToExecDiffUI
INFO: For commit e1f7a7580ca5f96e2607b45f0991d06467db1f81 diff computation took 80 MILLIS
Oct 12, 2022 3:20:56 AM se.kth.assertgroup.core.analysis.statediff.ui.StateDiffUIManipulator addStateDiffToExecDiffUI
INFO: For commit e1f7a7580ca5f96e2607b45f0991d06467db1f81 UI manipulation took 84 MILLIS
