SLF4J: Failed to load class "org.slf4j.impl.StaticLoggerBinder".
SLF4J: Defaulting to no-operation (NOP) logger implementation
SLF4J: See http://www.slf4j.org/codes.html#StaticLoggerBinder for further details.
Starting ChromeDriver 98.0.4758.80 (7f0488e8ba0d8e019187c6325a16c29d9b7f4989-refs/branch-heads/4758@{#972}) on port 42972
Only local connections are allowed.
Please see https://chromedriver.chromium.org/security-considerations for suggestions on keeping ChromeDriver safe.
ChromeDriver was started successfully.
Oct 15, 2022 8:20:46 AM org.openqa.selenium.remote.ProtocolHandshake createSession
INFO: Detected dialect: W3C
Oct 15, 2022 8:20:46 AM org.openqa.selenium.devtools.CdpVersionFinder findNearestMatch
WARNING: Unable to find an exact match for CDP version 98, so returning the closest version found: a no-op implementation
Oct 15, 2022 8:20:46 AM org.openqa.selenium.devtools.CdpVersionFinder findNearestMatch
INFO: Unable to find CDP implementation matching 98.
Oct 15, 2022 8:20:46 AM org.openqa.selenium.chromium.ChromiumDriver lambda$new$3
WARNING: Unable to find version of CDP to use for . You may need to include a dependency on a specific version of the CDP using something similar to `org.seleniumhq.selenium:selenium-devtools-v86:4.0.0` where the version ("v86") matches the version of the chromium-based browser you're using and the version number of the artifact is the same as Selenium's.
Oct 15, 2022 8:22:23 AM se.kth.assertgroup.core.analysis.statediff.ui.StateDiffUIManipulator addStateDiffToExecDiffUI
INFO: Line mappings and vars computed.
Oct 15, 2022 8:22:23 AM se.kth.assertgroup.core.analysis.statediff.ui.StateDiffUIManipulator addStateDiffToExecDiffUI
INFO: For commit a8ad6b9853609e86cbf9534fff05377dfdf7790a line mappings and vars computation took 102739 MILLIS
Oct 15, 2022 8:22:44 AM se.kth.assertgroup.core.analysis.statediff.ui.StateDiffUIManipulator addStateDiffToExecDiffUI
INFO: ProgramStateDiff{firstOriginalUniqueStateSummary=UniqueStateSummary{differencingTest=null, firstUniqueStateLine=null, firstUniqueVarValLine=null, firstUniqueStateHash=null, firstUniqueVarVal='null'}, firstPatchedUniqueStateSummary=UniqueStateSummary{differencingTest=null, firstUniqueStateLine=1157, firstUniqueVarValLine=null, firstUniqueStateHash=1858397341, firstUniqueVarVal='null'}, originalUniqueReturn=UniqueReturnSummary{differencingTest=null, firstUniqueVarValLine=null, firstUniqueReturnLine=null, firstUniqueReturnHash=null, firstUniqueVarVal='null'}, patchedUniqueReturn=UniqueReturnSummary{differencingTest=org.joda.time.tz.TestCompiler::testDateTimeZoneBuilder, firstUniqueVarValLine=1157, firstUniqueReturnLine=1157, firstUniqueReturnHash=-2061451755, firstUniqueVarVal='{return-object}=null'}}
Oct 15, 2022 8:22:44 AM se.kth.assertgroup.core.analysis.statediff.ui.StateDiffUIManipulator addStateDiffToExecDiffUI
INFO: For commit a8ad6b9853609e86cbf9534fff05377dfdf7790a diff computation took 20906 MILLIS
Oct 15, 2022 8:22:44 AM se.kth.assertgroup.core.analysis.statediff.ui.StateDiffUIManipulator addStateDiffToExecDiffUI
INFO: For commit a8ad6b9853609e86cbf9534fff05377dfdf7790a UI manipulation took 31 MILLIS
