SLF4J: Failed to load class "org.slf4j.impl.StaticLoggerBinder".
SLF4J: Defaulting to no-operation (NOP) logger implementation
SLF4J: See http://www.slf4j.org/codes.html#StaticLoggerBinder for further details.
Starting ChromeDriver 98.0.4758.80 (7f0488e8ba0d8e019187c6325a16c29d9b7f4989-refs/branch-heads/4758@{#972}) on port 37593
Only local connections are allowed.
Please see https://chromedriver.chromium.org/security-considerations for suggestions on keeping ChromeDriver safe.
ChromeDriver was started successfully.
Oct 12, 2022 3:07:26 AM org.openqa.selenium.remote.ProtocolHandshake createSession
INFO: Detected dialect: W3C
Oct 12, 2022 3:07:26 AM org.openqa.selenium.devtools.CdpVersionFinder findNearestMatch
WARNING: Unable to find an exact match for CDP version 98, so returning the closest version found: a no-op implementation
Oct 12, 2022 3:07:26 AM org.openqa.selenium.devtools.CdpVersionFinder findNearestMatch
INFO: Unable to find CDP implementation matching 98.
Oct 12, 2022 3:07:26 AM org.openqa.selenium.chromium.ChromiumDriver lambda$new$3
WARNING: Unable to find version of CDP to use for . You may need to include a dependency on a specific version of the CDP using something similar to `org.seleniumhq.selenium:selenium-devtools-v86:4.0.0` where the version ("v86") matches the version of the chromium-based browser you're using and the version number of the artifact is the same as Selenium's.
Oct 12, 2022 3:07:41 AM se.kth.assertgroup.core.analysis.statediff.ui.StateDiffUIManipulator addStateDiffToExecDiffUI
INFO: Line mappings and vars computed.
Oct 12, 2022 3:07:41 AM se.kth.assertgroup.core.analysis.statediff.ui.StateDiffUIManipulator addStateDiffToExecDiffUI
INFO: For commit 77b1ff4ea9f57c49e7dae04c45a38e2c648d6777 line mappings and vars computation took 19005 MILLIS
Oct 12, 2022 3:07:48 AM se.kth.assertgroup.core.analysis.statediff.ui.StateDiffUIManipulator addStateDiffToExecDiffUI
INFO: ProgramStateDiff{firstOriginalUniqueStateSummary=UniqueStateSummary{differencingTest=org.apache.commons.math3.distribution.HypergeometricDistributionTest::testMath1021, firstUniqueStateLine=101, firstUniqueVarValLine=101, firstUniqueStateHash=-1338809391, firstUniqueVarVal='p=0.7555637251446561'}, firstPatchedUniqueStateSummary=UniqueStateSummary{differencingTest=org.apache.commons.math3.distribution.HypergeometricDistributionTest::testMath1021, firstUniqueStateLine=101, firstUniqueVarValLine=101, firstUniqueStateHash=-885239923, firstUniqueVarVal='p=0.3639302345414652'}, originalUniqueReturn=UniqueReturnSummary{differencingTest=org.apache.commons.math3.distribution.HypergeometricDistributionTest::testMath1021, firstUniqueVarValLine=142, firstUniqueReturnLine=142, firstUniqueReturnHash=-1451969112, firstUniqueVarVal='{return-object}=-50'}, patchedUniqueReturn=UniqueReturnSummary{differencingTest=org.apache.commons.math3.distribution.HypergeometricDistributionTest::testMath1021, firstUniqueVarValLine=142, firstUniqueReturnLine=142, firstUniqueReturnHash=1010715369, firstUniqueVarVal='{return-object}=50'}}
Oct 12, 2022 3:07:48 AM se.kth.assertgroup.core.analysis.statediff.ui.StateDiffUIManipulator addStateDiffToExecDiffUI
INFO: For commit 77b1ff4ea9f57c49e7dae04c45a38e2c648d6777 diff computation took 6778 MILLIS
Oct 12, 2022 3:07:48 AM se.kth.assertgroup.core.analysis.statediff.ui.StateDiffUIManipulator addStateDiffToExecDiffUI
INFO: For commit 77b1ff4ea9f57c49e7dae04c45a38e2c648d6777 UI manipulation took 102 MILLIS
