SLF4J: Failed to load class "org.slf4j.impl.StaticLoggerBinder".
SLF4J: Defaulting to no-operation (NOP) logger implementation
SLF4J: See http://www.slf4j.org/codes.html#StaticLoggerBinder for further details.
Starting ChromeDriver 98.0.4758.80 (7f0488e8ba0d8e019187c6325a16c29d9b7f4989-refs/branch-heads/4758@{#972}) on port 42270
Only local connections are allowed.
Please see https://chromedriver.chromium.org/security-considerations for suggestions on keeping ChromeDriver safe.
ChromeDriver was started successfully.
Oct 11, 2022 6:00:09 AM org.openqa.selenium.remote.ProtocolHandshake createSession
INFO: Detected dialect: W3C
Oct 11, 2022 6:00:09 AM org.openqa.selenium.devtools.CdpVersionFinder findNearestMatch
WARNING: Unable to find an exact match for CDP version 98, so returning the closest version found: a no-op implementation
Oct 11, 2022 6:00:09 AM org.openqa.selenium.devtools.CdpVersionFinder findNearestMatch
INFO: Unable to find CDP implementation matching 98.
Oct 11, 2022 6:00:09 AM org.openqa.selenium.chromium.ChromiumDriver lambda$new$3
WARNING: Unable to find version of CDP to use for . You may need to include a dependency on a specific version of the CDP using something similar to `org.seleniumhq.selenium:selenium-devtools-v86:4.0.0` where the version ("v86") matches the version of the chromium-based browser you're using and the version number of the artifact is the same as Selenium's.
Oct 11, 2022 6:00:23 AM se.kth.assertgroup.core.analysis.statediff.ui.StateDiffUIManipulator addStateDiffToExecDiffUI
INFO: Line mappings and vars computed.
Oct 11, 2022 6:00:23 AM se.kth.assertgroup.core.analysis.statediff.ui.StateDiffUIManipulator addStateDiffToExecDiffUI
INFO: For commit 0d0e5c74411a15d7aeec2f6f29cf84a9fd6d8501 line mappings and vars computation took 16607 MILLIS
Oct 11, 2022 6:00:23 AM se.kth.assertgroup.core.analysis.statediff.ui.StateDiffUIManipulator addStateDiffToExecDiffUI
INFO: ProgramStateDiff{firstOriginalUniqueStateSummary=UniqueStateSummary{differencingTest=org.apache.commons.math.optimization.linear.SimplexSolverTest::testMath288, firstUniqueStateLine=67, firstUniqueVarValLine=61, firstUniqueStateHash=1241426945, firstUniqueVarVal='tableau.tableau.data[0]=[1.0,0.0,-3.0,-11.666666666666668,0.0,2.333333333333333,0.0,0.0,0.0,0.0]'}, firstPatchedUniqueStateSummary=UniqueStateSummary{differencingTest=org.apache.commons.math.optimization.linear.SimplexSolverTest::testMath288, firstUniqueStateLine=63, firstUniqueVarValLine=61, firstUniqueStateHash=562879992, firstUniqueVarVal='tableau.tableau.data[0]=[1.0,-7.0,0.0,0.0,-5.0,0.0,0.0,1.0,0.0,0.0]'}, originalUniqueReturn=UniqueReturnSummary{differencingTest=org.apache.commons.math.optimization.linear.SimplexSolverTest::testMath288, firstUniqueVarValLine=67, firstUniqueReturnLine=67, firstUniqueReturnHash=1005212054, firstUniqueVarVal='{return-object}=6'}, patchedUniqueReturn=UniqueReturnSummary{differencingTest=null, firstUniqueVarValLine=null, firstUniqueReturnLine=null, firstUniqueReturnHash=null, firstUniqueVarVal='null'}}
Oct 11, 2022 6:00:23 AM se.kth.assertgroup.core.analysis.statediff.ui.StateDiffUIManipulator addStateDiffToExecDiffUI
INFO: For commit 0d0e5c74411a15d7aeec2f6f29cf84a9fd6d8501 diff computation took 754 MILLIS
Oct 11, 2022 6:00:23 AM se.kth.assertgroup.core.analysis.statediff.ui.StateDiffUIManipulator addStateDiffToExecDiffUI
INFO: For commit 0d0e5c74411a15d7aeec2f6f29cf84a9fd6d8501 UI manipulation took 55 MILLIS
