SLF4J: Failed to load class "org.slf4j.impl.StaticLoggerBinder".
SLF4J: Defaulting to no-operation (NOP) logger implementation
SLF4J: See http://www.slf4j.org/codes.html#StaticLoggerBinder for further details.
Starting ChromeDriver 98.0.4758.80 (7f0488e8ba0d8e019187c6325a16c29d9b7f4989-refs/branch-heads/4758@{#972}) on port 36681
Only local connections are allowed.
Please see https://chromedriver.chromium.org/security-considerations for suggestions on keeping ChromeDriver safe.
ChromeDriver was started successfully.
Oct 15, 2022 12:57:18 AM org.openqa.selenium.remote.ProtocolHandshake createSession
INFO: Detected dialect: W3C
Oct 15, 2022 12:57:18 AM org.openqa.selenium.devtools.CdpVersionFinder findNearestMatch
WARNING: Unable to find an exact match for CDP version 98, so returning the closest version found: a no-op implementation
Oct 15, 2022 12:57:18 AM org.openqa.selenium.devtools.CdpVersionFinder findNearestMatch
INFO: Unable to find CDP implementation matching 98.
Oct 15, 2022 12:57:18 AM org.openqa.selenium.chromium.ChromiumDriver lambda$new$3
WARNING: Unable to find version of CDP to use for . You may need to include a dependency on a specific version of the CDP using something similar to `org.seleniumhq.selenium:selenium-devtools-v86:4.0.0` where the version ("v86") matches the version of the chromium-based browser you're using and the version number of the artifact is the same as Selenium's.
Oct 15, 2022 12:59:01 AM se.kth.assertgroup.core.analysis.statediff.ui.StateDiffUIManipulator addStateDiffToExecDiffUI
INFO: Line mappings and vars computed.
Oct 15, 2022 12:59:01 AM se.kth.assertgroup.core.analysis.statediff.ui.StateDiffUIManipulator addStateDiffToExecDiffUI
INFO: For commit 5a83d77e60e6f1684d126d5d5068efb92af4d416 line mappings and vars computation took 108563 MILLIS
Oct 15, 2022 12:59:03 AM se.kth.assertgroup.core.analysis.statediff.ui.StateDiffUIManipulator addStateDiffToExecDiffUI
INFO: ProgramStateDiff{firstOriginalUniqueStateSummary=UniqueStateSummary{differencingTest=org.apache.commons.math.linear.EigenDecompositionImplTest::testMath308, firstUniqueStateLine=1621, firstUniqueVarValLine=1621, firstUniqueStateHash=-544854500, firstUniqueVarVal='dMin1=7.777536307822803'}, firstPatchedUniqueStateSummary=UniqueStateSummary{differencingTest=org.apache.commons.math.linear.EigenDecompositionImplTest::testMath308, firstUniqueStateLine=1589, firstUniqueVarValLine=1590, firstUniqueStateHash=-544854500, firstUniqueVarVal='dMin1=7.777536307822803'}, originalUniqueReturn=UniqueReturnSummary{differencingTest=null, firstUniqueVarValLine=null, firstUniqueReturnLine=null, firstUniqueReturnHash=null, firstUniqueVarVal='null'}, patchedUniqueReturn=UniqueReturnSummary{differencingTest=org.apache.commons.math.linear.EigenDecompositionImplTest::testMath308, firstUniqueVarValLine=1592, firstUniqueReturnLine=1592, firstUniqueReturnHash=-1647641141, firstUniqueVarVal='{return-object}=<void value>'}}
Oct 15, 2022 12:59:03 AM se.kth.assertgroup.core.analysis.statediff.ui.StateDiffUIManipulator addStateDiffToExecDiffUI
INFO: For commit 5a83d77e60e6f1684d126d5d5068efb92af4d416 diff computation took 2164 MILLIS
Oct 15, 2022 12:59:03 AM se.kth.assertgroup.core.analysis.statediff.ui.StateDiffUIManipulator addStateDiffToExecDiffUI
INFO: For commit 5a83d77e60e6f1684d126d5d5068efb92af4d416 UI manipulation took 89 MILLIS
