SLF4J: Failed to load class "org.slf4j.impl.StaticLoggerBinder".
SLF4J: Defaulting to no-operation (NOP) logger implementation
SLF4J: See http://www.slf4j.org/codes.html#StaticLoggerBinder for further details.
Starting ChromeDriver 98.0.4758.80 (7f0488e8ba0d8e019187c6325a16c29d9b7f4989-refs/branch-heads/4758@{#972}) on port 37189
Only local connections are allowed.
Please see https://chromedriver.chromium.org/security-considerations for suggestions on keeping ChromeDriver safe.
ChromeDriver was started successfully.
Oct 09, 2022 8:50:54 PM org.openqa.selenium.remote.ProtocolHandshake createSession
INFO: Detected dialect: W3C
Oct 09, 2022 8:50:54 PM org.openqa.selenium.devtools.CdpVersionFinder findNearestMatch
WARNING: Unable to find an exact match for CDP version 98, so returning the closest version found: a no-op implementation
Oct 09, 2022 8:50:54 PM org.openqa.selenium.devtools.CdpVersionFinder findNearestMatch
INFO: Unable to find CDP implementation matching 98.
Oct 09, 2022 8:50:54 PM org.openqa.selenium.chromium.ChromiumDriver lambda$new$3
WARNING: Unable to find version of CDP to use for . You may need to include a dependency on a specific version of the CDP using something similar to `org.seleniumhq.selenium:selenium-devtools-v86:4.0.0` where the version ("v86") matches the version of the chromium-based browser you're using and the version number of the artifact is the same as Selenium's.
Oct 09, 2022 8:51:04 PM se.kth.assertgroup.core.analysis.statediff.ui.StateDiffUIManipulator addStateDiffToExecDiffUI
INFO: Line mappings and vars computed.
Oct 09, 2022 8:51:04 PM se.kth.assertgroup.core.analysis.statediff.ui.StateDiffUIManipulator addStateDiffToExecDiffUI
INFO: For commit 568782bca878b73b0ac489a50d4357aa07e44a9c line mappings and vars computation took 13431 MILLIS
Oct 09, 2022 8:51:04 PM se.kth.assertgroup.core.analysis.statediff.ui.StateDiffUIManipulator addStateDiffToExecDiffUI
INFO: ProgramStateDiff{firstOriginalUniqueStateSummary=UniqueStateSummary{differencingTest=null, firstUniqueStateLine=86, firstUniqueVarValLine=null, firstUniqueStateHash=1887122215, firstUniqueVarVal='null'}, firstPatchedUniqueStateSummary=UniqueStateSummary{differencingTest=null, firstUniqueStateLine=89, firstUniqueVarValLine=null, firstUniqueStateHash=1197258142, firstUniqueVarVal='null'}, originalUniqueReturn=UniqueReturnSummary{differencingTest=org.apache.commons.math.stat.clustering.KMeansPlusPlusClustererTest::testSmallDistances, firstUniqueVarValLine=86, firstUniqueReturnLine=86, firstUniqueReturnHash=1789663107, firstUniqueVarVal='{return-object}=false'}, patchedUniqueReturn=UniqueReturnSummary{differencingTest=org.apache.commons.math.stat.clustering.KMeansPlusPlusClustererTest::testSmallDistances, firstUniqueVarValLine=89, firstUniqueReturnLine=89, firstUniqueReturnHash=1689129628, firstUniqueVarVal='{return-object}=true'}}
Oct 09, 2022 8:51:04 PM se.kth.assertgroup.core.analysis.statediff.ui.StateDiffUIManipulator addStateDiffToExecDiffUI
INFO: For commit 568782bca878b73b0ac489a50d4357aa07e44a9c diff computation took 79 MILLIS
Oct 09, 2022 8:51:04 PM se.kth.assertgroup.core.analysis.statediff.ui.StateDiffUIManipulator addStateDiffToExecDiffUI
INFO: For commit 568782bca878b73b0ac489a50d4357aa07e44a9c UI manipulation took 43 MILLIS
