SLF4J: Failed to load class "org.slf4j.impl.StaticLoggerBinder".
SLF4J: Defaulting to no-operation (NOP) logger implementation
SLF4J: See http://www.slf4j.org/codes.html#StaticLoggerBinder for further details.
Starting ChromeDriver 98.0.4758.80 (7f0488e8ba0d8e019187c6325a16c29d9b7f4989-refs/branch-heads/4758@{#972}) on port 40456
Only local connections are allowed.
Please see https://chromedriver.chromium.org/security-considerations for suggestions on keeping ChromeDriver safe.
ChromeDriver was started successfully.
Oct 17, 2022 2:37:30 PM org.openqa.selenium.remote.ProtocolHandshake createSession
INFO: Detected dialect: W3C
Oct 17, 2022 2:37:30 PM org.openqa.selenium.devtools.CdpVersionFinder findNearestMatch
WARNING: Unable to find an exact match for CDP version 98, so returning the closest version found: a no-op implementation
Oct 17, 2022 2:37:30 PM org.openqa.selenium.devtools.CdpVersionFinder findNearestMatch
INFO: Unable to find CDP implementation matching 98.
Oct 17, 2022 2:37:30 PM org.openqa.selenium.chromium.ChromiumDriver lambda$new$3
WARNING: Unable to find version of CDP to use for . You may need to include a dependency on a specific version of the CDP using something similar to `org.seleniumhq.selenium:selenium-devtools-v86:4.0.0` where the version ("v86") matches the version of the chromium-based browser you're using and the version number of the artifact is the same as Selenium's.
Oct 17, 2022 2:38:07 PM se.kth.assertgroup.core.analysis.statediff.ui.StateDiffUIManipulator addStateDiffToExecDiffUI
INFO: Line mappings and vars computed.
Oct 17, 2022 2:38:07 PM se.kth.assertgroup.core.analysis.statediff.ui.StateDiffUIManipulator addStateDiffToExecDiffUI
INFO: For commit bce75e6cb469a02ec3b833c382547e5479b84431 line mappings and vars computation took 41857 MILLIS
Oct 17, 2022 2:38:08 PM se.kth.assertgroup.core.analysis.statediff.ui.StateDiffUIManipulator addStateDiffToExecDiffUI
INFO: ProgramStateDiff{firstOriginalUniqueStateSummary=UniqueStateSummary{differencingTest=org.apache.commons.math.stat.descriptive.moment.VarianceTest::testEvaluateArraySegmentWeighted, firstUniqueStateLine=510, firstUniqueVarValLine=513, firstUniqueStateHash=2113561801, firstUniqueVarVal='begin=0'}, firstPatchedUniqueStateSummary=UniqueStateSummary{differencingTest=org.apache.commons.math.stat.descriptive.moment.VarianceTest::testEvaluateArraySegmentWeighted, firstUniqueStateLine=531, firstUniqueVarValLine=531, firstUniqueStateHash=2113561801, firstUniqueVarVal='var=NaN'}, originalUniqueReturn=UniqueReturnSummary{differencingTest=org.apache.commons.math.stat.descriptive.moment.VarianceTest::testEvaluateArraySegmentWeighted, firstUniqueVarValLine=531, firstUniqueReturnLine=531, firstUniqueReturnHash=404728068, firstUniqueVarVal='{return-object}=1.6644508338125354'}, patchedUniqueReturn=UniqueReturnSummary{differencingTest=org.apache.commons.math.stat.descriptive.moment.VarianceTest::testEvaluateArraySegmentWeighted, firstUniqueVarValLine=531, firstUniqueReturnLine=531, firstUniqueReturnHash=-941730437, firstUniqueVarVal='{return-object}=NaN'}}
Oct 17, 2022 2:38:08 PM se.kth.assertgroup.core.analysis.statediff.ui.StateDiffUIManipulator addStateDiffToExecDiffUI
INFO: For commit bce75e6cb469a02ec3b833c382547e5479b84431 diff computation took 395 MILLIS
Oct 17, 2022 2:38:08 PM se.kth.assertgroup.core.analysis.statediff.ui.StateDiffUIManipulator addStateDiffToExecDiffUI
INFO: For commit bce75e6cb469a02ec3b833c382547e5479b84431 UI manipulation took 81 MILLIS
