SLF4J: Failed to load class "org.slf4j.impl.StaticLoggerBinder".
SLF4J: Defaulting to no-operation (NOP) logger implementation
SLF4J: See http://www.slf4j.org/codes.html#StaticLoggerBinder for further details.
Starting ChromeDriver 98.0.4758.80 (7f0488e8ba0d8e019187c6325a16c29d9b7f4989-refs/branch-heads/4758@{#972}) on port 39758
Only local connections are allowed.
Please see https://chromedriver.chromium.org/security-considerations for suggestions on keeping ChromeDriver safe.
ChromeDriver was started successfully.
Oct 08, 2022 3:06:01 AM org.openqa.selenium.remote.ProtocolHandshake createSession
INFO: Detected dialect: W3C
Oct 08, 2022 3:06:01 AM org.openqa.selenium.devtools.CdpVersionFinder findNearestMatch
WARNING: Unable to find an exact match for CDP version 98, so returning the closest version found: a no-op implementation
Oct 08, 2022 3:06:01 AM org.openqa.selenium.devtools.CdpVersionFinder findNearestMatch
INFO: Unable to find CDP implementation matching 98.
Oct 08, 2022 3:06:01 AM org.openqa.selenium.chromium.ChromiumDriver lambda$new$3
WARNING: Unable to find version of CDP to use for . You may need to include a dependency on a specific version of the CDP using something similar to `org.seleniumhq.selenium:selenium-devtools-v86:4.0.0` where the version ("v86") matches the version of the chromium-based browser you're using and the version number of the artifact is the same as Selenium's.
Oct 08, 2022 3:06:17 AM se.kth.assertgroup.core.analysis.statediff.ui.StateDiffUIManipulator addStateDiffToExecDiffUI
INFO: Line mappings and vars computed.
Oct 08, 2022 3:06:17 AM se.kth.assertgroup.core.analysis.statediff.ui.StateDiffUIManipulator addStateDiffToExecDiffUI
INFO: For commit d2bfa6116cffb8d90f689a87a5f718d0d0f9febd line mappings and vars computation took 18451 MILLIS
Oct 08, 2022 3:06:17 AM se.kth.assertgroup.core.analysis.statediff.ui.StateDiffUIManipulator addStateDiffToExecDiffUI
INFO: ProgramStateDiff{firstOriginalUniqueStateSummary=UniqueStateSummary{differencingTest=org.apache.commons.math3.stat.inference.MannWhitneyUTestTest::testBigDataSet, firstUniqueStateLine=176, firstUniqueVarValLine=176, firstUniqueStateHash=-1987769124, firstUniqueVarVal='n1n2prod=2250000'}, firstPatchedUniqueStateSummary=UniqueStateSummary{differencingTest=org.apache.commons.math3.stat.inference.MannWhitneyUTestTest::testBigDataSet, firstUniqueStateLine=176, firstUniqueVarValLine=176, firstUniqueStateHash=1399083202, firstUniqueVarVal='n1n2prod=2250000.0'}, originalUniqueReturn=UniqueReturnSummary{differencingTest=org.apache.commons.math3.stat.inference.MannWhitneyUTestTest::testBigDataSet, firstUniqueVarValLine=183, firstUniqueReturnLine=183, firstUniqueReturnHash=-941730437, firstUniqueVarVal='{return-object}=NaN'}, patchedUniqueReturn=UniqueReturnSummary{differencingTest=org.apache.commons.math3.stat.inference.MannWhitneyUTestTest::testBigDataSet, firstUniqueVarValLine=183, firstUniqueReturnLine=183, firstUniqueReturnHash=-1510746824, firstUniqueVarVal='{return-object}=0.9747770814386078'}}
Oct 08, 2022 3:06:17 AM se.kth.assertgroup.core.analysis.statediff.ui.StateDiffUIManipulator addStateDiffToExecDiffUI
INFO: For commit d2bfa6116cffb8d90f689a87a5f718d0d0f9febd diff computation took 322 MILLIS
Oct 08, 2022 3:06:17 AM se.kth.assertgroup.core.analysis.statediff.ui.StateDiffUIManipulator addStateDiffToExecDiffUI
INFO: For commit d2bfa6116cffb8d90f689a87a5f718d0d0f9febd UI manipulation took 60 MILLIS
