SLF4J: Failed to load class "org.slf4j.impl.StaticLoggerBinder".
SLF4J: Defaulting to no-operation (NOP) logger implementation
SLF4J: See http://www.slf4j.org/codes.html#StaticLoggerBinder for further details.
Starting ChromeDriver 98.0.4758.80 (7f0488e8ba0d8e019187c6325a16c29d9b7f4989-refs/branch-heads/4758@{#972}) on port 55172
Only local connections are allowed.
Please see https://chromedriver.chromium.org/security-considerations for suggestions on keeping ChromeDriver safe.
ChromeDriver was started successfully.
Oct 10, 2022 2:42:47 PM org.openqa.selenium.remote.ProtocolHandshake createSession
INFO: Detected dialect: W3C
Oct 10, 2022 2:42:47 PM org.openqa.selenium.devtools.CdpVersionFinder findNearestMatch
WARNING: Unable to find an exact match for CDP version 98, so returning the closest version found: a no-op implementation
Oct 10, 2022 2:42:47 PM org.openqa.selenium.devtools.CdpVersionFinder findNearestMatch
INFO: Unable to find CDP implementation matching 98.
Oct 10, 2022 2:42:47 PM org.openqa.selenium.chromium.ChromiumDriver lambda$new$3
WARNING: Unable to find version of CDP to use for . You may need to include a dependency on a specific version of the CDP using something similar to `org.seleniumhq.selenium:selenium-devtools-v86:4.0.0` where the version ("v86") matches the version of the chromium-based browser you're using and the version number of the artifact is the same as Selenium's.
Oct 10, 2022 2:43:10 PM se.kth.assertgroup.core.analysis.statediff.ui.StateDiffUIManipulator addStateDiffToExecDiffUI
INFO: Line mappings and vars computed.
Oct 10, 2022 2:43:10 PM se.kth.assertgroup.core.analysis.statediff.ui.StateDiffUIManipulator addStateDiffToExecDiffUI
INFO: For commit cbbf4b36e9199ca7236dcca4e806359f59406005 line mappings and vars computation took 28025 MILLIS
Oct 10, 2022 2:43:29 PM se.kth.assertgroup.core.analysis.statediff.ui.StateDiffUIManipulator addStateDiffToExecDiffUI
INFO: ProgramStateDiff{firstOriginalUniqueStateSummary=UniqueStateSummary{differencingTest=org.apache.commons.math.optimization.general.LevenbergMarquardtOptimizerTest::testCircleFitting, firstUniqueStateLine=257, firstUniqueVarValLine=260, firstUniqueStateHash=-940341040, firstUniqueVarVal='chiSquare=1.5633763529538318'}, firstPatchedUniqueStateSummary=UniqueStateSummary{differencingTest=org.apache.commons.math.optimization.general.LevenbergMarquardtOptimizerTest::testCircleFitting, firstUniqueStateLine=257, firstUniqueVarValLine=260, firstUniqueStateHash=-1057938122, firstUniqueVarVal='chiSquare=6.253505411815327'}, originalUniqueReturn=UniqueReturnSummary{differencingTest=org.apache.commons.math.optimization.general.LevenbergMarquardtOptimizerTest::testCircleFitting, firstUniqueVarValLine=260, firstUniqueReturnLine=260, firstUniqueReturnHash=-1864291404, firstUniqueVarVal='{return-object}=1.5633763529538318'}, patchedUniqueReturn=UniqueReturnSummary{differencingTest=org.apache.commons.math.optimization.general.LevenbergMarquardtOptimizerTest::testCircleFitting, firstUniqueVarValLine=260, firstUniqueReturnLine=260, firstUniqueReturnHash=760362606, firstUniqueVarVal='{return-object}=6.253505411815327'}}
Oct 10, 2022 2:43:29 PM se.kth.assertgroup.core.analysis.statediff.ui.StateDiffUIManipulator addStateDiffToExecDiffUI
INFO: For commit cbbf4b36e9199ca7236dcca4e806359f59406005 diff computation took 18895 MILLIS
Oct 10, 2022 2:43:29 PM se.kth.assertgroup.core.analysis.statediff.ui.StateDiffUIManipulator addStateDiffToExecDiffUI
INFO: For commit cbbf4b36e9199ca7236dcca4e806359f59406005 UI manipulation took 54 MILLIS
