SLF4J: Failed to load class "org.slf4j.impl.StaticLoggerBinder".
SLF4J: Defaulting to no-operation (NOP) logger implementation
SLF4J: See http://www.slf4j.org/codes.html#StaticLoggerBinder for further details.
Starting ChromeDriver 98.0.4758.80 (7f0488e8ba0d8e019187c6325a16c29d9b7f4989-refs/branch-heads/4758@{#972}) on port 59124
Only local connections are allowed.
Please see https://chromedriver.chromium.org/security-considerations for suggestions on keeping ChromeDriver safe.
ChromeDriver was started successfully.
Oct 11, 2022 9:35:13 AM org.openqa.selenium.remote.ProtocolHandshake createSession
INFO: Detected dialect: W3C
Oct 11, 2022 9:35:13 AM org.openqa.selenium.devtools.CdpVersionFinder findNearestMatch
WARNING: Unable to find an exact match for CDP version 98, so returning the closest version found: a no-op implementation
Oct 11, 2022 9:35:13 AM org.openqa.selenium.devtools.CdpVersionFinder findNearestMatch
INFO: Unable to find CDP implementation matching 98.
Oct 11, 2022 9:35:13 AM org.openqa.selenium.chromium.ChromiumDriver lambda$new$3
WARNING: Unable to find version of CDP to use for . You may need to include a dependency on a specific version of the CDP using something similar to `org.seleniumhq.selenium:selenium-devtools-v86:4.0.0` where the version ("v86") matches the version of the chromium-based browser you're using and the version number of the artifact is the same as Selenium's.
Oct 11, 2022 9:35:29 AM se.kth.assertgroup.core.analysis.statediff.ui.StateDiffUIManipulator addStateDiffToExecDiffUI
INFO: Line mappings and vars computed.
Oct 11, 2022 9:35:29 AM se.kth.assertgroup.core.analysis.statediff.ui.StateDiffUIManipulator addStateDiffToExecDiffUI
INFO: For commit 99e88015eeb89eb2cf93fa0a6da502a3cb7b118a line mappings and vars computation took 19862 MILLIS
Oct 11, 2022 9:35:29 AM se.kth.assertgroup.core.analysis.statediff.ui.StateDiffUIManipulator addStateDiffToExecDiffUI
INFO: ProgramStateDiff{firstOriginalUniqueStateSummary=UniqueStateSummary{differencingTest=org.apache.commons.math.distribution.NormalDistributionTest::testMath280, firstUniqueStateLine=198, firstUniqueVarValLine=198, firstUniqueStateHash=-2091236817, firstUniqueVarVal='fb=0.0'}, firstPatchedUniqueStateSummary=UniqueStateSummary{differencingTest=org.apache.commons.math.distribution.NormalDistributionTest::testMath280, firstUniqueStateLine=209, firstUniqueVarValLine=209, firstUniqueStateHash=-2091236817, firstUniqueVarVal='a=0.0'}, originalUniqueReturn=UniqueReturnSummary{differencingTest=null, firstUniqueVarValLine=null, firstUniqueReturnLine=null, firstUniqueReturnHash=null, firstUniqueVarVal='null'}, patchedUniqueReturn=UniqueReturnSummary{differencingTest=org.apache.commons.math.distribution.NormalDistributionTest::testMath280, firstUniqueVarValLine=209, firstUniqueReturnLine=209, firstUniqueReturnHash=-1591875680, firstUniqueVarVal='{return-object}[1]=2.0'}}
Oct 11, 2022 9:35:29 AM se.kth.assertgroup.core.analysis.statediff.ui.StateDiffUIManipulator addStateDiffToExecDiffUI
INFO: For commit 99e88015eeb89eb2cf93fa0a6da502a3cb7b118a diff computation took 115 MILLIS
Oct 11, 2022 9:35:29 AM se.kth.assertgroup.core.analysis.statediff.ui.StateDiffUIManipulator addStateDiffToExecDiffUI
INFO: For commit 99e88015eeb89eb2cf93fa0a6da502a3cb7b118a UI manipulation took 56 MILLIS
