SLF4J: Failed to load class "org.slf4j.impl.StaticLoggerBinder".
SLF4J: Defaulting to no-operation (NOP) logger implementation
SLF4J: See http://www.slf4j.org/codes.html#StaticLoggerBinder for further details.
Starting ChromeDriver 98.0.4758.80 (7f0488e8ba0d8e019187c6325a16c29d9b7f4989-refs/branch-heads/4758@{#972}) on port 37445
Only local connections are allowed.
Please see https://chromedriver.chromium.org/security-considerations for suggestions on keeping ChromeDriver safe.
ChromeDriver was started successfully.
Oct 13, 2022 11:43:32 AM org.openqa.selenium.remote.ProtocolHandshake createSession
INFO: Detected dialect: W3C
Oct 13, 2022 11:43:32 AM org.openqa.selenium.devtools.CdpVersionFinder findNearestMatch
WARNING: Unable to find an exact match for CDP version 98, so returning the closest version found: a no-op implementation
Oct 13, 2022 11:43:32 AM org.openqa.selenium.devtools.CdpVersionFinder findNearestMatch
INFO: Unable to find CDP implementation matching 98.
Oct 13, 2022 11:43:32 AM org.openqa.selenium.chromium.ChromiumDriver lambda$new$3
WARNING: Unable to find version of CDP to use for . You may need to include a dependency on a specific version of the CDP using something similar to `org.seleniumhq.selenium:selenium-devtools-v86:4.0.0` where the version ("v86") matches the version of the chromium-based browser you're using and the version number of the artifact is the same as Selenium's.
Oct 13, 2022 11:43:46 AM se.kth.assertgroup.core.analysis.statediff.ui.StateDiffUIManipulator addStateDiffToExecDiffUI
INFO: Line mappings and vars computed.
Oct 13, 2022 11:43:46 AM se.kth.assertgroup.core.analysis.statediff.ui.StateDiffUIManipulator addStateDiffToExecDiffUI
INFO: For commit 4a84d306aff9a3655b1b511752ff51b22cf927ff line mappings and vars computation took 17801 MILLIS
Oct 13, 2022 11:43:46 AM se.kth.assertgroup.core.analysis.statediff.ui.StateDiffUIManipulator addStateDiffToExecDiffUI
INFO: ProgramStateDiff{firstOriginalUniqueStateSummary=UniqueStateSummary{differencingTest=org.apache.commons.math3.distribution.DiscreteRealDistributionTest::testIssue942, firstUniqueStateLine=182, firstUniqueVarValLine=190, firstUniqueStateHash=-1751195701, firstUniqueVarVal='i=0'}, firstPatchedUniqueStateSummary=UniqueStateSummary{differencingTest=org.apache.commons.math3.distribution.DiscreteRealDistributionTest::testIssue942, firstUniqueStateLine=182, firstUniqueVarValLine=193, firstUniqueStateHash=-2073094729, firstUniqueVarVal='out=[]'}, originalUniqueReturn=UniqueReturnSummary{differencingTest=org.apache.commons.math3.distribution.DiscreteRealDistributionTest::testIssue942, firstUniqueVarValLine=163, firstUniqueReturnLine=163, firstUniqueReturnHash=984843694, firstUniqueVarVal='{return-object}.this$0.testDistribution.serialVersionUID=20130308'}, patchedUniqueReturn=UniqueReturnSummary{differencingTest=org.apache.commons.math3.distribution.DiscreteRealDistributionTest::testIssue942, firstUniqueVarValLine=193, firstUniqueReturnLine=193, firstUniqueReturnHash=-1601023834, firstUniqueVarVal='{return-object}=[]'}}
Oct 13, 2022 11:43:46 AM se.kth.assertgroup.core.analysis.statediff.ui.StateDiffUIManipulator addStateDiffToExecDiffUI
INFO: For commit 4a84d306aff9a3655b1b511752ff51b22cf927ff diff computation took 166 MILLIS
Oct 13, 2022 11:43:46 AM se.kth.assertgroup.core.analysis.statediff.ui.StateDiffUIManipulator addStateDiffToExecDiffUI
INFO: For commit 4a84d306aff9a3655b1b511752ff51b22cf927ff UI manipulation took 93 MILLIS
