SLF4J: Failed to load class "org.slf4j.impl.StaticLoggerBinder".
SLF4J: Defaulting to no-operation (NOP) logger implementation
SLF4J: See http://www.slf4j.org/codes.html#StaticLoggerBinder for further details.
Starting ChromeDriver 98.0.4758.80 (7f0488e8ba0d8e019187c6325a16c29d9b7f4989-refs/branch-heads/4758@{#972}) on port 52119
Only local connections are allowed.
Please see https://chromedriver.chromium.org/security-considerations for suggestions on keeping ChromeDriver safe.
ChromeDriver was started successfully.
Oct 13, 2022 8:23:27 PM org.openqa.selenium.remote.ProtocolHandshake createSession
INFO: Detected dialect: W3C
Oct 13, 2022 8:23:27 PM org.openqa.selenium.devtools.CdpVersionFinder findNearestMatch
WARNING: Unable to find an exact match for CDP version 98, so returning the closest version found: a no-op implementation
Oct 13, 2022 8:23:27 PM org.openqa.selenium.devtools.CdpVersionFinder findNearestMatch
INFO: Unable to find CDP implementation matching 98.
Oct 13, 2022 8:23:27 PM org.openqa.selenium.chromium.ChromiumDriver lambda$new$3
WARNING: Unable to find version of CDP to use for . You may need to include a dependency on a specific version of the CDP using something similar to `org.seleniumhq.selenium:selenium-devtools-v86:4.0.0` where the version ("v86") matches the version of the chromium-based browser you're using and the version number of the artifact is the same as Selenium's.
Oct 13, 2022 8:24:44 PM se.kth.assertgroup.core.analysis.statediff.ui.StateDiffUIManipulator addStateDiffToExecDiffUI
INFO: Line mappings and vars computed.
Oct 13, 2022 8:24:44 PM se.kth.assertgroup.core.analysis.statediff.ui.StateDiffUIManipulator addStateDiffToExecDiffUI
INFO: For commit 15c4d000fbc7607124a40780d206e8edc612167c line mappings and vars computation took 82146 MILLIS
Oct 13, 2022 8:25:22 PM se.kth.assertgroup.core.analysis.statediff.ui.StateDiffUIManipulator addStateDiffToExecDiffUI
INFO: ProgramStateDiff{firstOriginalUniqueStateSummary=UniqueStateSummary{differencingTest=org.apache.commons.math3.optimization.direct.CMAESOptimizerTest::testMath864, firstUniqueStateLine=990, firstUniqueVarValLine=990, firstUniqueStateHash=1118233282, firstUniqueVarVal='x[0]=0.9999992606951172'}, firstPatchedUniqueStateSummary=UniqueStateSummary{differencingTest=org.apache.commons.math3.optimization.direct.CMAESOptimizerTest::testMath864, firstUniqueStateLine=990, firstUniqueVarValLine=990, firstUniqueStateHash=556348794, firstUniqueVarVal='x[0]=0.999999433519892'}, originalUniqueReturn=UniqueReturnSummary{differencingTest=org.apache.commons.math3.optimization.direct.CMAESOptimizerTest::testMath864, firstUniqueVarValLine=1000, firstUniqueReturnLine=1000, firstUniqueReturnHash=-2041207277, firstUniqueVarVal='{return-object}[0]=0.9999992606951172'}, patchedUniqueReturn=UniqueReturnSummary{differencingTest=org.apache.commons.math3.optimization.direct.CMAESOptimizerTest::testMath864, firstUniqueVarValLine=999, firstUniqueReturnLine=999, firstUniqueReturnHash=780147503, firstUniqueVarVal='{return-object}[0]=0.999999433519892'}}
Oct 13, 2022 8:25:22 PM se.kth.assertgroup.core.analysis.statediff.ui.StateDiffUIManipulator addStateDiffToExecDiffUI
INFO: For commit 15c4d000fbc7607124a40780d206e8edc612167c diff computation took 37595 MILLIS
Oct 13, 2022 8:25:22 PM se.kth.assertgroup.core.analysis.statediff.ui.StateDiffUIManipulator addStateDiffToExecDiffUI
INFO: For commit 15c4d000fbc7607124a40780d206e8edc612167c UI manipulation took 73 MILLIS
