SLF4J: Failed to load class "org.slf4j.impl.StaticLoggerBinder".
SLF4J: Defaulting to no-operation (NOP) logger implementation
SLF4J: See http://www.slf4j.org/codes.html#StaticLoggerBinder for further details.
Starting ChromeDriver 101.0.4951.41 (93c720db8323b3ec10d056025ab95c23a31997c9-refs/branch-heads/4951@{#904}) on port 46996
Only local connections are allowed.
Please see https://chromedriver.chromium.org/security-considerations for suggestions on keeping ChromeDriver safe.
ChromeDriver was started successfully.
[1666454792.370][WARNING]: This version of ChromeDriver has not been tested with Chrome version 102.
Oct 22, 2022 4:06:32 PM org.openqa.selenium.remote.ProtocolHandshake createSession
INFO: Detected dialect: W3C
Oct 22, 2022 4:06:32 PM org.openqa.selenium.devtools.CdpVersionFinder findNearestMatch
WARNING: Unable to find an exact match for CDP version 102, so returning the closest version found: a no-op implementation
Oct 22, 2022 4:06:32 PM org.openqa.selenium.devtools.CdpVersionFinder findNearestMatch
INFO: Unable to find CDP implementation matching 102.
Oct 22, 2022 4:06:32 PM org.openqa.selenium.chromium.ChromiumDriver lambda$new$3
WARNING: Unable to find version of CDP to use for . You may need to include a dependency on a specific version of the CDP using something similar to `org.seleniumhq.selenium:selenium-devtools-v86:4.0.0` where the version ("v86") matches the version of the chromium-based browser you're using and the version number of the artifact is the same as Selenium's.
Oct 22, 2022 4:06:50 PM se.kth.assertgroup.core.analysis.statediff.ui.StateDiffUIManipulator addStateDiffToExecDiffUI
INFO: Line mappings and vars computed.
Oct 22, 2022 4:06:50 PM se.kth.assertgroup.core.analysis.statediff.ui.StateDiffUIManipulator addStateDiffToExecDiffUI
INFO: For commit f032a9e85cbc36db13be78c7f617b6b729d07441 line mappings and vars computation took 20542 MILLIS
Oct 22, 2022 4:07:20 PM se.kth.assertgroup.core.analysis.statediff.ui.StateDiffUIManipulator addStateDiffToExecDiffUI
INFO: ProgramStateDiff{firstOriginalUniqueStateSummary=UniqueStateSummary{differencingTest=org.apache.commons.math.analysis.solvers.RegulaFalsiSolverTest::testIssue631, firstUniqueStateLine=198, firstUniqueVarValLine=235, firstUniqueStateHash=-1759118231, firstUniqueVarVal='x0=6.717094328774089'}, firstPatchedUniqueStateSummary=UniqueStateSummary{differencingTest=null, firstUniqueStateLine=187, firstUniqueVarValLine=null, firstUniqueStateHash=-1836237305, firstUniqueVarVal='null'}, originalUniqueReturn=UniqueReturnSummary{differencingTest=org.apache.commons.math.analysis.solvers.RegulaFalsiSolverTest::testIssue631, firstUniqueVarValLine=239, firstUniqueReturnLine=239, firstUniqueReturnHash=-1186700920, firstUniqueVarVal='{return-object}=3.4341896575482003'}, patchedUniqueReturn=UniqueReturnSummary{differencingTest=null, firstUniqueVarValLine=null, firstUniqueReturnLine=null, firstUniqueReturnHash=null, firstUniqueVarVal='null'}}
Oct 22, 2022 4:07:20 PM se.kth.assertgroup.core.analysis.statediff.ui.StateDiffUIManipulator addStateDiffToExecDiffUI
INFO: For commit f032a9e85cbc36db13be78c7f617b6b729d07441 diff computation took 30435 MILLIS
Oct 22, 2022 4:07:20 PM se.kth.assertgroup.core.analysis.statediff.ui.StateDiffUIManipulator addStateDiffToExecDiffUI
INFO: For commit f032a9e85cbc36db13be78c7f617b6b729d07441 UI manipulation took 35 MILLIS
