SLF4J: Failed to load class "org.slf4j.impl.StaticLoggerBinder".
SLF4J: Defaulting to no-operation (NOP) logger implementation
SLF4J: See http://www.slf4j.org/codes.html#StaticLoggerBinder for further details.
Starting ChromeDriver 98.0.4758.80 (7f0488e8ba0d8e019187c6325a16c29d9b7f4989-refs/branch-heads/4758@{#972}) on port 55295
Only local connections are allowed.
Please see https://chromedriver.chromium.org/security-considerations for suggestions on keeping ChromeDriver safe.
ChromeDriver was started successfully.
Oct 15, 2022 6:41:30 PM org.openqa.selenium.remote.ProtocolHandshake createSession
INFO: Detected dialect: W3C
Oct 15, 2022 6:41:30 PM org.openqa.selenium.devtools.CdpVersionFinder findNearestMatch
WARNING: Unable to find an exact match for CDP version 98, so returning the closest version found: a no-op implementation
Oct 15, 2022 6:41:30 PM org.openqa.selenium.devtools.CdpVersionFinder findNearestMatch
INFO: Unable to find CDP implementation matching 98.
Oct 15, 2022 6:41:30 PM org.openqa.selenium.chromium.ChromiumDriver lambda$new$3
WARNING: Unable to find version of CDP to use for . You may need to include a dependency on a specific version of the CDP using something similar to `org.seleniumhq.selenium:selenium-devtools-v86:4.0.0` where the version ("v86") matches the version of the chromium-based browser you're using and the version number of the artifact is the same as Selenium's.
Oct 15, 2022 6:41:45 PM se.kth.assertgroup.core.analysis.statediff.ui.StateDiffUIManipulator addStateDiffToExecDiffUI
INFO: Line mappings and vars computed.
Oct 15, 2022 6:41:45 PM se.kth.assertgroup.core.analysis.statediff.ui.StateDiffUIManipulator addStateDiffToExecDiffUI
INFO: For commit bfdec12ac1a5fd449afcdc18f48dadd1d7b6a071 line mappings and vars computation took 19083 MILLIS
Oct 15, 2022 6:41:51 PM se.kth.assertgroup.core.analysis.statediff.ui.StateDiffUIManipulator addStateDiffToExecDiffUI
INFO: ProgramStateDiff{firstOriginalUniqueStateSummary=UniqueStateSummary{differencingTest=org.apache.commons.math3.distribution.HypergeometricDistributionTest::testMath1021, firstUniqueStateLine=101, firstUniqueVarValLine=101, firstUniqueStateHash=-508603541, firstUniqueVarVal='p=0.8063140217034568'}, firstPatchedUniqueStateSummary=UniqueStateSummary{differencingTest=org.apache.commons.math3.distribution.HypergeometricDistributionTest::testMath1021, firstUniqueStateLine=101, firstUniqueVarValLine=101, firstUniqueStateHash=166019744, firstUniqueVarVal='p=0.487458066417753'}, originalUniqueReturn=UniqueReturnSummary{differencingTest=org.apache.commons.math3.distribution.HypergeometricDistributionTest::testMath1021, firstUniqueVarValLine=142, firstUniqueReturnLine=142, firstUniqueReturnHash=-1472286574, firstUniqueVarVal='{return-object}=-49'}, patchedUniqueReturn=UniqueReturnSummary{differencingTest=org.apache.commons.math3.distribution.HypergeometricDistributionTest::testMath1021, firstUniqueVarValLine=142, firstUniqueReturnLine=142, firstUniqueReturnHash=1010715369, firstUniqueVarVal='{return-object}=50'}}
Oct 15, 2022 6:41:51 PM se.kth.assertgroup.core.analysis.statediff.ui.StateDiffUIManipulator addStateDiffToExecDiffUI
INFO: For commit bfdec12ac1a5fd449afcdc18f48dadd1d7b6a071 diff computation took 6287 MILLIS
Oct 15, 2022 6:41:52 PM se.kth.assertgroup.core.analysis.statediff.ui.StateDiffUIManipulator addStateDiffToExecDiffUI
INFO: For commit bfdec12ac1a5fd449afcdc18f48dadd1d7b6a071 UI manipulation took 110 MILLIS
