SLF4J: Failed to load class "org.slf4j.impl.StaticLoggerBinder".
SLF4J: Defaulting to no-operation (NOP) logger implementation
SLF4J: See http://www.slf4j.org/codes.html#StaticLoggerBinder for further details.
Starting ChromeDriver 98.0.4758.80 (7f0488e8ba0d8e019187c6325a16c29d9b7f4989-refs/branch-heads/4758@{#972}) on port 50908
Only local connections are allowed.
Please see https://chromedriver.chromium.org/security-considerations for suggestions on keeping ChromeDriver safe.
ChromeDriver was started successfully.
Oct 12, 2022 2:24:54 AM org.openqa.selenium.remote.ProtocolHandshake createSession
INFO: Detected dialect: W3C
Oct 12, 2022 2:24:54 AM org.openqa.selenium.devtools.CdpVersionFinder findNearestMatch
WARNING: Unable to find an exact match for CDP version 98, so returning the closest version found: a no-op implementation
Oct 12, 2022 2:24:54 AM org.openqa.selenium.devtools.CdpVersionFinder findNearestMatch
INFO: Unable to find CDP implementation matching 98.
Oct 12, 2022 2:24:54 AM org.openqa.selenium.chromium.ChromiumDriver lambda$new$3
WARNING: Unable to find version of CDP to use for . You may need to include a dependency on a specific version of the CDP using something similar to `org.seleniumhq.selenium:selenium-devtools-v86:4.0.0` where the version ("v86") matches the version of the chromium-based browser you're using and the version number of the artifact is the same as Selenium's.
Oct 12, 2022 2:25:11 AM se.kth.assertgroup.core.analysis.statediff.ui.StateDiffUIManipulator addStateDiffToExecDiffUI
INFO: Line mappings and vars computed.
Oct 12, 2022 2:25:11 AM se.kth.assertgroup.core.analysis.statediff.ui.StateDiffUIManipulator addStateDiffToExecDiffUI
INFO: For commit ec0623df748f0f7e78505c97283e88df4aea8e78 line mappings and vars computation took 19995 MILLIS
Oct 12, 2022 2:25:15 AM se.kth.assertgroup.core.analysis.statediff.ui.StateDiffUIManipulator addStateDiffToExecDiffUI
INFO: ProgramStateDiff{firstOriginalUniqueStateSummary=UniqueStateSummary{differencingTest=org.apache.commons.math3.distribution.HypergeometricDistributionTest::testMath1021, firstUniqueStateLine=101, firstUniqueVarValLine=101, firstUniqueStateHash=-334178871, firstUniqueVarVal='p=0.8531502913196702'}, firstPatchedUniqueStateSummary=UniqueStateSummary{differencingTest=org.apache.commons.math3.distribution.HypergeometricDistributionTest::testMath1021, firstUniqueStateLine=101, firstUniqueVarValLine=101, firstUniqueStateHash=-307188186, firstUniqueVarVal='p=0.13904187219905673'}, originalUniqueReturn=UniqueReturnSummary{differencingTest=org.apache.commons.math3.distribution.HypergeometricDistributionTest::testMath1021, firstUniqueVarValLine=142, firstUniqueReturnLine=142, firstUniqueReturnHash=-1472286574, firstUniqueVarVal='{return-object}=-49'}, patchedUniqueReturn=UniqueReturnSummary{differencingTest=org.apache.commons.math3.distribution.HypergeometricDistributionTest::testMath1021, firstUniqueVarValLine=141, firstUniqueReturnLine=141, firstUniqueReturnHash=990397907, firstUniqueVarVal='{return-object}=49'}}
Oct 12, 2022 2:25:15 AM se.kth.assertgroup.core.analysis.statediff.ui.StateDiffUIManipulator addStateDiffToExecDiffUI
INFO: For commit ec0623df748f0f7e78505c97283e88df4aea8e78 diff computation took 4109 MILLIS
Oct 12, 2022 2:25:15 AM se.kth.assertgroup.core.analysis.statediff.ui.StateDiffUIManipulator addStateDiffToExecDiffUI
INFO: For commit ec0623df748f0f7e78505c97283e88df4aea8e78 UI manipulation took 137 MILLIS
