SLF4J: Failed to load class "org.slf4j.impl.StaticLoggerBinder".
SLF4J: Defaulting to no-operation (NOP) logger implementation
SLF4J: See http://www.slf4j.org/codes.html#StaticLoggerBinder for further details.
Starting ChromeDriver 98.0.4758.80 (7f0488e8ba0d8e019187c6325a16c29d9b7f4989-refs/branch-heads/4758@{#972}) on port 57823
Only local connections are allowed.
Please see https://chromedriver.chromium.org/security-considerations for suggestions on keeping ChromeDriver safe.
ChromeDriver was started successfully.
Oct 12, 2022 9:40:16 PM org.openqa.selenium.remote.ProtocolHandshake createSession
INFO: Detected dialect: W3C
Oct 12, 2022 9:40:16 PM org.openqa.selenium.devtools.CdpVersionFinder findNearestMatch
WARNING: Unable to find an exact match for CDP version 98, so returning the closest version found: a no-op implementation
Oct 12, 2022 9:40:16 PM org.openqa.selenium.devtools.CdpVersionFinder findNearestMatch
INFO: Unable to find CDP implementation matching 98.
Oct 12, 2022 9:40:16 PM org.openqa.selenium.chromium.ChromiumDriver lambda$new$3
WARNING: Unable to find version of CDP to use for . You may need to include a dependency on a specific version of the CDP using something similar to `org.seleniumhq.selenium:selenium-devtools-v86:4.0.0` where the version ("v86") matches the version of the chromium-based browser you're using and the version number of the artifact is the same as Selenium's.
Oct 12, 2022 9:40:31 PM se.kth.assertgroup.core.analysis.statediff.ui.StateDiffUIManipulator addStateDiffToExecDiffUI
INFO: Line mappings and vars computed.
Oct 12, 2022 9:40:31 PM se.kth.assertgroup.core.analysis.statediff.ui.StateDiffUIManipulator addStateDiffToExecDiffUI
INFO: For commit 619f05bf27d7ff8581c79e19f436f23233e42e85 line mappings and vars computation took 18490 MILLIS
Oct 12, 2022 9:40:31 PM se.kth.assertgroup.core.analysis.statediff.ui.StateDiffUIManipulator addStateDiffToExecDiffUI
INFO: ProgramStateDiff{firstOriginalUniqueStateSummary=UniqueStateSummary{differencingTest=null, firstUniqueStateLine=null, firstUniqueVarValLine=null, firstUniqueStateHash=null, firstUniqueVarVal='null'}, firstPatchedUniqueStateSummary=UniqueStateSummary{differencingTest=null, firstUniqueStateLine=null, firstUniqueVarValLine=null, firstUniqueStateHash=null, firstUniqueVarVal='null'}, originalUniqueReturn=UniqueReturnSummary{differencingTest=org.apache.commons.math3.optim.nonlinear.scalar.gradient.NonLinearConjugateGradientOptimizerTest::testTrivial, firstUniqueVarValLine=93, firstUniqueReturnLine=93, firstUniqueReturnHash=999670928, firstUniqueVarVal='{return-object}=0'}, patchedUniqueReturn=UniqueReturnSummary{differencingTest=org.apache.commons.math3.optim.nonlinear.scalar.gradient.NonLinearConjugateGradientOptimizerTest::testTrivial, firstUniqueVarValLine=93, firstUniqueReturnLine=93, firstUniqueReturnHash=1002441491, firstUniqueVarVal='{return-object}=3'}}
Oct 12, 2022 9:40:31 PM se.kth.assertgroup.core.analysis.statediff.ui.StateDiffUIManipulator addStateDiffToExecDiffUI
INFO: For commit 619f05bf27d7ff8581c79e19f436f23233e42e85 diff computation took 58 MILLIS
Oct 12, 2022 9:40:31 PM se.kth.assertgroup.core.analysis.statediff.ui.StateDiffUIManipulator addStateDiffToExecDiffUI
INFO: For commit 619f05bf27d7ff8581c79e19f436f23233e42e85 UI manipulation took 38 MILLIS
