SLF4J: Failed to load class "org.slf4j.impl.StaticLoggerBinder".
SLF4J: Defaulting to no-operation (NOP) logger implementation
SLF4J: See http://www.slf4j.org/codes.html#StaticLoggerBinder for further details.
Starting ChromeDriver 98.0.4758.80 (7f0488e8ba0d8e019187c6325a16c29d9b7f4989-refs/branch-heads/4758@{#972}) on port 33338
Only local connections are allowed.
Please see https://chromedriver.chromium.org/security-considerations for suggestions on keeping ChromeDriver safe.
ChromeDriver was started successfully.
Oct 13, 2022 12:14:56 PM org.openqa.selenium.remote.ProtocolHandshake createSession
INFO: Detected dialect: W3C
Oct 13, 2022 12:14:56 PM org.openqa.selenium.devtools.CdpVersionFinder findNearestMatch
WARNING: Unable to find an exact match for CDP version 98, so returning the closest version found: a no-op implementation
Oct 13, 2022 12:14:56 PM org.openqa.selenium.devtools.CdpVersionFinder findNearestMatch
INFO: Unable to find CDP implementation matching 98.
Oct 13, 2022 12:14:56 PM org.openqa.selenium.chromium.ChromiumDriver lambda$new$3
WARNING: Unable to find version of CDP to use for . You may need to include a dependency on a specific version of the CDP using something similar to `org.seleniumhq.selenium:selenium-devtools-v86:4.0.0` where the version ("v86") matches the version of the chromium-based browser you're using and the version number of the artifact is the same as Selenium's.
Oct 13, 2022 12:15:11 PM se.kth.assertgroup.core.analysis.statediff.ui.StateDiffUIManipulator addStateDiffToExecDiffUI
INFO: Line mappings and vars computed.
Oct 13, 2022 12:15:11 PM se.kth.assertgroup.core.analysis.statediff.ui.StateDiffUIManipulator addStateDiffToExecDiffUI
INFO: For commit 75b8a8a31549413cdf4a75f7cec0856cc4281b4c line mappings and vars computation took 17757 MILLIS
Oct 13, 2022 12:15:11 PM se.kth.assertgroup.core.analysis.statediff.ui.StateDiffUIManipulator addStateDiffToExecDiffUI
INFO: ProgramStateDiff{firstOriginalUniqueStateSummary=UniqueStateSummary{differencingTest=null, firstUniqueStateLine=null, firstUniqueVarValLine=null, firstUniqueStateHash=null, firstUniqueVarVal='null'}, firstPatchedUniqueStateSummary=UniqueStateSummary{differencingTest=org.apache.commons.math.distribution.FDistributionTest::testSmallDegreesOfFreedom, firstUniqueStateLine=145, firstUniqueVarValLine=147, firstUniqueStateHash=800921241, firstUniqueVarVal='d=2.0'}, originalUniqueReturn=UniqueReturnSummary{differencingTest=org.apache.commons.math.distribution.FDistributionTest::testSmallDegreesOfFreedom, firstUniqueVarValLine=148, firstUniqueReturnLine=148, firstUniqueReturnHash=-1431133324, firstUniqueVarVal='{return-object}=-1.0'}, patchedUniqueReturn=UniqueReturnSummary{differencingTest=org.apache.commons.math.distribution.FDistributionTest::testSmallDegreesOfFreedom, firstUniqueVarValLine=148, firstUniqueReturnLine=148, firstUniqueReturnHash=-1288305420, firstUniqueVarVal='{return-object}=0.4959706533253018'}}
Oct 13, 2022 12:15:11 PM se.kth.assertgroup.core.analysis.statediff.ui.StateDiffUIManipulator addStateDiffToExecDiffUI
INFO: For commit 75b8a8a31549413cdf4a75f7cec0856cc4281b4c diff computation took 60 MILLIS
Oct 13, 2022 12:15:11 PM se.kth.assertgroup.core.analysis.statediff.ui.StateDiffUIManipulator addStateDiffToExecDiffUI
INFO: For commit 75b8a8a31549413cdf4a75f7cec0856cc4281b4c UI manipulation took 49 MILLIS
