SLF4J: Failed to load class "org.slf4j.impl.StaticLoggerBinder".
SLF4J: Defaulting to no-operation (NOP) logger implementation
SLF4J: See http://www.slf4j.org/codes.html#StaticLoggerBinder for further details.
Starting ChromeDriver 98.0.4758.80 (7f0488e8ba0d8e019187c6325a16c29d9b7f4989-refs/branch-heads/4758@{#972}) on port 39637
Only local connections are allowed.
Please see https://chromedriver.chromium.org/security-considerations for suggestions on keeping ChromeDriver safe.
ChromeDriver was started successfully.
Oct 11, 2022 4:14:42 PM org.openqa.selenium.remote.ProtocolHandshake createSession
INFO: Detected dialect: W3C
Oct 11, 2022 4:14:42 PM org.openqa.selenium.devtools.CdpVersionFinder findNearestMatch
WARNING: Unable to find an exact match for CDP version 98, so returning the closest version found: a no-op implementation
Oct 11, 2022 4:14:42 PM org.openqa.selenium.devtools.CdpVersionFinder findNearestMatch
INFO: Unable to find CDP implementation matching 98.
Oct 11, 2022 4:14:42 PM org.openqa.selenium.chromium.ChromiumDriver lambda$new$3
WARNING: Unable to find version of CDP to use for . You may need to include a dependency on a specific version of the CDP using something similar to `org.seleniumhq.selenium:selenium-devtools-v86:4.0.0` where the version ("v86") matches the version of the chromium-based browser you're using and the version number of the artifact is the same as Selenium's.
Oct 11, 2022 4:16:20 PM se.kth.assertgroup.core.analysis.statediff.ui.StateDiffUIManipulator addStateDiffToExecDiffUI
INFO: Line mappings and vars computed.
Oct 11, 2022 4:16:20 PM se.kth.assertgroup.core.analysis.statediff.ui.StateDiffUIManipulator addStateDiffToExecDiffUI
INFO: For commit 4edecdd242e3878be88fcfc7ab35f624a7ab4c65 line mappings and vars computation took 103014 MILLIS
Oct 11, 2022 4:17:52 PM se.kth.assertgroup.core.analysis.statediff.ui.StateDiffUIManipulator addStateDiffToExecDiffUI
INFO: ProgramStateDiff{firstOriginalUniqueStateSummary=UniqueStateSummary{differencingTest=org.joda.time.tz.TestCompiler::testDateTimeZoneBuilder, firstUniqueStateLine=372, firstUniqueVarValLine=372, firstUniqueStateHash=1351351375, firstUniqueVarVal='id=TestDTZ1'}, firstPatchedUniqueStateSummary=UniqueStateSummary{differencingTest=org.joda.time.tz.TestCompiler::testDateTimeZoneBuilder, firstUniqueStateLine=362, firstUniqueVarValLine=369, firstUniqueStateHash=1351351375, firstUniqueVarVal='next.iWallOffset=3600000'}, originalUniqueReturn=UniqueReturnSummary{differencingTest=org.joda.time.tz.TestCompiler::testDateTimeZoneBuilder, firstUniqueVarValLine=398, firstUniqueReturnLine=398, firstUniqueReturnHash=1056138608, firstUniqueVarVal='{return-object}.iZone.iTailZone.iID=TestDTZ1'}, patchedUniqueReturn=UniqueReturnSummary{differencingTest=org.joda.time.tz.TestCompiler::testDateTimeZoneBuilder, firstUniqueVarValLine=400, firstUniqueReturnLine=400, firstUniqueReturnHash=1436038334, firstUniqueVarVal='{return-object}.iZone.iNameKeys[7]='}}
Oct 11, 2022 4:17:52 PM se.kth.assertgroup.core.analysis.statediff.ui.StateDiffUIManipulator addStateDiffToExecDiffUI
INFO: For commit 4edecdd242e3878be88fcfc7ab35f624a7ab4c65 diff computation took 92180 MILLIS
Oct 11, 2022 4:17:52 PM se.kth.assertgroup.core.analysis.statediff.ui.StateDiffUIManipulator addStateDiffToExecDiffUI
INFO: For commit 4edecdd242e3878be88fcfc7ab35f624a7ab4c65 UI manipulation took 62 MILLIS
