HEAD is now at e5d67a81 bugs added
WARNING: An illegal reflective access operation has occurred
WARNING: Illegal reflective access by com.google.inject.internal.cglib.core.$ReflectUtils$1 (file:/usr/share/maven/lib/guice.jar) to method java.lang.ClassLoader.defineClass(java.lang.String,byte[],int,int,java.security.ProtectionDomain)
WARNING: Please consider reporting this to the maintainers of com.google.inject.internal.cglib.core.$ReflectUtils$1
WARNING: Use --illegal-access=warn to enable warnings of further illegal reflective access operations
WARNING: All illegal access operations will be denied in a future release
WARNING: An illegal reflective access operation has occurred
WARNING: Illegal reflective access by com.google.inject.internal.cglib.core.$ReflectUtils$1 (file:/usr/share/maven/lib/guice.jar) to method java.lang.ClassLoader.defineClass(java.lang.String,byte[],int,int,java.security.ProtectionDomain)
WARNING: Please consider reporting this to the maintainers of com.google.inject.internal.cglib.core.$ReflectUtils$1
WARNING: Use --illegal-access=warn to enable warnings of further illegal reflective access operations
WARNING: All illegal access operations will be denied in a future release
Previous HEAD position was e5d67a81 bugs added
HEAD is now at 8d32b84d patch applied
WARNING: An illegal reflective access operation has occurred
WARNING: Illegal reflective access by com.google.inject.internal.cglib.core.$ReflectUtils$1 (file:/usr/share/maven/lib/guice.jar) to method java.lang.ClassLoader.defineClass(java.lang.String,byte[],int,int,java.security.ProtectionDomain)
WARNING: Please consider reporting this to the maintainers of com.google.inject.internal.cglib.core.$ReflectUtils$1
WARNING: Use --illegal-access=warn to enable warnings of further illegal reflective access operations
WARNING: All illegal access operations will be denied in a future release
WARNING: An illegal reflective access operation has occurred
WARNING: Illegal reflective access by com.google.inject.internal.cglib.core.$ReflectUtils$1 (file:/usr/share/maven/lib/guice.jar) to method java.lang.ClassLoader.defineClass(java.lang.String,byte[],int,int,java.security.ProtectionDomain)
WARNING: Please consider reporting this to the maintainers of com.google.inject.internal.cglib.core.$ReflectUtils$1
WARNING: Use --illegal-access=warn to enable warnings of further illegal reflective access operations
WARNING: All illegal access operations will be denied in a future release
SLF4J: Failed to load class "org.slf4j.impl.StaticLoggerBinder".
SLF4J: Defaulting to no-operation (NOP) logger implementation
SLF4J: See http://www.slf4j.org/codes.html#StaticLoggerBinder for further details.
Oct 18, 2022 9:56:35 AM se.kth.debug.Debugger launchVMAndJunit
INFO: java -cp /home/khaes/phd/projects/explanation/code/tmp/collector-sahab/target/collector-sahab-0.0.1-SNAPSHOT-jar-with-dependencies.jar:/home/khaes/phd/projects/explanation/code/tmp/drr-execdiff/Math-81/sahab-left_8d32b84d1763e990be79973b75c0a4a4316c2831/classes:/home/khaes/phd/projects/explanation/code/tmp/drr-execdiff/Math-81/sahab-left_8d32b84d1763e990be79973b75c0a4a4316c2831/test-classes:/home/khaes/.m2/repository/junit/junit/4.4/junit-4.4.jar se.kth.debug.JUnitTestRunner org.apache.commons.math.linear.EigenDecompositionImplTest::testMath308
Oct 18, 2022 9:56:35 AM se.kth.debug.Debugger launchVMAndJunit
INFO: Connected to port: 49065
Oct 18, 2022 9:56:35 AM se.kth.debug.Debugger addClassPrepareEvent
INFO: org.apache.commons.math.linear.EigenDecompositionImpl added!
Oct 18, 2022 9:56:36 AM se.kth.debug.Debugger setBreakpoints
WARNING: 1476 is not a valid breakpoint in org.apache.commons.math.linear.EigenDecompositionImpl
Oct 18, 2022 9:56:36 AM se.kth.debug.Debugger setBreakpoints
WARNING: 1477 is not a valid breakpoint in org.apache.commons.math.linear.EigenDecompositionImpl
Oct 18, 2022 9:56:40 AM se.kth.debug.EventProcessor startEventProcessor
WARNING: com.sun.jdi.VMDisconnectedException
Oct 18, 2022 9:56:41 AM se.kth.debug.Collector write
INFO: Breakpoints serialised!
Oct 18, 2022 9:56:41 AM se.kth.debug.Collector write
INFO: Return values serialised!
Oct 18, 2022 9:56:41 AM se.kth.debug.Collector write
INFO: File output to: /home/khaes/phd/projects/explanation/code/tmp/output/sahab-reports/8d32b84d1763e990be79973b75c0a4a4316c2831/left.json
Oct 18, 2022 9:56:41 AM se.kth.debug.Debugger launchVMAndJunit
INFO: java -cp /home/khaes/phd/projects/explanation/code/tmp/collector-sahab/target/collector-sahab-0.0.1-SNAPSHOT-jar-with-dependencies.jar:/home/khaes/phd/projects/explanation/code/tmp/drr-execdiff/Math-81/sahab-right_8d32b84d1763e990be79973b75c0a4a4316c2831/classes:/home/khaes/phd/projects/explanation/code/tmp/drr-execdiff/Math-81/sahab-right_8d32b84d1763e990be79973b75c0a4a4316c2831/test-classes:/home/khaes/.m2/repository/junit/junit/4.4/junit-4.4.jar se.kth.debug.JUnitTestRunner org.apache.commons.math.linear.EigenDecompositionImplTest::testMath308
Oct 18, 2022 9:56:41 AM se.kth.debug.Debugger launchVMAndJunit
INFO: Connected to port: 42755
Oct 18, 2022 9:56:41 AM se.kth.debug.Debugger addClassPrepareEvent
INFO: org.apache.commons.math.linear.EigenDecompositionImpl added!
Oct 18, 2022 9:56:42 AM se.kth.debug.Debugger setBreakpoints
WARNING: 1476 is not a valid breakpoint in org.apache.commons.math.linear.EigenDecompositionImpl
Oct 18, 2022 9:56:42 AM se.kth.debug.Debugger setBreakpoints
WARNING: 1477 is not a valid breakpoint in org.apache.commons.math.linear.EigenDecompositionImpl
Oct 18, 2022 9:56:47 AM se.kth.debug.EventProcessor startEventProcessor
WARNING: com.sun.jdi.VMDisconnectedException
Oct 18, 2022 9:56:48 AM se.kth.debug.Collector write
INFO: Breakpoints serialised!
Oct 18, 2022 9:56:48 AM se.kth.debug.Collector write
INFO: Return values serialised!
Oct 18, 2022 9:56:48 AM se.kth.debug.Collector write
INFO: File output to: /home/khaes/phd/projects/explanation/code/tmp/output/sahab-reports/8d32b84d1763e990be79973b75c0a4a4316c2831/right.json
