HEAD is now at e5d67a81 bugs added
WARNING: An illegal reflective access operation has occurred
WARNING: Illegal reflective access by com.google.inject.internal.cglib.core.$ReflectUtils$1 (file:/usr/share/maven/lib/guice.jar) to method java.lang.ClassLoader.defineClass(java.lang.String,byte[],int,int,java.security.ProtectionDomain)
WARNING: Please consider reporting this to the maintainers of com.google.inject.internal.cglib.core.$ReflectUtils$1
WARNING: Use --illegal-access=warn to enable warnings of further illegal reflective access operations
WARNING: All illegal access operations will be denied in a future release
WARNING: An illegal reflective access operation has occurred
WARNING: Illegal reflective access by com.google.inject.internal.cglib.core.$ReflectUtils$1 (file:/usr/share/maven/lib/guice.jar) to method java.lang.ClassLoader.defineClass(java.lang.String,byte[],int,int,java.security.ProtectionDomain)
WARNING: Please consider reporting this to the maintainers of com.google.inject.internal.cglib.core.$ReflectUtils$1
WARNING: Use --illegal-access=warn to enable warnings of further illegal reflective access operations
WARNING: All illegal access operations will be denied in a future release
Previous HEAD position was e5d67a81 bugs added
HEAD is now at 8c0d18f4 patch applied
WARNING: An illegal reflective access operation has occurred
WARNING: Illegal reflective access by com.google.inject.internal.cglib.core.$ReflectUtils$1 (file:/usr/share/maven/lib/guice.jar) to method java.lang.ClassLoader.defineClass(java.lang.String,byte[],int,int,java.security.ProtectionDomain)
WARNING: Please consider reporting this to the maintainers of com.google.inject.internal.cglib.core.$ReflectUtils$1
WARNING: Use --illegal-access=warn to enable warnings of further illegal reflective access operations
WARNING: All illegal access operations will be denied in a future release
WARNING: An illegal reflective access operation has occurred
WARNING: Illegal reflective access by com.google.inject.internal.cglib.core.$ReflectUtils$1 (file:/usr/share/maven/lib/guice.jar) to method java.lang.ClassLoader.defineClass(java.lang.String,byte[],int,int,java.security.ProtectionDomain)
WARNING: Please consider reporting this to the maintainers of com.google.inject.internal.cglib.core.$ReflectUtils$1
WARNING: Use --illegal-access=warn to enable warnings of further illegal reflective access operations
WARNING: All illegal access operations will be denied in a future release
SLF4J: Failed to load class "org.slf4j.impl.StaticLoggerBinder".
SLF4J: Defaulting to no-operation (NOP) logger implementation
SLF4J: See http://www.slf4j.org/codes.html#StaticLoggerBinder for further details.
Oct 16, 2022 6:42:55 PM se.kth.debug.Debugger launchVMAndJunit
INFO: java -cp /home/khaes/phd/projects/explanation/code/tmp/collector-sahab/target/collector-sahab-0.0.1-SNAPSHOT-jar-with-dependencies.jar:/home/khaes/phd/projects/explanation/code/tmp/drr-execdiff/Math-82/sahab-left_8c0d18f4c3ba063e1b07ca221e9dd374c3776a70/classes:/home/khaes/phd/projects/explanation/code/tmp/drr-execdiff/Math-82/sahab-left_8c0d18f4c3ba063e1b07ca221e9dd374c3776a70/test-classes:/home/khaes/.m2/repository/junit/junit/4.4/junit-4.4.jar se.kth.debug.JUnitTestRunner org.apache.commons.math.optimization.linear.SimplexSolverTest::testMath288
Oct 16, 2022 6:42:55 PM se.kth.debug.Debugger launchVMAndJunit
INFO: Connected to port: 54059
Oct 16, 2022 6:42:55 PM se.kth.debug.Debugger addClassPrepareEvent
INFO: org.apache.commons.math.optimization.linear.SimplexSolver added!
Oct 16, 2022 6:43:00 PM se.kth.debug.EventProcessor startEventProcessor
WARNING: com.sun.jdi.VMDisconnectedException
Oct 16, 2022 6:43:01 PM se.kth.debug.Collector write
INFO: Breakpoints serialised!
Oct 16, 2022 6:43:01 PM se.kth.debug.Collector write
INFO: Return values serialised!
Oct 16, 2022 6:43:01 PM se.kth.debug.Collector write
INFO: File output to: /home/khaes/phd/projects/explanation/code/tmp/output/sahab-reports/8c0d18f4c3ba063e1b07ca221e9dd374c3776a70/left.json
Oct 16, 2022 6:43:02 PM se.kth.debug.Debugger launchVMAndJunit
INFO: java -cp /home/khaes/phd/projects/explanation/code/tmp/collector-sahab/target/collector-sahab-0.0.1-SNAPSHOT-jar-with-dependencies.jar:/home/khaes/phd/projects/explanation/code/tmp/drr-execdiff/Math-82/sahab-right_8c0d18f4c3ba063e1b07ca221e9dd374c3776a70/classes:/home/khaes/phd/projects/explanation/code/tmp/drr-execdiff/Math-82/sahab-right_8c0d18f4c3ba063e1b07ca221e9dd374c3776a70/test-classes:/home/khaes/.m2/repository/junit/junit/4.4/junit-4.4.jar se.kth.debug.JUnitTestRunner org.apache.commons.math.optimization.linear.SimplexSolverTest::testMath288
Oct 16, 2022 6:43:02 PM se.kth.debug.Debugger launchVMAndJunit
INFO: Connected to port: 38801
Oct 16, 2022 6:43:02 PM se.kth.debug.Debugger addClassPrepareEvent
INFO: org.apache.commons.math.optimization.linear.SimplexSolver added!
Oct 16, 2022 6:43:06 PM se.kth.debug.EventProcessor startEventProcessor
WARNING: com.sun.jdi.VMDisconnectedException
Oct 16, 2022 6:43:07 PM se.kth.debug.Collector write
INFO: Breakpoints serialised!
Oct 16, 2022 6:43:07 PM se.kth.debug.Collector write
INFO: Return values serialised!
Oct 16, 2022 6:43:07 PM se.kth.debug.Collector write
INFO: File output to: /home/khaes/phd/projects/explanation/code/tmp/output/sahab-reports/8c0d18f4c3ba063e1b07ca221e9dd374c3776a70/right.json
