HEAD is now at e5d67a81 bugs added
WARNING: An illegal reflective access operation has occurred
WARNING: Illegal reflective access by com.google.inject.internal.cglib.core.$ReflectUtils$1 (file:/usr/share/maven/lib/guice.jar) to method java.lang.ClassLoader.defineClass(java.lang.String,byte[],int,int,java.security.ProtectionDomain)
WARNING: Please consider reporting this to the maintainers of com.google.inject.internal.cglib.core.$ReflectUtils$1
WARNING: Use --illegal-access=warn to enable warnings of further illegal reflective access operations
WARNING: All illegal access operations will be denied in a future release
WARNING: An illegal reflective access operation has occurred
WARNING: Illegal reflective access by com.google.inject.internal.cglib.core.$ReflectUtils$1 (file:/usr/share/maven/lib/guice.jar) to method java.lang.ClassLoader.defineClass(java.lang.String,byte[],int,int,java.security.ProtectionDomain)
WARNING: Please consider reporting this to the maintainers of com.google.inject.internal.cglib.core.$ReflectUtils$1
WARNING: Use --illegal-access=warn to enable warnings of further illegal reflective access operations
WARNING: All illegal access operations will be denied in a future release
Previous HEAD position was e5d67a81 bugs added
HEAD is now at 81b32ad7 patch applied
WARNING: An illegal reflective access operation has occurred
WARNING: Illegal reflective access by com.google.inject.internal.cglib.core.$ReflectUtils$1 (file:/usr/share/maven/lib/guice.jar) to method java.lang.ClassLoader.defineClass(java.lang.String,byte[],int,int,java.security.ProtectionDomain)
WARNING: Please consider reporting this to the maintainers of com.google.inject.internal.cglib.core.$ReflectUtils$1
WARNING: Use --illegal-access=warn to enable warnings of further illegal reflective access operations
WARNING: All illegal access operations will be denied in a future release
WARNING: An illegal reflective access operation has occurred
WARNING: Illegal reflective access by com.google.inject.internal.cglib.core.$ReflectUtils$1 (file:/usr/share/maven/lib/guice.jar) to method java.lang.ClassLoader.defineClass(java.lang.String,byte[],int,int,java.security.ProtectionDomain)
WARNING: Please consider reporting this to the maintainers of com.google.inject.internal.cglib.core.$ReflectUtils$1
WARNING: Use --illegal-access=warn to enable warnings of further illegal reflective access operations
WARNING: All illegal access operations will be denied in a future release
SLF4J: Failed to load class "org.slf4j.impl.StaticLoggerBinder".
SLF4J: Defaulting to no-operation (NOP) logger implementation
SLF4J: See http://www.slf4j.org/codes.html#StaticLoggerBinder for further details.
Oct 11, 2022 7:17:44 AM se.kth.debug.Debugger launchVMAndJunit
INFO: java -cp /home/khaes/phd/projects/explanation/code/tmp/collector-sahab/target/collector-sahab-0.0.1-SNAPSHOT-jar-with-dependencies.jar:/home/khaes/phd/projects/explanation/code/tmp/drr-execdiff/Math-84/sahab-left_81b32ad74037364e7eccdd64728fcb08b03958b9/classes:/home/khaes/phd/projects/explanation/code/tmp/drr-execdiff/Math-84/sahab-left_81b32ad74037364e7eccdd64728fcb08b03958b9/test-classes:/home/khaes/.m2/repository/junit/junit/4.4/junit-4.4.jar se.kth.debug.JUnitTestRunner org.apache.commons.math.optimization.direct.MultiDirectionalTest::testMinimizeMaximize
Oct 11, 2022 7:17:44 AM se.kth.debug.Debugger launchVMAndJunit
INFO: Connected to port: 40411
Oct 11, 2022 7:17:44 AM se.kth.debug.Debugger addClassPrepareEvent
INFO: org.apache.commons.math.optimization.direct.MultiDirectional added!
Oct 11, 2022 7:17:45 AM se.kth.debug.Debugger setBreakpoints
WARNING: 64 is not a valid breakpoint in org.apache.commons.math.optimization.direct.MultiDirectional
Oct 11, 2022 7:17:50 AM se.kth.debug.EventProcessor startEventProcessor
WARNING: com.sun.jdi.VMDisconnectedException
Oct 11, 2022 7:17:51 AM se.kth.debug.Collector write
INFO: Breakpoints serialised!
Oct 11, 2022 7:17:52 AM se.kth.debug.Collector write
INFO: Return values serialised!
Oct 11, 2022 7:17:52 AM se.kth.debug.Collector write
INFO: File output to: /home/khaes/phd/projects/explanation/code/tmp/output/sahab-reports/81b32ad74037364e7eccdd64728fcb08b03958b9/left.json
Oct 11, 2022 7:17:52 AM se.kth.debug.Debugger launchVMAndJunit
INFO: java -cp /home/khaes/phd/projects/explanation/code/tmp/collector-sahab/target/collector-sahab-0.0.1-SNAPSHOT-jar-with-dependencies.jar:/home/khaes/phd/projects/explanation/code/tmp/drr-execdiff/Math-84/sahab-right_81b32ad74037364e7eccdd64728fcb08b03958b9/classes:/home/khaes/phd/projects/explanation/code/tmp/drr-execdiff/Math-84/sahab-right_81b32ad74037364e7eccdd64728fcb08b03958b9/test-classes:/home/khaes/.m2/repository/junit/junit/4.4/junit-4.4.jar se.kth.debug.JUnitTestRunner org.apache.commons.math.optimization.direct.MultiDirectionalTest::testMinimizeMaximize
Oct 11, 2022 7:17:52 AM se.kth.debug.Debugger launchVMAndJunit
INFO: Connected to port: 43417
Oct 11, 2022 7:17:52 AM se.kth.debug.Debugger addClassPrepareEvent
INFO: org.apache.commons.math.optimization.direct.MultiDirectional added!
Oct 11, 2022 7:17:53 AM se.kth.debug.Debugger setBreakpoints
WARNING: 64 is not a valid breakpoint in org.apache.commons.math.optimization.direct.MultiDirectional
Oct 11, 2022 7:18:12 AM se.kth.debug.EventProcessor startEventProcessor
WARNING: com.sun.jdi.VMDisconnectedException
Oct 11, 2022 7:18:14 AM se.kth.debug.Collector write
INFO: Breakpoints serialised!
Oct 11, 2022 7:18:14 AM se.kth.debug.Collector write
INFO: Return values serialised!
Oct 11, 2022 7:18:14 AM se.kth.debug.Collector write
INFO: File output to: /home/khaes/phd/projects/explanation/code/tmp/output/sahab-reports/81b32ad74037364e7eccdd64728fcb08b03958b9/right.json
