HEAD is now at e5d67a81 bugs added
WARNING: An illegal reflective access operation has occurred
WARNING: Illegal reflective access by com.google.inject.internal.cglib.core.$ReflectUtils$1 (file:/usr/share/maven/lib/guice.jar) to method java.lang.ClassLoader.defineClass(java.lang.String,byte[],int,int,java.security.ProtectionDomain)
WARNING: Please consider reporting this to the maintainers of com.google.inject.internal.cglib.core.$ReflectUtils$1
WARNING: Use --illegal-access=warn to enable warnings of further illegal reflective access operations
WARNING: All illegal access operations will be denied in a future release
WARNING: An illegal reflective access operation has occurred
WARNING: Illegal reflective access by com.google.inject.internal.cglib.core.$ReflectUtils$1 (file:/usr/share/maven/lib/guice.jar) to method java.lang.ClassLoader.defineClass(java.lang.String,byte[],int,int,java.security.ProtectionDomain)
WARNING: Please consider reporting this to the maintainers of com.google.inject.internal.cglib.core.$ReflectUtils$1
WARNING: Use --illegal-access=warn to enable warnings of further illegal reflective access operations
WARNING: All illegal access operations will be denied in a future release
Previous HEAD position was e5d67a81 bugs added
HEAD is now at 022f1f2c patch applied
WARNING: An illegal reflective access operation has occurred
WARNING: Illegal reflective access by com.google.inject.internal.cglib.core.$ReflectUtils$1 (file:/usr/share/maven/lib/guice.jar) to method java.lang.ClassLoader.defineClass(java.lang.String,byte[],int,int,java.security.ProtectionDomain)
WARNING: Please consider reporting this to the maintainers of com.google.inject.internal.cglib.core.$ReflectUtils$1
WARNING: Use --illegal-access=warn to enable warnings of further illegal reflective access operations
WARNING: All illegal access operations will be denied in a future release
WARNING: An illegal reflective access operation has occurred
WARNING: Illegal reflective access by com.google.inject.internal.cglib.core.$ReflectUtils$1 (file:/usr/share/maven/lib/guice.jar) to method java.lang.ClassLoader.defineClass(java.lang.String,byte[],int,int,java.security.ProtectionDomain)
WARNING: Please consider reporting this to the maintainers of com.google.inject.internal.cglib.core.$ReflectUtils$1
WARNING: Use --illegal-access=warn to enable warnings of further illegal reflective access operations
WARNING: All illegal access operations will be denied in a future release
SLF4J: Failed to load class "org.slf4j.impl.StaticLoggerBinder".
SLF4J: Defaulting to no-operation (NOP) logger implementation
SLF4J: See http://www.slf4j.org/codes.html#StaticLoggerBinder for further details.
Oct 10, 2022 9:06:35 AM se.kth.debug.Debugger launchVMAndJunit
INFO: java -cp /home/khaes/phd/projects/explanation/code/tmp/collector-sahab/target/collector-sahab-0.0.1-SNAPSHOT-jar-with-dependencies.jar:/home/khaes/phd/projects/explanation/code/tmp/drr-execdiff/Math-59/sahab-left_022f1f2c2e246845c1e932b3744900f3723ac233/classes:/home/khaes/phd/projects/explanation/code/tmp/drr-execdiff/Math-59/sahab-left_022f1f2c2e246845c1e932b3744900f3723ac233/test-classes:/home/khaes/.m2/repository/junit/junit/4.4/junit-4.4.jar se.kth.debug.JUnitTestRunner org.apache.commons.math.util.FastMathTest::testMinMaxFloat
Oct 10, 2022 9:06:35 AM se.kth.debug.Debugger launchVMAndJunit
INFO: Connected to port: 59741
Oct 10, 2022 9:06:35 AM se.kth.debug.Debugger addClassPrepareEvent
INFO: org.apache.commons.math.util.FastMath added!
Oct 10, 2022 9:08:01 AM se.kth.debug.EventProcessor startEventProcessor
WARNING: com.sun.jdi.VMDisconnectedException
Oct 10, 2022 9:08:01 AM se.kth.debug.Collector write
INFO: Output file was not generated as breakpoints were not encountered.
Oct 10, 2022 9:08:01 AM se.kth.debug.Collector write
INFO: Return values serialised!
Oct 10, 2022 9:08:01 AM se.kth.debug.Collector write
INFO: File output to: /home/khaes/phd/projects/explanation/code/tmp/output/sahab-reports/022f1f2c2e246845c1e932b3744900f3723ac233/left.json
Oct 10, 2022 9:08:02 AM se.kth.debug.Debugger launchVMAndJunit
INFO: java -cp /home/khaes/phd/projects/explanation/code/tmp/collector-sahab/target/collector-sahab-0.0.1-SNAPSHOT-jar-with-dependencies.jar:/home/khaes/phd/projects/explanation/code/tmp/drr-execdiff/Math-59/sahab-right_022f1f2c2e246845c1e932b3744900f3723ac233/classes:/home/khaes/phd/projects/explanation/code/tmp/drr-execdiff/Math-59/sahab-right_022f1f2c2e246845c1e932b3744900f3723ac233/test-classes:/home/khaes/.m2/repository/junit/junit/4.4/junit-4.4.jar se.kth.debug.JUnitTestRunner org.apache.commons.math.util.FastMathTest::testMinMaxFloat
Oct 10, 2022 9:08:02 AM se.kth.debug.Debugger launchVMAndJunit
INFO: Connected to port: 41161
Oct 10, 2022 9:08:02 AM se.kth.debug.Debugger addClassPrepareEvent
INFO: org.apache.commons.math.util.FastMath added!
Oct 10, 2022 9:09:27 AM se.kth.debug.EventProcessor startEventProcessor
WARNING: com.sun.jdi.VMDisconnectedException
Oct 10, 2022 9:09:27 AM se.kth.debug.Collector write
INFO: Output file was not generated as breakpoints were not encountered.
Oct 10, 2022 9:09:27 AM se.kth.debug.Collector write
INFO: Return values serialised!
Oct 10, 2022 9:09:27 AM se.kth.debug.Collector write
INFO: File output to: /home/khaes/phd/projects/explanation/code/tmp/output/sahab-reports/022f1f2c2e246845c1e932b3744900f3723ac233/right.json
