SLF4J: Failed to load class "org.slf4j.impl.StaticLoggerBinder".
SLF4J: Defaulting to no-operation (NOP) logger implementation
SLF4J: See http://www.slf4j.org/codes.html#StaticLoggerBinder for further details.
Starting ChromeDriver 112.0.5615.49 (bd2a7bcb881c11e8cfe3078709382934e3916914-refs/branch-heads/5615@{#936}) on port 29521
Only local connections are allowed.
Please see https://chromedriver.chromium.org/security-considerations for suggestions on keeping ChromeDriver safe.
ChromeDriver was started successfully.
May 01, 2023 3:31:04 AM org.openqa.selenium.devtools.CdpVersionFinder findNearestMatch
WARNING: Unable to find an exact match for CDP version 112, so returning the closest version found: 110
May 01, 2023 3:31:14 AM io.github.chains_project.tracediff.statediff.ui.StateDiffUIManipulator addStateDiffToExecDiffUI
INFO: Line mappings and vars computed.
May 01, 2023 3:31:14 AM io.github.chains_project.tracediff.statediff.ui.StateDiffUIManipulator addStateDiffToExecDiffUI
INFO: For commit ee7648f61e58794629090bb25acc66b9fe7c82b7 line mappings and vars computation took 12760 MILLIS
May 01, 2023 3:31:15 AM io.github.chains_project.tracediff.statediff.ui.StateDiffUIManipulator addStateDiffToExecDiffUI
INFO: ProgramStateDiff{firstOriginalUniqueStateSummary=UniqueStateSummary{differencingTest=null, firstUniqueVarValLine=null, firstUniqueVarVal=null'}, firstPatchedUniqueStateSummary=UniqueStateSummary{differencingTest=null, firstUniqueVarValLine=null, firstUniqueVarVal=null'}, originalUniqueReturn=UniqueReturnSummary{differencingTest=null, firstUniqueVarValLine=null, firstUniqueVarVal='null'}, patchedUniqueReturn=UniqueReturnSummary{differencingTest=null, firstUniqueVarValLine=null, firstUniqueVarVal='null'}}
May 01, 2023 3:31:15 AM io.github.chains_project.tracediff.statediff.ui.StateDiffUIManipulator addStateDiffToExecDiffUI
INFO: For commit ee7648f61e58794629090bb25acc66b9fe7c82b7 diff computation took 515 MILLIS
May 01, 2023 3:31:15 AM io.github.chains_project.tracediff.statediff.ui.StateDiffUIManipulator addStateDiffToExecDiffUI
INFO: For commit ee7648f61e58794629090bb25acc66b9fe7c82b7 UI manipulation took 1 MILLIS
SLF4J: Failed to load class "org.slf4j.impl.StaticLoggerBinder".
SLF4J: Defaulting to no-operation (NOP) logger implementation
SLF4J: See http://www.slf4j.org/codes.html#StaticLoggerBinder for further details.
Starting ChromeDriver 112.0.5615.49 (bd2a7bcb881c11e8cfe3078709382934e3916914-refs/branch-heads/5615@{#936}) on port 5453
Only local connections are allowed.
Please see https://chromedriver.chromium.org/security-considerations for suggestions on keeping ChromeDriver safe.
ChromeDriver was started successfully.
May 02, 2023 10:14:40 AM org.openqa.selenium.devtools.CdpVersionFinder findNearestMatch
WARNING: Unable to find an exact match for CDP version 112, so returning the closest version found: 110
May 02, 2023 10:14:50 AM io.github.chains_project.tracediff.statediff.ui.StateDiffUIManipulator addStateDiffToExecDiffUI
INFO: Line mappings and vars computed.
May 02, 2023 10:14:50 AM io.github.chains_project.tracediff.statediff.ui.StateDiffUIManipulator addStateDiffToExecDiffUI
INFO: For commit ee7648f61e58794629090bb25acc66b9fe7c82b7 line mappings and vars computation took 14558 MILLIS
May 02, 2023 10:14:51 AM io.github.chains_project.tracediff.statediff.ui.StateDiffUIManipulator addStateDiffToExecDiffUI
INFO: ProgramStateDiff{firstOriginalUniqueStateSummary=UniqueStateSummary{differencingTest=null, firstUniqueVarValLine=null, firstUniqueVarVal=null'}, firstPatchedUniqueStateSummary=UniqueStateSummary{differencingTest=null, firstUniqueVarValLine=null, firstUniqueVarVal=null'}, originalUniqueReturn=UniqueReturnSummary{differencingTest=null, firstUniqueVarValLine=null, firstUniqueVarVal='null'}, patchedUniqueReturn=UniqueReturnSummary{differencingTest=null, firstUniqueVarValLine=null, firstUniqueVarVal='null'}}
May 02, 2023 10:14:51 AM io.github.chains_project.tracediff.statediff.ui.StateDiffUIManipulator addStateDiffToExecDiffUI
INFO: For commit ee7648f61e58794629090bb25acc66b9fe7c82b7 diff computation took 655 MILLIS
May 02, 2023 10:14:51 AM io.github.chains_project.tracediff.statediff.ui.StateDiffUIManipulator addStateDiffToExecDiffUI
INFO: For commit ee7648f61e58794629090bb25acc66b9fe7c82b7 UI manipulation took 0 MILLIS
