HEAD is now at e5d67a81 bugs added
WARNING: An illegal reflective access operation has occurred
WARNING: Illegal reflective access by com.google.inject.internal.cglib.core.$ReflectUtils$1 (file:/usr/share/maven/lib/guice.jar) to method java.lang.ClassLoader.defineClass(java.lang.String,byte[],int,int,java.security.ProtectionDomain)
WARNING: Please consider reporting this to the maintainers of com.google.inject.internal.cglib.core.$ReflectUtils$1
WARNING: Use --illegal-access=warn to enable warnings of further illegal reflective access operations
WARNING: All illegal access operations will be denied in a future release
WARNING: An illegal reflective access operation has occurred
WARNING: Illegal reflective access by com.google.inject.internal.cglib.core.$ReflectUtils$1 (file:/usr/share/maven/lib/guice.jar) to method java.lang.ClassLoader.defineClass(java.lang.String,byte[],int,int,java.security.ProtectionDomain)
WARNING: Please consider reporting this to the maintainers of com.google.inject.internal.cglib.core.$ReflectUtils$1
WARNING: Use --illegal-access=warn to enable warnings of further illegal reflective access operations
WARNING: All illegal access operations will be denied in a future release
Previous HEAD position was e5d67a81 bugs added
HEAD is now at 30d8147d patch applied
WARNING: An illegal reflective access operation has occurred
WARNING: Illegal reflective access by com.google.inject.internal.cglib.core.$ReflectUtils$1 (file:/usr/share/maven/lib/guice.jar) to method java.lang.ClassLoader.defineClass(java.lang.String,byte[],int,int,java.security.ProtectionDomain)
WARNING: Please consider reporting this to the maintainers of com.google.inject.internal.cglib.core.$ReflectUtils$1
WARNING: Use --illegal-access=warn to enable warnings of further illegal reflective access operations
WARNING: All illegal access operations will be denied in a future release
WARNING: An illegal reflective access operation has occurred
WARNING: Illegal reflective access by com.google.inject.internal.cglib.core.$ReflectUtils$1 (file:/usr/share/maven/lib/guice.jar) to method java.lang.ClassLoader.defineClass(java.lang.String,byte[],int,int,java.security.ProtectionDomain)
WARNING: Please consider reporting this to the maintainers of com.google.inject.internal.cglib.core.$ReflectUtils$1
WARNING: Use --illegal-access=warn to enable warnings of further illegal reflective access operations
WARNING: All illegal access operations will be denied in a future release
SLF4J: Failed to load class "org.slf4j.impl.StaticLoggerBinder".
SLF4J: Defaulting to no-operation (NOP) logger implementation
SLF4J: See http://www.slf4j.org/codes.html#StaticLoggerBinder for further details.
Oct 08, 2022 3:02:59 AM se.kth.debug.Debugger launchVMAndJunit
INFO: java -cp /home/khaes/phd/projects/explanation/code/tmp/collector-sahab/target/collector-sahab-0.0.1-SNAPSHOT-jar-with-dependencies.jar:/home/khaes/phd/projects/explanation/code/tmp/drr-execdiff/Math-30/sahab-left_30d8147dc161e56068f77e4fb6b57cc329936b02/classes:/home/khaes/phd/projects/explanation/code/tmp/drr-execdiff/Math-30/sahab-left_30d8147dc161e56068f77e4fb6b57cc329936b02/test-classes:/home/khaes/.m2/repository/junit/junit/4.10/junit-4.10.jar:/home/khaes/.m2/repository/org/hamcrest/hamcrest-core/1.1/hamcrest-core-1.1.jar se.kth.debug.JUnitTestRunner org.apache.commons.math3.stat.inference.MannWhitneyUTestTest::testBigDataSet
Oct 08, 2022 3:02:59 AM se.kth.debug.Debugger launchVMAndJunit
INFO: Connected to port: 57617
Oct 08, 2022 3:02:59 AM se.kth.debug.Debugger addClassPrepareEvent
INFO: org.apache.commons.math3.stat.inference.MannWhitneyUTest added!
Oct 08, 2022 3:03:01 AM se.kth.debug.EventProcessor startEventProcessor
WARNING: com.sun.jdi.VMDisconnectedException
Oct 08, 2022 3:03:01 AM se.kth.debug.Collector write
INFO: Breakpoints serialised!
Oct 08, 2022 3:03:01 AM se.kth.debug.Collector write
INFO: Return values serialised!
Oct 08, 2022 3:03:01 AM se.kth.debug.Collector write
INFO: File output to: /home/khaes/phd/projects/explanation/code/tmp/output/sahab-reports/30d8147dc161e56068f77e4fb6b57cc329936b02/left.json
Oct 08, 2022 3:03:01 AM se.kth.debug.Debugger launchVMAndJunit
INFO: java -cp /home/khaes/phd/projects/explanation/code/tmp/collector-sahab/target/collector-sahab-0.0.1-SNAPSHOT-jar-with-dependencies.jar:/home/khaes/phd/projects/explanation/code/tmp/drr-execdiff/Math-30/sahab-right_30d8147dc161e56068f77e4fb6b57cc329936b02/classes:/home/khaes/phd/projects/explanation/code/tmp/drr-execdiff/Math-30/sahab-right_30d8147dc161e56068f77e4fb6b57cc329936b02/test-classes:/home/khaes/.m2/repository/junit/junit/4.10/junit-4.10.jar:/home/khaes/.m2/repository/org/hamcrest/hamcrest-core/1.1/hamcrest-core-1.1.jar se.kth.debug.JUnitTestRunner org.apache.commons.math3.stat.inference.MannWhitneyUTestTest::testBigDataSet
Oct 08, 2022 3:03:02 AM se.kth.debug.Debugger launchVMAndJunit
INFO: Connected to port: 44973
Oct 08, 2022 3:03:02 AM se.kth.debug.Debugger addClassPrepareEvent
INFO: org.apache.commons.math3.stat.inference.MannWhitneyUTest added!
Oct 08, 2022 3:03:03 AM se.kth.debug.EventProcessor startEventProcessor
WARNING: com.sun.jdi.VMDisconnectedException
Oct 08, 2022 3:03:03 AM se.kth.debug.Collector write
INFO: Breakpoints serialised!
Oct 08, 2022 3:03:03 AM se.kth.debug.Collector write
INFO: Return values serialised!
Oct 08, 2022 3:03:03 AM se.kth.debug.Collector write
INFO: File output to: /home/khaes/phd/projects/explanation/code/tmp/output/sahab-reports/30d8147dc161e56068f77e4fb6b57cc329936b02/right.json
