HEAD is now at e5d67a81 bugs added
WARNING: An illegal reflective access operation has occurred
WARNING: Illegal reflective access by com.google.inject.internal.cglib.core.$ReflectUtils$1 (file:/usr/share/maven/lib/guice.jar) to method java.lang.ClassLoader.defineClass(java.lang.String,byte[],int,int,java.security.ProtectionDomain)
WARNING: Please consider reporting this to the maintainers of com.google.inject.internal.cglib.core.$ReflectUtils$1
WARNING: Use --illegal-access=warn to enable warnings of further illegal reflective access operations
WARNING: All illegal access operations will be denied in a future release
WARNING: An illegal reflective access operation has occurred
WARNING: Illegal reflective access by com.google.inject.internal.cglib.core.$ReflectUtils$1 (file:/usr/share/maven/lib/guice.jar) to method java.lang.ClassLoader.defineClass(java.lang.String,byte[],int,int,java.security.ProtectionDomain)
WARNING: Please consider reporting this to the maintainers of com.google.inject.internal.cglib.core.$ReflectUtils$1
WARNING: Use --illegal-access=warn to enable warnings of further illegal reflective access operations
WARNING: All illegal access operations will be denied in a future release
Previous HEAD position was e5d67a81 bugs added
HEAD is now at 6f5f9a87 patch applied
WARNING: An illegal reflective access operation has occurred
WARNING: Illegal reflective access by com.google.inject.internal.cglib.core.$ReflectUtils$1 (file:/usr/share/maven/lib/guice.jar) to method java.lang.ClassLoader.defineClass(java.lang.String,byte[],int,int,java.security.ProtectionDomain)
WARNING: Please consider reporting this to the maintainers of com.google.inject.internal.cglib.core.$ReflectUtils$1
WARNING: Use --illegal-access=warn to enable warnings of further illegal reflective access operations
WARNING: All illegal access operations will be denied in a future release
WARNING: An illegal reflective access operation has occurred
WARNING: Illegal reflective access by com.google.inject.internal.cglib.core.$ReflectUtils$1 (file:/usr/share/maven/lib/guice.jar) to method java.lang.ClassLoader.defineClass(java.lang.String,byte[],int,int,java.security.ProtectionDomain)
WARNING: Please consider reporting this to the maintainers of com.google.inject.internal.cglib.core.$ReflectUtils$1
WARNING: Use --illegal-access=warn to enable warnings of further illegal reflective access operations
WARNING: All illegal access operations will be denied in a future release
SLF4J: Failed to load class "org.slf4j.impl.StaticLoggerBinder".
SLF4J: Defaulting to no-operation (NOP) logger implementation
SLF4J: See http://www.slf4j.org/codes.html#StaticLoggerBinder for further details.
Oct 15, 2022 5:59:50 AM se.kth.debug.Debugger launchVMAndJunit
INFO: java -cp /home/khaes/phd/projects/explanation/code/tmp/collector-sahab/target/collector-sahab-0.0.1-SNAPSHOT-jar-with-dependencies.jar:/home/khaes/phd/projects/explanation/code/tmp/drr-execdiff/Math-88/sahab-left_6f5f9a87be2e2ac06fd870fe412e838849808de9/classes:/home/khaes/phd/projects/explanation/code/tmp/drr-execdiff/Math-88/sahab-left_6f5f9a87be2e2ac06fd870fe412e838849808de9/test-classes:/home/khaes/.m2/repository/junit/junit/4.4/junit-4.4.jar se.kth.debug.JUnitTestRunner org.apache.commons.math.optimization.linear.SimplexSolverTest::testMath272
Oct 15, 2022 5:59:50 AM se.kth.debug.Debugger launchVMAndJunit
INFO: Connected to port: 49031
Oct 15, 2022 5:59:50 AM se.kth.debug.Debugger addClassPrepareEvent
INFO: org.apache.commons.math.optimization.linear.SimplexSolver added!
Oct 15, 2022 5:59:53 AM se.kth.debug.EventProcessor startEventProcessor
WARNING: com.sun.jdi.VMDisconnectedException
Oct 15, 2022 5:59:53 AM se.kth.debug.Collector write
INFO: Breakpoints serialised!
Oct 15, 2022 5:59:53 AM se.kth.debug.Collector write
INFO: Return values serialised!
Oct 15, 2022 5:59:53 AM se.kth.debug.Collector write
INFO: File output to: /home/khaes/phd/projects/explanation/code/tmp/output/sahab-reports/6f5f9a87be2e2ac06fd870fe412e838849808de9/left.json
Oct 15, 2022 5:59:53 AM se.kth.debug.Debugger launchVMAndJunit
INFO: java -cp /home/khaes/phd/projects/explanation/code/tmp/collector-sahab/target/collector-sahab-0.0.1-SNAPSHOT-jar-with-dependencies.jar:/home/khaes/phd/projects/explanation/code/tmp/drr-execdiff/Math-88/sahab-right_6f5f9a87be2e2ac06fd870fe412e838849808de9/classes:/home/khaes/phd/projects/explanation/code/tmp/drr-execdiff/Math-88/sahab-right_6f5f9a87be2e2ac06fd870fe412e838849808de9/test-classes:/home/khaes/.m2/repository/junit/junit/4.4/junit-4.4.jar se.kth.debug.JUnitTestRunner org.apache.commons.math.optimization.linear.SimplexSolverTest::testMath272
Oct 15, 2022 5:59:54 AM se.kth.debug.Debugger launchVMAndJunit
INFO: Connected to port: 57183
Oct 15, 2022 5:59:54 AM se.kth.debug.Debugger addClassPrepareEvent
INFO: org.apache.commons.math.optimization.linear.SimplexSolver added!
Oct 15, 2022 5:59:56 AM se.kth.debug.EventProcessor startEventProcessor
WARNING: com.sun.jdi.VMDisconnectedException
Oct 15, 2022 5:59:57 AM se.kth.debug.Collector write
INFO: Breakpoints serialised!
Oct 15, 2022 5:59:57 AM se.kth.debug.Collector write
INFO: Return values serialised!
Oct 15, 2022 5:59:57 AM se.kth.debug.Collector write
INFO: File output to: /home/khaes/phd/projects/explanation/code/tmp/output/sahab-reports/6f5f9a87be2e2ac06fd870fe412e838849808de9/right.json
