HEAD is now at e5d67a81 bugs added
WARNING: An illegal reflective access operation has occurred
WARNING: Illegal reflective access by com.google.inject.internal.cglib.core.$ReflectUtils$1 (file:/usr/share/maven/lib/guice.jar) to method java.lang.ClassLoader.defineClass(java.lang.String,byte[],int,int,java.security.ProtectionDomain)
WARNING: Please consider reporting this to the maintainers of com.google.inject.internal.cglib.core.$ReflectUtils$1
WARNING: Use --illegal-access=warn to enable warnings of further illegal reflective access operations
WARNING: All illegal access operations will be denied in a future release
WARNING: An illegal reflective access operation has occurred
WARNING: Illegal reflective access by com.google.inject.internal.cglib.core.$ReflectUtils$1 (file:/usr/share/maven/lib/guice.jar) to method java.lang.ClassLoader.defineClass(java.lang.String,byte[],int,int,java.security.ProtectionDomain)
WARNING: Please consider reporting this to the maintainers of com.google.inject.internal.cglib.core.$ReflectUtils$1
WARNING: Use --illegal-access=warn to enable warnings of further illegal reflective access operations
WARNING: All illegal access operations will be denied in a future release
Previous HEAD position was e5d67a81 bugs added
HEAD is now at 137fc221 patch applied
WARNING: An illegal reflective access operation has occurred
WARNING: Illegal reflective access by com.google.inject.internal.cglib.core.$ReflectUtils$1 (file:/usr/share/maven/lib/guice.jar) to method java.lang.ClassLoader.defineClass(java.lang.String,byte[],int,int,java.security.ProtectionDomain)
WARNING: Please consider reporting this to the maintainers of com.google.inject.internal.cglib.core.$ReflectUtils$1
WARNING: Use --illegal-access=warn to enable warnings of further illegal reflective access operations
WARNING: All illegal access operations will be denied in a future release
WARNING: An illegal reflective access operation has occurred
WARNING: Illegal reflective access by com.google.inject.internal.cglib.core.$ReflectUtils$1 (file:/usr/share/maven/lib/guice.jar) to method java.lang.ClassLoader.defineClass(java.lang.String,byte[],int,int,java.security.ProtectionDomain)
WARNING: Please consider reporting this to the maintainers of com.google.inject.internal.cglib.core.$ReflectUtils$1
WARNING: Use --illegal-access=warn to enable warnings of further illegal reflective access operations
WARNING: All illegal access operations will be denied in a future release
SLF4J: Failed to load class "org.slf4j.impl.StaticLoggerBinder".
SLF4J: Defaulting to no-operation (NOP) logger implementation
SLF4J: See http://www.slf4j.org/codes.html#StaticLoggerBinder for further details.
Oct 15, 2022 7:41:05 AM se.kth.debug.Debugger launchVMAndJunit
INFO: java -cp /home/khaes/phd/projects/explanation/code/tmp/collector-sahab/target/collector-sahab-0.0.1-SNAPSHOT-jar-with-dependencies.jar:/home/khaes/phd/projects/explanation/code/tmp/drr-execdiff/Math-97/sahab-left_137fc2214bccd5e36c35db1a1262bd61100b867d/classes:/home/khaes/phd/projects/explanation/code/tmp/drr-execdiff/Math-97/sahab-left_137fc2214bccd5e36c35db1a1262bd61100b867d/test-classes:/home/khaes/.m2/repository/junit/junit/4.4/junit-4.4.jar se.kth.debug.JUnitTestRunner org.apache.commons.math.analysis.BrentSolverTest::testRootEndpoints
Oct 15, 2022 7:41:05 AM se.kth.debug.Debugger launchVMAndJunit
INFO: Connected to port: 58299
Oct 15, 2022 7:41:05 AM se.kth.debug.Debugger addClassPrepareEvent
INFO: org.apache.commons.math.analysis.BrentSolver added!
Oct 15, 2022 7:41:07 AM se.kth.debug.EventProcessor startEventProcessor
WARNING: com.sun.jdi.VMDisconnectedException
Oct 15, 2022 7:41:07 AM se.kth.debug.Collector write
INFO: Breakpoints serialised!
Oct 15, 2022 7:41:07 AM se.kth.debug.Collector write
INFO: Return values serialised!
Oct 15, 2022 7:41:07 AM se.kth.debug.Collector write
INFO: File output to: /home/khaes/phd/projects/explanation/code/tmp/output/sahab-reports/137fc2214bccd5e36c35db1a1262bd61100b867d/left.json
Oct 15, 2022 7:41:07 AM se.kth.debug.Debugger launchVMAndJunit
INFO: java -cp /home/khaes/phd/projects/explanation/code/tmp/collector-sahab/target/collector-sahab-0.0.1-SNAPSHOT-jar-with-dependencies.jar:/home/khaes/phd/projects/explanation/code/tmp/drr-execdiff/Math-97/sahab-right_137fc2214bccd5e36c35db1a1262bd61100b867d/classes:/home/khaes/phd/projects/explanation/code/tmp/drr-execdiff/Math-97/sahab-right_137fc2214bccd5e36c35db1a1262bd61100b867d/test-classes:/home/khaes/.m2/repository/junit/junit/4.4/junit-4.4.jar se.kth.debug.JUnitTestRunner org.apache.commons.math.analysis.BrentSolverTest::testRootEndpoints
Oct 15, 2022 7:41:07 AM se.kth.debug.Debugger launchVMAndJunit
INFO: Connected to port: 48447
Oct 15, 2022 7:41:07 AM se.kth.debug.Debugger addClassPrepareEvent
INFO: org.apache.commons.math.analysis.BrentSolver added!
Oct 15, 2022 7:41:08 AM se.kth.debug.EventProcessor startEventProcessor
WARNING: com.sun.jdi.VMDisconnectedException
Oct 15, 2022 7:41:08 AM se.kth.debug.Collector write
INFO: Breakpoints serialised!
Oct 15, 2022 7:41:08 AM se.kth.debug.Collector write
INFO: Return values serialised!
Oct 15, 2022 7:41:08 AM se.kth.debug.Collector write
INFO: File output to: /home/khaes/phd/projects/explanation/code/tmp/output/sahab-reports/137fc2214bccd5e36c35db1a1262bd61100b867d/right.json
