HEAD is now at e5d67a81 bugs added
WARNING: An illegal reflective access operation has occurred
WARNING: Illegal reflective access by com.google.inject.internal.cglib.core.$ReflectUtils$1 (file:/usr/share/maven/lib/guice.jar) to method java.lang.ClassLoader.defineClass(java.lang.String,byte[],int,int,java.security.ProtectionDomain)
WARNING: Please consider reporting this to the maintainers of com.google.inject.internal.cglib.core.$ReflectUtils$1
WARNING: Use --illegal-access=warn to enable warnings of further illegal reflective access operations
WARNING: All illegal access operations will be denied in a future release
WARNING: An illegal reflective access operation has occurred
WARNING: Illegal reflective access by com.google.inject.internal.cglib.core.$ReflectUtils$1 (file:/usr/share/maven/lib/guice.jar) to method java.lang.ClassLoader.defineClass(java.lang.String,byte[],int,int,java.security.ProtectionDomain)
WARNING: Please consider reporting this to the maintainers of com.google.inject.internal.cglib.core.$ReflectUtils$1
WARNING: Use --illegal-access=warn to enable warnings of further illegal reflective access operations
WARNING: All illegal access operations will be denied in a future release
Previous HEAD position was e5d67a81 bugs added
HEAD is now at 38b1c6e5 patch applied
WARNING: An illegal reflective access operation has occurred
WARNING: Illegal reflective access by com.google.inject.internal.cglib.core.$ReflectUtils$1 (file:/usr/share/maven/lib/guice.jar) to method java.lang.ClassLoader.defineClass(java.lang.String,byte[],int,int,java.security.ProtectionDomain)
WARNING: Please consider reporting this to the maintainers of com.google.inject.internal.cglib.core.$ReflectUtils$1
WARNING: Use --illegal-access=warn to enable warnings of further illegal reflective access operations
WARNING: All illegal access operations will be denied in a future release
WARNING: An illegal reflective access operation has occurred
WARNING: Illegal reflective access by com.google.inject.internal.cglib.core.$ReflectUtils$1 (file:/usr/share/maven/lib/guice.jar) to method java.lang.ClassLoader.defineClass(java.lang.String,byte[],int,int,java.security.ProtectionDomain)
WARNING: Please consider reporting this to the maintainers of com.google.inject.internal.cglib.core.$ReflectUtils$1
WARNING: Use --illegal-access=warn to enable warnings of further illegal reflective access operations
WARNING: All illegal access operations will be denied in a future release
SLF4J: Failed to load class "org.slf4j.impl.StaticLoggerBinder".
SLF4J: Defaulting to no-operation (NOP) logger implementation
SLF4J: See http://www.slf4j.org/codes.html#StaticLoggerBinder for further details.
Oct 18, 2022 6:42:48 PM se.kth.debug.Debugger launchVMAndJunit
INFO: java -cp /home/khaes/phd/projects/explanation/code/tmp/collector-sahab/target/collector-sahab-0.0.1-SNAPSHOT-jar-with-dependencies.jar:/home/khaes/phd/projects/explanation/code/tmp/drr-execdiff/Time-4/sahab-left_38b1c6e5763b55870959e6d75a6e5b46cacd382e/classes:/home/khaes/phd/projects/explanation/code/tmp/drr-execdiff/Time-4/sahab-left_38b1c6e5763b55870959e6d75a6e5b46cacd382e/test-classes:/home/khaes/.m2/repository/org/joda/joda-convert/1.2/joda-convert-1.2.jar:/home/khaes/.m2/repository/junit/junit/3.8.2/junit-3.8.2.jar se.kth.debug.JUnitTestRunner org.joda.time.TestPartial_Basics::testWith3
Oct 18, 2022 6:42:48 PM se.kth.debug.Debugger launchVMAndJunit
INFO: Connected to port: 42617
Oct 18, 2022 6:42:48 PM se.kth.debug.Debugger addClassPrepareEvent
INFO: org.joda.time.field.ZeroIsMaxDateTimeField added!
Oct 18, 2022 6:42:53 PM se.kth.debug.EventProcessor startEventProcessor
WARNING: com.sun.jdi.VMDisconnectedException
Oct 18, 2022 6:42:53 PM se.kth.debug.Collector write
INFO: Output file was not generated as breakpoints were not encountered.
Oct 18, 2022 6:42:54 PM se.kth.debug.Collector write
INFO: Return values serialised!
Oct 18, 2022 6:42:54 PM se.kth.debug.Collector write
INFO: File output to: /home/khaes/phd/projects/explanation/code/tmp/output/sahab-reports/38b1c6e5763b55870959e6d75a6e5b46cacd382e/left.json
Oct 18, 2022 6:42:54 PM se.kth.debug.Debugger launchVMAndJunit
INFO: java -cp /home/khaes/phd/projects/explanation/code/tmp/collector-sahab/target/collector-sahab-0.0.1-SNAPSHOT-jar-with-dependencies.jar:/home/khaes/phd/projects/explanation/code/tmp/drr-execdiff/Time-4/sahab-right_38b1c6e5763b55870959e6d75a6e5b46cacd382e/classes:/home/khaes/phd/projects/explanation/code/tmp/drr-execdiff/Time-4/sahab-right_38b1c6e5763b55870959e6d75a6e5b46cacd382e/test-classes:/home/khaes/.m2/repository/org/joda/joda-convert/1.2/joda-convert-1.2.jar:/home/khaes/.m2/repository/junit/junit/3.8.2/junit-3.8.2.jar se.kth.debug.JUnitTestRunner org.joda.time.TestPartial_Basics::testWith3
Oct 18, 2022 6:42:54 PM se.kth.debug.Debugger launchVMAndJunit
INFO: Connected to port: 45593
Oct 18, 2022 6:42:54 PM se.kth.debug.Debugger addClassPrepareEvent
INFO: org.joda.time.field.ZeroIsMaxDateTimeField added!
Oct 18, 2022 6:42:59 PM se.kth.debug.EventProcessor startEventProcessor
WARNING: com.sun.jdi.VMDisconnectedException
Oct 18, 2022 6:42:59 PM se.kth.debug.Collector write
INFO: Output file was not generated as breakpoints were not encountered.
Oct 18, 2022 6:42:59 PM se.kth.debug.Collector write
INFO: No method exits were encountered.
Oct 18, 2022 6:42:59 PM se.kth.debug.Collector write
INFO: File output to: /home/khaes/phd/projects/explanation/code/tmp/output/sahab-reports/38b1c6e5763b55870959e6d75a6e5b46cacd382e/right.json
