HEAD is now at e5d67a81 bugs added
WARNING: An illegal reflective access operation has occurred
WARNING: Illegal reflective access by com.google.inject.internal.cglib.core.$ReflectUtils$1 (file:/usr/share/maven/lib/guice.jar) to method java.lang.ClassLoader.defineClass(java.lang.String,byte[],int,int,java.security.ProtectionDomain)
WARNING: Please consider reporting this to the maintainers of com.google.inject.internal.cglib.core.$ReflectUtils$1
WARNING: Use --illegal-access=warn to enable warnings of further illegal reflective access operations
WARNING: All illegal access operations will be denied in a future release
WARNING: An illegal reflective access operation has occurred
WARNING: Illegal reflective access by com.google.inject.internal.cglib.core.$ReflectUtils$1 (file:/usr/share/maven/lib/guice.jar) to method java.lang.ClassLoader.defineClass(java.lang.String,byte[],int,int,java.security.ProtectionDomain)
WARNING: Please consider reporting this to the maintainers of com.google.inject.internal.cglib.core.$ReflectUtils$1
WARNING: Use --illegal-access=warn to enable warnings of further illegal reflective access operations
WARNING: All illegal access operations will be denied in a future release
Previous HEAD position was e5d67a81 bugs added
HEAD is now at 57704fc1 patch applied
WARNING: An illegal reflective access operation has occurred
WARNING: Illegal reflective access by com.google.inject.internal.cglib.core.$ReflectUtils$1 (file:/usr/share/maven/lib/guice.jar) to method java.lang.ClassLoader.defineClass(java.lang.String,byte[],int,int,java.security.ProtectionDomain)
WARNING: Please consider reporting this to the maintainers of com.google.inject.internal.cglib.core.$ReflectUtils$1
WARNING: Use --illegal-access=warn to enable warnings of further illegal reflective access operations
WARNING: All illegal access operations will be denied in a future release
WARNING: An illegal reflective access operation has occurred
WARNING: Illegal reflective access by com.google.inject.internal.cglib.core.$ReflectUtils$1 (file:/usr/share/maven/lib/guice.jar) to method java.lang.ClassLoader.defineClass(java.lang.String,byte[],int,int,java.security.ProtectionDomain)
WARNING: Please consider reporting this to the maintainers of com.google.inject.internal.cglib.core.$ReflectUtils$1
WARNING: Use --illegal-access=warn to enable warnings of further illegal reflective access operations
WARNING: All illegal access operations will be denied in a future release
SLF4J: Failed to load class "org.slf4j.impl.StaticLoggerBinder".
SLF4J: Defaulting to no-operation (NOP) logger implementation
SLF4J: See http://www.slf4j.org/codes.html#StaticLoggerBinder for further details.
Oct 22, 2022 10:19:02 PM se.kth.debug.Debugger launchVMAndJunit
INFO: java -cp /home/khesoem/exec-diff/d0/collector-sahab/target/collector-sahab-0.0.1-SNAPSHOT-jar-with-dependencies.jar:/home/khesoem/exec-diff/d0/drr-execdiff/Time-11/sahab-left_57704fc18b116ec47abe3fded34a5a16e3629adf/classes:/home/khesoem/exec-diff/d0/drr-execdiff/Time-11/sahab-left_57704fc18b116ec47abe3fded34a5a16e3629adf/test-classes:/root/.m2/repository/org/joda/joda-convert/1.2/joda-convert-1.2.jar:/root/.m2/repository/junit/junit/3.8.2/junit-3.8.2.jar se.kth.debug.JUnitTestRunner org.joda.time.tz.TestCompiler::testDateTimeZoneBuilder
Oct 22, 2022 10:19:02 PM se.kth.debug.Debugger launchVMAndJunit
INFO: Connected to port: 40205
Oct 22, 2022 10:19:02 PM se.kth.debug.Debugger addClassPrepareEvent
INFO: org.joda.time.tz.DateTimeZoneBuilder$PrecalculatedZone added!
Oct 22, 2022 10:19:34 PM se.kth.debug.EventProcessor startEventProcessor
WARNING: com.sun.jdi.VMDisconnectedException
Oct 22, 2022 10:19:34 PM se.kth.debug.Collector write
INFO: Breakpoints serialised!
Oct 22, 2022 10:19:34 PM se.kth.debug.Collector write
INFO: Return values serialised!
Oct 22, 2022 10:19:34 PM se.kth.debug.Collector write
INFO: File output to: /home/khesoem/exec-diff/d0/output/sahab-reports/57704fc18b116ec47abe3fded34a5a16e3629adf/left.json
Oct 22, 2022 10:19:34 PM se.kth.debug.Debugger launchVMAndJunit
INFO: java -cp /home/khesoem/exec-diff/d0/collector-sahab/target/collector-sahab-0.0.1-SNAPSHOT-jar-with-dependencies.jar:/home/khesoem/exec-diff/d0/drr-execdiff/Time-11/sahab-right_57704fc18b116ec47abe3fded34a5a16e3629adf/classes:/home/khesoem/exec-diff/d0/drr-execdiff/Time-11/sahab-right_57704fc18b116ec47abe3fded34a5a16e3629adf/test-classes:/root/.m2/repository/org/joda/joda-convert/1.2/joda-convert-1.2.jar:/root/.m2/repository/junit/junit/3.8.2/junit-3.8.2.jar se.kth.debug.JUnitTestRunner org.joda.time.tz.TestCompiler::testDateTimeZoneBuilder
Oct 22, 2022 10:19:35 PM se.kth.debug.Debugger launchVMAndJunit
INFO: Connected to port: 44509
Oct 22, 2022 10:19:35 PM se.kth.debug.Debugger addClassPrepareEvent
INFO: org.joda.time.tz.DateTimeZoneBuilder$PrecalculatedZone added!
Oct 22, 2022 10:20:06 PM se.kth.debug.EventProcessor startEventProcessor
WARNING: com.sun.jdi.VMDisconnectedException
Oct 22, 2022 10:20:06 PM se.kth.debug.Collector write
INFO: Breakpoints serialised!
Oct 22, 2022 10:20:06 PM se.kth.debug.Collector write
INFO: Return values serialised!
Oct 22, 2022 10:20:06 PM se.kth.debug.Collector write
INFO: File output to: /home/khesoem/exec-diff/d0/output/sahab-reports/57704fc18b116ec47abe3fded34a5a16e3629adf/right.json
