HEAD is now at e5d67a81 bugs added
WARNING: An illegal reflective access operation has occurred
WARNING: Illegal reflective access by com.google.inject.internal.cglib.core.$ReflectUtils$1 (file:/usr/share/maven/lib/guice.jar) to method java.lang.ClassLoader.defineClass(java.lang.String,byte[],int,int,java.security.ProtectionDomain)
WARNING: Please consider reporting this to the maintainers of com.google.inject.internal.cglib.core.$ReflectUtils$1
WARNING: Use --illegal-access=warn to enable warnings of further illegal reflective access operations
WARNING: All illegal access operations will be denied in a future release
WARNING: An illegal reflective access operation has occurred
WARNING: Illegal reflective access by com.google.inject.internal.cglib.core.$ReflectUtils$1 (file:/usr/share/maven/lib/guice.jar) to method java.lang.ClassLoader.defineClass(java.lang.String,byte[],int,int,java.security.ProtectionDomain)
WARNING: Please consider reporting this to the maintainers of com.google.inject.internal.cglib.core.$ReflectUtils$1
WARNING: Use --illegal-access=warn to enable warnings of further illegal reflective access operations
WARNING: All illegal access operations will be denied in a future release
Previous HEAD position was e5d67a81 bugs added
HEAD is now at fdefab96 patch applied
WARNING: An illegal reflective access operation has occurred
WARNING: Illegal reflective access by com.google.inject.internal.cglib.core.$ReflectUtils$1 (file:/usr/share/maven/lib/guice.jar) to method java.lang.ClassLoader.defineClass(java.lang.String,byte[],int,int,java.security.ProtectionDomain)
WARNING: Please consider reporting this to the maintainers of com.google.inject.internal.cglib.core.$ReflectUtils$1
WARNING: Use --illegal-access=warn to enable warnings of further illegal reflective access operations
WARNING: All illegal access operations will be denied in a future release
WARNING: An illegal reflective access operation has occurred
WARNING: Illegal reflective access by com.google.inject.internal.cglib.core.$ReflectUtils$1 (file:/usr/share/maven/lib/guice.jar) to method java.lang.ClassLoader.defineClass(java.lang.String,byte[],int,int,java.security.ProtectionDomain)
WARNING: Please consider reporting this to the maintainers of com.google.inject.internal.cglib.core.$ReflectUtils$1
WARNING: Use --illegal-access=warn to enable warnings of further illegal reflective access operations
WARNING: All illegal access operations will be denied in a future release
SLF4J: Failed to load class "org.slf4j.impl.StaticLoggerBinder".
SLF4J: Defaulting to no-operation (NOP) logger implementation
SLF4J: See http://www.slf4j.org/codes.html#StaticLoggerBinder for further details.
Oct 25, 2022 2:39:18 AM se.kth.debug.Debugger launchVMAndJunit
INFO: java -cp /home/khesoem/exec-diff/d0/collector-sahab/target/collector-sahab-0.0.1-SNAPSHOT-jar-with-dependencies.jar:/home/khesoem/exec-diff/d0/drr-execdiff/Math-60/sahab-left_fdefab96ec89efaf5e0067970abdcfe8c5324edf/classes:/home/khesoem/exec-diff/d0/drr-execdiff/Math-60/sahab-left_fdefab96ec89efaf5e0067970abdcfe8c5324edf/test-classes:/root/.m2/repository/junit/junit/4.4/junit-4.4.jar se.kth.debug.JUnitTestRunner org.apache.commons.math.distribution.NormalDistributionTest::testExtremeValues
Oct 25, 2022 2:39:18 AM se.kth.debug.Debugger launchVMAndJunit
INFO: Connected to port: 56919
Oct 25, 2022 2:39:18 AM se.kth.debug.Debugger addClassPrepareEvent
INFO: org.apache.commons.math.util.ContinuedFraction added!
Oct 25, 2022 2:40:55 AM se.kth.debug.EventProcessor startEventProcessor
WARNING: com.sun.jdi.VMDisconnectedException
Oct 25, 2022 2:40:56 AM se.kth.debug.Collector write
INFO: Breakpoints serialised!
Oct 25, 2022 2:40:56 AM se.kth.debug.Collector write
INFO: Return values serialised!
Oct 25, 2022 2:40:56 AM se.kth.debug.Collector write
INFO: File output to: /home/khesoem/exec-diff/d0/output/sahab-reports/fdefab96ec89efaf5e0067970abdcfe8c5324edf/left.json
Oct 25, 2022 2:40:57 AM se.kth.debug.Debugger launchVMAndJunit
INFO: java -cp /home/khesoem/exec-diff/d0/collector-sahab/target/collector-sahab-0.0.1-SNAPSHOT-jar-with-dependencies.jar:/home/khesoem/exec-diff/d0/drr-execdiff/Math-60/sahab-right_fdefab96ec89efaf5e0067970abdcfe8c5324edf/classes:/home/khesoem/exec-diff/d0/drr-execdiff/Math-60/sahab-right_fdefab96ec89efaf5e0067970abdcfe8c5324edf/test-classes:/root/.m2/repository/junit/junit/4.4/junit-4.4.jar se.kth.debug.JUnitTestRunner org.apache.commons.math.distribution.NormalDistributionTest::testExtremeValues
Oct 25, 2022 2:40:57 AM se.kth.debug.Debugger launchVMAndJunit
INFO: Connected to port: 54739
Oct 25, 2022 2:40:57 AM se.kth.debug.Debugger addClassPrepareEvent
INFO: org.apache.commons.math.util.ContinuedFraction added!
Oct 25, 2022 4:48:56 AM se.kth.debug.EventProcessor startEventProcessor
WARNING: com.sun.jdi.VMDisconnectedException
Oct 25, 2022 4:50:43 AM se.kth.debug.Collector write
INFO: Breakpoints serialised!
Oct 25, 2022 4:50:43 AM se.kth.debug.Collector write
INFO: Return values serialised!
Oct 25, 2022 4:50:43 AM se.kth.debug.Collector write
INFO: File output to: /home/khesoem/exec-diff/d0/output/sahab-reports/fdefab96ec89efaf5e0067970abdcfe8c5324edf/right.json
