HEAD is now at e5d67a81 bugs added
WARNING: An illegal reflective access operation has occurred
WARNING: Illegal reflective access by com.google.inject.internal.cglib.core.$ReflectUtils$1 (file:/usr/share/maven/lib/guice.jar) to method java.lang.ClassLoader.defineClass(java.lang.String,byte[],int,int,java.security.ProtectionDomain)
WARNING: Please consider reporting this to the maintainers of com.google.inject.internal.cglib.core.$ReflectUtils$1
WARNING: Use --illegal-access=warn to enable warnings of further illegal reflective access operations
WARNING: All illegal access operations will be denied in a future release
WARNING: An illegal reflective access operation has occurred
WARNING: Illegal reflective access by com.google.inject.internal.cglib.core.$ReflectUtils$1 (file:/usr/share/maven/lib/guice.jar) to method java.lang.ClassLoader.defineClass(java.lang.String,byte[],int,int,java.security.ProtectionDomain)
WARNING: Please consider reporting this to the maintainers of com.google.inject.internal.cglib.core.$ReflectUtils$1
WARNING: Use --illegal-access=warn to enable warnings of further illegal reflective access operations
WARNING: All illegal access operations will be denied in a future release
Previous HEAD position was e5d67a81 bugs added
HEAD is now at af25aacd patch applied
WARNING: An illegal reflective access operation has occurred
WARNING: Illegal reflective access by com.google.inject.internal.cglib.core.$ReflectUtils$1 (file:/usr/share/maven/lib/guice.jar) to method java.lang.ClassLoader.defineClass(java.lang.String,byte[],int,int,java.security.ProtectionDomain)
WARNING: Please consider reporting this to the maintainers of com.google.inject.internal.cglib.core.$ReflectUtils$1
WARNING: Use --illegal-access=warn to enable warnings of further illegal reflective access operations
WARNING: All illegal access operations will be denied in a future release
WARNING: An illegal reflective access operation has occurred
WARNING: Illegal reflective access by com.google.inject.internal.cglib.core.$ReflectUtils$1 (file:/usr/share/maven/lib/guice.jar) to method java.lang.ClassLoader.defineClass(java.lang.String,byte[],int,int,java.security.ProtectionDomain)
WARNING: Please consider reporting this to the maintainers of com.google.inject.internal.cglib.core.$ReflectUtils$1
WARNING: Use --illegal-access=warn to enable warnings of further illegal reflective access operations
WARNING: All illegal access operations will be denied in a future release
SLF4J: Failed to load class "org.slf4j.impl.StaticLoggerBinder".
SLF4J: Defaulting to no-operation (NOP) logger implementation
SLF4J: See http://www.slf4j.org/codes.html#StaticLoggerBinder for further details.
Oct 10, 2022 11:00:38 PM se.kth.debug.Debugger launchVMAndJunit
INFO: java -cp /home/khaes/phd/projects/explanation/code/tmp/collector-sahab/target/collector-sahab-0.0.1-SNAPSHOT-jar-with-dependencies.jar:/home/khaes/phd/projects/explanation/code/tmp/drr-execdiff/Math-78/sahab-left_af25aacd0160dc271e611c8134ce3091650cfa7b/classes:/home/khaes/phd/projects/explanation/code/tmp/drr-execdiff/Math-78/sahab-left_af25aacd0160dc271e611c8134ce3091650cfa7b/test-classes:/home/khaes/.m2/repository/junit/junit/4.4/junit-4.4.jar se.kth.debug.JUnitTestRunner org.apache.commons.math.ode.events.EventStateTest::closeEvents
Oct 10, 2022 11:00:38 PM se.kth.debug.Debugger launchVMAndJunit
INFO: Connected to port: 56193
Oct 10, 2022 11:00:38 PM se.kth.debug.Debugger addClassPrepareEvent
INFO: org.apache.commons.math.ode.events.EventState added!
Oct 10, 2022 11:00:39 PM se.kth.debug.Debugger setBreakpoints
WARNING: 205 is not a valid breakpoint in org.apache.commons.math.ode.events.EventState
Oct 10, 2022 11:00:39 PM se.kth.debug.Debugger setBreakpoints
WARNING: 206 is not a valid breakpoint in org.apache.commons.math.ode.events.EventState
Oct 10, 2022 11:00:39 PM se.kth.debug.Debugger setBreakpoints
WARNING: 207 is not a valid breakpoint in org.apache.commons.math.ode.events.EventState
Oct 10, 2022 11:00:39 PM se.kth.debug.Debugger setBreakpoints
WARNING: 209 is not a valid breakpoint in org.apache.commons.math.ode.events.EventState
Oct 10, 2022 11:00:39 PM se.kth.debug.Debugger setBreakpoints
WARNING: 211 is not a valid breakpoint in org.apache.commons.math.ode.events.EventState
Oct 10, 2022 11:00:39 PM se.kth.debug.Debugger setBreakpoints
WARNING: 170 is not a valid breakpoint in org.apache.commons.math.ode.events.EventState
Oct 10, 2022 11:00:40 PM se.kth.debug.EventProcessor startEventProcessor
WARNING: com.sun.jdi.VMDisconnectedException
Oct 10, 2022 11:00:41 PM se.kth.debug.Collector write
INFO: Breakpoints serialised!
Oct 10, 2022 11:00:41 PM se.kth.debug.Collector write
INFO: Return values serialised!
Oct 10, 2022 11:00:41 PM se.kth.debug.Collector write
INFO: File output to: /home/khaes/phd/projects/explanation/code/tmp/output/sahab-reports/af25aacd0160dc271e611c8134ce3091650cfa7b/left.json
Oct 10, 2022 11:00:41 PM se.kth.debug.Debugger launchVMAndJunit
INFO: java -cp /home/khaes/phd/projects/explanation/code/tmp/collector-sahab/target/collector-sahab-0.0.1-SNAPSHOT-jar-with-dependencies.jar:/home/khaes/phd/projects/explanation/code/tmp/drr-execdiff/Math-78/sahab-right_af25aacd0160dc271e611c8134ce3091650cfa7b/classes:/home/khaes/phd/projects/explanation/code/tmp/drr-execdiff/Math-78/sahab-right_af25aacd0160dc271e611c8134ce3091650cfa7b/test-classes:/home/khaes/.m2/repository/junit/junit/4.4/junit-4.4.jar se.kth.debug.JUnitTestRunner org.apache.commons.math.ode.events.EventStateTest::closeEvents
Oct 10, 2022 11:00:41 PM se.kth.debug.Debugger launchVMAndJunit
INFO: Connected to port: 33807
Oct 10, 2022 11:00:41 PM se.kth.debug.Debugger addClassPrepareEvent
INFO: org.apache.commons.math.ode.events.EventState added!
Oct 10, 2022 11:00:42 PM se.kth.debug.Debugger setBreakpoints
WARNING: 206 is not a valid breakpoint in org.apache.commons.math.ode.events.EventState
Oct 10, 2022 11:00:42 PM se.kth.debug.Debugger setBreakpoints
WARNING: 207 is not a valid breakpoint in org.apache.commons.math.ode.events.EventState
Oct 10, 2022 11:00:42 PM se.kth.debug.Debugger setBreakpoints
WARNING: 208 is not a valid breakpoint in org.apache.commons.math.ode.events.EventState
Oct 10, 2022 11:00:42 PM se.kth.debug.Debugger setBreakpoints
WARNING: 210 is not a valid breakpoint in org.apache.commons.math.ode.events.EventState
Oct 10, 2022 11:00:42 PM se.kth.debug.Debugger setBreakpoints
WARNING: 212 is not a valid breakpoint in org.apache.commons.math.ode.events.EventState
Oct 10, 2022 11:00:42 PM se.kth.debug.Debugger setBreakpoints
WARNING: 170 is not a valid breakpoint in org.apache.commons.math.ode.events.EventState
Oct 10, 2022 11:00:43 PM se.kth.debug.EventProcessor startEventProcessor
WARNING: com.sun.jdi.VMDisconnectedException
Oct 10, 2022 11:00:43 PM se.kth.debug.Collector write
INFO: Breakpoints serialised!
Oct 10, 2022 11:00:43 PM se.kth.debug.Collector write
INFO: Return values serialised!
Oct 10, 2022 11:00:43 PM se.kth.debug.Collector write
INFO: File output to: /home/khaes/phd/projects/explanation/code/tmp/output/sahab-reports/af25aacd0160dc271e611c8134ce3091650cfa7b/right.json
