HEAD is now at e5d67a81 bugs added
WARNING: An illegal reflective access operation has occurred
WARNING: Illegal reflective access by com.google.inject.internal.cglib.core.$ReflectUtils$1 (file:/usr/share/maven/lib/guice.jar) to method java.lang.ClassLoader.defineClass(java.lang.String,byte[],int,int,java.security.ProtectionDomain)
WARNING: Please consider reporting this to the maintainers of com.google.inject.internal.cglib.core.$ReflectUtils$1
WARNING: Use --illegal-access=warn to enable warnings of further illegal reflective access operations
WARNING: All illegal access operations will be denied in a future release
WARNING: An illegal reflective access operation has occurred
WARNING: Illegal reflective access by com.google.inject.internal.cglib.core.$ReflectUtils$1 (file:/usr/share/maven/lib/guice.jar) to method java.lang.ClassLoader.defineClass(java.lang.String,byte[],int,int,java.security.ProtectionDomain)
WARNING: Please consider reporting this to the maintainers of com.google.inject.internal.cglib.core.$ReflectUtils$1
WARNING: Use --illegal-access=warn to enable warnings of further illegal reflective access operations
WARNING: All illegal access operations will be denied in a future release
Previous HEAD position was e5d67a81 bugs added
HEAD is now at fb8ffc56 patch applied
WARNING: An illegal reflective access operation has occurred
WARNING: Illegal reflective access by com.google.inject.internal.cglib.core.$ReflectUtils$1 (file:/usr/share/maven/lib/guice.jar) to method java.lang.ClassLoader.defineClass(java.lang.String,byte[],int,int,java.security.ProtectionDomain)
WARNING: Please consider reporting this to the maintainers of com.google.inject.internal.cglib.core.$ReflectUtils$1
WARNING: Use --illegal-access=warn to enable warnings of further illegal reflective access operations
WARNING: All illegal access operations will be denied in a future release
WARNING: An illegal reflective access operation has occurred
WARNING: Illegal reflective access by com.google.inject.internal.cglib.core.$ReflectUtils$1 (file:/usr/share/maven/lib/guice.jar) to method java.lang.ClassLoader.defineClass(java.lang.String,byte[],int,int,java.security.ProtectionDomain)
WARNING: Please consider reporting this to the maintainers of com.google.inject.internal.cglib.core.$ReflectUtils$1
WARNING: Use --illegal-access=warn to enable warnings of further illegal reflective access operations
WARNING: All illegal access operations will be denied in a future release
SLF4J: Failed to load class "org.slf4j.impl.StaticLoggerBinder".
SLF4J: Defaulting to no-operation (NOP) logger implementation
SLF4J: See http://www.slf4j.org/codes.html#StaticLoggerBinder for further details.
Oct 23, 2022 7:32:32 AM se.kth.debug.Debugger launchVMAndJunit
INFO: java -cp /home/khesoem/exec-diff/d0/collector-sahab/target/collector-sahab-0.0.1-SNAPSHOT-jar-with-dependencies.jar:/home/khesoem/exec-diff/d0/drr-execdiff/Math-60/sahab-left_fb8ffc5682c880b05131d6310ffe21093cd51958/classes:/home/khesoem/exec-diff/d0/drr-execdiff/Math-60/sahab-left_fb8ffc5682c880b05131d6310ffe21093cd51958/test-classes:/root/.m2/repository/junit/junit/4.4/junit-4.4.jar se.kth.debug.JUnitTestRunner org.apache.commons.math.distribution.NormalDistributionTest::testExtremeValues
Oct 23, 2022 7:32:32 AM se.kth.debug.Debugger launchVMAndJunit
INFO: Connected to port: 52225
Oct 23, 2022 7:32:32 AM se.kth.debug.Debugger addClassPrepareEvent
INFO: org.apache.commons.math.util.ContinuedFraction added!
Oct 23, 2022 7:34:09 AM se.kth.debug.EventProcessor startEventProcessor
WARNING: com.sun.jdi.VMDisconnectedException
Oct 23, 2022 7:34:11 AM se.kth.debug.Collector write
INFO: Breakpoints serialised!
Oct 23, 2022 7:34:11 AM se.kth.debug.Collector write
INFO: Return values serialised!
Oct 23, 2022 7:34:11 AM se.kth.debug.Collector write
INFO: File output to: /home/khesoem/exec-diff/d0/output/sahab-reports/fb8ffc5682c880b05131d6310ffe21093cd51958/left.json
Oct 23, 2022 7:34:11 AM se.kth.debug.Debugger launchVMAndJunit
INFO: java -cp /home/khesoem/exec-diff/d0/collector-sahab/target/collector-sahab-0.0.1-SNAPSHOT-jar-with-dependencies.jar:/home/khesoem/exec-diff/d0/drr-execdiff/Math-60/sahab-right_fb8ffc5682c880b05131d6310ffe21093cd51958/classes:/home/khesoem/exec-diff/d0/drr-execdiff/Math-60/sahab-right_fb8ffc5682c880b05131d6310ffe21093cd51958/test-classes:/root/.m2/repository/junit/junit/4.4/junit-4.4.jar se.kth.debug.JUnitTestRunner org.apache.commons.math.distribution.NormalDistributionTest::testExtremeValues
Oct 23, 2022 7:34:11 AM se.kth.debug.Debugger launchVMAndJunit
INFO: Connected to port: 49747
Oct 23, 2022 7:34:11 AM se.kth.debug.Debugger addClassPrepareEvent
INFO: org.apache.commons.math.util.ContinuedFraction added!
