HEAD is now at e5d67a81 bugs added
WARNING: An illegal reflective access operation has occurred
WARNING: Illegal reflective access by com.google.inject.internal.cglib.core.$ReflectUtils$1 (file:/usr/share/maven/lib/guice.jar) to method java.lang.ClassLoader.defineClass(java.lang.String,byte[],int,int,java.security.ProtectionDomain)
WARNING: Please consider reporting this to the maintainers of com.google.inject.internal.cglib.core.$ReflectUtils$1
WARNING: Use --illegal-access=warn to enable warnings of further illegal reflective access operations
WARNING: All illegal access operations will be denied in a future release
WARNING: An illegal reflective access operation has occurred
WARNING: Illegal reflective access by com.google.inject.internal.cglib.core.$ReflectUtils$1 (file:/usr/share/maven/lib/guice.jar) to method java.lang.ClassLoader.defineClass(java.lang.String,byte[],int,int,java.security.ProtectionDomain)
WARNING: Please consider reporting this to the maintainers of com.google.inject.internal.cglib.core.$ReflectUtils$1
WARNING: Use --illegal-access=warn to enable warnings of further illegal reflective access operations
WARNING: All illegal access operations will be denied in a future release
Previous HEAD position was e5d67a81 bugs added
HEAD is now at d3aa30af patch applied
WARNING: An illegal reflective access operation has occurred
WARNING: Illegal reflective access by com.google.inject.internal.cglib.core.$ReflectUtils$1 (file:/usr/share/maven/lib/guice.jar) to method java.lang.ClassLoader.defineClass(java.lang.String,byte[],int,int,java.security.ProtectionDomain)
WARNING: Please consider reporting this to the maintainers of com.google.inject.internal.cglib.core.$ReflectUtils$1
WARNING: Use --illegal-access=warn to enable warnings of further illegal reflective access operations
WARNING: All illegal access operations will be denied in a future release
WARNING: An illegal reflective access operation has occurred
WARNING: Illegal reflective access by com.google.inject.internal.cglib.core.$ReflectUtils$1 (file:/usr/share/maven/lib/guice.jar) to method java.lang.ClassLoader.defineClass(java.lang.String,byte[],int,int,java.security.ProtectionDomain)
WARNING: Please consider reporting this to the maintainers of com.google.inject.internal.cglib.core.$ReflectUtils$1
WARNING: Use --illegal-access=warn to enable warnings of further illegal reflective access operations
WARNING: All illegal access operations will be denied in a future release
SLF4J: Failed to load class "org.slf4j.impl.StaticLoggerBinder".
SLF4J: Defaulting to no-operation (NOP) logger implementation
SLF4J: See http://www.slf4j.org/codes.html#StaticLoggerBinder for further details.
Oct 11, 2022 1:09:07 PM se.kth.debug.Debugger launchVMAndJunit
INFO: java -cp /home/khaes/phd/projects/explanation/code/tmp/collector-sahab/target/collector-sahab-0.0.1-SNAPSHOT-jar-with-dependencies.jar:/home/khaes/phd/projects/explanation/code/tmp/drr-execdiff/Math-97/sahab-left_d3aa30af651cff0d89da4e2ce8e696453db94234/classes:/home/khaes/phd/projects/explanation/code/tmp/drr-execdiff/Math-97/sahab-left_d3aa30af651cff0d89da4e2ce8e696453db94234/test-classes:/home/khaes/.m2/repository/junit/junit/4.4/junit-4.4.jar se.kth.debug.JUnitTestRunner org.apache.commons.math.analysis.BrentSolverTest::testRootEndpoints
Oct 11, 2022 1:09:07 PM se.kth.debug.Debugger launchVMAndJunit
INFO: Connected to port: 47233
Oct 11, 2022 1:09:07 PM se.kth.debug.Debugger addClassPrepareEvent
INFO: org.apache.commons.math.analysis.BrentSolver added!
Oct 11, 2022 1:09:08 PM se.kth.debug.EventProcessor startEventProcessor
WARNING: com.sun.jdi.VMDisconnectedException
Oct 11, 2022 1:09:08 PM se.kth.debug.Collector write
INFO: Breakpoints serialised!
Oct 11, 2022 1:09:08 PM se.kth.debug.Collector write
INFO: Return values serialised!
Oct 11, 2022 1:09:08 PM se.kth.debug.Collector write
INFO: File output to: /home/khaes/phd/projects/explanation/code/tmp/output/sahab-reports/d3aa30af651cff0d89da4e2ce8e696453db94234/left.json
Oct 11, 2022 1:09:08 PM se.kth.debug.Debugger launchVMAndJunit
INFO: java -cp /home/khaes/phd/projects/explanation/code/tmp/collector-sahab/target/collector-sahab-0.0.1-SNAPSHOT-jar-with-dependencies.jar:/home/khaes/phd/projects/explanation/code/tmp/drr-execdiff/Math-97/sahab-right_d3aa30af651cff0d89da4e2ce8e696453db94234/classes:/home/khaes/phd/projects/explanation/code/tmp/drr-execdiff/Math-97/sahab-right_d3aa30af651cff0d89da4e2ce8e696453db94234/test-classes:/home/khaes/.m2/repository/junit/junit/4.4/junit-4.4.jar se.kth.debug.JUnitTestRunner org.apache.commons.math.analysis.BrentSolverTest::testRootEndpoints
Oct 11, 2022 1:09:09 PM se.kth.debug.Debugger launchVMAndJunit
INFO: Connected to port: 59277
Oct 11, 2022 1:09:09 PM se.kth.debug.Debugger addClassPrepareEvent
INFO: org.apache.commons.math.analysis.BrentSolver added!
Oct 11, 2022 1:09:10 PM se.kth.debug.EventProcessor startEventProcessor
WARNING: com.sun.jdi.VMDisconnectedException
Oct 11, 2022 1:09:10 PM se.kth.debug.Collector write
INFO: Breakpoints serialised!
Oct 11, 2022 1:09:10 PM se.kth.debug.Collector write
INFO: Return values serialised!
Oct 11, 2022 1:09:10 PM se.kth.debug.Collector write
INFO: File output to: /home/khaes/phd/projects/explanation/code/tmp/output/sahab-reports/d3aa30af651cff0d89da4e2ce8e696453db94234/right.json
