HEAD is now at e5d67a81 bugs added
WARNING: An illegal reflective access operation has occurred
WARNING: Illegal reflective access by com.google.inject.internal.cglib.core.$ReflectUtils$1 (file:/usr/share/maven/lib/guice.jar) to method java.lang.ClassLoader.defineClass(java.lang.String,byte[],int,int,java.security.ProtectionDomain)
WARNING: Please consider reporting this to the maintainers of com.google.inject.internal.cglib.core.$ReflectUtils$1
WARNING: Use --illegal-access=warn to enable warnings of further illegal reflective access operations
WARNING: All illegal access operations will be denied in a future release
WARNING: An illegal reflective access operation has occurred
WARNING: Illegal reflective access by com.google.inject.internal.cglib.core.$ReflectUtils$1 (file:/usr/share/maven/lib/guice.jar) to method java.lang.ClassLoader.defineClass(java.lang.String,byte[],int,int,java.security.ProtectionDomain)
WARNING: Please consider reporting this to the maintainers of com.google.inject.internal.cglib.core.$ReflectUtils$1
WARNING: Use --illegal-access=warn to enable warnings of further illegal reflective access operations
WARNING: All illegal access operations will be denied in a future release
Previous HEAD position was e5d67a81 bugs added
HEAD is now at 6fa845f5 patch applied
WARNING: An illegal reflective access operation has occurred
WARNING: Illegal reflective access by com.google.inject.internal.cglib.core.$ReflectUtils$1 (file:/usr/share/maven/lib/guice.jar) to method java.lang.ClassLoader.defineClass(java.lang.String,byte[],int,int,java.security.ProtectionDomain)
WARNING: Please consider reporting this to the maintainers of com.google.inject.internal.cglib.core.$ReflectUtils$1
WARNING: Use --illegal-access=warn to enable warnings of further illegal reflective access operations
WARNING: All illegal access operations will be denied in a future release
WARNING: An illegal reflective access operation has occurred
WARNING: Illegal reflective access by com.google.inject.internal.cglib.core.$ReflectUtils$1 (file:/usr/share/maven/lib/guice.jar) to method java.lang.ClassLoader.defineClass(java.lang.String,byte[],int,int,java.security.ProtectionDomain)
WARNING: Please consider reporting this to the maintainers of com.google.inject.internal.cglib.core.$ReflectUtils$1
WARNING: Use --illegal-access=warn to enable warnings of further illegal reflective access operations
WARNING: All illegal access operations will be denied in a future release
SLF4J: Failed to load class "org.slf4j.impl.StaticLoggerBinder".
SLF4J: Defaulting to no-operation (NOP) logger implementation
SLF4J: See http://www.slf4j.org/codes.html#StaticLoggerBinder for further details.
Oct 17, 2022 2:51:53 AM se.kth.debug.Debugger launchVMAndJunit
INFO: java -cp /home/khaes/phd/projects/explanation/code/tmp/collector-sahab/target/collector-sahab-0.0.1-SNAPSHOT-jar-with-dependencies.jar:/home/khaes/phd/projects/explanation/code/tmp/drr-execdiff/Time-17/sahab-left_6fa845f549ce7445b490028128918b213124bdec/classes:/home/khaes/phd/projects/explanation/code/tmp/drr-execdiff/Time-17/sahab-left_6fa845f549ce7445b490028128918b213124bdec/test-classes:/home/khaes/.m2/repository/org/joda/joda-convert/1.1/joda-convert-1.1.jar:/home/khaes/.m2/repository/junit/junit/3.8.2/junit-3.8.2.jar se.kth.debug.JUnitTestRunner org.joda.time.TestDateTimeZoneCutover::testBug3476684_adjustOffset
Oct 17, 2022 2:51:53 AM se.kth.debug.Debugger launchVMAndJunit
INFO: Connected to port: 58349
Oct 17, 2022 2:51:53 AM se.kth.debug.Debugger addClassPrepareEvent
INFO: org.joda.time.DateTimeZone added!
Oct 17, 2022 2:52:02 AM se.kth.debug.EventProcessor startEventProcessor
WARNING: com.sun.jdi.VMDisconnectedException
Oct 17, 2022 2:52:03 AM se.kth.debug.Collector write
INFO: Breakpoints serialised!
Oct 17, 2022 2:52:03 AM se.kth.debug.Collector write
INFO: Return values serialised!
Oct 17, 2022 2:52:03 AM se.kth.debug.Collector write
INFO: File output to: /home/khaes/phd/projects/explanation/code/tmp/output/sahab-reports/6fa845f549ce7445b490028128918b213124bdec/left.json
Oct 17, 2022 2:52:03 AM se.kth.debug.Debugger launchVMAndJunit
INFO: java -cp /home/khaes/phd/projects/explanation/code/tmp/collector-sahab/target/collector-sahab-0.0.1-SNAPSHOT-jar-with-dependencies.jar:/home/khaes/phd/projects/explanation/code/tmp/drr-execdiff/Time-17/sahab-right_6fa845f549ce7445b490028128918b213124bdec/classes:/home/khaes/phd/projects/explanation/code/tmp/drr-execdiff/Time-17/sahab-right_6fa845f549ce7445b490028128918b213124bdec/test-classes:/home/khaes/.m2/repository/org/joda/joda-convert/1.1/joda-convert-1.1.jar:/home/khaes/.m2/repository/junit/junit/3.8.2/junit-3.8.2.jar se.kth.debug.JUnitTestRunner org.joda.time.TestDateTimeZoneCutover::testBug3476684_adjustOffset
Oct 17, 2022 2:52:03 AM se.kth.debug.Debugger launchVMAndJunit
INFO: Connected to port: 47781
Oct 17, 2022 2:52:03 AM se.kth.debug.Debugger addClassPrepareEvent
INFO: org.joda.time.DateTimeZone added!
Oct 17, 2022 2:52:13 AM se.kth.debug.EventProcessor startEventProcessor
WARNING: com.sun.jdi.VMDisconnectedException
Oct 17, 2022 2:52:13 AM se.kth.debug.Collector write
INFO: Breakpoints serialised!
Oct 17, 2022 2:52:13 AM se.kth.debug.Collector write
INFO: Return values serialised!
Oct 17, 2022 2:52:13 AM se.kth.debug.Collector write
INFO: File output to: /home/khaes/phd/projects/explanation/code/tmp/output/sahab-reports/6fa845f549ce7445b490028128918b213124bdec/right.json
