HEAD is now at e5d67a81 bugs added
WARNING: An illegal reflective access operation has occurred
WARNING: Illegal reflective access by com.google.inject.internal.cglib.core.$ReflectUtils$1 (file:/usr/share/maven/lib/guice.jar) to method java.lang.ClassLoader.defineClass(java.lang.String,byte[],int,int,java.security.ProtectionDomain)
WARNING: Please consider reporting this to the maintainers of com.google.inject.internal.cglib.core.$ReflectUtils$1
WARNING: Use --illegal-access=warn to enable warnings of further illegal reflective access operations
WARNING: All illegal access operations will be denied in a future release
WARNING: An illegal reflective access operation has occurred
WARNING: Illegal reflective access by com.google.inject.internal.cglib.core.$ReflectUtils$1 (file:/usr/share/maven/lib/guice.jar) to method java.lang.ClassLoader.defineClass(java.lang.String,byte[],int,int,java.security.ProtectionDomain)
WARNING: Please consider reporting this to the maintainers of com.google.inject.internal.cglib.core.$ReflectUtils$1
WARNING: Use --illegal-access=warn to enable warnings of further illegal reflective access operations
WARNING: All illegal access operations will be denied in a future release
Previous HEAD position was e5d67a81 bugs added
HEAD is now at 60db4960 patch applied
WARNING: An illegal reflective access operation has occurred
WARNING: Illegal reflective access by com.google.inject.internal.cglib.core.$ReflectUtils$1 (file:/usr/share/maven/lib/guice.jar) to method java.lang.ClassLoader.defineClass(java.lang.String,byte[],int,int,java.security.ProtectionDomain)
WARNING: Please consider reporting this to the maintainers of com.google.inject.internal.cglib.core.$ReflectUtils$1
WARNING: Use --illegal-access=warn to enable warnings of further illegal reflective access operations
WARNING: All illegal access operations will be denied in a future release
WARNING: An illegal reflective access operation has occurred
WARNING: Illegal reflective access by com.google.inject.internal.cglib.core.$ReflectUtils$1 (file:/usr/share/maven/lib/guice.jar) to method java.lang.ClassLoader.defineClass(java.lang.String,byte[],int,int,java.security.ProtectionDomain)
WARNING: Please consider reporting this to the maintainers of com.google.inject.internal.cglib.core.$ReflectUtils$1
WARNING: Use --illegal-access=warn to enable warnings of further illegal reflective access operations
WARNING: All illegal access operations will be denied in a future release
SLF4J: Failed to load class "org.slf4j.impl.StaticLoggerBinder".
SLF4J: Defaulting to no-operation (NOP) logger implementation
SLF4J: See http://www.slf4j.org/codes.html#StaticLoggerBinder for further details.
Oct 10, 2022 7:26:43 AM se.kth.debug.Debugger launchVMAndJunit
INFO: java -cp /home/khaes/phd/projects/explanation/code/tmp/collector-sahab/target/collector-sahab-0.0.1-SNAPSHOT-jar-with-dependencies.jar:/home/khaes/phd/projects/explanation/code/tmp/drr-execdiff/Math-58/sahab-left_60db496004231b92f7a02a04185ed0fd6348f410/classes:/home/khaes/phd/projects/explanation/code/tmp/drr-execdiff/Math-58/sahab-left_60db496004231b92f7a02a04185ed0fd6348f410/test-classes:/home/khaes/.m2/repository/junit/junit/4.4/junit-4.4.jar se.kth.debug.JUnitTestRunner org.apache.commons.math.optimization.fitting.GaussianFitterTest::testMath519
Oct 10, 2022 7:26:43 AM se.kth.debug.Debugger launchVMAndJunit
INFO: Connected to port: 54175
Oct 10, 2022 7:26:43 AM se.kth.debug.Debugger addClassPrepareEvent
INFO: org.apache.commons.math.analysis.function.Gaussian$Parametric added!
Oct 10, 2022 7:26:49 AM se.kth.debug.EventProcessor startEventProcessor
WARNING: com.sun.jdi.VMDisconnectedException
Oct 10, 2022 7:26:49 AM se.kth.debug.Collector write
INFO: Breakpoints serialised!
Oct 10, 2022 7:26:49 AM se.kth.debug.Collector write
INFO: Return values serialised!
Oct 10, 2022 7:26:49 AM se.kth.debug.Collector write
INFO: File output to: /home/khaes/phd/projects/explanation/code/tmp/output/sahab-reports/60db496004231b92f7a02a04185ed0fd6348f410/left.json
Oct 10, 2022 7:26:50 AM se.kth.debug.Debugger launchVMAndJunit
INFO: java -cp /home/khaes/phd/projects/explanation/code/tmp/collector-sahab/target/collector-sahab-0.0.1-SNAPSHOT-jar-with-dependencies.jar:/home/khaes/phd/projects/explanation/code/tmp/drr-execdiff/Math-58/sahab-right_60db496004231b92f7a02a04185ed0fd6348f410/classes:/home/khaes/phd/projects/explanation/code/tmp/drr-execdiff/Math-58/sahab-right_60db496004231b92f7a02a04185ed0fd6348f410/test-classes:/home/khaes/.m2/repository/junit/junit/4.4/junit-4.4.jar se.kth.debug.JUnitTestRunner org.apache.commons.math.optimization.fitting.GaussianFitterTest::testMath519
Oct 10, 2022 7:26:50 AM se.kth.debug.Debugger launchVMAndJunit
INFO: Connected to port: 58795
Oct 10, 2022 7:26:50 AM se.kth.debug.Debugger addClassPrepareEvent
INFO: org.apache.commons.math.analysis.function.Gaussian$Parametric added!
Oct 10, 2022 7:29:03 AM se.kth.debug.EventProcessor startEventProcessor
WARNING: com.sun.jdi.VMDisconnectedException
Oct 10, 2022 7:29:08 AM se.kth.debug.Collector write
INFO: Breakpoints serialised!
Oct 10, 2022 7:29:10 AM se.kth.debug.Collector write
INFO: Return values serialised!
Oct 10, 2022 7:29:10 AM se.kth.debug.Collector write
INFO: File output to: /home/khaes/phd/projects/explanation/code/tmp/output/sahab-reports/60db496004231b92f7a02a04185ed0fd6348f410/right.json
