HEAD is now at e5d67a81 bugs added
WARNING: An illegal reflective access operation has occurred
WARNING: Illegal reflective access by com.google.inject.internal.cglib.core.$ReflectUtils$1 (file:/usr/share/maven/lib/guice.jar) to method java.lang.ClassLoader.defineClass(java.lang.String,byte[],int,int,java.security.ProtectionDomain)
WARNING: Please consider reporting this to the maintainers of com.google.inject.internal.cglib.core.$ReflectUtils$1
WARNING: Use --illegal-access=warn to enable warnings of further illegal reflective access operations
WARNING: All illegal access operations will be denied in a future release
WARNING: An illegal reflective access operation has occurred
WARNING: Illegal reflective access by com.google.inject.internal.cglib.core.$ReflectUtils$1 (file:/usr/share/maven/lib/guice.jar) to method java.lang.ClassLoader.defineClass(java.lang.String,byte[],int,int,java.security.ProtectionDomain)
WARNING: Please consider reporting this to the maintainers of com.google.inject.internal.cglib.core.$ReflectUtils$1
WARNING: Use --illegal-access=warn to enable warnings of further illegal reflective access operations
WARNING: All illegal access operations will be denied in a future release
Previous HEAD position was e5d67a81 bugs added
HEAD is now at e83ed5ee patch applied
WARNING: An illegal reflective access operation has occurred
WARNING: Illegal reflective access by com.google.inject.internal.cglib.core.$ReflectUtils$1 (file:/usr/share/maven/lib/guice.jar) to method java.lang.ClassLoader.defineClass(java.lang.String,byte[],int,int,java.security.ProtectionDomain)
WARNING: Please consider reporting this to the maintainers of com.google.inject.internal.cglib.core.$ReflectUtils$1
WARNING: Use --illegal-access=warn to enable warnings of further illegal reflective access operations
WARNING: All illegal access operations will be denied in a future release
WARNING: An illegal reflective access operation has occurred
WARNING: Illegal reflective access by com.google.inject.internal.cglib.core.$ReflectUtils$1 (file:/usr/share/maven/lib/guice.jar) to method java.lang.ClassLoader.defineClass(java.lang.String,byte[],int,int,java.security.ProtectionDomain)
WARNING: Please consider reporting this to the maintainers of com.google.inject.internal.cglib.core.$ReflectUtils$1
WARNING: Use --illegal-access=warn to enable warnings of further illegal reflective access operations
WARNING: All illegal access operations will be denied in a future release
SLF4J: Failed to load class "org.slf4j.impl.StaticLoggerBinder".
SLF4J: Defaulting to no-operation (NOP) logger implementation
SLF4J: See http://www.slf4j.org/codes.html#StaticLoggerBinder for further details.
Oct 11, 2022 6:55:01 AM se.kth.debug.Debugger launchVMAndJunit
INFO: java -cp /home/khaes/phd/projects/explanation/code/tmp/collector-sahab/target/collector-sahab-0.0.1-SNAPSHOT-jar-with-dependencies.jar:/home/khaes/phd/projects/explanation/code/tmp/drr-execdiff/Math-84/sahab-left_e83ed5ee4bb0255515c0820962bbbb1b47a09897/classes:/home/khaes/phd/projects/explanation/code/tmp/drr-execdiff/Math-84/sahab-left_e83ed5ee4bb0255515c0820962bbbb1b47a09897/test-classes:/home/khaes/.m2/repository/junit/junit/4.4/junit-4.4.jar se.kth.debug.JUnitTestRunner org.apache.commons.math.optimization.direct.MultiDirectionalTest::testMinimizeMaximize
Oct 11, 2022 6:55:01 AM se.kth.debug.Debugger launchVMAndJunit
INFO: Connected to port: 41733
Oct 11, 2022 6:55:01 AM se.kth.debug.Debugger addClassPrepareEvent
INFO: org.apache.commons.math.optimization.direct.MultiDirectional added!
Oct 11, 2022 6:55:02 AM se.kth.debug.Debugger setBreakpoints
WARNING: 64 is not a valid breakpoint in org.apache.commons.math.optimization.direct.MultiDirectional
Oct 11, 2022 6:55:08 AM se.kth.debug.EventProcessor startEventProcessor
WARNING: com.sun.jdi.VMDisconnectedException
Oct 11, 2022 6:55:10 AM se.kth.debug.Collector write
INFO: Breakpoints serialised!
Oct 11, 2022 6:55:10 AM se.kth.debug.Collector write
INFO: Return values serialised!
Oct 11, 2022 6:55:10 AM se.kth.debug.Collector write
INFO: File output to: /home/khaes/phd/projects/explanation/code/tmp/output/sahab-reports/e83ed5ee4bb0255515c0820962bbbb1b47a09897/left.json
Oct 11, 2022 6:55:10 AM se.kth.debug.Debugger launchVMAndJunit
INFO: java -cp /home/khaes/phd/projects/explanation/code/tmp/collector-sahab/target/collector-sahab-0.0.1-SNAPSHOT-jar-with-dependencies.jar:/home/khaes/phd/projects/explanation/code/tmp/drr-execdiff/Math-84/sahab-right_e83ed5ee4bb0255515c0820962bbbb1b47a09897/classes:/home/khaes/phd/projects/explanation/code/tmp/drr-execdiff/Math-84/sahab-right_e83ed5ee4bb0255515c0820962bbbb1b47a09897/test-classes:/home/khaes/.m2/repository/junit/junit/4.4/junit-4.4.jar se.kth.debug.JUnitTestRunner org.apache.commons.math.optimization.direct.MultiDirectionalTest::testMinimizeMaximize
Oct 11, 2022 6:55:10 AM se.kth.debug.Debugger launchVMAndJunit
INFO: Connected to port: 41801
Oct 11, 2022 6:55:10 AM se.kth.debug.Debugger addClassPrepareEvent
INFO: org.apache.commons.math.optimization.direct.MultiDirectional added!
Oct 11, 2022 6:55:11 AM se.kth.debug.Debugger setBreakpoints
WARNING: 64 is not a valid breakpoint in org.apache.commons.math.optimization.direct.MultiDirectional
Oct 11, 2022 6:55:31 AM se.kth.debug.EventProcessor startEventProcessor
WARNING: com.sun.jdi.VMDisconnectedException
Oct 11, 2022 6:55:33 AM se.kth.debug.Collector write
INFO: Breakpoints serialised!
Oct 11, 2022 6:55:34 AM se.kth.debug.Collector write
INFO: Return values serialised!
Oct 11, 2022 6:55:34 AM se.kth.debug.Collector write
INFO: File output to: /home/khaes/phd/projects/explanation/code/tmp/output/sahab-reports/e83ed5ee4bb0255515c0820962bbbb1b47a09897/right.json
