HEAD is now at e5d67a81 bugs added
WARNING: An illegal reflective access operation has occurred
WARNING: Illegal reflective access by com.google.inject.internal.cglib.core.$ReflectUtils$1 (file:/usr/share/maven/lib/guice.jar) to method java.lang.ClassLoader.defineClass(java.lang.String,byte[],int,int,java.security.ProtectionDomain)
WARNING: Please consider reporting this to the maintainers of com.google.inject.internal.cglib.core.$ReflectUtils$1
WARNING: Use --illegal-access=warn to enable warnings of further illegal reflective access operations
WARNING: All illegal access operations will be denied in a future release
WARNING: An illegal reflective access operation has occurred
WARNING: Illegal reflective access by com.google.inject.internal.cglib.core.$ReflectUtils$1 (file:/usr/share/maven/lib/guice.jar) to method java.lang.ClassLoader.defineClass(java.lang.String,byte[],int,int,java.security.ProtectionDomain)
WARNING: Please consider reporting this to the maintainers of com.google.inject.internal.cglib.core.$ReflectUtils$1
WARNING: Use --illegal-access=warn to enable warnings of further illegal reflective access operations
WARNING: All illegal access operations will be denied in a future release
Previous HEAD position was e5d67a81 bugs added
HEAD is now at 4513e8f2 patch applied
WARNING: An illegal reflective access operation has occurred
WARNING: Illegal reflective access by com.google.inject.internal.cglib.core.$ReflectUtils$1 (file:/usr/share/maven/lib/guice.jar) to method java.lang.ClassLoader.defineClass(java.lang.String,byte[],int,int,java.security.ProtectionDomain)
WARNING: Please consider reporting this to the maintainers of com.google.inject.internal.cglib.core.$ReflectUtils$1
WARNING: Use --illegal-access=warn to enable warnings of further illegal reflective access operations
WARNING: All illegal access operations will be denied in a future release
WARNING: An illegal reflective access operation has occurred
WARNING: Illegal reflective access by com.google.inject.internal.cglib.core.$ReflectUtils$1 (file:/usr/share/maven/lib/guice.jar) to method java.lang.ClassLoader.defineClass(java.lang.String,byte[],int,int,java.security.ProtectionDomain)
WARNING: Please consider reporting this to the maintainers of com.google.inject.internal.cglib.core.$ReflectUtils$1
WARNING: Use --illegal-access=warn to enable warnings of further illegal reflective access operations
WARNING: All illegal access operations will be denied in a future release
SLF4J: Failed to load class "org.slf4j.impl.StaticLoggerBinder".
SLF4J: Defaulting to no-operation (NOP) logger implementation
SLF4J: See http://www.slf4j.org/codes.html#StaticLoggerBinder for further details.
Oct 18, 2022 4:23:31 PM se.kth.debug.Debugger launchVMAndJunit
INFO: java -cp /home/khaes/phd/projects/explanation/code/tmp/collector-sahab/target/collector-sahab-0.0.1-SNAPSHOT-jar-with-dependencies.jar:/home/khaes/phd/projects/explanation/code/tmp/drr-execdiff/Time-11/sahab-left_4513e8f2ce6436f8bf3c3fbf403b11b3deb4d157/classes:/home/khaes/phd/projects/explanation/code/tmp/drr-execdiff/Time-11/sahab-left_4513e8f2ce6436f8bf3c3fbf403b11b3deb4d157/test-classes:/home/khaes/.m2/repository/org/joda/joda-convert/1.2/joda-convert-1.2.jar:/home/khaes/.m2/repository/junit/junit/3.8.2/junit-3.8.2.jar se.kth.debug.JUnitTestRunner org.joda.time.tz.TestCompiler::testDateTimeZoneBuilder
Oct 18, 2022 4:23:31 PM se.kth.debug.Debugger launchVMAndJunit
INFO: Connected to port: 43783
Oct 18, 2022 4:23:32 PM se.kth.debug.Debugger addClassPrepareEvent
INFO: org.joda.time.tz.DateTimeZoneBuilder added!
Oct 18, 2022 4:23:43 PM se.kth.debug.EventProcessor startEventProcessor
WARNING: com.sun.jdi.VMDisconnectedException
Oct 18, 2022 4:23:43 PM se.kth.debug.Collector write
INFO: Breakpoints serialised!
Oct 18, 2022 4:23:43 PM se.kth.debug.Collector write
INFO: Return values serialised!
Oct 18, 2022 4:23:43 PM se.kth.debug.Collector write
INFO: File output to: /home/khaes/phd/projects/explanation/code/tmp/output/sahab-reports/4513e8f2ce6436f8bf3c3fbf403b11b3deb4d157/left.json
Oct 18, 2022 4:23:44 PM se.kth.debug.Debugger launchVMAndJunit
INFO: java -cp /home/khaes/phd/projects/explanation/code/tmp/collector-sahab/target/collector-sahab-0.0.1-SNAPSHOT-jar-with-dependencies.jar:/home/khaes/phd/projects/explanation/code/tmp/drr-execdiff/Time-11/sahab-right_4513e8f2ce6436f8bf3c3fbf403b11b3deb4d157/classes:/home/khaes/phd/projects/explanation/code/tmp/drr-execdiff/Time-11/sahab-right_4513e8f2ce6436f8bf3c3fbf403b11b3deb4d157/test-classes:/home/khaes/.m2/repository/org/joda/joda-convert/1.2/joda-convert-1.2.jar:/home/khaes/.m2/repository/junit/junit/3.8.2/junit-3.8.2.jar se.kth.debug.JUnitTestRunner org.joda.time.tz.TestCompiler::testDateTimeZoneBuilder
Oct 18, 2022 4:23:44 PM se.kth.debug.Debugger launchVMAndJunit
INFO: Connected to port: 36783
Oct 18, 2022 4:23:44 PM se.kth.debug.Debugger addClassPrepareEvent
INFO: org.joda.time.tz.DateTimeZoneBuilder added!
Oct 18, 2022 4:27:39 PM se.kth.debug.EventProcessor startEventProcessor
WARNING: com.sun.jdi.VMDisconnectedException
Oct 18, 2022 4:27:55 PM se.kth.debug.Collector write
INFO: Breakpoints serialised!
Oct 18, 2022 4:27:55 PM se.kth.debug.Collector write
INFO: Return values serialised!
Oct 18, 2022 4:27:55 PM se.kth.debug.Collector write
INFO: File output to: /home/khaes/phd/projects/explanation/code/tmp/output/sahab-reports/4513e8f2ce6436f8bf3c3fbf403b11b3deb4d157/right.json
