HEAD is now at e5d67a81 bugs added
WARNING: An illegal reflective access operation has occurred
WARNING: Illegal reflective access by com.google.inject.internal.cglib.core.$ReflectUtils$1 (file:/usr/share/maven/lib/guice.jar) to method java.lang.ClassLoader.defineClass(java.lang.String,byte[],int,int,java.security.ProtectionDomain)
WARNING: Please consider reporting this to the maintainers of com.google.inject.internal.cglib.core.$ReflectUtils$1
WARNING: Use --illegal-access=warn to enable warnings of further illegal reflective access operations
WARNING: All illegal access operations will be denied in a future release
WARNING: An illegal reflective access operation has occurred
WARNING: Illegal reflective access by com.google.inject.internal.cglib.core.$ReflectUtils$1 (file:/usr/share/maven/lib/guice.jar) to method java.lang.ClassLoader.defineClass(java.lang.String,byte[],int,int,java.security.ProtectionDomain)
WARNING: Please consider reporting this to the maintainers of com.google.inject.internal.cglib.core.$ReflectUtils$1
WARNING: Use --illegal-access=warn to enable warnings of further illegal reflective access operations
WARNING: All illegal access operations will be denied in a future release
Previous HEAD position was e5d67a81 bugs added
HEAD is now at 47f6be71 patch applied
WARNING: An illegal reflective access operation has occurred
WARNING: Illegal reflective access by com.google.inject.internal.cglib.core.$ReflectUtils$1 (file:/usr/share/maven/lib/guice.jar) to method java.lang.ClassLoader.defineClass(java.lang.String,byte[],int,int,java.security.ProtectionDomain)
WARNING: Please consider reporting this to the maintainers of com.google.inject.internal.cglib.core.$ReflectUtils$1
WARNING: Use --illegal-access=warn to enable warnings of further illegal reflective access operations
WARNING: All illegal access operations will be denied in a future release
WARNING: An illegal reflective access operation has occurred
WARNING: Illegal reflective access by com.google.inject.internal.cglib.core.$ReflectUtils$1 (file:/usr/share/maven/lib/guice.jar) to method java.lang.ClassLoader.defineClass(java.lang.String,byte[],int,int,java.security.ProtectionDomain)
WARNING: Please consider reporting this to the maintainers of com.google.inject.internal.cglib.core.$ReflectUtils$1
WARNING: Use --illegal-access=warn to enable warnings of further illegal reflective access operations
WARNING: All illegal access operations will be denied in a future release
SLF4J: Failed to load class "org.slf4j.impl.StaticLoggerBinder".
SLF4J: Defaulting to no-operation (NOP) logger implementation
SLF4J: See http://www.slf4j.org/codes.html#StaticLoggerBinder for further details.
Oct 17, 2022 3:52:24 AM se.kth.debug.Debugger launchVMAndJunit
INFO: java -cp /home/khaes/phd/projects/explanation/code/tmp/collector-sahab/target/collector-sahab-0.0.1-SNAPSHOT-jar-with-dependencies.jar:/home/khaes/phd/projects/explanation/code/tmp/drr-execdiff/Time-4/sahab-left_47f6be71f36df38501596348d6df5947cf1729d4/classes:/home/khaes/phd/projects/explanation/code/tmp/drr-execdiff/Time-4/sahab-left_47f6be71f36df38501596348d6df5947cf1729d4/test-classes:/home/khaes/.m2/repository/org/joda/joda-convert/1.2/joda-convert-1.2.jar:/home/khaes/.m2/repository/junit/junit/3.8.2/junit-3.8.2.jar se.kth.debug.JUnitTestRunner org.joda.time.TestPartial_Basics::testWith3
Oct 17, 2022 3:52:24 AM se.kth.debug.Debugger launchVMAndJunit
INFO: Connected to port: 42831
Oct 17, 2022 3:52:24 AM se.kth.debug.Debugger addClassPrepareEvent
INFO: org.joda.time.field.ZeroIsMaxDateTimeField added!
Oct 17, 2022 3:52:30 AM se.kth.debug.EventProcessor startEventProcessor
WARNING: com.sun.jdi.VMDisconnectedException
Oct 17, 2022 3:52:30 AM se.kth.debug.Collector write
INFO: Output file was not generated as breakpoints were not encountered.
Oct 17, 2022 3:52:30 AM se.kth.debug.Collector write
INFO: Return values serialised!
Oct 17, 2022 3:52:30 AM se.kth.debug.Collector write
INFO: File output to: /home/khaes/phd/projects/explanation/code/tmp/output/sahab-reports/47f6be71f36df38501596348d6df5947cf1729d4/left.json
Oct 17, 2022 3:52:30 AM se.kth.debug.Debugger launchVMAndJunit
INFO: java -cp /home/khaes/phd/projects/explanation/code/tmp/collector-sahab/target/collector-sahab-0.0.1-SNAPSHOT-jar-with-dependencies.jar:/home/khaes/phd/projects/explanation/code/tmp/drr-execdiff/Time-4/sahab-right_47f6be71f36df38501596348d6df5947cf1729d4/classes:/home/khaes/phd/projects/explanation/code/tmp/drr-execdiff/Time-4/sahab-right_47f6be71f36df38501596348d6df5947cf1729d4/test-classes:/home/khaes/.m2/repository/org/joda/joda-convert/1.2/joda-convert-1.2.jar:/home/khaes/.m2/repository/junit/junit/3.8.2/junit-3.8.2.jar se.kth.debug.JUnitTestRunner org.joda.time.TestPartial_Basics::testWith3
Oct 17, 2022 3:52:31 AM se.kth.debug.Debugger launchVMAndJunit
INFO: Connected to port: 59399
Oct 17, 2022 3:52:31 AM se.kth.debug.Debugger addClassPrepareEvent
INFO: org.joda.time.field.ZeroIsMaxDateTimeField added!
Oct 17, 2022 3:52:36 AM se.kth.debug.EventProcessor startEventProcessor
WARNING: com.sun.jdi.VMDisconnectedException
Oct 17, 2022 3:52:36 AM se.kth.debug.Collector write
INFO: Output file was not generated as breakpoints were not encountered.
Oct 17, 2022 3:52:36 AM se.kth.debug.Collector write
INFO: Return values serialised!
Oct 17, 2022 3:52:36 AM se.kth.debug.Collector write
INFO: File output to: /home/khaes/phd/projects/explanation/code/tmp/output/sahab-reports/47f6be71f36df38501596348d6df5947cf1729d4/right.json
