HEAD is now at e5d67a81 bugs added
WARNING: An illegal reflective access operation has occurred
WARNING: Illegal reflective access by com.google.inject.internal.cglib.core.$ReflectUtils$1 (file:/usr/share/maven/lib/guice.jar) to method java.lang.ClassLoader.defineClass(java.lang.String,byte[],int,int,java.security.ProtectionDomain)
WARNING: Please consider reporting this to the maintainers of com.google.inject.internal.cglib.core.$ReflectUtils$1
WARNING: Use --illegal-access=warn to enable warnings of further illegal reflective access operations
WARNING: All illegal access operations will be denied in a future release
WARNING: An illegal reflective access operation has occurred
WARNING: Illegal reflective access by com.google.inject.internal.cglib.core.$ReflectUtils$1 (file:/usr/share/maven/lib/guice.jar) to method java.lang.ClassLoader.defineClass(java.lang.String,byte[],int,int,java.security.ProtectionDomain)
WARNING: Please consider reporting this to the maintainers of com.google.inject.internal.cglib.core.$ReflectUtils$1
WARNING: Use --illegal-access=warn to enable warnings of further illegal reflective access operations
WARNING: All illegal access operations will be denied in a future release
Previous HEAD position was e5d67a81 bugs added
HEAD is now at 5f9beb03 patch applied
WARNING: An illegal reflective access operation has occurred
WARNING: Illegal reflective access by com.google.inject.internal.cglib.core.$ReflectUtils$1 (file:/usr/share/maven/lib/guice.jar) to method java.lang.ClassLoader.defineClass(java.lang.String,byte[],int,int,java.security.ProtectionDomain)
WARNING: Please consider reporting this to the maintainers of com.google.inject.internal.cglib.core.$ReflectUtils$1
WARNING: Use --illegal-access=warn to enable warnings of further illegal reflective access operations
WARNING: All illegal access operations will be denied in a future release
WARNING: An illegal reflective access operation has occurred
WARNING: Illegal reflective access by com.google.inject.internal.cglib.core.$ReflectUtils$1 (file:/usr/share/maven/lib/guice.jar) to method java.lang.ClassLoader.defineClass(java.lang.String,byte[],int,int,java.security.ProtectionDomain)
WARNING: Please consider reporting this to the maintainers of com.google.inject.internal.cglib.core.$ReflectUtils$1
WARNING: Use --illegal-access=warn to enable warnings of further illegal reflective access operations
WARNING: All illegal access operations will be denied in a future release
SLF4J: Failed to load class "org.slf4j.impl.StaticLoggerBinder".
SLF4J: Defaulting to no-operation (NOP) logger implementation
SLF4J: See http://www.slf4j.org/codes.html#StaticLoggerBinder for further details.
Oct 18, 2022 9:05:19 AM se.kth.debug.Debugger launchVMAndJunit
INFO: java -cp /home/khaes/phd/projects/explanation/code/tmp/collector-sahab/target/collector-sahab-0.0.1-SNAPSHOT-jar-with-dependencies.jar:/home/khaes/phd/projects/explanation/code/tmp/drr-execdiff/Math-80/sahab-left_5f9beb033ef0c2440f2f934756807e98b9dda706/classes:/home/khaes/phd/projects/explanation/code/tmp/drr-execdiff/Math-80/sahab-left_5f9beb033ef0c2440f2f934756807e98b9dda706/test-classes:/home/khaes/.m2/repository/junit/junit/4.4/junit-4.4.jar se.kth.debug.JUnitTestRunner org.apache.commons.math.linear.EigenDecompositionImplTest::testMathpbx02
Oct 18, 2022 9:05:19 AM se.kth.debug.Debugger launchVMAndJunit
INFO: Connected to port: 47691
Oct 18, 2022 9:05:19 AM se.kth.debug.Debugger addClassPrepareEvent
INFO: org.apache.commons.math.linear.EigenDecompositionImpl added!
Oct 18, 2022 9:05:21 AM se.kth.debug.EventProcessor startEventProcessor
WARNING: com.sun.jdi.VMDisconnectedException
Oct 18, 2022 9:05:21 AM se.kth.debug.Collector write
INFO: Breakpoints serialised!
Oct 18, 2022 9:05:21 AM se.kth.debug.Collector write
INFO: Return values serialised!
Oct 18, 2022 9:05:21 AM se.kth.debug.Collector write
INFO: File output to: /home/khaes/phd/projects/explanation/code/tmp/output/sahab-reports/5f9beb033ef0c2440f2f934756807e98b9dda706/left.json
Oct 18, 2022 9:05:22 AM se.kth.debug.Debugger launchVMAndJunit
INFO: java -cp /home/khaes/phd/projects/explanation/code/tmp/collector-sahab/target/collector-sahab-0.0.1-SNAPSHOT-jar-with-dependencies.jar:/home/khaes/phd/projects/explanation/code/tmp/drr-execdiff/Math-80/sahab-right_5f9beb033ef0c2440f2f934756807e98b9dda706/classes:/home/khaes/phd/projects/explanation/code/tmp/drr-execdiff/Math-80/sahab-right_5f9beb033ef0c2440f2f934756807e98b9dda706/test-classes:/home/khaes/.m2/repository/junit/junit/4.4/junit-4.4.jar se.kth.debug.JUnitTestRunner org.apache.commons.math.linear.EigenDecompositionImplTest::testMathpbx02
Oct 18, 2022 9:05:22 AM se.kth.debug.Debugger launchVMAndJunit
INFO: Connected to port: 37427
Oct 18, 2022 9:05:22 AM se.kth.debug.Debugger addClassPrepareEvent
INFO: org.apache.commons.math.linear.EigenDecompositionImpl added!
Oct 18, 2022 9:05:23 AM se.kth.debug.Debugger setBreakpoints
WARNING: 1136 is not a valid breakpoint in org.apache.commons.math.linear.EigenDecompositionImpl
Oct 18, 2022 9:05:23 AM se.kth.debug.Debugger setBreakpoints
WARNING: 1137 is not a valid breakpoint in org.apache.commons.math.linear.EigenDecompositionImpl
Oct 18, 2022 9:05:23 AM se.kth.debug.Debugger setBreakpoints
WARNING: 1138 is not a valid breakpoint in org.apache.commons.math.linear.EigenDecompositionImpl
Oct 18, 2022 9:05:23 AM se.kth.debug.Debugger setBreakpoints
WARNING: 1139 is not a valid breakpoint in org.apache.commons.math.linear.EigenDecompositionImpl
Oct 18, 2022 9:05:23 AM se.kth.debug.Debugger setBreakpoints
WARNING: 1140 is not a valid breakpoint in org.apache.commons.math.linear.EigenDecompositionImpl
Oct 18, 2022 9:05:23 AM se.kth.debug.Debugger setBreakpoints
WARNING: 1142 is not a valid breakpoint in org.apache.commons.math.linear.EigenDecompositionImpl
Oct 18, 2022 9:05:23 AM se.kth.debug.Debugger setBreakpoints
WARNING: 1144 is not a valid breakpoint in org.apache.commons.math.linear.EigenDecompositionImpl
Oct 18, 2022 9:05:23 AM se.kth.debug.Debugger setBreakpoints
WARNING: 1135 is not a valid breakpoint in org.apache.commons.math.linear.EigenDecompositionImpl
Oct 18, 2022 9:05:23 AM se.kth.debug.EventProcessor startEventProcessor
WARNING: com.sun.jdi.VMDisconnectedException
Oct 18, 2022 9:05:24 AM se.kth.debug.Collector write
INFO: Breakpoints serialised!
Oct 18, 2022 9:05:24 AM se.kth.debug.Collector write
INFO: Return values serialised!
Oct 18, 2022 9:05:24 AM se.kth.debug.Collector write
INFO: File output to: /home/khaes/phd/projects/explanation/code/tmp/output/sahab-reports/5f9beb033ef0c2440f2f934756807e98b9dda706/right.json
