HEAD is now at e5d67a81 bugs added
WARNING: An illegal reflective access operation has occurred
WARNING: Illegal reflective access by com.google.inject.internal.cglib.core.$ReflectUtils$1 (file:/usr/share/maven/lib/guice.jar) to method java.lang.ClassLoader.defineClass(java.lang.String,byte[],int,int,java.security.ProtectionDomain)
WARNING: Please consider reporting this to the maintainers of com.google.inject.internal.cglib.core.$ReflectUtils$1
WARNING: Use --illegal-access=warn to enable warnings of further illegal reflective access operations
WARNING: All illegal access operations will be denied in a future release
WARNING: An illegal reflective access operation has occurred
WARNING: Illegal reflective access by com.google.inject.internal.cglib.core.$ReflectUtils$1 (file:/usr/share/maven/lib/guice.jar) to method java.lang.ClassLoader.defineClass(java.lang.String,byte[],int,int,java.security.ProtectionDomain)
WARNING: Please consider reporting this to the maintainers of com.google.inject.internal.cglib.core.$ReflectUtils$1
WARNING: Use --illegal-access=warn to enable warnings of further illegal reflective access operations
WARNING: All illegal access operations will be denied in a future release
Previous HEAD position was e5d67a81 bugs added
HEAD is now at 5f99f458 patch applied
WARNING: An illegal reflective access operation has occurred
WARNING: Illegal reflective access by com.google.inject.internal.cglib.core.$ReflectUtils$1 (file:/usr/share/maven/lib/guice.jar) to method java.lang.ClassLoader.defineClass(java.lang.String,byte[],int,int,java.security.ProtectionDomain)
WARNING: Please consider reporting this to the maintainers of com.google.inject.internal.cglib.core.$ReflectUtils$1
WARNING: Use --illegal-access=warn to enable warnings of further illegal reflective access operations
WARNING: All illegal access operations will be denied in a future release
WARNING: An illegal reflective access operation has occurred
WARNING: Illegal reflective access by com.google.inject.internal.cglib.core.$ReflectUtils$1 (file:/usr/share/maven/lib/guice.jar) to method java.lang.ClassLoader.defineClass(java.lang.String,byte[],int,int,java.security.ProtectionDomain)
WARNING: Please consider reporting this to the maintainers of com.google.inject.internal.cglib.core.$ReflectUtils$1
WARNING: Use --illegal-access=warn to enable warnings of further illegal reflective access operations
WARNING: All illegal access operations will be denied in a future release
SLF4J: Failed to load class "org.slf4j.impl.StaticLoggerBinder".
SLF4J: Defaulting to no-operation (NOP) logger implementation
SLF4J: See http://www.slf4j.org/codes.html#StaticLoggerBinder for further details.
Oct 12, 2022 3:12:14 PM se.kth.debug.Debugger launchVMAndJunit
INFO: java -cp /home/khaes/phd/projects/explanation/code/tmp/collector-sahab/target/collector-sahab-0.0.1-SNAPSHOT-jar-with-dependencies.jar:/home/khaes/phd/projects/explanation/code/tmp/drr-execdiff/Math-57/sahab-left_5f99f45853b5c98bff5dbcbfeac837aa2c686d8c/classes:/home/khaes/phd/projects/explanation/code/tmp/drr-execdiff/Math-57/sahab-left_5f99f45853b5c98bff5dbcbfeac837aa2c686d8c/test-classes:/home/khaes/.m2/repository/junit/junit/4.4/junit-4.4.jar se.kth.debug.JUnitTestRunner org.apache.commons.math.stat.clustering.KMeansPlusPlusClustererTest::testSmallDistances
Oct 12, 2022 3:12:14 PM se.kth.debug.Debugger launchVMAndJunit
INFO: Connected to port: 37305
Oct 12, 2022 3:12:14 PM se.kth.debug.Debugger addClassPrepareEvent
INFO: org.apache.commons.math.stat.clustering.KMeansPlusPlusClusterer added!
Oct 12, 2022 3:12:15 PM se.kth.debug.Debugger setBreakpoints
WARNING: 104 is not a valid breakpoint in org.apache.commons.math.stat.clustering.KMeansPlusPlusClusterer
Oct 12, 2022 3:12:24 PM se.kth.debug.EventProcessor startEventProcessor
WARNING: com.sun.jdi.VMDisconnectedException
Oct 12, 2022 3:12:24 PM se.kth.debug.Collector write
INFO: Breakpoints serialised!
Oct 12, 2022 3:12:24 PM se.kth.debug.Collector write
INFO: Return values serialised!
Oct 12, 2022 3:12:24 PM se.kth.debug.Collector write
INFO: File output to: /home/khaes/phd/projects/explanation/code/tmp/output/sahab-reports/5f99f45853b5c98bff5dbcbfeac837aa2c686d8c/left.json
Oct 12, 2022 3:12:25 PM se.kth.debug.Debugger launchVMAndJunit
INFO: java -cp /home/khaes/phd/projects/explanation/code/tmp/collector-sahab/target/collector-sahab-0.0.1-SNAPSHOT-jar-with-dependencies.jar:/home/khaes/phd/projects/explanation/code/tmp/drr-execdiff/Math-57/sahab-right_5f99f45853b5c98bff5dbcbfeac837aa2c686d8c/classes:/home/khaes/phd/projects/explanation/code/tmp/drr-execdiff/Math-57/sahab-right_5f99f45853b5c98bff5dbcbfeac837aa2c686d8c/test-classes:/home/khaes/.m2/repository/junit/junit/4.4/junit-4.4.jar se.kth.debug.JUnitTestRunner org.apache.commons.math.stat.clustering.KMeansPlusPlusClustererTest::testSmallDistances
Oct 12, 2022 3:12:25 PM se.kth.debug.Debugger launchVMAndJunit
INFO: Connected to port: 34851
Oct 12, 2022 3:12:25 PM se.kth.debug.Debugger addClassPrepareEvent
INFO: org.apache.commons.math.stat.clustering.KMeansPlusPlusClusterer added!
Oct 12, 2022 3:12:26 PM se.kth.debug.Debugger setBreakpoints
WARNING: 104 is not a valid breakpoint in org.apache.commons.math.stat.clustering.KMeansPlusPlusClusterer
