HEAD is now at e5d67a81 bugs added
WARNING: An illegal reflective access operation has occurred
WARNING: Illegal reflective access by com.google.inject.internal.cglib.core.$ReflectUtils$1 (file:/usr/share/maven/lib/guice.jar) to method java.lang.ClassLoader.defineClass(java.lang.String,byte[],int,int,java.security.ProtectionDomain)
WARNING: Please consider reporting this to the maintainers of com.google.inject.internal.cglib.core.$ReflectUtils$1
WARNING: Use --illegal-access=warn to enable warnings of further illegal reflective access operations
WARNING: All illegal access operations will be denied in a future release
WARNING: An illegal reflective access operation has occurred
WARNING: Illegal reflective access by com.google.inject.internal.cglib.core.$ReflectUtils$1 (file:/usr/share/maven/lib/guice.jar) to method java.lang.ClassLoader.defineClass(java.lang.String,byte[],int,int,java.security.ProtectionDomain)
WARNING: Please consider reporting this to the maintainers of com.google.inject.internal.cglib.core.$ReflectUtils$1
WARNING: Use --illegal-access=warn to enable warnings of further illegal reflective access operations
WARNING: All illegal access operations will be denied in a future release
Previous HEAD position was e5d67a81 bugs added
HEAD is now at 391c779e patch applied
WARNING: An illegal reflective access operation has occurred
WARNING: Illegal reflective access by com.google.inject.internal.cglib.core.$ReflectUtils$1 (file:/usr/share/maven/lib/guice.jar) to method java.lang.ClassLoader.defineClass(java.lang.String,byte[],int,int,java.security.ProtectionDomain)
WARNING: Please consider reporting this to the maintainers of com.google.inject.internal.cglib.core.$ReflectUtils$1
WARNING: Use --illegal-access=warn to enable warnings of further illegal reflective access operations
WARNING: All illegal access operations will be denied in a future release
WARNING: An illegal reflective access operation has occurred
WARNING: Illegal reflective access by com.google.inject.internal.cglib.core.$ReflectUtils$1 (file:/usr/share/maven/lib/guice.jar) to method java.lang.ClassLoader.defineClass(java.lang.String,byte[],int,int,java.security.ProtectionDomain)
WARNING: Please consider reporting this to the maintainers of com.google.inject.internal.cglib.core.$ReflectUtils$1
WARNING: Use --illegal-access=warn to enable warnings of further illegal reflective access operations
WARNING: All illegal access operations will be denied in a future release
SLF4J: Failed to load class "org.slf4j.impl.StaticLoggerBinder".
SLF4J: Defaulting to no-operation (NOP) logger implementation
SLF4J: See http://www.slf4j.org/codes.html#StaticLoggerBinder for further details.
Oct 22, 2022 5:45:11 PM se.kth.debug.Debugger launchVMAndJunit
INFO: java -cp /home/khesoem/exec-diff/d0/collector-sahab/target/collector-sahab-0.0.1-SNAPSHOT-jar-with-dependencies.jar:/home/khesoem/exec-diff/d0/drr-execdiff/Math-57/sahab-left_391c779ea7066607a3c56a1e1ad5bfce761d1e2b/classes:/home/khesoem/exec-diff/d0/drr-execdiff/Math-57/sahab-left_391c779ea7066607a3c56a1e1ad5bfce761d1e2b/test-classes:/root/.m2/repository/junit/junit/4.4/junit-4.4.jar se.kth.debug.JUnitTestRunner org.apache.commons.math.stat.clustering.KMeansPlusPlusClustererTest::testSmallDistances
Oct 22, 2022 5:45:11 PM se.kth.debug.Debugger launchVMAndJunit
INFO: Connected to port: 45211
Oct 22, 2022 5:45:11 PM se.kth.debug.Debugger addClassPrepareEvent
INFO: org.apache.commons.math.stat.clustering.KMeansPlusPlusClusterer added!
Oct 22, 2022 5:48:59 PM se.kth.debug.EventProcessor startEventProcessor
WARNING: com.sun.jdi.VMDisconnectedException
Oct 22, 2022 5:49:02 PM se.kth.debug.Collector write
INFO: Breakpoints serialised!
Oct 22, 2022 5:49:02 PM se.kth.debug.Collector write
INFO: Return values serialised!
Oct 22, 2022 5:49:02 PM se.kth.debug.Collector write
INFO: File output to: /home/khesoem/exec-diff/d0/output/sahab-reports/391c779ea7066607a3c56a1e1ad5bfce761d1e2b/left.json
Oct 22, 2022 5:49:03 PM se.kth.debug.Debugger launchVMAndJunit
INFO: java -cp /home/khesoem/exec-diff/d0/collector-sahab/target/collector-sahab-0.0.1-SNAPSHOT-jar-with-dependencies.jar:/home/khesoem/exec-diff/d0/drr-execdiff/Math-57/sahab-right_391c779ea7066607a3c56a1e1ad5bfce761d1e2b/classes:/home/khesoem/exec-diff/d0/drr-execdiff/Math-57/sahab-right_391c779ea7066607a3c56a1e1ad5bfce761d1e2b/test-classes:/root/.m2/repository/junit/junit/4.4/junit-4.4.jar se.kth.debug.JUnitTestRunner org.apache.commons.math.stat.clustering.KMeansPlusPlusClustererTest::testSmallDistances
Oct 22, 2022 5:49:03 PM se.kth.debug.Debugger launchVMAndJunit
INFO: Connected to port: 59265
Oct 22, 2022 5:49:03 PM se.kth.debug.Debugger addClassPrepareEvent
INFO: org.apache.commons.math.stat.clustering.KMeansPlusPlusClusterer added!
Oct 22, 2022 5:53:30 PM se.kth.debug.EventProcessor startEventProcessor
WARNING: com.sun.jdi.VMDisconnectedException
Oct 22, 2022 5:53:34 PM se.kth.debug.Collector write
INFO: Breakpoints serialised!
Oct 22, 2022 5:53:34 PM se.kth.debug.Collector write
INFO: Return values serialised!
Oct 22, 2022 5:53:34 PM se.kth.debug.Collector write
INFO: File output to: /home/khesoem/exec-diff/d0/output/sahab-reports/391c779ea7066607a3c56a1e1ad5bfce761d1e2b/right.json
