HEAD is now at e5d67a81 bugs added
WARNING: An illegal reflective access operation has occurred
WARNING: Illegal reflective access by com.google.inject.internal.cglib.core.$ReflectUtils$1 (file:/usr/share/maven/lib/guice.jar) to method java.lang.ClassLoader.defineClass(java.lang.String,byte[],int,int,java.security.ProtectionDomain)
WARNING: Please consider reporting this to the maintainers of com.google.inject.internal.cglib.core.$ReflectUtils$1
WARNING: Use --illegal-access=warn to enable warnings of further illegal reflective access operations
WARNING: All illegal access operations will be denied in a future release
WARNING: An illegal reflective access operation has occurred
WARNING: Illegal reflective access by com.google.inject.internal.cglib.core.$ReflectUtils$1 (file:/usr/share/maven/lib/guice.jar) to method java.lang.ClassLoader.defineClass(java.lang.String,byte[],int,int,java.security.ProtectionDomain)
WARNING: Please consider reporting this to the maintainers of com.google.inject.internal.cglib.core.$ReflectUtils$1
WARNING: Use --illegal-access=warn to enable warnings of further illegal reflective access operations
WARNING: All illegal access operations will be denied in a future release
Previous HEAD position was e5d67a81 bugs added
HEAD is now at 101b9118 patch applied
WARNING: An illegal reflective access operation has occurred
WARNING: Illegal reflective access by com.google.inject.internal.cglib.core.$ReflectUtils$1 (file:/usr/share/maven/lib/guice.jar) to method java.lang.ClassLoader.defineClass(java.lang.String,byte[],int,int,java.security.ProtectionDomain)
WARNING: Please consider reporting this to the maintainers of com.google.inject.internal.cglib.core.$ReflectUtils$1
WARNING: Use --illegal-access=warn to enable warnings of further illegal reflective access operations
WARNING: All illegal access operations will be denied in a future release
WARNING: An illegal reflective access operation has occurred
WARNING: Illegal reflective access by com.google.inject.internal.cglib.core.$ReflectUtils$1 (file:/usr/share/maven/lib/guice.jar) to method java.lang.ClassLoader.defineClass(java.lang.String,byte[],int,int,java.security.ProtectionDomain)
WARNING: Please consider reporting this to the maintainers of com.google.inject.internal.cglib.core.$ReflectUtils$1
WARNING: Use --illegal-access=warn to enable warnings of further illegal reflective access operations
WARNING: All illegal access operations will be denied in a future release
SLF4J: Failed to load class "org.slf4j.impl.StaticLoggerBinder".
SLF4J: Defaulting to no-operation (NOP) logger implementation
SLF4J: See http://www.slf4j.org/codes.html#StaticLoggerBinder for further details.
Oct 09, 2022 12:07:36 PM se.kth.debug.Debugger launchVMAndJunit
INFO: java -cp /home/khaes/phd/projects/explanation/code/tmp/collector-sahab/target/collector-sahab-0.0.1-SNAPSHOT-jar-with-dependencies.jar:/home/khaes/phd/projects/explanation/code/tmp/drr-execdiff/Math-53/sahab-left_101b9118acfeba2aaed7b2d75fc3d1ca37a955e9/classes:/home/khaes/phd/projects/explanation/code/tmp/drr-execdiff/Math-53/sahab-left_101b9118acfeba2aaed7b2d75fc3d1ca37a955e9/test-classes:/home/khaes/.m2/repository/junit/junit/4.8.2/junit-4.8.2.jar se.kth.debug.JUnitTestRunner org.apache.commons.math.complex.ComplexTest::testAddNaN
Oct 09, 2022 12:07:36 PM se.kth.debug.Debugger launchVMAndJunit
INFO: Connected to port: 57147
Oct 09, 2022 12:07:36 PM se.kth.debug.Debugger addClassPrepareEvent
INFO: org.apache.commons.math.complex.Complex added!
Oct 09, 2022 12:07:39 PM se.kth.debug.EventProcessor startEventProcessor
WARNING: com.sun.jdi.VMDisconnectedException
Oct 09, 2022 12:07:39 PM se.kth.debug.Collector write
INFO: Breakpoints serialised!
Oct 09, 2022 12:07:39 PM se.kth.debug.Collector write
INFO: Return values serialised!
Oct 09, 2022 12:07:39 PM se.kth.debug.Collector write
INFO: File output to: /home/khaes/phd/projects/explanation/code/tmp/output/sahab-reports/101b9118acfeba2aaed7b2d75fc3d1ca37a955e9/left.json
Oct 09, 2022 12:07:40 PM se.kth.debug.Debugger launchVMAndJunit
INFO: java -cp /home/khaes/phd/projects/explanation/code/tmp/collector-sahab/target/collector-sahab-0.0.1-SNAPSHOT-jar-with-dependencies.jar:/home/khaes/phd/projects/explanation/code/tmp/drr-execdiff/Math-53/sahab-right_101b9118acfeba2aaed7b2d75fc3d1ca37a955e9/classes:/home/khaes/phd/projects/explanation/code/tmp/drr-execdiff/Math-53/sahab-right_101b9118acfeba2aaed7b2d75fc3d1ca37a955e9/test-classes:/home/khaes/.m2/repository/junit/junit/4.8.2/junit-4.8.2.jar se.kth.debug.JUnitTestRunner org.apache.commons.math.complex.ComplexTest::testAddNaN
Oct 09, 2022 12:07:40 PM se.kth.debug.Debugger launchVMAndJunit
INFO: Connected to port: 39241
Oct 09, 2022 12:07:40 PM se.kth.debug.Debugger addClassPrepareEvent
INFO: org.apache.commons.math.complex.Complex added!
Oct 09, 2022 12:07:41 PM se.kth.debug.EventProcessor startEventProcessor
WARNING: com.sun.jdi.VMDisconnectedException
Oct 09, 2022 12:07:41 PM se.kth.debug.Collector write
INFO: Output file was not generated as breakpoints were not encountered.
Oct 09, 2022 12:07:41 PM se.kth.debug.Collector write
INFO: Return values serialised!
Oct 09, 2022 12:07:41 PM se.kth.debug.Collector write
INFO: File output to: /home/khaes/phd/projects/explanation/code/tmp/output/sahab-reports/101b9118acfeba2aaed7b2d75fc3d1ca37a955e9/right.json
