HEAD is now at e5d67a81 bugs added
WARNING: An illegal reflective access operation has occurred
WARNING: Illegal reflective access by com.google.inject.internal.cglib.core.$ReflectUtils$1 (file:/usr/share/maven/lib/guice.jar) to method java.lang.ClassLoader.defineClass(java.lang.String,byte[],int,int,java.security.ProtectionDomain)
WARNING: Please consider reporting this to the maintainers of com.google.inject.internal.cglib.core.$ReflectUtils$1
WARNING: Use --illegal-access=warn to enable warnings of further illegal reflective access operations
WARNING: All illegal access operations will be denied in a future release
WARNING: An illegal reflective access operation has occurred
WARNING: Illegal reflective access by com.google.inject.internal.cglib.core.$ReflectUtils$1 (file:/usr/share/maven/lib/guice.jar) to method java.lang.ClassLoader.defineClass(java.lang.String,byte[],int,int,java.security.ProtectionDomain)
WARNING: Please consider reporting this to the maintainers of com.google.inject.internal.cglib.core.$ReflectUtils$1
WARNING: Use --illegal-access=warn to enable warnings of further illegal reflective access operations
WARNING: All illegal access operations will be denied in a future release
Previous HEAD position was e5d67a81 bugs added
HEAD is now at 92732e32 patch applied
WARNING: An illegal reflective access operation has occurred
WARNING: Illegal reflective access by com.google.inject.internal.cglib.core.$ReflectUtils$1 (file:/usr/share/maven/lib/guice.jar) to method java.lang.ClassLoader.defineClass(java.lang.String,byte[],int,int,java.security.ProtectionDomain)
WARNING: Please consider reporting this to the maintainers of com.google.inject.internal.cglib.core.$ReflectUtils$1
WARNING: Use --illegal-access=warn to enable warnings of further illegal reflective access operations
WARNING: All illegal access operations will be denied in a future release
WARNING: An illegal reflective access operation has occurred
WARNING: Illegal reflective access by com.google.inject.internal.cglib.core.$ReflectUtils$1 (file:/usr/share/maven/lib/guice.jar) to method java.lang.ClassLoader.defineClass(java.lang.String,byte[],int,int,java.security.ProtectionDomain)
WARNING: Please consider reporting this to the maintainers of com.google.inject.internal.cglib.core.$ReflectUtils$1
WARNING: Use --illegal-access=warn to enable warnings of further illegal reflective access operations
WARNING: All illegal access operations will be denied in a future release
SLF4J: Failed to load class "org.slf4j.impl.StaticLoggerBinder".
SLF4J: Defaulting to no-operation (NOP) logger implementation
SLF4J: See http://www.slf4j.org/codes.html#StaticLoggerBinder for further details.
Oct 18, 2022 1:15:17 PM se.kth.debug.Debugger launchVMAndJunit
INFO: java -cp /home/khaes/phd/projects/explanation/code/tmp/collector-sahab/target/collector-sahab-0.0.1-SNAPSHOT-jar-with-dependencies.jar:/home/khaes/phd/projects/explanation/code/tmp/drr-execdiff/Math-8/sahab-left_92732e32fd0da0de82a8a77ea1f59d9ab0d93a1b/classes:/home/khaes/phd/projects/explanation/code/tmp/drr-execdiff/Math-8/sahab-left_92732e32fd0da0de82a8a77ea1f59d9ab0d93a1b/test-classes:/home/khaes/.m2/repository/junit/junit/4.10/junit-4.10.jar:/home/khaes/.m2/repository/org/hamcrest/hamcrest-core/1.1/hamcrest-core-1.1.jar se.kth.debug.JUnitTestRunner org.apache.commons.math3.distribution.DiscreteRealDistributionTest::testIssue942
Oct 18, 2022 1:15:17 PM se.kth.debug.Debugger launchVMAndJunit
INFO: Connected to port: 34215
Oct 18, 2022 1:15:17 PM se.kth.debug.Debugger addClassPrepareEvent
INFO: org.apache.commons.math3.distribution.DiscreteDistribution added!
Oct 18, 2022 1:15:19 PM se.kth.debug.EventProcessor startEventProcessor
WARNING: com.sun.jdi.VMDisconnectedException
Oct 18, 2022 1:15:19 PM se.kth.debug.Collector write
INFO: Breakpoints serialised!
Oct 18, 2022 1:15:19 PM se.kth.debug.Collector write
INFO: Return values serialised!
Oct 18, 2022 1:15:19 PM se.kth.debug.Collector write
INFO: File output to: /home/khaes/phd/projects/explanation/code/tmp/output/sahab-reports/92732e32fd0da0de82a8a77ea1f59d9ab0d93a1b/left.json
Oct 18, 2022 1:15:20 PM se.kth.debug.Debugger launchVMAndJunit
INFO: java -cp /home/khaes/phd/projects/explanation/code/tmp/collector-sahab/target/collector-sahab-0.0.1-SNAPSHOT-jar-with-dependencies.jar:/home/khaes/phd/projects/explanation/code/tmp/drr-execdiff/Math-8/sahab-right_92732e32fd0da0de82a8a77ea1f59d9ab0d93a1b/classes:/home/khaes/phd/projects/explanation/code/tmp/drr-execdiff/Math-8/sahab-right_92732e32fd0da0de82a8a77ea1f59d9ab0d93a1b/test-classes:/home/khaes/.m2/repository/junit/junit/4.10/junit-4.10.jar:/home/khaes/.m2/repository/org/hamcrest/hamcrest-core/1.1/hamcrest-core-1.1.jar se.kth.debug.JUnitTestRunner org.apache.commons.math3.distribution.DiscreteRealDistributionTest::testIssue942
Oct 18, 2022 1:15:20 PM se.kth.debug.Debugger launchVMAndJunit
INFO: Connected to port: 58631
Oct 18, 2022 1:15:20 PM se.kth.debug.Debugger addClassPrepareEvent
INFO: org.apache.commons.math3.distribution.DiscreteDistribution added!
Oct 18, 2022 1:15:21 PM se.kth.debug.EventProcessor startEventProcessor
WARNING: com.sun.jdi.VMDisconnectedException
Oct 18, 2022 1:15:21 PM se.kth.debug.Collector write
INFO: Breakpoints serialised!
Oct 18, 2022 1:15:21 PM se.kth.debug.Collector write
INFO: Return values serialised!
Oct 18, 2022 1:15:21 PM se.kth.debug.Collector write
INFO: File output to: /home/khaes/phd/projects/explanation/code/tmp/output/sahab-reports/92732e32fd0da0de82a8a77ea1f59d9ab0d93a1b/right.json
