HEAD is now at e5d67a81 bugs added
WARNING: An illegal reflective access operation has occurred
WARNING: Illegal reflective access by com.google.inject.internal.cglib.core.$ReflectUtils$1 (file:/usr/share/maven/lib/guice.jar) to method java.lang.ClassLoader.defineClass(java.lang.String,byte[],int,int,java.security.ProtectionDomain)
WARNING: Please consider reporting this to the maintainers of com.google.inject.internal.cglib.core.$ReflectUtils$1
WARNING: Use --illegal-access=warn to enable warnings of further illegal reflective access operations
WARNING: All illegal access operations will be denied in a future release
WARNING: An illegal reflective access operation has occurred
WARNING: Illegal reflective access by com.google.inject.internal.cglib.core.$ReflectUtils$1 (file:/usr/share/maven/lib/guice.jar) to method java.lang.ClassLoader.defineClass(java.lang.String,byte[],int,int,java.security.ProtectionDomain)
WARNING: Please consider reporting this to the maintainers of com.google.inject.internal.cglib.core.$ReflectUtils$1
WARNING: Use --illegal-access=warn to enable warnings of further illegal reflective access operations
WARNING: All illegal access operations will be denied in a future release
Previous HEAD position was e5d67a81 bugs added
HEAD is now at d034728a patch applied
WARNING: An illegal reflective access operation has occurred
WARNING: Illegal reflective access by com.google.inject.internal.cglib.core.$ReflectUtils$1 (file:/usr/share/maven/lib/guice.jar) to method java.lang.ClassLoader.defineClass(java.lang.String,byte[],int,int,java.security.ProtectionDomain)
WARNING: Please consider reporting this to the maintainers of com.google.inject.internal.cglib.core.$ReflectUtils$1
WARNING: Use --illegal-access=warn to enable warnings of further illegal reflective access operations
WARNING: All illegal access operations will be denied in a future release
WARNING: An illegal reflective access operation has occurred
WARNING: Illegal reflective access by com.google.inject.internal.cglib.core.$ReflectUtils$1 (file:/usr/share/maven/lib/guice.jar) to method java.lang.ClassLoader.defineClass(java.lang.String,byte[],int,int,java.security.ProtectionDomain)
WARNING: Please consider reporting this to the maintainers of com.google.inject.internal.cglib.core.$ReflectUtils$1
WARNING: Use --illegal-access=warn to enable warnings of further illegal reflective access operations
WARNING: All illegal access operations will be denied in a future release
SLF4J: Failed to load class "org.slf4j.impl.StaticLoggerBinder".
SLF4J: Defaulting to no-operation (NOP) logger implementation
SLF4J: See http://www.slf4j.org/codes.html#StaticLoggerBinder for further details.
Oct 16, 2022 2:10:09 PM se.kth.debug.Debugger launchVMAndJunit
INFO: java -cp /home/khaes/phd/projects/explanation/code/tmp/collector-sahab/target/collector-sahab-0.0.1-SNAPSHOT-jar-with-dependencies.jar:/home/khaes/phd/projects/explanation/code/tmp/drr-execdiff/Math-78/sahab-left_d034728aa5fcb3ee8af50c2ad0118c179fe025e3/classes:/home/khaes/phd/projects/explanation/code/tmp/drr-execdiff/Math-78/sahab-left_d034728aa5fcb3ee8af50c2ad0118c179fe025e3/test-classes:/home/khaes/.m2/repository/junit/junit/4.4/junit-4.4.jar se.kth.debug.JUnitTestRunner org.apache.commons.math.ode.events.EventStateTest::closeEvents
Oct 16, 2022 2:10:09 PM se.kth.debug.Debugger launchVMAndJunit
INFO: Connected to port: 41183
Oct 16, 2022 2:10:09 PM se.kth.debug.Debugger addClassPrepareEvent
INFO: org.apache.commons.math.ode.events.EventState added!
Oct 16, 2022 2:10:10 PM se.kth.debug.Debugger setBreakpoints
WARNING: 205 is not a valid breakpoint in org.apache.commons.math.ode.events.EventState
Oct 16, 2022 2:10:10 PM se.kth.debug.Debugger setBreakpoints
WARNING: 206 is not a valid breakpoint in org.apache.commons.math.ode.events.EventState
Oct 16, 2022 2:10:10 PM se.kth.debug.Debugger setBreakpoints
WARNING: 207 is not a valid breakpoint in org.apache.commons.math.ode.events.EventState
Oct 16, 2022 2:10:10 PM se.kth.debug.Debugger setBreakpoints
WARNING: 209 is not a valid breakpoint in org.apache.commons.math.ode.events.EventState
Oct 16, 2022 2:10:10 PM se.kth.debug.Debugger setBreakpoints
WARNING: 211 is not a valid breakpoint in org.apache.commons.math.ode.events.EventState
Oct 16, 2022 2:10:10 PM se.kth.debug.Debugger setBreakpoints
WARNING: 170 is not a valid breakpoint in org.apache.commons.math.ode.events.EventState
Oct 16, 2022 2:10:11 PM se.kth.debug.EventProcessor startEventProcessor
WARNING: com.sun.jdi.VMDisconnectedException
Oct 16, 2022 2:10:12 PM se.kth.debug.Collector write
INFO: Breakpoints serialised!
Oct 16, 2022 2:10:12 PM se.kth.debug.Collector write
INFO: Return values serialised!
Oct 16, 2022 2:10:12 PM se.kth.debug.Collector write
INFO: File output to: /home/khaes/phd/projects/explanation/code/tmp/output/sahab-reports/d034728aa5fcb3ee8af50c2ad0118c179fe025e3/left.json
Oct 16, 2022 2:10:12 PM se.kth.debug.Debugger launchVMAndJunit
INFO: java -cp /home/khaes/phd/projects/explanation/code/tmp/collector-sahab/target/collector-sahab-0.0.1-SNAPSHOT-jar-with-dependencies.jar:/home/khaes/phd/projects/explanation/code/tmp/drr-execdiff/Math-78/sahab-right_d034728aa5fcb3ee8af50c2ad0118c179fe025e3/classes:/home/khaes/phd/projects/explanation/code/tmp/drr-execdiff/Math-78/sahab-right_d034728aa5fcb3ee8af50c2ad0118c179fe025e3/test-classes:/home/khaes/.m2/repository/junit/junit/4.4/junit-4.4.jar se.kth.debug.JUnitTestRunner org.apache.commons.math.ode.events.EventStateTest::closeEvents
Oct 16, 2022 2:10:12 PM se.kth.debug.Debugger launchVMAndJunit
INFO: Connected to port: 36167
Oct 16, 2022 2:10:12 PM se.kth.debug.Debugger addClassPrepareEvent
INFO: org.apache.commons.math.ode.events.EventState added!
Oct 16, 2022 2:10:13 PM se.kth.debug.Debugger setBreakpoints
WARNING: 205 is not a valid breakpoint in org.apache.commons.math.ode.events.EventState
Oct 16, 2022 2:10:13 PM se.kth.debug.Debugger setBreakpoints
WARNING: 206 is not a valid breakpoint in org.apache.commons.math.ode.events.EventState
Oct 16, 2022 2:10:13 PM se.kth.debug.Debugger setBreakpoints
WARNING: 207 is not a valid breakpoint in org.apache.commons.math.ode.events.EventState
Oct 16, 2022 2:10:13 PM se.kth.debug.Debugger setBreakpoints
WARNING: 209 is not a valid breakpoint in org.apache.commons.math.ode.events.EventState
Oct 16, 2022 2:10:13 PM se.kth.debug.Debugger setBreakpoints
WARNING: 211 is not a valid breakpoint in org.apache.commons.math.ode.events.EventState
Oct 16, 2022 2:10:13 PM se.kth.debug.Debugger setBreakpoints
WARNING: 170 is not a valid breakpoint in org.apache.commons.math.ode.events.EventState
Oct 16, 2022 2:10:31 PM se.kth.debug.EventProcessor startEventProcessor
WARNING: com.sun.jdi.VMDisconnectedException
Oct 16, 2022 2:10:33 PM se.kth.debug.Collector write
INFO: Breakpoints serialised!
Oct 16, 2022 2:10:33 PM se.kth.debug.Collector write
INFO: Return values serialised!
Oct 16, 2022 2:10:33 PM se.kth.debug.Collector write
INFO: File output to: /home/khaes/phd/projects/explanation/code/tmp/output/sahab-reports/d034728aa5fcb3ee8af50c2ad0118c179fe025e3/right.json
