HEAD is now at e5d67a81 bugs added
WARNING: An illegal reflective access operation has occurred
WARNING: Illegal reflective access by com.google.inject.internal.cglib.core.$ReflectUtils$1 (file:/usr/share/maven/lib/guice.jar) to method java.lang.ClassLoader.defineClass(java.lang.String,byte[],int,int,java.security.ProtectionDomain)
WARNING: Please consider reporting this to the maintainers of com.google.inject.internal.cglib.core.$ReflectUtils$1
WARNING: Use --illegal-access=warn to enable warnings of further illegal reflective access operations
WARNING: All illegal access operations will be denied in a future release
WARNING: An illegal reflective access operation has occurred
WARNING: Illegal reflective access by com.google.inject.internal.cglib.core.$ReflectUtils$1 (file:/usr/share/maven/lib/guice.jar) to method java.lang.ClassLoader.defineClass(java.lang.String,byte[],int,int,java.security.ProtectionDomain)
WARNING: Please consider reporting this to the maintainers of com.google.inject.internal.cglib.core.$ReflectUtils$1
WARNING: Use --illegal-access=warn to enable warnings of further illegal reflective access operations
WARNING: All illegal access operations will be denied in a future release
Previous HEAD position was e5d67a81 bugs added
HEAD is now at 9bf8f85e patch applied
WARNING: An illegal reflective access operation has occurred
WARNING: Illegal reflective access by com.google.inject.internal.cglib.core.$ReflectUtils$1 (file:/usr/share/maven/lib/guice.jar) to method java.lang.ClassLoader.defineClass(java.lang.String,byte[],int,int,java.security.ProtectionDomain)
WARNING: Please consider reporting this to the maintainers of com.google.inject.internal.cglib.core.$ReflectUtils$1
WARNING: Use --illegal-access=warn to enable warnings of further illegal reflective access operations
WARNING: All illegal access operations will be denied in a future release
WARNING: An illegal reflective access operation has occurred
WARNING: Illegal reflective access by com.google.inject.internal.cglib.core.$ReflectUtils$1 (file:/usr/share/maven/lib/guice.jar) to method java.lang.ClassLoader.defineClass(java.lang.String,byte[],int,int,java.security.ProtectionDomain)
WARNING: Please consider reporting this to the maintainers of com.google.inject.internal.cglib.core.$ReflectUtils$1
WARNING: Use --illegal-access=warn to enable warnings of further illegal reflective access operations
WARNING: All illegal access operations will be denied in a future release
SLF4J: Failed to load class "org.slf4j.impl.StaticLoggerBinder".
SLF4J: Defaulting to no-operation (NOP) logger implementation
SLF4J: See http://www.slf4j.org/codes.html#StaticLoggerBinder for further details.
Oct 13, 2022 9:30:35 PM se.kth.debug.Debugger launchVMAndJunit
INFO: java -cp /home/khaes/phd/projects/explanation/code/tmp/collector-sahab/target/collector-sahab-0.0.1-SNAPSHOT-jar-with-dependencies.jar:/home/khaes/phd/projects/explanation/code/tmp/drr-execdiff/Math-28/sahab-left_9bf8f85e1375c1c1e5952c8df94bb0f9223a22e7/classes:/home/khaes/phd/projects/explanation/code/tmp/drr-execdiff/Math-28/sahab-left_9bf8f85e1375c1c1e5952c8df94bb0f9223a22e7/test-classes:/home/khaes/.m2/repository/junit/junit/4.10/junit-4.10.jar:/home/khaes/.m2/repository/org/hamcrest/hamcrest-core/1.1/hamcrest-core-1.1.jar se.kth.debug.JUnitTestRunner org.apache.commons.math3.optimization.linear.SimplexSolverTest::testMath828Cycle
Oct 13, 2022 9:30:35 PM se.kth.debug.Debugger launchVMAndJunit
INFO: Connected to port: 49459
Oct 13, 2022 9:30:35 PM se.kth.debug.Debugger addClassPrepareEvent
INFO: org.apache.commons.math3.optimization.linear.SimplexSolver added!
Oct 13, 2022 9:38:49 PM se.kth.debug.EventProcessor startEventProcessor
WARNING: com.sun.jdi.VMDisconnectedException
Oct 13, 2022 9:39:38 PM se.kth.debug.Collector write
INFO: Breakpoints serialised!
Oct 13, 2022 9:39:38 PM se.kth.debug.Collector write
INFO: Return values serialised!
Oct 13, 2022 9:39:38 PM se.kth.debug.Collector write
INFO: File output to: /home/khaes/phd/projects/explanation/code/tmp/output/sahab-reports/9bf8f85e1375c1c1e5952c8df94bb0f9223a22e7/left.json
Oct 13, 2022 9:39:39 PM se.kth.debug.Debugger launchVMAndJunit
INFO: java -cp /home/khaes/phd/projects/explanation/code/tmp/collector-sahab/target/collector-sahab-0.0.1-SNAPSHOT-jar-with-dependencies.jar:/home/khaes/phd/projects/explanation/code/tmp/drr-execdiff/Math-28/sahab-right_9bf8f85e1375c1c1e5952c8df94bb0f9223a22e7/classes:/home/khaes/phd/projects/explanation/code/tmp/drr-execdiff/Math-28/sahab-right_9bf8f85e1375c1c1e5952c8df94bb0f9223a22e7/test-classes:/home/khaes/.m2/repository/junit/junit/4.10/junit-4.10.jar:/home/khaes/.m2/repository/org/hamcrest/hamcrest-core/1.1/hamcrest-core-1.1.jar se.kth.debug.JUnitTestRunner org.apache.commons.math3.optimization.linear.SimplexSolverTest::testMath828Cycle
Oct 13, 2022 9:39:40 PM se.kth.debug.Debugger launchVMAndJunit
INFO: Connected to port: 45555
Oct 13, 2022 9:39:40 PM se.kth.debug.Debugger addClassPrepareEvent
INFO: org.apache.commons.math3.optimization.linear.SimplexSolver added!
Oct 13, 2022 9:40:22 PM se.kth.debug.EventProcessor startEventProcessor
WARNING: com.sun.jdi.VMDisconnectedException
Oct 13, 2022 9:40:27 PM se.kth.debug.Collector write
INFO: Breakpoints serialised!
Oct 13, 2022 9:40:27 PM se.kth.debug.Collector write
INFO: Return values serialised!
Oct 13, 2022 9:40:27 PM se.kth.debug.Collector write
INFO: File output to: /home/khaes/phd/projects/explanation/code/tmp/output/sahab-reports/9bf8f85e1375c1c1e5952c8df94bb0f9223a22e7/right.json
