HEAD is now at e5d67a81 bugs added
WARNING: An illegal reflective access operation has occurred
WARNING: Illegal reflective access by com.google.inject.internal.cglib.core.$ReflectUtils$1 (file:/usr/share/maven/lib/guice.jar) to method java.lang.ClassLoader.defineClass(java.lang.String,byte[],int,int,java.security.ProtectionDomain)
WARNING: Please consider reporting this to the maintainers of com.google.inject.internal.cglib.core.$ReflectUtils$1
WARNING: Use --illegal-access=warn to enable warnings of further illegal reflective access operations
WARNING: All illegal access operations will be denied in a future release
WARNING: An illegal reflective access operation has occurred
WARNING: Illegal reflective access by com.google.inject.internal.cglib.core.$ReflectUtils$1 (file:/usr/share/maven/lib/guice.jar) to method java.lang.ClassLoader.defineClass(java.lang.String,byte[],int,int,java.security.ProtectionDomain)
WARNING: Please consider reporting this to the maintainers of com.google.inject.internal.cglib.core.$ReflectUtils$1
WARNING: Use --illegal-access=warn to enable warnings of further illegal reflective access operations
WARNING: All illegal access operations will be denied in a future release
Previous HEAD position was e5d67a81 bugs added
HEAD is now at f71b9388 patch applied
WARNING: An illegal reflective access operation has occurred
WARNING: Illegal reflective access by com.google.inject.internal.cglib.core.$ReflectUtils$1 (file:/usr/share/maven/lib/guice.jar) to method java.lang.ClassLoader.defineClass(java.lang.String,byte[],int,int,java.security.ProtectionDomain)
WARNING: Please consider reporting this to the maintainers of com.google.inject.internal.cglib.core.$ReflectUtils$1
WARNING: Use --illegal-access=warn to enable warnings of further illegal reflective access operations
WARNING: All illegal access operations will be denied in a future release
WARNING: An illegal reflective access operation has occurred
WARNING: Illegal reflective access by com.google.inject.internal.cglib.core.$ReflectUtils$1 (file:/usr/share/maven/lib/guice.jar) to method java.lang.ClassLoader.defineClass(java.lang.String,byte[],int,int,java.security.ProtectionDomain)
WARNING: Please consider reporting this to the maintainers of com.google.inject.internal.cglib.core.$ReflectUtils$1
WARNING: Use --illegal-access=warn to enable warnings of further illegal reflective access operations
WARNING: All illegal access operations will be denied in a future release
SLF4J: Failed to load class "org.slf4j.impl.StaticLoggerBinder".
SLF4J: Defaulting to no-operation (NOP) logger implementation
SLF4J: See http://www.slf4j.org/codes.html#StaticLoggerBinder for further details.
Oct 13, 2022 9:37:00 AM se.kth.debug.Debugger launchVMAndJunit
INFO: java -cp /home/khaes/phd/projects/explanation/code/tmp/collector-sahab/target/collector-sahab-0.0.1-SNAPSHOT-jar-with-dependencies.jar:/home/khaes/phd/projects/explanation/code/tmp/drr-execdiff/Math-85/sahab-left_f71b9388b007636b82cc28671a7d4fba6fbf1378/classes:/home/khaes/phd/projects/explanation/code/tmp/drr-execdiff/Math-85/sahab-left_f71b9388b007636b82cc28671a7d4fba6fbf1378/test-classes:/home/khaes/.m2/repository/junit/junit/4.4/junit-4.4.jar se.kth.debug.JUnitTestRunner org.apache.commons.math.distribution.NormalDistributionTest::testMath280
Oct 13, 2022 9:37:00 AM se.kth.debug.Debugger launchVMAndJunit
INFO: Connected to port: 50159
Oct 13, 2022 9:37:00 AM se.kth.debug.Debugger addClassPrepareEvent
INFO: org.apache.commons.math.analysis.solvers.UnivariateRealSolverUtils added!
Oct 13, 2022 9:37:01 AM se.kth.debug.Debugger setBreakpoints
WARNING: 184 is not a valid breakpoint in org.apache.commons.math.analysis.solvers.UnivariateRealSolverUtils
Oct 13, 2022 9:37:01 AM se.kth.debug.Debugger setBreakpoints
WARNING: 185 is not a valid breakpoint in org.apache.commons.math.analysis.solvers.UnivariateRealSolverUtils
Oct 13, 2022 9:37:01 AM se.kth.debug.Debugger setBreakpoints
WARNING: 188 is not a valid breakpoint in org.apache.commons.math.analysis.solvers.UnivariateRealSolverUtils
Oct 13, 2022 9:37:02 AM se.kth.debug.EventProcessor startEventProcessor
WARNING: com.sun.jdi.VMDisconnectedException
Oct 13, 2022 9:37:02 AM se.kth.debug.Collector write
INFO: Breakpoints serialised!
Oct 13, 2022 9:37:02 AM se.kth.debug.Collector write
INFO: No method exits were encountered.
Oct 13, 2022 9:37:02 AM se.kth.debug.Collector write
INFO: File output to: /home/khaes/phd/projects/explanation/code/tmp/output/sahab-reports/f71b9388b007636b82cc28671a7d4fba6fbf1378/left.json
Oct 13, 2022 9:37:03 AM se.kth.debug.Debugger launchVMAndJunit
INFO: java -cp /home/khaes/phd/projects/explanation/code/tmp/collector-sahab/target/collector-sahab-0.0.1-SNAPSHOT-jar-with-dependencies.jar:/home/khaes/phd/projects/explanation/code/tmp/drr-execdiff/Math-85/sahab-right_f71b9388b007636b82cc28671a7d4fba6fbf1378/classes:/home/khaes/phd/projects/explanation/code/tmp/drr-execdiff/Math-85/sahab-right_f71b9388b007636b82cc28671a7d4fba6fbf1378/test-classes:/home/khaes/.m2/repository/junit/junit/4.4/junit-4.4.jar se.kth.debug.JUnitTestRunner org.apache.commons.math.distribution.NormalDistributionTest::testMath280
Oct 13, 2022 9:37:03 AM se.kth.debug.Debugger launchVMAndJunit
INFO: Connected to port: 33787
Oct 13, 2022 9:37:03 AM se.kth.debug.Debugger addClassPrepareEvent
INFO: org.apache.commons.math.analysis.solvers.UnivariateRealSolverUtils added!
Oct 13, 2022 9:37:04 AM se.kth.debug.Debugger setBreakpoints
WARNING: 184 is not a valid breakpoint in org.apache.commons.math.analysis.solvers.UnivariateRealSolverUtils
Oct 13, 2022 9:37:04 AM se.kth.debug.Debugger setBreakpoints
WARNING: 185 is not a valid breakpoint in org.apache.commons.math.analysis.solvers.UnivariateRealSolverUtils
Oct 13, 2022 9:37:04 AM se.kth.debug.Debugger setBreakpoints
WARNING: 188 is not a valid breakpoint in org.apache.commons.math.analysis.solvers.UnivariateRealSolverUtils
Oct 13, 2022 9:37:04 AM se.kth.debug.EventProcessor startEventProcessor
WARNING: com.sun.jdi.VMDisconnectedException
Oct 13, 2022 9:37:04 AM se.kth.debug.Collector write
INFO: Breakpoints serialised!
Oct 13, 2022 9:37:04 AM se.kth.debug.Collector write
INFO: Return values serialised!
Oct 13, 2022 9:37:04 AM se.kth.debug.Collector write
INFO: File output to: /home/khaes/phd/projects/explanation/code/tmp/output/sahab-reports/f71b9388b007636b82cc28671a7d4fba6fbf1378/right.json
