HEAD is now at e5d67a81 bugs added
WARNING: An illegal reflective access operation has occurred
WARNING: Illegal reflective access by com.google.inject.internal.cglib.core.$ReflectUtils$1 (file:/usr/share/maven/lib/guice.jar) to method java.lang.ClassLoader.defineClass(java.lang.String,byte[],int,int,java.security.ProtectionDomain)
WARNING: Please consider reporting this to the maintainers of com.google.inject.internal.cglib.core.$ReflectUtils$1
WARNING: Use --illegal-access=warn to enable warnings of further illegal reflective access operations
WARNING: All illegal access operations will be denied in a future release
WARNING: An illegal reflective access operation has occurred
WARNING: Illegal reflective access by com.google.inject.internal.cglib.core.$ReflectUtils$1 (file:/usr/share/maven/lib/guice.jar) to method java.lang.ClassLoader.defineClass(java.lang.String,byte[],int,int,java.security.ProtectionDomain)
WARNING: Please consider reporting this to the maintainers of com.google.inject.internal.cglib.core.$ReflectUtils$1
WARNING: Use --illegal-access=warn to enable warnings of further illegal reflective access operations
WARNING: All illegal access operations will be denied in a future release
Previous HEAD position was e5d67a81 bugs added
HEAD is now at 568782bc patch applied
WARNING: An illegal reflective access operation has occurred
WARNING: Illegal reflective access by com.google.inject.internal.cglib.core.$ReflectUtils$1 (file:/usr/share/maven/lib/guice.jar) to method java.lang.ClassLoader.defineClass(java.lang.String,byte[],int,int,java.security.ProtectionDomain)
WARNING: Please consider reporting this to the maintainers of com.google.inject.internal.cglib.core.$ReflectUtils$1
WARNING: Use --illegal-access=warn to enable warnings of further illegal reflective access operations
WARNING: All illegal access operations will be denied in a future release
WARNING: An illegal reflective access operation has occurred
WARNING: Illegal reflective access by com.google.inject.internal.cglib.core.$ReflectUtils$1 (file:/usr/share/maven/lib/guice.jar) to method java.lang.ClassLoader.defineClass(java.lang.String,byte[],int,int,java.security.ProtectionDomain)
WARNING: Please consider reporting this to the maintainers of com.google.inject.internal.cglib.core.$ReflectUtils$1
WARNING: Use --illegal-access=warn to enable warnings of further illegal reflective access operations
WARNING: All illegal access operations will be denied in a future release
SLF4J: Failed to load class "org.slf4j.impl.StaticLoggerBinder".
SLF4J: Defaulting to no-operation (NOP) logger implementation
SLF4J: See http://www.slf4j.org/codes.html#StaticLoggerBinder for further details.
Oct 09, 2022 8:50:04 PM se.kth.debug.Debugger launchVMAndJunit
INFO: java -cp /home/khaes/phd/projects/explanation/code/tmp/collector-sahab/target/collector-sahab-0.0.1-SNAPSHOT-jar-with-dependencies.jar:/home/khaes/phd/projects/explanation/code/tmp/drr-execdiff/Math-57/sahab-left_568782bca878b73b0ac489a50d4357aa07e44a9c/classes:/home/khaes/phd/projects/explanation/code/tmp/drr-execdiff/Math-57/sahab-left_568782bca878b73b0ac489a50d4357aa07e44a9c/test-classes:/home/khaes/.m2/repository/junit/junit/4.4/junit-4.4.jar se.kth.debug.JUnitTestRunner org.apache.commons.math.stat.clustering.KMeansPlusPlusClustererTest::testSmallDistances
Oct 09, 2022 8:50:05 PM se.kth.debug.Debugger launchVMAndJunit
INFO: Connected to port: 55231
Oct 09, 2022 8:50:05 PM se.kth.debug.Debugger addClassPrepareEvent
INFO: org.apache.commons.math.stat.clustering.EuclideanIntegerPoint added!
Oct 09, 2022 8:50:27 PM se.kth.debug.EventProcessor startEventProcessor
WARNING: com.sun.jdi.VMDisconnectedException
Oct 09, 2022 8:50:27 PM se.kth.debug.Collector write
INFO: Breakpoints serialised!
Oct 09, 2022 8:50:27 PM se.kth.debug.Collector write
INFO: Return values serialised!
Oct 09, 2022 8:50:27 PM se.kth.debug.Collector write
INFO: File output to: /home/khaes/phd/projects/explanation/code/tmp/output/sahab-reports/568782bca878b73b0ac489a50d4357aa07e44a9c/left.json
Oct 09, 2022 8:50:28 PM se.kth.debug.Debugger launchVMAndJunit
INFO: java -cp /home/khaes/phd/projects/explanation/code/tmp/collector-sahab/target/collector-sahab-0.0.1-SNAPSHOT-jar-with-dependencies.jar:/home/khaes/phd/projects/explanation/code/tmp/drr-execdiff/Math-57/sahab-right_568782bca878b73b0ac489a50d4357aa07e44a9c/classes:/home/khaes/phd/projects/explanation/code/tmp/drr-execdiff/Math-57/sahab-right_568782bca878b73b0ac489a50d4357aa07e44a9c/test-classes:/home/khaes/.m2/repository/junit/junit/4.4/junit-4.4.jar se.kth.debug.JUnitTestRunner org.apache.commons.math.stat.clustering.KMeansPlusPlusClustererTest::testSmallDistances
Oct 09, 2022 8:50:28 PM se.kth.debug.Debugger launchVMAndJunit
INFO: Connected to port: 56833
Oct 09, 2022 8:50:28 PM se.kth.debug.Debugger addClassPrepareEvent
INFO: org.apache.commons.math.stat.clustering.EuclideanIntegerPoint added!
Oct 09, 2022 8:50:50 PM se.kth.debug.EventProcessor startEventProcessor
WARNING: com.sun.jdi.VMDisconnectedException
Oct 09, 2022 8:50:50 PM se.kth.debug.Collector write
INFO: Breakpoints serialised!
Oct 09, 2022 8:50:50 PM se.kth.debug.Collector write
INFO: Return values serialised!
Oct 09, 2022 8:50:50 PM se.kth.debug.Collector write
INFO: File output to: /home/khaes/phd/projects/explanation/code/tmp/output/sahab-reports/568782bca878b73b0ac489a50d4357aa07e44a9c/right.json
