HEAD is now at e5d67a81 bugs added
WARNING: An illegal reflective access operation has occurred
WARNING: Illegal reflective access by com.google.inject.internal.cglib.core.$ReflectUtils$1 (file:/usr/share/maven/lib/guice.jar) to method java.lang.ClassLoader.defineClass(java.lang.String,byte[],int,int,java.security.ProtectionDomain)
WARNING: Please consider reporting this to the maintainers of com.google.inject.internal.cglib.core.$ReflectUtils$1
WARNING: Use --illegal-access=warn to enable warnings of further illegal reflective access operations
WARNING: All illegal access operations will be denied in a future release
WARNING: An illegal reflective access operation has occurred
WARNING: Illegal reflective access by com.google.inject.internal.cglib.core.$ReflectUtils$1 (file:/usr/share/maven/lib/guice.jar) to method java.lang.ClassLoader.defineClass(java.lang.String,byte[],int,int,java.security.ProtectionDomain)
WARNING: Please consider reporting this to the maintainers of com.google.inject.internal.cglib.core.$ReflectUtils$1
WARNING: Use --illegal-access=warn to enable warnings of further illegal reflective access operations
WARNING: All illegal access operations will be denied in a future release
Previous HEAD position was e5d67a81 bugs added
HEAD is now at d381712c patch applied
WARNING: An illegal reflective access operation has occurred
WARNING: Illegal reflective access by com.google.inject.internal.cglib.core.$ReflectUtils$1 (file:/usr/share/maven/lib/guice.jar) to method java.lang.ClassLoader.defineClass(java.lang.String,byte[],int,int,java.security.ProtectionDomain)
WARNING: Please consider reporting this to the maintainers of com.google.inject.internal.cglib.core.$ReflectUtils$1
WARNING: Use --illegal-access=warn to enable warnings of further illegal reflective access operations
WARNING: All illegal access operations will be denied in a future release
WARNING: An illegal reflective access operation has occurred
WARNING: Illegal reflective access by com.google.inject.internal.cglib.core.$ReflectUtils$1 (file:/usr/share/maven/lib/guice.jar) to method java.lang.ClassLoader.defineClass(java.lang.String,byte[],int,int,java.security.ProtectionDomain)
WARNING: Please consider reporting this to the maintainers of com.google.inject.internal.cglib.core.$ReflectUtils$1
WARNING: Use --illegal-access=warn to enable warnings of further illegal reflective access operations
WARNING: All illegal access operations will be denied in a future release
SLF4J: Failed to load class "org.slf4j.impl.StaticLoggerBinder".
SLF4J: Defaulting to no-operation (NOP) logger implementation
SLF4J: See http://www.slf4j.org/codes.html#StaticLoggerBinder for further details.
Oct 11, 2022 9:31:43 PM se.kth.debug.Debugger launchVMAndJunit
INFO: java -cp /home/khaes/phd/projects/explanation/code/tmp/collector-sahab/target/collector-sahab-0.0.1-SNAPSHOT-jar-with-dependencies.jar:/home/khaes/phd/projects/explanation/code/tmp/drr-execdiff/Math-20/sahab-left_d381712c93ad6d4582b27592bb85caf7d596b2e3/classes:/home/khaes/phd/projects/explanation/code/tmp/drr-execdiff/Math-20/sahab-left_d381712c93ad6d4582b27592bb85caf7d596b2e3/test-classes:/home/khaes/.m2/repository/junit/junit/4.10/junit-4.10.jar:/home/khaes/.m2/repository/org/hamcrest/hamcrest-core/1.1/hamcrest-core-1.1.jar se.kth.debug.JUnitTestRunner org.apache.commons.math3.optimization.direct.CMAESOptimizerTest::testMath864
Oct 11, 2022 9:31:43 PM se.kth.debug.Debugger launchVMAndJunit
INFO: Connected to port: 43595
Oct 11, 2022 9:31:43 PM se.kth.debug.Debugger addClassPrepareEvent
INFO: org.apache.commons.math3.optimization.direct.CMAESOptimizer$FitnessFunction added!
Oct 11, 2022 9:31:45 PM se.kth.debug.EventProcessor startEventProcessor
WARNING: com.sun.jdi.VMDisconnectedException
Oct 11, 2022 9:31:45 PM se.kth.debug.Collector write
INFO: Breakpoints serialised!
Oct 11, 2022 9:31:45 PM se.kth.debug.Collector write
INFO: Return values serialised!
Oct 11, 2022 9:31:45 PM se.kth.debug.Collector write
INFO: File output to: /home/khaes/phd/projects/explanation/code/tmp/output/sahab-reports/d381712c93ad6d4582b27592bb85caf7d596b2e3/left.json
Oct 11, 2022 9:31:45 PM se.kth.debug.Debugger launchVMAndJunit
INFO: java -cp /home/khaes/phd/projects/explanation/code/tmp/collector-sahab/target/collector-sahab-0.0.1-SNAPSHOT-jar-with-dependencies.jar:/home/khaes/phd/projects/explanation/code/tmp/drr-execdiff/Math-20/sahab-right_d381712c93ad6d4582b27592bb85caf7d596b2e3/classes:/home/khaes/phd/projects/explanation/code/tmp/drr-execdiff/Math-20/sahab-right_d381712c93ad6d4582b27592bb85caf7d596b2e3/test-classes:/home/khaes/.m2/repository/junit/junit/4.10/junit-4.10.jar:/home/khaes/.m2/repository/org/hamcrest/hamcrest-core/1.1/hamcrest-core-1.1.jar se.kth.debug.JUnitTestRunner org.apache.commons.math3.optimization.direct.CMAESOptimizerTest::testMath864
Oct 11, 2022 9:31:46 PM se.kth.debug.Debugger launchVMAndJunit
INFO: Connected to port: 53505
Oct 11, 2022 9:31:46 PM se.kth.debug.Debugger addClassPrepareEvent
INFO: org.apache.commons.math3.optimization.direct.CMAESOptimizer$FitnessFunction added!
Oct 11, 2022 9:31:47 PM se.kth.debug.EventProcessor startEventProcessor
WARNING: com.sun.jdi.VMDisconnectedException
Oct 11, 2022 9:31:47 PM se.kth.debug.Collector write
INFO: Breakpoints serialised!
Oct 11, 2022 9:31:47 PM se.kth.debug.Collector write
INFO: Return values serialised!
Oct 11, 2022 9:31:47 PM se.kth.debug.Collector write
INFO: File output to: /home/khaes/phd/projects/explanation/code/tmp/output/sahab-reports/d381712c93ad6d4582b27592bb85caf7d596b2e3/right.json
