SLF4J: Failed to load class "org.slf4j.impl.StaticLoggerBinder".
SLF4J: Defaulting to no-operation (NOP) logger implementation
SLF4J: See http://www.slf4j.org/codes.html#StaticLoggerBinder for further details.
Starting ChromeDriver 101.0.4951.41 (93c720db8323b3ec10d056025ab95c23a31997c9-refs/branch-heads/4951@{#904}) on port 54961
Only local connections are allowed.
Please see https://chromedriver.chromium.org/security-considerations for suggestions on keeping ChromeDriver safe.
ChromeDriver was started successfully.
[1665444096.848][WARNING]: This version of ChromeDriver has not been tested with Chrome version 102.
Oct 10, 2022 11:21:37 PM org.openqa.selenium.remote.ProtocolHandshake createSession
INFO: Detected dialect: W3C
Oct 10, 2022 11:21:37 PM org.openqa.selenium.devtools.CdpVersionFinder findNearestMatch
WARNING: Unable to find an exact match for CDP version 102, so returning the closest version found: a no-op implementation
Oct 10, 2022 11:21:37 PM org.openqa.selenium.devtools.CdpVersionFinder findNearestMatch
INFO: Unable to find CDP implementation matching 102.
Oct 10, 2022 11:21:37 PM org.openqa.selenium.chromium.ChromiumDriver lambda$new$3
WARNING: Unable to find version of CDP to use for . You may need to include a dependency on a specific version of the CDP using something similar to `org.seleniumhq.selenium:selenium-devtools-v86:4.0.0` where the version ("v86") matches the version of the chromium-based browser you're using and the version number of the artifact is the same as Selenium's.
Oct 10, 2022 11:21:55 PM se.kth.assertgroup.core.analysis.statediff.ui.StateDiffUIManipulator addStateDiffToExecDiffUI
INFO: Line mappings and vars computed.
Oct 10, 2022 11:21:55 PM se.kth.assertgroup.core.analysis.statediff.ui.StateDiffUIManipulator addStateDiffToExecDiffUI
INFO: For commit b24919bc2e9247752bf80ce897fc691db0e77dcd line mappings and vars computation took 21224 MILLIS
Oct 10, 2022 11:51:59 PM se.kth.assertgroup.core.analysis.statediff.ui.StateDiffUIManipulator addStateDiffToExecDiffUI
INFO: ProgramStateDiff{firstOriginalUniqueStateSummary=UniqueStateSummary{differencingTest=org.apache.commons.math.analysis.solvers.RegulaFalsiSolverTest::testIssue631, firstUniqueStateLine=188, firstUniqueVarValLine=188, firstUniqueStateHash=-749495312, firstUniqueVarVal='x0=10.0'}, firstPatchedUniqueStateSummary=UniqueStateSummary{differencingTest=org.apache.commons.math.analysis.solvers.RegulaFalsiSolverTest::testIssue631, firstUniqueStateLine=191, firstUniqueVarValLine=191, firstUniqueStateHash=-749495312, firstUniqueVarVal='x0=10.0'}, originalUniqueReturn=UniqueReturnSummary{differencingTest=org.apache.commons.math.analysis.solvers.RegulaFalsiSolverTest::testIssue631, firstUniqueVarValLine=239, firstUniqueReturnLine=239, firstUniqueReturnHash=-1186700920, firstUniqueVarVal='{return-object}=3.4341896575482003'}, patchedUniqueReturn=UniqueReturnSummary{differencingTest=null, firstUniqueVarValLine=null, firstUniqueReturnLine=null, firstUniqueReturnHash=null, firstUniqueVarVal='null'}}
Oct 10, 2022 11:51:59 PM se.kth.assertgroup.core.analysis.statediff.ui.StateDiffUIManipulator addStateDiffToExecDiffUI
INFO: For commit b24919bc2e9247752bf80ce897fc691db0e77dcd diff computation took 1804448 MILLIS
Oct 10, 2022 11:51:59 PM se.kth.assertgroup.core.analysis.statediff.ui.StateDiffUIManipulator addStateDiffToExecDiffUI
INFO: For commit b24919bc2e9247752bf80ce897fc691db0e77dcd UI manipulation took 49 MILLIS
