SLF4J: Failed to load class "org.slf4j.impl.StaticLoggerBinder".
SLF4J: Defaulting to no-operation (NOP) logger implementation
SLF4J: See http://www.slf4j.org/codes.html#StaticLoggerBinder for further details.
Starting ChromeDriver 101.0.4951.41 (93c720db8323b3ec10d056025ab95c23a31997c9-refs/branch-heads/4951@{#904}) on port 35343
Only local connections are allowed.
Please see https://chromedriver.chromium.org/security-considerations for suggestions on keeping ChromeDriver safe.
ChromeDriver was started successfully.
[1665390840.909][WARNING]: This version of ChromeDriver has not been tested with Chrome version 102.
Oct 10, 2022 8:34:00 AM org.openqa.selenium.remote.ProtocolHandshake createSession
INFO: Detected dialect: W3C
Oct 10, 2022 8:34:01 AM org.openqa.selenium.devtools.CdpVersionFinder findNearestMatch
WARNING: Unable to find an exact match for CDP version 102, so returning the closest version found: a no-op implementation
Oct 10, 2022 8:34:01 AM org.openqa.selenium.devtools.CdpVersionFinder findNearestMatch
INFO: Unable to find CDP implementation matching 102.
Oct 10, 2022 8:34:01 AM org.openqa.selenium.chromium.ChromiumDriver lambda$new$3
WARNING: Unable to find version of CDP to use for . You may need to include a dependency on a specific version of the CDP using something similar to `org.seleniumhq.selenium:selenium-devtools-v86:4.0.0` where the version ("v86") matches the version of the chromium-based browser you're using and the version number of the artifact is the same as Selenium's.
Oct 10, 2022 8:34:15 AM se.kth.assertgroup.core.analysis.statediff.ui.StateDiffUIManipulator addStateDiffToExecDiffUI
INFO: Line mappings and vars computed.
Oct 10, 2022 8:34:15 AM se.kth.assertgroup.core.analysis.statediff.ui.StateDiffUIManipulator addStateDiffToExecDiffUI
INFO: For commit 75b8a8a31549413cdf4a75f7cec0856cc4281b4c line mappings and vars computation took 15850 MILLIS
Oct 10, 2022 8:34:15 AM se.kth.assertgroup.core.analysis.statediff.ui.StateDiffUIManipulator addStateDiffToExecDiffUI
INFO: ProgramStateDiff{firstOriginalUniqueStateSummary=UniqueStateSummary{differencingTest=null, firstUniqueStateLine=null, firstUniqueVarValLine=null, firstUniqueStateHash=null, firstUniqueVarVal='null'}, firstPatchedUniqueStateSummary=UniqueStateSummary{differencingTest=org.apache.commons.math.distribution.FDistributionTest::testSmallDegreesOfFreedom, firstUniqueStateLine=145, firstUniqueVarValLine=147, firstUniqueStateHash=800921241, firstUniqueVarVal='d=2.0'}, originalUniqueReturn=UniqueReturnSummary{differencingTest=org.apache.commons.math.distribution.FDistributionTest::testSmallDegreesOfFreedom, firstUniqueVarValLine=148, firstUniqueReturnLine=148, firstUniqueReturnHash=-1431133324, firstUniqueVarVal='{return-object}=-1.0'}, patchedUniqueReturn=UniqueReturnSummary{differencingTest=org.apache.commons.math.distribution.FDistributionTest::testSmallDegreesOfFreedom, firstUniqueVarValLine=148, firstUniqueReturnLine=148, firstUniqueReturnHash=-1288305420, firstUniqueVarVal='{return-object}=0.4959706533253018'}}
Oct 10, 2022 8:34:15 AM se.kth.assertgroup.core.analysis.statediff.ui.StateDiffUIManipulator addStateDiffToExecDiffUI
INFO: For commit 75b8a8a31549413cdf4a75f7cec0856cc4281b4c diff computation took 33 MILLIS
Oct 10, 2022 8:34:15 AM se.kth.assertgroup.core.analysis.statediff.ui.StateDiffUIManipulator addStateDiffToExecDiffUI
INFO: For commit 75b8a8a31549413cdf4a75f7cec0856cc4281b4c UI manipulation took 33 MILLIS
