SLF4J: Failed to load class "org.slf4j.impl.StaticLoggerBinder".
SLF4J: Defaulting to no-operation (NOP) logger implementation
SLF4J: See http://www.slf4j.org/codes.html#StaticLoggerBinder for further details.
Starting ChromeDriver 101.0.4951.41 (93c720db8323b3ec10d056025ab95c23a31997c9-refs/branch-heads/4951@{#904}) on port 44816
Only local connections are allowed.
Please see https://chromedriver.chromium.org/security-considerations for suggestions on keeping ChromeDriver safe.
ChromeDriver was started successfully.
[1665363534.481][WARNING]: This version of ChromeDriver has not been tested with Chrome version 102.
Oct 10, 2022 12:58:54 AM org.openqa.selenium.remote.ProtocolHandshake createSession
INFO: Detected dialect: W3C
Oct 10, 2022 12:58:54 AM org.openqa.selenium.devtools.CdpVersionFinder findNearestMatch
WARNING: Unable to find an exact match for CDP version 102, so returning the closest version found: a no-op implementation
Oct 10, 2022 12:58:54 AM org.openqa.selenium.devtools.CdpVersionFinder findNearestMatch
INFO: Unable to find CDP implementation matching 102.
Oct 10, 2022 12:58:54 AM org.openqa.selenium.chromium.ChromiumDriver lambda$new$3
WARNING: Unable to find version of CDP to use for . You may need to include a dependency on a specific version of the CDP using something similar to `org.seleniumhq.selenium:selenium-devtools-v86:4.0.0` where the version ("v86") matches the version of the chromium-based browser you're using and the version number of the artifact is the same as Selenium's.
Oct 10, 2022 12:59:08 AM se.kth.assertgroup.core.analysis.statediff.ui.StateDiffUIManipulator addStateDiffToExecDiffUI
INFO: Line mappings and vars computed.
Oct 10, 2022 12:59:08 AM se.kth.assertgroup.core.analysis.statediff.ui.StateDiffUIManipulator addStateDiffToExecDiffUI
INFO: For commit c85b06ae724060f8c1f5d225b50fb32c4e58fb80 line mappings and vars computation took 16674 MILLIS
Oct 10, 2022 12:59:09 AM se.kth.assertgroup.core.analysis.statediff.ui.StateDiffUIManipulator addStateDiffToExecDiffUI
INFO: ProgramStateDiff{firstOriginalUniqueStateSummary=UniqueStateSummary{differencingTest=org.apache.commons.math.optimization.univariate.MultiStartUnivariateRealOptimizerTest::testQuinticMin, firstUniqueStateLine=169, firstUniqueVarValLine=169, firstUniqueStateHash=-674417895, firstUniqueVarVal='optimizer.evaluations.count=33'}, firstPatchedUniqueStateSummary=UniqueStateSummary{differencingTest=org.apache.commons.math.optimization.univariate.MultiStartUnivariateRealOptimizerTest::testQuinticMin, firstUniqueStateLine=169, firstUniqueVarValLine=169, firstUniqueStateHash=906703541, firstUniqueVarVal='optimizer.searchStart=-0.2953882570964451'}, originalUniqueReturn=UniqueReturnSummary{differencingTest=org.apache.commons.math.optimization.univariate.MultiStartUnivariateRealOptimizerTest::testQuinticMin, firstUniqueVarValLine=182, firstUniqueReturnLine=182, firstUniqueReturnHash=-349576079, firstUniqueVarVal='{return-object}.point=-0.2719561278056452'}, patchedUniqueReturn=UniqueReturnSummary{differencingTest=org.apache.commons.math.optimization.univariate.MultiStartUnivariateRealOptimizerTest::testQuinticMin, firstUniqueVarValLine=182, firstUniqueReturnLine=182, firstUniqueReturnHash=-913827928, firstUniqueVarVal='{return-object}.point=-0.271956128786723'}}
Oct 10, 2022 12:59:09 AM se.kth.assertgroup.core.analysis.statediff.ui.StateDiffUIManipulator addStateDiffToExecDiffUI
INFO: For commit c85b06ae724060f8c1f5d225b50fb32c4e58fb80 diff computation took 603 MILLIS
Oct 10, 2022 12:59:09 AM se.kth.assertgroup.core.analysis.statediff.ui.StateDiffUIManipulator addStateDiffToExecDiffUI
INFO: For commit c85b06ae724060f8c1f5d225b50fb32c4e58fb80 UI manipulation took 38 MILLIS
