SLF4J: Failed to load class "org.slf4j.impl.StaticLoggerBinder".
SLF4J: Defaulting to no-operation (NOP) logger implementation
SLF4J: See http://www.slf4j.org/codes.html#StaticLoggerBinder for further details.
Starting ChromeDriver 101.0.4951.41 (93c720db8323b3ec10d056025ab95c23a31997c9-refs/branch-heads/4951@{#904}) on port 58292
Only local connections are allowed.
Please see https://chromedriver.chromium.org/security-considerations for suggestions on keeping ChromeDriver safe.
ChromeDriver was started successfully.
[1665762558.480][WARNING]: This version of ChromeDriver has not been tested with Chrome version 102.
Oct 14, 2022 3:49:18 PM org.openqa.selenium.remote.ProtocolHandshake createSession
INFO: Detected dialect: W3C
Oct 14, 2022 3:49:18 PM org.openqa.selenium.devtools.CdpVersionFinder findNearestMatch
WARNING: Unable to find an exact match for CDP version 102, so returning the closest version found: a no-op implementation
Oct 14, 2022 3:49:18 PM org.openqa.selenium.devtools.CdpVersionFinder findNearestMatch
INFO: Unable to find CDP implementation matching 102.
Oct 14, 2022 3:49:18 PM org.openqa.selenium.chromium.ChromiumDriver lambda$new$3
WARNING: Unable to find version of CDP to use for . You may need to include a dependency on a specific version of the CDP using something similar to `org.seleniumhq.selenium:selenium-devtools-v86:4.0.0` where the version ("v86") matches the version of the chromium-based browser you're using and the version number of the artifact is the same as Selenium's.
Oct 14, 2022 3:50:55 PM se.kth.assertgroup.core.analysis.statediff.ui.StateDiffUIManipulator addStateDiffToExecDiffUI
INFO: Line mappings and vars computed.
Oct 14, 2022 3:50:55 PM se.kth.assertgroup.core.analysis.statediff.ui.StateDiffUIManipulator addStateDiffToExecDiffUI
INFO: For commit dabc26435b66c915290d0fb3c7bdebd0aca30de7 line mappings and vars computation took 101691 MILLIS
Oct 14, 2022 3:51:55 PM se.kth.assertgroup.core.analysis.statediff.ui.StateDiffUIManipulator addStateDiffToExecDiffUI
INFO: ProgramStateDiff{firstOriginalUniqueStateSummary=UniqueStateSummary{differencingTest=org.joda.time.tz.TestCompiler::testDateTimeZoneBuilder, firstUniqueStateLine=362, firstUniqueVarValLine=364, firstUniqueStateHash=503416239, firstUniqueVarVal='tailZone.UTC.iID=UTC'}, firstPatchedUniqueStateSummary=UniqueStateSummary{differencingTest=org.joda.time.tz.TestCompiler::testDateTimeZoneBuilder, firstUniqueStateLine=362, firstUniqueVarValLine=369, firstUniqueStateHash=1351351375, firstUniqueVarVal='next.iWallOffset=3600000'}, originalUniqueReturn=UniqueReturnSummary{differencingTest=org.joda.time.tz.TestCompiler::testDateTimeZoneBuilder, firstUniqueVarValLine=398, firstUniqueReturnLine=398, firstUniqueReturnHash=740119925, firstUniqueVarVal='{return-object}.iZone.iTailZone.iID=TestDTZ1'}, patchedUniqueReturn=UniqueReturnSummary{differencingTest=org.joda.time.tz.TestCompiler::testDateTimeZoneBuilder, firstUniqueVarValLine=398, firstUniqueReturnLine=398, firstUniqueReturnHash=-367890457, firstUniqueVarVal='{return-object}.iZone.iNameKeys[7]='}}
Oct 14, 2022 3:51:55 PM se.kth.assertgroup.core.analysis.statediff.ui.StateDiffUIManipulator addStateDiffToExecDiffUI
INFO: For commit dabc26435b66c915290d0fb3c7bdebd0aca30de7 diff computation took 59488 MILLIS
Oct 14, 2022 3:51:55 PM se.kth.assertgroup.core.analysis.statediff.ui.StateDiffUIManipulator addStateDiffToExecDiffUI
INFO: For commit dabc26435b66c915290d0fb3c7bdebd0aca30de7 UI manipulation took 104 MILLIS
