SLF4J: Failed to load class "org.slf4j.impl.StaticLoggerBinder".
SLF4J: Defaulting to no-operation (NOP) logger implementation
SLF4J: See http://www.slf4j.org/codes.html#StaticLoggerBinder for further details.
Starting ChromeDriver 101.0.4951.41 (93c720db8323b3ec10d056025ab95c23a31997c9-refs/branch-heads/4951@{#904}) on port 36970
Only local connections are allowed.
Please see https://chromedriver.chromium.org/security-considerations for suggestions on keeping ChromeDriver safe.
ChromeDriver was started successfully.
[1665289302.391][WARNING]: This version of ChromeDriver has not been tested with Chrome version 102.
Oct 09, 2022 4:21:42 AM org.openqa.selenium.remote.ProtocolHandshake createSession
INFO: Detected dialect: W3C
Oct 09, 2022 4:21:42 AM org.openqa.selenium.devtools.CdpVersionFinder findNearestMatch
WARNING: Unable to find an exact match for CDP version 102, so returning the closest version found: a no-op implementation
Oct 09, 2022 4:21:42 AM org.openqa.selenium.devtools.CdpVersionFinder findNearestMatch
INFO: Unable to find CDP implementation matching 102.
Oct 09, 2022 4:21:42 AM org.openqa.selenium.chromium.ChromiumDriver lambda$new$3
WARNING: Unable to find version of CDP to use for . You may need to include a dependency on a specific version of the CDP using something similar to `org.seleniumhq.selenium:selenium-devtools-v86:4.0.0` where the version ("v86") matches the version of the chromium-based browser you're using and the version number of the artifact is the same as Selenium's.
Oct 09, 2022 4:21:55 AM se.kth.assertgroup.core.analysis.statediff.ui.StateDiffUIManipulator addStateDiffToExecDiffUI
INFO: Line mappings and vars computed.
Oct 09, 2022 4:21:55 AM se.kth.assertgroup.core.analysis.statediff.ui.StateDiffUIManipulator addStateDiffToExecDiffUI
INFO: For commit 972945e85ef38802f44c17cae42a677896eef6e0 line mappings and vars computation took 15271 MILLIS
Oct 09, 2022 4:22:02 AM se.kth.assertgroup.core.analysis.statediff.ui.StateDiffUIManipulator addStateDiffToExecDiffUI
INFO: ProgramStateDiff{firstOriginalUniqueStateSummary=UniqueStateSummary{differencingTest=org.joda.time.chrono.TestGJChronology::testLeapYearRulesConstruction, firstUniqueStateLine=123, firstUniqueVarValLine=123, firstUniqueStateHash=-634128468, firstUniqueVarVal='month=2'}, firstPatchedUniqueStateSummary=UniqueStateSummary{differencingTest=org.joda.time.chrono.TestGJChronology::testLeapYearRulesConstruction, firstUniqueStateLine=121, firstUniqueVarValLine=121, firstUniqueStateHash=-634128468, firstUniqueVarVal='month=2'}, originalUniqueReturn=UniqueReturnSummary{differencingTest=org.joda.time.chrono.TestGJChronology::testLeapYearRulesConstruction, firstUniqueVarValLine=123, firstUniqueReturnLine=123, firstUniqueReturnHash=932216084, firstUniqueVarVal='{return-object}=28'}, patchedUniqueReturn=UniqueReturnSummary{differencingTest=org.joda.time.chrono.TestGJChronology::testLeapYearRulesConstruction, firstUniqueVarValLine=121, firstUniqueReturnLine=121, firstUniqueReturnHash=933139605, firstUniqueVarVal='{return-object}=29'}}
Oct 09, 2022 4:22:02 AM se.kth.assertgroup.core.analysis.statediff.ui.StateDiffUIManipulator addStateDiffToExecDiffUI
INFO: For commit 972945e85ef38802f44c17cae42a677896eef6e0 diff computation took 6435 MILLIS
Oct 09, 2022 4:22:02 AM se.kth.assertgroup.core.analysis.statediff.ui.StateDiffUIManipulator addStateDiffToExecDiffUI
INFO: For commit 972945e85ef38802f44c17cae42a677896eef6e0 UI manipulation took 38 MILLIS
