SLF4J: Failed to load class "org.slf4j.impl.StaticLoggerBinder".
SLF4J: Defaulting to no-operation (NOP) logger implementation
SLF4J: See http://www.slf4j.org/codes.html#StaticLoggerBinder for further details.
Starting ChromeDriver 101.0.4951.41 (93c720db8323b3ec10d056025ab95c23a31997c9-refs/branch-heads/4951@{#904}) on port 40428
Only local connections are allowed.
Please see https://chromedriver.chromium.org/security-considerations for suggestions on keeping ChromeDriver safe.
ChromeDriver was started successfully.
[1665620894.984][WARNING]: This version of ChromeDriver has not been tested with Chrome version 102.
Oct 13, 2022 12:28:15 AM org.openqa.selenium.remote.ProtocolHandshake createSession
INFO: Detected dialect: W3C
Oct 13, 2022 12:28:15 AM org.openqa.selenium.devtools.CdpVersionFinder findNearestMatch
WARNING: Unable to find an exact match for CDP version 102, so returning the closest version found: a no-op implementation
Oct 13, 2022 12:28:15 AM org.openqa.selenium.devtools.CdpVersionFinder findNearestMatch
INFO: Unable to find CDP implementation matching 102.
Oct 13, 2022 12:28:15 AM org.openqa.selenium.chromium.ChromiumDriver lambda$new$3
WARNING: Unable to find version of CDP to use for . You may need to include a dependency on a specific version of the CDP using something similar to `org.seleniumhq.selenium:selenium-devtools-v86:4.0.0` where the version ("v86") matches the version of the chromium-based browser you're using and the version number of the artifact is the same as Selenium's.
Oct 13, 2022 12:29:54 AM se.kth.assertgroup.core.analysis.statediff.ui.StateDiffUIManipulator addStateDiffToExecDiffUI
INFO: Line mappings and vars computed.
Oct 13, 2022 12:29:54 AM se.kth.assertgroup.core.analysis.statediff.ui.StateDiffUIManipulator addStateDiffToExecDiffUI
INFO: For commit bfc6f52f785b818dae86d3948df6022a4835620f line mappings and vars computation took 104647 MILLIS
Oct 13, 2022 12:38:26 AM se.kth.assertgroup.core.analysis.statediff.ui.StateDiffUIManipulator addStateDiffToExecDiffUI
INFO: ProgramStateDiff{firstOriginalUniqueStateSummary=UniqueStateSummary{differencingTest=org.joda.time.tz.TestCompiler::testDateTimeZoneBuilder, firstUniqueStateLine=1389, firstUniqueVarValLine=1464, firstUniqueStateHash=-1884474497, firstUniqueVarVal='tailZone.iStartRecurrence.iNameKey='}, firstPatchedUniqueStateSummary=UniqueStateSummary{differencingTest=org.joda.time.tz.TestCompiler::testDateTimeZoneBuilder, firstUniqueStateLine=1389, firstUniqueVarValLine=1461, firstUniqueStateHash=-632810959, firstUniqueVarVal='tailZone.iStartRecurrence.iNameKey=-Summer'}, originalUniqueReturn=UniqueReturnSummary{differencingTest=org.joda.time.tz.TestCompiler::testDateTimeZoneBuilder, firstUniqueVarValLine=1480, firstUniqueReturnLine=1480, firstUniqueReturnHash=-1029342644, firstUniqueVarVal='{return-object}.iTailZone.iStartRecurrence.iNameKey=-Summer'}, patchedUniqueReturn=UniqueReturnSummary{differencingTest=org.joda.time.tz.TestCompiler::testDateTimeZoneBuilder, firstUniqueVarValLine=1477, firstUniqueReturnLine=1477, firstUniqueReturnHash=1879715508, firstUniqueVarVal='{return-object}.iTailZone.iStartRecurrence.iNameKey=-Summer-Summer'}}
Oct 13, 2022 12:38:26 AM se.kth.assertgroup.core.analysis.statediff.ui.StateDiffUIManipulator addStateDiffToExecDiffUI
INFO: For commit bfc6f52f785b818dae86d3948df6022a4835620f diff computation took 512277 MILLIS
Oct 13, 2022 12:38:26 AM se.kth.assertgroup.core.analysis.statediff.ui.StateDiffUIManipulator addStateDiffToExecDiffUI
INFO: For commit bfc6f52f785b818dae86d3948df6022a4835620f UI manipulation took 85 MILLIS
