SLF4J: Failed to load class "org.slf4j.impl.StaticLoggerBinder".
SLF4J: Defaulting to no-operation (NOP) logger implementation
SLF4J: See http://www.slf4j.org/codes.html#StaticLoggerBinder for further details.
Starting ChromeDriver 101.0.4951.41 (93c720db8323b3ec10d056025ab95c23a31997c9-refs/branch-heads/4951@{#904}) on port 50293
Only local connections are allowed.
Please see https://chromedriver.chromium.org/security-considerations for suggestions on keeping ChromeDriver safe.
ChromeDriver was started successfully.
[1665666182.322][WARNING]: This version of ChromeDriver has not been tested with Chrome version 102.
Oct 13, 2022 1:03:02 PM org.openqa.selenium.remote.ProtocolHandshake createSession
INFO: Detected dialect: W3C
Oct 13, 2022 1:03:02 PM org.openqa.selenium.devtools.CdpVersionFinder findNearestMatch
WARNING: Unable to find an exact match for CDP version 102, so returning the closest version found: a no-op implementation
Oct 13, 2022 1:03:02 PM org.openqa.selenium.devtools.CdpVersionFinder findNearestMatch
INFO: Unable to find CDP implementation matching 102.
Oct 13, 2022 1:03:02 PM org.openqa.selenium.chromium.ChromiumDriver lambda$new$3
WARNING: Unable to find version of CDP to use for . You may need to include a dependency on a specific version of the CDP using something similar to `org.seleniumhq.selenium:selenium-devtools-v86:4.0.0` where the version ("v86") matches the version of the chromium-based browser you're using and the version number of the artifact is the same as Selenium's.
Oct 13, 2022 1:03:41 PM se.kth.assertgroup.core.analysis.statediff.ui.StateDiffUIManipulator addStateDiffToExecDiffUI
INFO: Line mappings and vars computed.
Oct 13, 2022 1:03:41 PM se.kth.assertgroup.core.analysis.statediff.ui.StateDiffUIManipulator addStateDiffToExecDiffUI
INFO: For commit bce75e6cb469a02ec3b833c382547e5479b84431 line mappings and vars computation took 42336 MILLIS
Oct 13, 2022 1:03:41 PM se.kth.assertgroup.core.analysis.statediff.ui.StateDiffUIManipulator addStateDiffToExecDiffUI
INFO: ProgramStateDiff{firstOriginalUniqueStateSummary=UniqueStateSummary{differencingTest=org.apache.commons.math.stat.descriptive.moment.VarianceTest::testEvaluateArraySegmentWeighted, firstUniqueStateLine=510, firstUniqueVarValLine=513, firstUniqueStateHash=2113561801, firstUniqueVarVal='begin=0'}, firstPatchedUniqueStateSummary=UniqueStateSummary{differencingTest=org.apache.commons.math.stat.descriptive.moment.VarianceTest::testEvaluateArraySegmentWeighted, firstUniqueStateLine=531, firstUniqueVarValLine=531, firstUniqueStateHash=2113561801, firstUniqueVarVal='var=NaN'}, originalUniqueReturn=UniqueReturnSummary{differencingTest=org.apache.commons.math.stat.descriptive.moment.VarianceTest::testEvaluateArraySegmentWeighted, firstUniqueVarValLine=531, firstUniqueReturnLine=531, firstUniqueReturnHash=404728068, firstUniqueVarVal='{return-object}=1.6644508338125354'}, patchedUniqueReturn=UniqueReturnSummary{differencingTest=org.apache.commons.math.stat.descriptive.moment.VarianceTest::testEvaluateArraySegmentWeighted, firstUniqueVarValLine=531, firstUniqueReturnLine=531, firstUniqueReturnHash=-941730437, firstUniqueVarVal='{return-object}=NaN'}}
Oct 13, 2022 1:03:41 PM se.kth.assertgroup.core.analysis.statediff.ui.StateDiffUIManipulator addStateDiffToExecDiffUI
INFO: For commit bce75e6cb469a02ec3b833c382547e5479b84431 diff computation took 240 MILLIS
Oct 13, 2022 1:03:41 PM se.kth.assertgroup.core.analysis.statediff.ui.StateDiffUIManipulator addStateDiffToExecDiffUI
INFO: For commit bce75e6cb469a02ec3b833c382547e5479b84431 UI manipulation took 46 MILLIS
