SLF4J: Failed to load class "org.slf4j.impl.StaticLoggerBinder".
SLF4J: Defaulting to no-operation (NOP) logger implementation
SLF4J: See http://www.slf4j.org/codes.html#StaticLoggerBinder for further details.
Starting ChromeDriver 101.0.4951.41 (93c720db8323b3ec10d056025ab95c23a31997c9-refs/branch-heads/4951@{#904}) on port 58555
Only local connections are allowed.
Please see https://chromedriver.chromium.org/security-considerations for suggestions on keeping ChromeDriver safe.
ChromeDriver was started successfully.
[1665296332.481][WARNING]: This version of ChromeDriver has not been tested with Chrome version 102.
Oct 09, 2022 6:18:52 AM org.openqa.selenium.remote.ProtocolHandshake createSession
INFO: Detected dialect: W3C
Oct 09, 2022 6:18:52 AM org.openqa.selenium.devtools.CdpVersionFinder findNearestMatch
WARNING: Unable to find an exact match for CDP version 102, so returning the closest version found: a no-op implementation
Oct 09, 2022 6:18:52 AM org.openqa.selenium.devtools.CdpVersionFinder findNearestMatch
INFO: Unable to find CDP implementation matching 102.
Oct 09, 2022 6:18:52 AM org.openqa.selenium.chromium.ChromiumDriver lambda$new$3
WARNING: Unable to find version of CDP to use for . You may need to include a dependency on a specific version of the CDP using something similar to `org.seleniumhq.selenium:selenium-devtools-v86:4.0.0` where the version ("v86") matches the version of the chromium-based browser you're using and the version number of the artifact is the same as Selenium's.
Oct 09, 2022 6:20:10 AM se.kth.assertgroup.core.analysis.statediff.ui.StateDiffUIManipulator addStateDiffToExecDiffUI
INFO: Line mappings and vars computed.
Oct 09, 2022 6:20:10 AM se.kth.assertgroup.core.analysis.statediff.ui.StateDiffUIManipulator addStateDiffToExecDiffUI
INFO: For commit 82260afb10c85a927e4a2344352e851d7b5742b6 line mappings and vars computation took 81783 MILLIS
Oct 09, 2022 6:32:28 AM se.kth.assertgroup.core.analysis.statediff.ui.StateDiffUIManipulator addStateDiffToExecDiffUI
INFO: ProgramStateDiff{firstOriginalUniqueStateSummary=UniqueStateSummary{differencingTest=org.apache.commons.math3.optimization.direct.CMAESOptimizerTest::testFitAccuracyDependsOnBoundary, firstUniqueStateLine=356, firstUniqueVarValLine=360, firstUniqueStateHash=444193846, firstUniqueVarVal='fitfun.this$0.random.mt=[-2147483648,59037878,-1149759952,1799320595,1143932098,1063944806,1912719529,-479841255,-649938978,407928589]'}, firstPatchedUniqueStateSummary=UniqueStateSummary{differencingTest=org.apache.commons.math3.optimization.direct.CMAESOptimizerTest::testFitAccuracyDependsOnBoundary, firstUniqueStateLine=356, firstUniqueVarValLine=360, firstUniqueStateHash=-1050234410, firstUniqueVarVal='fitfun.this$0.random.mt=[-2147483648,-140123032,508199710,-300005892,-1753514638,275664809,1782125806,434709034,1769200394,-1769407060]'}, originalUniqueReturn=UniqueReturnSummary{differencingTest=org.apache.commons.math3.optimization.direct.CMAESOptimizerTest::testFitAccuracyDependsOnBoundary, firstUniqueVarValLine=498, firstUniqueReturnLine=498, firstUniqueReturnHash=1812047245, firstUniqueVarVal='{return-object}.key[0]=11.099999996291922'}, patchedUniqueReturn=UniqueReturnSummary{differencingTest=org.apache.commons.math3.optimization.direct.CMAESOptimizerTest::testFitAccuracyDependsOnBoundary, firstUniqueVarValLine=498, firstUniqueReturnLine=498, firstUniqueReturnHash=-219650367, firstUniqueVarVal='{return-object}.key[0]=1.0'}}
Oct 09, 2022 6:32:28 AM se.kth.assertgroup.core.analysis.statediff.ui.StateDiffUIManipulator addStateDiffToExecDiffUI
INFO: For commit 82260afb10c85a927e4a2344352e851d7b5742b6 diff computation took 738298 MILLIS
Oct 09, 2022 6:32:28 AM se.kth.assertgroup.core.analysis.statediff.ui.StateDiffUIManipulator addStateDiffToExecDiffUI
INFO: For commit 82260afb10c85a927e4a2344352e851d7b5742b6 UI manipulation took 57 MILLIS
