SLF4J: Failed to load class "org.slf4j.impl.StaticLoggerBinder".
SLF4J: Defaulting to no-operation (NOP) logger implementation
SLF4J: See http://www.slf4j.org/codes.html#StaticLoggerBinder for further details.
Starting ChromeDriver 101.0.4951.41 (93c720db8323b3ec10d056025ab95c23a31997c9-refs/branch-heads/4951@{#904}) on port 47682
Only local connections are allowed.
Please see https://chromedriver.chromium.org/security-considerations for suggestions on keeping ChromeDriver safe.
ChromeDriver was started successfully.
[1665301897.675][WARNING]: This version of ChromeDriver has not been tested with Chrome version 102.
Oct 09, 2022 7:51:37 AM org.openqa.selenium.remote.ProtocolHandshake createSession
INFO: Detected dialect: W3C
Oct 09, 2022 7:51:37 AM org.openqa.selenium.devtools.CdpVersionFinder findNearestMatch
WARNING: Unable to find an exact match for CDP version 102, so returning the closest version found: a no-op implementation
Oct 09, 2022 7:51:37 AM org.openqa.selenium.devtools.CdpVersionFinder findNearestMatch
INFO: Unable to find CDP implementation matching 102.
Oct 09, 2022 7:51:37 AM org.openqa.selenium.chromium.ChromiumDriver lambda$new$3
WARNING: Unable to find version of CDP to use for . You may need to include a dependency on a specific version of the CDP using something similar to `org.seleniumhq.selenium:selenium-devtools-v86:4.0.0` where the version ("v86") matches the version of the chromium-based browser you're using and the version number of the artifact is the same as Selenium's.
Oct 09, 2022 7:51:53 AM se.kth.assertgroup.core.analysis.statediff.ui.StateDiffUIManipulator addStateDiffToExecDiffUI
INFO: Line mappings and vars computed.
Oct 09, 2022 7:51:53 AM se.kth.assertgroup.core.analysis.statediff.ui.StateDiffUIManipulator addStateDiffToExecDiffUI
INFO: For commit b13f6ef2cb458db4223ed188d1f678da2f9dcbcf line mappings and vars computation took 18475 MILLIS
Oct 09, 2022 7:53:29 AM se.kth.assertgroup.core.analysis.statediff.ui.StateDiffUIManipulator addStateDiffToExecDiffUI
INFO: ProgramStateDiff{firstOriginalUniqueStateSummary=UniqueStateSummary{differencingTest=org.apache.commons.math3.optimization.linear.SimplexSolverTest::testMath828Cycle, firstUniqueStateLine=92, firstUniqueVarValLine=94, firstUniqueStateHash=-2009095537, firstUniqueVarVal='tableau.tableau.data[3]=[0.0,0.0,1.296347297274619,1.5364746417822506,1.3603464291514342,2.691160274540179,-1.3419244705042495,-0.5953479287842778,-1.2729560978549097,2.249085207412882]'}, firstPatchedUniqueStateSummary=UniqueStateSummary{differencingTest=org.apache.commons.math3.optimization.linear.SimplexSolverTest::testMath828Cycle, firstUniqueStateLine=92, firstUniqueVarValLine=94, firstUniqueStateHash=-2002112580, firstUniqueVarVal='tableau.tableau.data[1]=[0.0,0.0,1.7952524124586442,5.9133234320360115,8.124764622604994,3.302900478578537,9.617861801559958,0.8016634585791365,-1.27256687601475,9.493814131499063]'}, originalUniqueReturn=UniqueReturnSummary{differencingTest=org.apache.commons.math3.optimization.linear.SimplexSolverTest::testMath828Cycle, firstUniqueVarValLine=151, firstUniqueReturnLine=151, firstUniqueReturnHash=1005212054, firstUniqueVarVal='{return-object}=6'}, patchedUniqueReturn=UniqueReturnSummary{differencingTest=org.apache.commons.math3.optimization.linear.SimplexSolverTest::testMath828Cycle, firstUniqueVarValLine=153, firstUniqueReturnLine=153, firstUniqueReturnHash=1006135575, firstUniqueVarVal='{return-object}=7'}}
Oct 09, 2022 7:53:29 AM se.kth.assertgroup.core.analysis.statediff.ui.StateDiffUIManipulator addStateDiffToExecDiffUI
INFO: For commit b13f6ef2cb458db4223ed188d1f678da2f9dcbcf diff computation took 95595 MILLIS
Oct 09, 2022 7:53:29 AM se.kth.assertgroup.core.analysis.statediff.ui.StateDiffUIManipulator addStateDiffToExecDiffUI
INFO: For commit b13f6ef2cb458db4223ed188d1f678da2f9dcbcf UI manipulation took 80 MILLIS
