SLF4J: Failed to load class "org.slf4j.impl.StaticLoggerBinder".
SLF4J: Defaulting to no-operation (NOP) logger implementation
SLF4J: See http://www.slf4j.org/codes.html#StaticLoggerBinder for further details.
Starting ChromeDriver 101.0.4951.41 (93c720db8323b3ec10d056025ab95c23a31997c9-refs/branch-heads/4951@{#904}) on port 49765
Only local connections are allowed.
Please see https://chromedriver.chromium.org/security-considerations for suggestions on keeping ChromeDriver safe.
ChromeDriver was started successfully.
[1665768452.872][WARNING]: This version of ChromeDriver has not been tested with Chrome version 102.
Oct 14, 2022 5:27:33 PM org.openqa.selenium.remote.ProtocolHandshake createSession
INFO: Detected dialect: W3C
Oct 14, 2022 5:27:33 PM org.openqa.selenium.devtools.CdpVersionFinder findNearestMatch
WARNING: Unable to find an exact match for CDP version 102, so returning the closest version found: a no-op implementation
Oct 14, 2022 5:27:33 PM org.openqa.selenium.devtools.CdpVersionFinder findNearestMatch
INFO: Unable to find CDP implementation matching 102.
Oct 14, 2022 5:27:33 PM org.openqa.selenium.chromium.ChromiumDriver lambda$new$3
WARNING: Unable to find version of CDP to use for . You may need to include a dependency on a specific version of the CDP using something similar to `org.seleniumhq.selenium:selenium-devtools-v86:4.0.0` where the version ("v86") matches the version of the chromium-based browser you're using and the version number of the artifact is the same as Selenium's.
Oct 14, 2022 5:29:10 PM se.kth.assertgroup.core.analysis.statediff.ui.StateDiffUIManipulator addStateDiffToExecDiffUI
INFO: Line mappings and vars computed.
Oct 14, 2022 5:29:10 PM se.kth.assertgroup.core.analysis.statediff.ui.StateDiffUIManipulator addStateDiffToExecDiffUI
INFO: For commit 0b2c52804393eb56080a86d04533b88ca8971077 line mappings and vars computation took 102973 MILLIS
Oct 14, 2022 5:37:16 PM se.kth.assertgroup.core.analysis.statediff.ui.StateDiffUIManipulator addStateDiffToExecDiffUI
INFO: ProgramStateDiff{firstOriginalUniqueStateSummary=UniqueStateSummary{differencingTest=org.joda.time.tz.TestCompiler::testDateTimeZoneBuilder, firstUniqueStateLine=1389, firstUniqueVarValLine=1464, firstUniqueStateHash=-1922420335, firstUniqueVarVal='tailZone.UTC.iID=UTC'}, firstPatchedUniqueStateSummary=UniqueStateSummary{differencingTest=null, firstUniqueStateLine=1389, firstUniqueVarValLine=null, firstUniqueStateHash=901185791, firstUniqueVarVal='null'}, originalUniqueReturn=UniqueReturnSummary{differencingTest=org.joda.time.tz.TestCompiler::testDateTimeZoneBuilder, firstUniqueVarValLine=1480, firstUniqueReturnLine=1480, firstUniqueReturnHash=-1029342644, firstUniqueVarVal='{return-object}.iTailZone.iStartRecurrence.iNameKey=-Summer'}, patchedUniqueReturn=UniqueReturnSummary{differencingTest=org.joda.time.tz.TestCompiler::testDateTimeZoneBuilder, firstUniqueVarValLine=1479, firstUniqueReturnLine=1479, firstUniqueReturnHash=86346164, firstUniqueVarVal='{return-object}.iTailZone.iStartRecurrence.iNameKey='}}
Oct 14, 2022 5:37:16 PM se.kth.assertgroup.core.analysis.statediff.ui.StateDiffUIManipulator addStateDiffToExecDiffUI
INFO: For commit 0b2c52804393eb56080a86d04533b88ca8971077 diff computation took 485966 MILLIS
Oct 14, 2022 5:37:16 PM se.kth.assertgroup.core.analysis.statediff.ui.StateDiffUIManipulator addStateDiffToExecDiffUI
INFO: For commit 0b2c52804393eb56080a86d04533b88ca8971077 UI manipulation took 71 MILLIS
