SLF4J: Failed to load class "org.slf4j.impl.StaticLoggerBinder".
SLF4J: Defaulting to no-operation (NOP) logger implementation
SLF4J: See http://www.slf4j.org/codes.html#StaticLoggerBinder for further details.
Starting ChromeDriver 101.0.4951.41 (93c720db8323b3ec10d056025ab95c23a31997c9-refs/branch-heads/4951@{#904}) on port 41173
Only local connections are allowed.
Please see https://chromedriver.chromium.org/security-considerations for suggestions on keeping ChromeDriver safe.
ChromeDriver was started successfully.
[1665180434.600][WARNING]: This version of ChromeDriver has not been tested with Chrome version 102.
Oct 07, 2022 10:07:14 PM org.openqa.selenium.remote.ProtocolHandshake createSession
INFO: Detected dialect: W3C
Oct 07, 2022 10:07:14 PM org.openqa.selenium.devtools.CdpVersionFinder findNearestMatch
WARNING: Unable to find an exact match for CDP version 102, so returning the closest version found: a no-op implementation
Oct 07, 2022 10:07:14 PM org.openqa.selenium.devtools.CdpVersionFinder findNearestMatch
INFO: Unable to find CDP implementation matching 102.
Oct 07, 2022 10:07:14 PM org.openqa.selenium.chromium.ChromiumDriver lambda$new$3
WARNING: Unable to find version of CDP to use for . You may need to include a dependency on a specific version of the CDP using something similar to `org.seleniumhq.selenium:selenium-devtools-v86:4.0.0` where the version ("v86") matches the version of the chromium-based browser you're using and the version number of the artifact is the same as Selenium's.
Oct 07, 2022 10:07:24 PM se.kth.assertgroup.core.analysis.statediff.ui.StateDiffUIManipulator addStateDiffToExecDiffUI
INFO: Line mappings and vars computed.
Oct 07, 2022 10:07:24 PM se.kth.assertgroup.core.analysis.statediff.ui.StateDiffUIManipulator addStateDiffToExecDiffUI
INFO: For commit 568782bca878b73b0ac489a50d4357aa07e44a9c line mappings and vars computation took 12508 MILLIS
Oct 07, 2022 10:07:24 PM se.kth.assertgroup.core.analysis.statediff.ui.StateDiffUIManipulator addStateDiffToExecDiffUI
INFO: ProgramStateDiff{firstOriginalUniqueStateSummary=UniqueStateSummary{differencingTest=null, firstUniqueStateLine=86, firstUniqueVarValLine=null, firstUniqueStateHash=1887122215, firstUniqueVarVal='null'}, firstPatchedUniqueStateSummary=UniqueStateSummary{differencingTest=null, firstUniqueStateLine=89, firstUniqueVarValLine=null, firstUniqueStateHash=1197258142, firstUniqueVarVal='null'}, originalUniqueReturn=UniqueReturnSummary{differencingTest=org.apache.commons.math.stat.clustering.KMeansPlusPlusClustererTest::testSmallDistances, firstUniqueVarValLine=86, firstUniqueReturnLine=86, firstUniqueReturnHash=1789663107, firstUniqueVarVal='{return-object}=false'}, patchedUniqueReturn=UniqueReturnSummary{differencingTest=org.apache.commons.math.stat.clustering.KMeansPlusPlusClustererTest::testSmallDistances, firstUniqueVarValLine=89, firstUniqueReturnLine=89, firstUniqueReturnHash=1689129628, firstUniqueVarVal='{return-object}=true'}}
Oct 07, 2022 10:07:24 PM se.kth.assertgroup.core.analysis.statediff.ui.StateDiffUIManipulator addStateDiffToExecDiffUI
INFO: For commit 568782bca878b73b0ac489a50d4357aa07e44a9c diff computation took 78 MILLIS
Oct 07, 2022 10:07:24 PM se.kth.assertgroup.core.analysis.statediff.ui.StateDiffUIManipulator addStateDiffToExecDiffUI
INFO: For commit 568782bca878b73b0ac489a50d4357aa07e44a9c UI manipulation took 38 MILLIS
