SLF4J: Failed to load class "org.slf4j.impl.StaticLoggerBinder".
SLF4J: Defaulting to no-operation (NOP) logger implementation
SLF4J: See http://www.slf4j.org/codes.html#StaticLoggerBinder for further details.
Starting ChromeDriver 101.0.4951.41 (93c720db8323b3ec10d056025ab95c23a31997c9-refs/branch-heads/4951@{#904}) on port 40221
Only local connections are allowed.
Please see https://chromedriver.chromium.org/security-considerations for suggestions on keeping ChromeDriver safe.
ChromeDriver was started successfully.
[1665639612.023][WARNING]: This version of ChromeDriver has not been tested with Chrome version 102.
Oct 13, 2022 5:40:12 AM org.openqa.selenium.remote.ProtocolHandshake createSession
INFO: Detected dialect: W3C
Oct 13, 2022 5:40:12 AM org.openqa.selenium.devtools.CdpVersionFinder findNearestMatch
WARNING: Unable to find an exact match for CDP version 102, so returning the closest version found: a no-op implementation
Oct 13, 2022 5:40:12 AM org.openqa.selenium.devtools.CdpVersionFinder findNearestMatch
INFO: Unable to find CDP implementation matching 102.
Oct 13, 2022 5:40:12 AM org.openqa.selenium.chromium.ChromiumDriver lambda$new$3
WARNING: Unable to find version of CDP to use for . You may need to include a dependency on a specific version of the CDP using something similar to `org.seleniumhq.selenium:selenium-devtools-v86:4.0.0` where the version ("v86") matches the version of the chromium-based browser you're using and the version number of the artifact is the same as Selenium's.
Oct 13, 2022 5:41:31 AM se.kth.assertgroup.core.analysis.statediff.ui.StateDiffUIManipulator addStateDiffToExecDiffUI
INFO: Line mappings and vars computed.
Oct 13, 2022 5:41:31 AM se.kth.assertgroup.core.analysis.statediff.ui.StateDiffUIManipulator addStateDiffToExecDiffUI
INFO: For commit 3b1753bd13d0270715c73a57d4d6abd3059bf7cb line mappings and vars computation took 84475 MILLIS
Oct 13, 2022 5:41:31 AM se.kth.assertgroup.core.analysis.statediff.ui.StateDiffUIManipulator addStateDiffToExecDiffUI
INFO: ProgramStateDiff{firstOriginalUniqueStateSummary=UniqueStateSummary{differencingTest=org.apache.commons.math3.optimization.direct.CMAESOptimizerTest::testMath864, firstUniqueStateLine=905, firstUniqueVarValLine=913, firstUniqueStateHash=1869215065, firstUniqueVarVal='res[0]=0.99999950000025'}, firstPatchedUniqueStateSummary=UniqueStateSummary{differencingTest=org.apache.commons.math3.optimization.direct.CMAESOptimizerTest::testMath864, firstUniqueStateLine=905, firstUniqueVarValLine=909, firstUniqueStateHash=-1261318831, firstUniqueVarVal='res[0]=0.0'}, originalUniqueReturn=UniqueReturnSummary{differencingTest=org.apache.commons.math3.optimization.direct.CMAESOptimizerTest::testMath864, firstUniqueVarValLine=913, firstUniqueReturnLine=913, firstUniqueReturnHash=-741319949, firstUniqueVarVal='{return-object}[0]=0.99999950000025'}, patchedUniqueReturn=UniqueReturnSummary{differencingTest=org.apache.commons.math3.optimization.direct.CMAESOptimizerTest::testMath864, firstUniqueVarValLine=909, firstUniqueReturnLine=909, firstUniqueReturnHash=75027199, firstUniqueVarVal='{return-object}[0]=0.0'}}
Oct 13, 2022 5:41:31 AM se.kth.assertgroup.core.analysis.statediff.ui.StateDiffUIManipulator addStateDiffToExecDiffUI
INFO: For commit 3b1753bd13d0270715c73a57d4d6abd3059bf7cb diff computation took 249 MILLIS
Oct 13, 2022 5:41:31 AM se.kth.assertgroup.core.analysis.statediff.ui.StateDiffUIManipulator addStateDiffToExecDiffUI
INFO: For commit 3b1753bd13d0270715c73a57d4d6abd3059bf7cb UI manipulation took 60 MILLIS
