SLF4J: Failed to load class "org.slf4j.impl.StaticLoggerBinder".
SLF4J: Defaulting to no-operation (NOP) logger implementation
SLF4J: See http://www.slf4j.org/codes.html#StaticLoggerBinder for further details.
Starting ChromeDriver 101.0.4951.41 (93c720db8323b3ec10d056025ab95c23a31997c9-refs/branch-heads/4951@{#904}) on port 56170
Only local connections are allowed.
Please see https://chromedriver.chromium.org/security-considerations for suggestions on keeping ChromeDriver safe.
ChromeDriver was started successfully.
[1665290413.273][WARNING]: This version of ChromeDriver has not been tested with Chrome version 102.
Oct 09, 2022 4:40:13 AM org.openqa.selenium.remote.ProtocolHandshake createSession
INFO: Detected dialect: W3C
Oct 09, 2022 4:40:13 AM org.openqa.selenium.devtools.CdpVersionFinder findNearestMatch
WARNING: Unable to find an exact match for CDP version 102, so returning the closest version found: a no-op implementation
Oct 09, 2022 4:40:13 AM org.openqa.selenium.devtools.CdpVersionFinder findNearestMatch
INFO: Unable to find CDP implementation matching 102.
Oct 09, 2022 4:40:13 AM org.openqa.selenium.chromium.ChromiumDriver lambda$new$3
WARNING: Unable to find version of CDP to use for . You may need to include a dependency on a specific version of the CDP using something similar to `org.seleniumhq.selenium:selenium-devtools-v86:4.0.0` where the version ("v86") matches the version of the chromium-based browser you're using and the version number of the artifact is the same as Selenium's.
Oct 09, 2022 4:41:10 AM se.kth.assertgroup.core.analysis.statediff.ui.StateDiffUIManipulator addStateDiffToExecDiffUI
INFO: Line mappings and vars computed.
Oct 09, 2022 4:41:10 AM se.kth.assertgroup.core.analysis.statediff.ui.StateDiffUIManipulator addStateDiffToExecDiffUI
INFO: For commit e0b93edfcafcc0d2ee71ec29f54e8354d32c344d line mappings and vars computation took 59332 MILLIS
Oct 09, 2022 4:42:16 AM se.kth.assertgroup.core.analysis.statediff.ui.StateDiffUIManipulator addStateDiffToExecDiffUI
INFO: ProgramStateDiff{firstOriginalUniqueStateSummary=UniqueStateSummary{differencingTest=org.joda.time.TestPartial_Basics::testWith3, firstUniqueStateLine=465, firstUniqueVarValLine=465, firstUniqueStateHash=397859189, firstUniqueVarVal='newValues[1]=6'}, firstPatchedUniqueStateSummary=UniqueStateSummary{differencingTest=null, firstUniqueStateLine=null, firstUniqueVarValLine=null, firstUniqueStateHash=null, firstUniqueVarVal='null'}, originalUniqueReturn=UniqueReturnSummary{differencingTest=org.joda.time.TestPartial_Basics::testWith3, firstUniqueVarValLine=466, firstUniqueReturnLine=466, firstUniqueReturnHash=-102909292, firstUniqueVarVal='{return-object}.iValues[1]=6'}, patchedUniqueReturn=UniqueReturnSummary{differencingTest=null, firstUniqueVarValLine=null, firstUniqueReturnLine=null, firstUniqueReturnHash=null, firstUniqueVarVal='null'}}
Oct 09, 2022 4:42:16 AM se.kth.assertgroup.core.analysis.statediff.ui.StateDiffUIManipulator addStateDiffToExecDiffUI
INFO: For commit e0b93edfcafcc0d2ee71ec29f54e8354d32c344d diff computation took 66852 MILLIS
Oct 09, 2022 4:42:17 AM se.kth.assertgroup.core.analysis.statediff.ui.StateDiffUIManipulator addStateDiffToExecDiffUI
INFO: For commit e0b93edfcafcc0d2ee71ec29f54e8354d32c344d UI manipulation took 41 MILLIS
