SLF4J: Failed to load class "org.slf4j.impl.StaticLoggerBinder".
SLF4J: Defaulting to no-operation (NOP) logger implementation
SLF4J: See http://www.slf4j.org/codes.html#StaticLoggerBinder for further details.
Starting ChromeDriver 101.0.4951.41 (93c720db8323b3ec10d056025ab95c23a31997c9-refs/branch-heads/4951@{#904}) on port 48290
Only local connections are allowed.
Please see https://chromedriver.chromium.org/security-considerations for suggestions on keeping ChromeDriver safe.
ChromeDriver was started successfully.
[1665289481.782][WARNING]: This version of ChromeDriver has not been tested with Chrome version 102.
Oct 09, 2022 4:24:41 AM org.openqa.selenium.remote.ProtocolHandshake createSession
INFO: Detected dialect: W3C
Oct 09, 2022 4:24:41 AM org.openqa.selenium.devtools.CdpVersionFinder findNearestMatch
WARNING: Unable to find an exact match for CDP version 102, so returning the closest version found: a no-op implementation
Oct 09, 2022 4:24:41 AM org.openqa.selenium.devtools.CdpVersionFinder findNearestMatch
INFO: Unable to find CDP implementation matching 102.
Oct 09, 2022 4:24:41 AM org.openqa.selenium.chromium.ChromiumDriver lambda$new$3
WARNING: Unable to find version of CDP to use for . You may need to include a dependency on a specific version of the CDP using something similar to `org.seleniumhq.selenium:selenium-devtools-v86:4.0.0` where the version ("v86") matches the version of the chromium-based browser you're using and the version number of the artifact is the same as Selenium's.
Oct 09, 2022 4:25:54 AM se.kth.assertgroup.core.analysis.statediff.ui.StateDiffUIManipulator addStateDiffToExecDiffUI
INFO: Line mappings and vars computed.
Oct 09, 2022 4:25:54 AM se.kth.assertgroup.core.analysis.statediff.ui.StateDiffUIManipulator addStateDiffToExecDiffUI
INFO: For commit f2def9caae495f4193a57d42a6028c11163ddbfc line mappings and vars computation took 74968 MILLIS
Oct 09, 2022 4:25:55 AM se.kth.assertgroup.core.analysis.statediff.ui.StateDiffUIManipulator addStateDiffToExecDiffUI
INFO: ProgramStateDiff{firstOriginalUniqueStateSummary=UniqueStateSummary{differencingTest=org.joda.time.TestDateTimeZoneCutover::testDateTimeCreation_london, firstUniqueStateLine=882, firstUniqueVarValLine=910, firstUniqueStateHash=-2067707237, firstUniqueVarVal='offsetAdjusted=0'}, firstPatchedUniqueStateSummary=UniqueStateSummary{differencingTest=org.joda.time.TestDateTimeZoneCutover::testDateTimeCreation_london, firstUniqueStateLine=882, firstUniqueVarValLine=901, firstUniqueStateHash=-865943745, firstUniqueVarVal='instantAdjusted=1319937300000'}, originalUniqueReturn=UniqueReturnSummary{differencingTest=org.joda.time.TestDateTimeZoneCutover::testDateTimeCreation_london, firstUniqueVarValLine=910, firstUniqueReturnLine=910, firstUniqueReturnHash=999670928, firstUniqueVarVal='{return-object}=0'}, patchedUniqueReturn=UniqueReturnSummary{differencingTest=org.joda.time.TestDateTimeZoneCutover::testDateTimeCreation_london, firstUniqueVarValLine=906, firstUniqueReturnLine=906, firstUniqueReturnHash=1826876109, firstUniqueVarVal='{return-object}=3600000'}}
Oct 09, 2022 4:25:55 AM se.kth.assertgroup.core.analysis.statediff.ui.StateDiffUIManipulator addStateDiffToExecDiffUI
INFO: For commit f2def9caae495f4193a57d42a6028c11163ddbfc diff computation took 419 MILLIS
Oct 09, 2022 4:25:55 AM se.kth.assertgroup.core.analysis.statediff.ui.StateDiffUIManipulator addStateDiffToExecDiffUI
INFO: For commit f2def9caae495f4193a57d42a6028c11163ddbfc UI manipulation took 79 MILLIS
