HEAD is now at e5d67a81 bugs added
WARNING: An illegal reflective access operation has occurred
WARNING: Illegal reflective access by com.google.inject.internal.cglib.core.$ReflectUtils$1 (file:/usr/share/maven/lib/guice.jar) to method java.lang.ClassLoader.defineClass(java.lang.String,byte[],int,int,java.security.ProtectionDomain)
WARNING: Please consider reporting this to the maintainers of com.google.inject.internal.cglib.core.$ReflectUtils$1
WARNING: Use --illegal-access=warn to enable warnings of further illegal reflective access operations
WARNING: All illegal access operations will be denied in a future release
WARNING: An illegal reflective access operation has occurred
WARNING: Illegal reflective access by com.google.inject.internal.cglib.core.$ReflectUtils$1 (file:/usr/share/maven/lib/guice.jar) to method java.lang.ClassLoader.defineClass(java.lang.String,byte[],int,int,java.security.ProtectionDomain)
WARNING: Please consider reporting this to the maintainers of com.google.inject.internal.cglib.core.$ReflectUtils$1
WARNING: Use --illegal-access=warn to enable warnings of further illegal reflective access operations
WARNING: All illegal access operations will be denied in a future release
Previous HEAD position was e5d67a81 bugs added
HEAD is now at 972945e8 patch applied
WARNING: An illegal reflective access operation has occurred
WARNING: Illegal reflective access by com.google.inject.internal.cglib.core.$ReflectUtils$1 (file:/usr/share/maven/lib/guice.jar) to method java.lang.ClassLoader.defineClass(java.lang.String,byte[],int,int,java.security.ProtectionDomain)
WARNING: Please consider reporting this to the maintainers of com.google.inject.internal.cglib.core.$ReflectUtils$1
WARNING: Use --illegal-access=warn to enable warnings of further illegal reflective access operations
WARNING: All illegal access operations will be denied in a future release
WARNING: An illegal reflective access operation has occurred
WARNING: Illegal reflective access by com.google.inject.internal.cglib.core.$ReflectUtils$1 (file:/usr/share/maven/lib/guice.jar) to method java.lang.ClassLoader.defineClass(java.lang.String,byte[],int,int,java.security.ProtectionDomain)
WARNING: Please consider reporting this to the maintainers of com.google.inject.internal.cglib.core.$ReflectUtils$1
WARNING: Use --illegal-access=warn to enable warnings of further illegal reflective access operations
WARNING: All illegal access operations will be denied in a future release
SLF4J: Failed to load class "org.slf4j.impl.StaticLoggerBinder".
SLF4J: Defaulting to no-operation (NOP) logger implementation
SLF4J: See http://www.slf4j.org/codes.html#StaticLoggerBinder for further details.
Oct 09, 2022 4:20:46 AM se.kth.debug.Debugger launchVMAndJunit
INFO: java -cp /home/khesoem/exec-diff/d3/collector-sahab/target/collector-sahab-0.0.1-SNAPSHOT-jar-with-dependencies.jar:/home/khesoem/exec-diff/d3/drr-execdiff/Time-18/sahab-left_972945e85ef38802f44c17cae42a677896eef6e0/classes:/home/khesoem/exec-diff/d3/drr-execdiff/Time-18/sahab-left_972945e85ef38802f44c17cae42a677896eef6e0/test-classes:/root/.m2/repository/org/joda/joda-convert/1.1/joda-convert-1.1.jar:/root/.m2/repository/junit/junit/3.8.2/junit-3.8.2.jar se.kth.debug.JUnitTestRunner org.joda.time.chrono.TestGJChronology::testLeapYearRulesConstruction
Oct 09, 2022 4:20:46 AM se.kth.debug.Debugger launchVMAndJunit
INFO: Connected to port: 59957
Oct 09, 2022 4:20:46 AM se.kth.debug.Debugger addClassPrepareEvent
INFO: org.joda.time.chrono.BasicGJChronology added!
Oct 09, 2022 4:21:06 AM se.kth.debug.EventProcessor startEventProcessor
WARNING: com.sun.jdi.VMDisconnectedException
Oct 09, 2022 4:21:08 AM se.kth.debug.Collector write
INFO: Breakpoints serialised!
Oct 09, 2022 4:21:08 AM se.kth.debug.Collector write
INFO: Return values serialised!
Oct 09, 2022 4:21:08 AM se.kth.debug.Collector write
INFO: File output to: /home/khesoem/exec-diff/d3/output/sahab-reports/972945e85ef38802f44c17cae42a677896eef6e0/left.json
Oct 09, 2022 4:21:08 AM se.kth.debug.Debugger launchVMAndJunit
INFO: java -cp /home/khesoem/exec-diff/d3/collector-sahab/target/collector-sahab-0.0.1-SNAPSHOT-jar-with-dependencies.jar:/home/khesoem/exec-diff/d3/drr-execdiff/Time-18/sahab-right_972945e85ef38802f44c17cae42a677896eef6e0/classes:/home/khesoem/exec-diff/d3/drr-execdiff/Time-18/sahab-right_972945e85ef38802f44c17cae42a677896eef6e0/test-classes:/root/.m2/repository/org/joda/joda-convert/1.1/joda-convert-1.1.jar:/root/.m2/repository/junit/junit/3.8.2/junit-3.8.2.jar se.kth.debug.JUnitTestRunner org.joda.time.chrono.TestGJChronology::testLeapYearRulesConstruction
Oct 09, 2022 4:21:08 AM se.kth.debug.Debugger launchVMAndJunit
INFO: Connected to port: 47257
Oct 09, 2022 4:21:08 AM se.kth.debug.Debugger addClassPrepareEvent
INFO: org.joda.time.chrono.BasicGJChronology added!
Oct 09, 2022 4:21:37 AM se.kth.debug.EventProcessor startEventProcessor
WARNING: com.sun.jdi.VMDisconnectedException
Oct 09, 2022 4:21:39 AM se.kth.debug.Collector write
INFO: Breakpoints serialised!
Oct 09, 2022 4:21:39 AM se.kth.debug.Collector write
INFO: Return values serialised!
Oct 09, 2022 4:21:39 AM se.kth.debug.Collector write
INFO: File output to: /home/khesoem/exec-diff/d3/output/sahab-reports/972945e85ef38802f44c17cae42a677896eef6e0/right.json
