HEAD is now at e5d67a81 bugs added
WARNING: An illegal reflective access operation has occurred
WARNING: Illegal reflective access by com.google.inject.internal.cglib.core.$ReflectUtils$1 (file:/usr/share/maven/lib/guice.jar) to method java.lang.ClassLoader.defineClass(java.lang.String,byte[],int,int,java.security.ProtectionDomain)
WARNING: Please consider reporting this to the maintainers of com.google.inject.internal.cglib.core.$ReflectUtils$1
WARNING: Use --illegal-access=warn to enable warnings of further illegal reflective access operations
WARNING: All illegal access operations will be denied in a future release
WARNING: An illegal reflective access operation has occurred
WARNING: Illegal reflective access by com.google.inject.internal.cglib.core.$ReflectUtils$1 (file:/usr/share/maven/lib/guice.jar) to method java.lang.ClassLoader.defineClass(java.lang.String,byte[],int,int,java.security.ProtectionDomain)
WARNING: Please consider reporting this to the maintainers of com.google.inject.internal.cglib.core.$ReflectUtils$1
WARNING: Use --illegal-access=warn to enable warnings of further illegal reflective access operations
WARNING: All illegal access operations will be denied in a future release
Previous HEAD position was e5d67a81 bugs added
HEAD is now at 37fbd664 patch applied
WARNING: An illegal reflective access operation has occurred
WARNING: Illegal reflective access by com.google.inject.internal.cglib.core.$ReflectUtils$1 (file:/usr/share/maven/lib/guice.jar) to method java.lang.ClassLoader.defineClass(java.lang.String,byte[],int,int,java.security.ProtectionDomain)
WARNING: Please consider reporting this to the maintainers of com.google.inject.internal.cglib.core.$ReflectUtils$1
WARNING: Use --illegal-access=warn to enable warnings of further illegal reflective access operations
WARNING: All illegal access operations will be denied in a future release
WARNING: An illegal reflective access operation has occurred
WARNING: Illegal reflective access by com.google.inject.internal.cglib.core.$ReflectUtils$1 (file:/usr/share/maven/lib/guice.jar) to method java.lang.ClassLoader.defineClass(java.lang.String,byte[],int,int,java.security.ProtectionDomain)
WARNING: Please consider reporting this to the maintainers of com.google.inject.internal.cglib.core.$ReflectUtils$1
WARNING: Use --illegal-access=warn to enable warnings of further illegal reflective access operations
WARNING: All illegal access operations will be denied in a future release
SLF4J: Failed to load class "org.slf4j.impl.StaticLoggerBinder".
SLF4J: Defaulting to no-operation (NOP) logger implementation
SLF4J: See http://www.slf4j.org/codes.html#StaticLoggerBinder for further details.
Oct 06, 2022 2:34:02 AM se.kth.debug.Debugger launchVMAndJunit
INFO: java -cp /home/khesoem/exec-diff/d3/collector-sahab/target/collector-sahab-0.0.1-SNAPSHOT-jar-with-dependencies.jar:/home/khesoem/exec-diff/d3/drr-execdiff/Math-32/sahab-left_37fbd664dc489bc2ca4f00f1d939b3bcff243d08/classes:/home/khesoem/exec-diff/d3/drr-execdiff/Math-32/sahab-left_37fbd664dc489bc2ca4f00f1d939b3bcff243d08/test-classes:/root/.m2/repository/junit/junit/4.10/junit-4.10.jar:/root/.m2/repository/org/hamcrest/hamcrest-core/1.1/hamcrest-core-1.1.jar se.kth.debug.JUnitTestRunner org.apache.commons.math3.geometry.euclidean.threed.PolyhedronsSetTest::testIssue780
Oct 06, 2022 2:34:03 AM se.kth.debug.Debugger launchVMAndJunit
INFO: Connected to port: 36815
Oct 06, 2022 2:34:03 AM se.kth.debug.Debugger addClassPrepareEvent
INFO: org.apache.commons.math3.geometry.euclidean.twod.PolygonsSet added!
Oct 06, 2022 2:34:42 AM se.kth.debug.EventProcessor startEventProcessor
WARNING: com.sun.jdi.VMDisconnectedException
Oct 06, 2022 2:34:44 AM se.kth.debug.Collector write
INFO: Breakpoints serialised!
Oct 06, 2022 2:34:44 AM se.kth.debug.Collector write
INFO: Return values serialised!
Oct 06, 2022 2:34:44 AM se.kth.debug.Collector write
INFO: File output to: /home/khesoem/exec-diff/d3/output/sahab-reports/37fbd664dc489bc2ca4f00f1d939b3bcff243d08/left.json
Oct 06, 2022 2:34:44 AM se.kth.debug.Debugger launchVMAndJunit
INFO: java -cp /home/khesoem/exec-diff/d3/collector-sahab/target/collector-sahab-0.0.1-SNAPSHOT-jar-with-dependencies.jar:/home/khesoem/exec-diff/d3/drr-execdiff/Math-32/sahab-right_37fbd664dc489bc2ca4f00f1d939b3bcff243d08/classes:/home/khesoem/exec-diff/d3/drr-execdiff/Math-32/sahab-right_37fbd664dc489bc2ca4f00f1d939b3bcff243d08/test-classes:/root/.m2/repository/junit/junit/4.10/junit-4.10.jar:/root/.m2/repository/org/hamcrest/hamcrest-core/1.1/hamcrest-core-1.1.jar se.kth.debug.JUnitTestRunner org.apache.commons.math3.geometry.euclidean.threed.PolyhedronsSetTest::testIssue780
Oct 06, 2022 2:34:44 AM se.kth.debug.Debugger launchVMAndJunit
INFO: Connected to port: 57713
Oct 06, 2022 2:34:44 AM se.kth.debug.Debugger addClassPrepareEvent
INFO: org.apache.commons.math3.geometry.euclidean.twod.PolygonsSet added!
Oct 06, 2022 2:35:25 AM se.kth.debug.EventProcessor startEventProcessor
WARNING: com.sun.jdi.VMDisconnectedException
Oct 06, 2022 2:35:27 AM se.kth.debug.Collector write
INFO: Breakpoints serialised!
Oct 06, 2022 2:35:27 AM se.kth.debug.Collector write
INFO: Return values serialised!
Oct 06, 2022 2:35:27 AM se.kth.debug.Collector write
INFO: File output to: /home/khesoem/exec-diff/d3/output/sahab-reports/37fbd664dc489bc2ca4f00f1d939b3bcff243d08/right.json
