HEAD is now at e5d67a81 bugs added
WARNING: An illegal reflective access operation has occurred
WARNING: Illegal reflective access by com.google.inject.internal.cglib.core.$ReflectUtils$1 (file:/usr/share/maven/lib/guice.jar) to method java.lang.ClassLoader.defineClass(java.lang.String,byte[],int,int,java.security.ProtectionDomain)
WARNING: Please consider reporting this to the maintainers of com.google.inject.internal.cglib.core.$ReflectUtils$1
WARNING: Use --illegal-access=warn to enable warnings of further illegal reflective access operations
WARNING: All illegal access operations will be denied in a future release
WARNING: An illegal reflective access operation has occurred
WARNING: Illegal reflective access by com.google.inject.internal.cglib.core.$ReflectUtils$1 (file:/usr/share/maven/lib/guice.jar) to method java.lang.ClassLoader.defineClass(java.lang.String,byte[],int,int,java.security.ProtectionDomain)
WARNING: Please consider reporting this to the maintainers of com.google.inject.internal.cglib.core.$ReflectUtils$1
WARNING: Use --illegal-access=warn to enable warnings of further illegal reflective access operations
WARNING: All illegal access operations will be denied in a future release
Previous HEAD position was e5d67a81 bugs added
HEAD is now at dc9663ce patch applied
WARNING: An illegal reflective access operation has occurred
WARNING: Illegal reflective access by com.google.inject.internal.cglib.core.$ReflectUtils$1 (file:/usr/share/maven/lib/guice.jar) to method java.lang.ClassLoader.defineClass(java.lang.String,byte[],int,int,java.security.ProtectionDomain)
WARNING: Please consider reporting this to the maintainers of com.google.inject.internal.cglib.core.$ReflectUtils$1
WARNING: Use --illegal-access=warn to enable warnings of further illegal reflective access operations
WARNING: All illegal access operations will be denied in a future release
WARNING: An illegal reflective access operation has occurred
WARNING: Illegal reflective access by com.google.inject.internal.cglib.core.$ReflectUtils$1 (file:/usr/share/maven/lib/guice.jar) to method java.lang.ClassLoader.defineClass(java.lang.String,byte[],int,int,java.security.ProtectionDomain)
WARNING: Please consider reporting this to the maintainers of com.google.inject.internal.cglib.core.$ReflectUtils$1
WARNING: Use --illegal-access=warn to enable warnings of further illegal reflective access operations
WARNING: All illegal access operations will be denied in a future release
SLF4J: Failed to load class "org.slf4j.impl.StaticLoggerBinder".
SLF4J: Defaulting to no-operation (NOP) logger implementation
SLF4J: See http://www.slf4j.org/codes.html#StaticLoggerBinder for further details.
Oct 15, 2022 8:16:01 AM se.kth.debug.Debugger launchVMAndJunit
INFO: java -cp /home/khesoem/exec-diff/d3/collector-sahab/target/collector-sahab-0.0.1-SNAPSHOT-jar-with-dependencies.jar:/home/khesoem/exec-diff/d3/drr-execdiff/Math-49/sahab-left_dc9663ce587cf91da7d081c9db7e5ed81ad19968/classes:/home/khesoem/exec-diff/d3/drr-execdiff/Math-49/sahab-left_dc9663ce587cf91da7d081c9db7e5ed81ad19968/test-classes:/root/.m2/repository/junit/junit/4.8.2/junit-4.8.2.jar se.kth.debug.JUnitTestRunner org.apache.commons.math.linear.SparseRealVectorTest::testConcurrentModification
Oct 15, 2022 8:16:01 AM se.kth.debug.Debugger launchVMAndJunit
INFO: Connected to port: 58905
Oct 15, 2022 8:16:01 AM se.kth.debug.Debugger addClassPrepareEvent
INFO: org.apache.commons.math.util.OpenIntToDoubleHashMap added!
Oct 15, 2022 8:16:04 AM se.kth.debug.EventProcessor startEventProcessor
WARNING: com.sun.jdi.VMDisconnectedException
Oct 15, 2022 8:16:04 AM se.kth.debug.Collector write
INFO: Breakpoints serialised!
Oct 15, 2022 8:16:04 AM se.kth.debug.Collector write
INFO: Return values serialised!
Oct 15, 2022 8:16:04 AM se.kth.debug.Collector write
INFO: File output to: /home/khesoem/exec-diff/d3/output/sahab-reports/dc9663ce587cf91da7d081c9db7e5ed81ad19968/left.json
Oct 15, 2022 8:16:05 AM se.kth.debug.Debugger launchVMAndJunit
INFO: java -cp /home/khesoem/exec-diff/d3/collector-sahab/target/collector-sahab-0.0.1-SNAPSHOT-jar-with-dependencies.jar:/home/khesoem/exec-diff/d3/drr-execdiff/Math-49/sahab-right_dc9663ce587cf91da7d081c9db7e5ed81ad19968/classes:/home/khesoem/exec-diff/d3/drr-execdiff/Math-49/sahab-right_dc9663ce587cf91da7d081c9db7e5ed81ad19968/test-classes:/root/.m2/repository/junit/junit/4.8.2/junit-4.8.2.jar se.kth.debug.JUnitTestRunner org.apache.commons.math.linear.SparseRealVectorTest::testConcurrentModification
Oct 15, 2022 8:16:06 AM se.kth.debug.Debugger launchVMAndJunit
INFO: Connected to port: 50923
Oct 15, 2022 8:16:06 AM se.kth.debug.Debugger addClassPrepareEvent
INFO: org.apache.commons.math.util.OpenIntToDoubleHashMap added!
Oct 15, 2022 8:16:09 AM se.kth.debug.EventProcessor startEventProcessor
WARNING: com.sun.jdi.VMDisconnectedException
Oct 15, 2022 8:16:09 AM se.kth.debug.Collector write
INFO: Breakpoints serialised!
Oct 15, 2022 8:16:09 AM se.kth.debug.Collector write
INFO: Return values serialised!
Oct 15, 2022 8:16:09 AM se.kth.debug.Collector write
INFO: File output to: /home/khesoem/exec-diff/d3/output/sahab-reports/dc9663ce587cf91da7d081c9db7e5ed81ad19968/right.json
