Previous HEAD position was 4751063f Add exec-diff data
HEAD is now at e5d67a81 bugs added
WARNING: An illegal reflective access operation has occurred
WARNING: Illegal reflective access by com.google.inject.internal.cglib.core.$ReflectUtils$1 (file:/usr/share/maven/lib/guice.jar) to method java.lang.ClassLoader.defineClass(java.lang.String,byte[],int,int,java.security.ProtectionDomain)
WARNING: Please consider reporting this to the maintainers of com.google.inject.internal.cglib.core.$ReflectUtils$1
WARNING: Use --illegal-access=warn to enable warnings of further illegal reflective access operations
WARNING: All illegal access operations will be denied in a future release
WARNING: An illegal reflective access operation has occurred
WARNING: Illegal reflective access by com.google.inject.internal.cglib.core.$ReflectUtils$1 (file:/usr/share/maven/lib/guice.jar) to method java.lang.ClassLoader.defineClass(java.lang.String,byte[],int,int,java.security.ProtectionDomain)
WARNING: Please consider reporting this to the maintainers of com.google.inject.internal.cglib.core.$ReflectUtils$1
WARNING: Use --illegal-access=warn to enable warnings of further illegal reflective access operations
WARNING: All illegal access operations will be denied in a future release
Previous HEAD position was e5d67a81 bugs added
HEAD is now at 1c046791 patch applied
WARNING: An illegal reflective access operation has occurred
WARNING: Illegal reflective access by com.google.inject.internal.cglib.core.$ReflectUtils$1 (file:/usr/share/maven/lib/guice.jar) to method java.lang.ClassLoader.defineClass(java.lang.String,byte[],int,int,java.security.ProtectionDomain)
WARNING: Please consider reporting this to the maintainers of com.google.inject.internal.cglib.core.$ReflectUtils$1
WARNING: Use --illegal-access=warn to enable warnings of further illegal reflective access operations
WARNING: All illegal access operations will be denied in a future release
WARNING: An illegal reflective access operation has occurred
WARNING: Illegal reflective access by com.google.inject.internal.cglib.core.$ReflectUtils$1 (file:/usr/share/maven/lib/guice.jar) to method java.lang.ClassLoader.defineClass(java.lang.String,byte[],int,int,java.security.ProtectionDomain)
WARNING: Please consider reporting this to the maintainers of com.google.inject.internal.cglib.core.$ReflectUtils$1
WARNING: Use --illegal-access=warn to enable warnings of further illegal reflective access operations
WARNING: All illegal access operations will be denied in a future release
SLF4J: Failed to load class "org.slf4j.impl.StaticLoggerBinder".
SLF4J: Defaulting to no-operation (NOP) logger implementation
SLF4J: See http://www.slf4j.org/codes.html#StaticLoggerBinder for further details.
Oct 10, 2022 9:02:29 AM se.kth.debug.Debugger launchVMAndJunit
INFO: java -cp /home/khesoem/exec-diff/d3/collector-sahab/target/collector-sahab-0.0.1-SNAPSHOT-jar-with-dependencies.jar:/home/khesoem/exec-diff/d3/drr-execdiff/Time-11/sahab-left_1c04679173a46faa59e73f68def33f60843f8beb/classes:/home/khesoem/exec-diff/d3/drr-execdiff/Time-11/sahab-left_1c04679173a46faa59e73f68def33f60843f8beb/test-classes:/root/.m2/repository/org/joda/joda-convert/1.2/joda-convert-1.2.jar:/root/.m2/repository/junit/junit/3.8.2/junit-3.8.2.jar se.kth.debug.JUnitTestRunner org.joda.time.tz.TestCompiler::testDateTimeZoneBuilder
Oct 10, 2022 9:02:29 AM se.kth.debug.Debugger launchVMAndJunit
INFO: Connected to port: 46709
Oct 10, 2022 9:02:29 AM se.kth.debug.Debugger addClassPrepareEvent
INFO: org.joda.time.tz.DateTimeZoneBuilder$PrecalculatedZone added!
Oct 10, 2022 9:11:42 AM se.kth.debug.EventProcessor startEventProcessor
WARNING: com.sun.jdi.VMDisconnectedException
Oct 10, 2022 9:12:16 AM se.kth.debug.Collector write
INFO: Breakpoints serialised!
Oct 10, 2022 9:12:16 AM se.kth.debug.Collector write
INFO: Return values serialised!
Oct 10, 2022 9:12:16 AM se.kth.debug.Collector write
INFO: File output to: /home/khesoem/exec-diff/d3/output/sahab-reports/1c04679173a46faa59e73f68def33f60843f8beb/left.json
Oct 10, 2022 9:12:16 AM se.kth.debug.Debugger launchVMAndJunit
INFO: java -cp /home/khesoem/exec-diff/d3/collector-sahab/target/collector-sahab-0.0.1-SNAPSHOT-jar-with-dependencies.jar:/home/khesoem/exec-diff/d3/drr-execdiff/Time-11/sahab-right_1c04679173a46faa59e73f68def33f60843f8beb/classes:/home/khesoem/exec-diff/d3/drr-execdiff/Time-11/sahab-right_1c04679173a46faa59e73f68def33f60843f8beb/test-classes:/root/.m2/repository/org/joda/joda-convert/1.2/joda-convert-1.2.jar:/root/.m2/repository/junit/junit/3.8.2/junit-3.8.2.jar se.kth.debug.JUnitTestRunner org.joda.time.tz.TestCompiler::testDateTimeZoneBuilder
Oct 10, 2022 9:12:17 AM se.kth.debug.Debugger launchVMAndJunit
INFO: Connected to port: 43951
Oct 10, 2022 9:12:17 AM se.kth.debug.Debugger addClassPrepareEvent
INFO: org.joda.time.tz.DateTimeZoneBuilder$PrecalculatedZone added!
Oct 10, 2022 9:21:22 AM se.kth.debug.EventProcessor startEventProcessor
WARNING: com.sun.jdi.VMDisconnectedException
Oct 10, 2022 9:21:58 AM se.kth.debug.Collector write
INFO: Breakpoints serialised!
Oct 10, 2022 9:21:58 AM se.kth.debug.Collector write
INFO: Return values serialised!
Oct 10, 2022 9:21:58 AM se.kth.debug.Collector write
INFO: File output to: /home/khesoem/exec-diff/d3/output/sahab-reports/1c04679173a46faa59e73f68def33f60843f8beb/right.json
