HEAD is now at e5d67a81 bugs added
WARNING: An illegal reflective access operation has occurred
WARNING: Illegal reflective access by com.google.inject.internal.cglib.core.$ReflectUtils$1 (file:/usr/share/maven/lib/guice.jar) to method java.lang.ClassLoader.defineClass(java.lang.String,byte[],int,int,java.security.ProtectionDomain)
WARNING: Please consider reporting this to the maintainers of com.google.inject.internal.cglib.core.$ReflectUtils$1
WARNING: Use --illegal-access=warn to enable warnings of further illegal reflective access operations
WARNING: All illegal access operations will be denied in a future release
WARNING: An illegal reflective access operation has occurred
WARNING: Illegal reflective access by com.google.inject.internal.cglib.core.$ReflectUtils$1 (file:/usr/share/maven/lib/guice.jar) to method java.lang.ClassLoader.defineClass(java.lang.String,byte[],int,int,java.security.ProtectionDomain)
WARNING: Please consider reporting this to the maintainers of com.google.inject.internal.cglib.core.$ReflectUtils$1
WARNING: Use --illegal-access=warn to enable warnings of further illegal reflective access operations
WARNING: All illegal access operations will be denied in a future release
Previous HEAD position was e5d67a81 bugs added
HEAD is now at ea76cc8f patch applied
WARNING: An illegal reflective access operation has occurred
WARNING: Illegal reflective access by com.google.inject.internal.cglib.core.$ReflectUtils$1 (file:/usr/share/maven/lib/guice.jar) to method java.lang.ClassLoader.defineClass(java.lang.String,byte[],int,int,java.security.ProtectionDomain)
WARNING: Please consider reporting this to the maintainers of com.google.inject.internal.cglib.core.$ReflectUtils$1
WARNING: Use --illegal-access=warn to enable warnings of further illegal reflective access operations
WARNING: All illegal access operations will be denied in a future release
WARNING: An illegal reflective access operation has occurred
WARNING: Illegal reflective access by com.google.inject.internal.cglib.core.$ReflectUtils$1 (file:/usr/share/maven/lib/guice.jar) to method java.lang.ClassLoader.defineClass(java.lang.String,byte[],int,int,java.security.ProtectionDomain)
WARNING: Please consider reporting this to the maintainers of com.google.inject.internal.cglib.core.$ReflectUtils$1
WARNING: Use --illegal-access=warn to enable warnings of further illegal reflective access operations
WARNING: All illegal access operations will be denied in a future release
SLF4J: Failed to load class "org.slf4j.impl.StaticLoggerBinder".
SLF4J: Defaulting to no-operation (NOP) logger implementation
SLF4J: See http://www.slf4j.org/codes.html#StaticLoggerBinder for further details.
Oct 10, 2022 1:10:23 AM se.kth.debug.Debugger launchVMAndJunit
INFO: java -cp /home/khesoem/exec-diff/d3/collector-sahab/target/collector-sahab-0.0.1-SNAPSHOT-jar-with-dependencies.jar:/home/khesoem/exec-diff/d3/drr-execdiff/Math-69/sahab-left_ea76cc8f3a4a95401dba25e0f61bcca08bf44b76/classes:/home/khesoem/exec-diff/d3/drr-execdiff/Math-69/sahab-left_ea76cc8f3a4a95401dba25e0f61bcca08bf44b76/test-classes:/root/.m2/repository/junit/junit/4.4/junit-4.4.jar se.kth.debug.JUnitTestRunner org.apache.commons.math.stat.correlation.PearsonsCorrelationTest::testPValueNearZero
Oct 10, 2022 1:10:23 AM se.kth.debug.Debugger launchVMAndJunit
INFO: Connected to port: 37317
Oct 10, 2022 1:10:23 AM se.kth.debug.Debugger addClassPrepareEvent
INFO: org.apache.commons.math.distribution.TDistributionImpl added!
Oct 10, 2022 1:10:23 AM se.kth.debug.Debugger setBreakpoints
WARNING: 127 is not a valid breakpoint in org.apache.commons.math.distribution.TDistributionImpl
Oct 10, 2022 1:10:24 AM se.kth.debug.EventProcessor startEventProcessor
WARNING: com.sun.jdi.VMDisconnectedException
Oct 10, 2022 1:10:24 AM se.kth.debug.Collector write
INFO: Breakpoints serialised!
Oct 10, 2022 1:10:24 AM se.kth.debug.Collector write
INFO: Return values serialised!
Oct 10, 2022 1:10:24 AM se.kth.debug.Collector write
INFO: File output to: /home/khesoem/exec-diff/d3/output/sahab-reports/ea76cc8f3a4a95401dba25e0f61bcca08bf44b76/left.json
Oct 10, 2022 1:10:24 AM se.kth.debug.Debugger launchVMAndJunit
INFO: java -cp /home/khesoem/exec-diff/d3/collector-sahab/target/collector-sahab-0.0.1-SNAPSHOT-jar-with-dependencies.jar:/home/khesoem/exec-diff/d3/drr-execdiff/Math-69/sahab-right_ea76cc8f3a4a95401dba25e0f61bcca08bf44b76/classes:/home/khesoem/exec-diff/d3/drr-execdiff/Math-69/sahab-right_ea76cc8f3a4a95401dba25e0f61bcca08bf44b76/test-classes:/root/.m2/repository/junit/junit/4.4/junit-4.4.jar se.kth.debug.JUnitTestRunner org.apache.commons.math.stat.correlation.PearsonsCorrelationTest::testPValueNearZero
Oct 10, 2022 1:10:24 AM se.kth.debug.Debugger launchVMAndJunit
INFO: Connected to port: 42843
Oct 10, 2022 1:10:24 AM se.kth.debug.Debugger addClassPrepareEvent
INFO: org.apache.commons.math.distribution.TDistributionImpl added!
Oct 10, 2022 1:10:25 AM se.kth.debug.Debugger setBreakpoints
WARNING: 127 is not a valid breakpoint in org.apache.commons.math.distribution.TDistributionImpl
Oct 10, 2022 1:10:25 AM se.kth.debug.EventProcessor startEventProcessor
WARNING: com.sun.jdi.VMDisconnectedException
Oct 10, 2022 1:10:25 AM se.kth.debug.Collector write
INFO: Breakpoints serialised!
Oct 10, 2022 1:10:25 AM se.kth.debug.Collector write
INFO: Return values serialised!
Oct 10, 2022 1:10:25 AM se.kth.debug.Collector write
INFO: File output to: /home/khesoem/exec-diff/d3/output/sahab-reports/ea76cc8f3a4a95401dba25e0f61bcca08bf44b76/right.json
