HEAD is now at e5d67a81 bugs added
WARNING: An illegal reflective access operation has occurred
WARNING: Illegal reflective access by com.google.inject.internal.cglib.core.$ReflectUtils$1 (file:/usr/share/maven/lib/guice.jar) to method java.lang.ClassLoader.defineClass(java.lang.String,byte[],int,int,java.security.ProtectionDomain)
WARNING: Please consider reporting this to the maintainers of com.google.inject.internal.cglib.core.$ReflectUtils$1
WARNING: Use --illegal-access=warn to enable warnings of further illegal reflective access operations
WARNING: All illegal access operations will be denied in a future release
WARNING: An illegal reflective access operation has occurred
WARNING: Illegal reflective access by com.google.inject.internal.cglib.core.$ReflectUtils$1 (file:/usr/share/maven/lib/guice.jar) to method java.lang.ClassLoader.defineClass(java.lang.String,byte[],int,int,java.security.ProtectionDomain)
WARNING: Please consider reporting this to the maintainers of com.google.inject.internal.cglib.core.$ReflectUtils$1
WARNING: Use --illegal-access=warn to enable warnings of further illegal reflective access operations
WARNING: All illegal access operations will be denied in a future release
Previous HEAD position was e5d67a81 bugs added
HEAD is now at 4227bd7b patch applied
WARNING: An illegal reflective access operation has occurred
WARNING: Illegal reflective access by com.google.inject.internal.cglib.core.$ReflectUtils$1 (file:/usr/share/maven/lib/guice.jar) to method java.lang.ClassLoader.defineClass(java.lang.String,byte[],int,int,java.security.ProtectionDomain)
WARNING: Please consider reporting this to the maintainers of com.google.inject.internal.cglib.core.$ReflectUtils$1
WARNING: Use --illegal-access=warn to enable warnings of further illegal reflective access operations
WARNING: All illegal access operations will be denied in a future release
WARNING: An illegal reflective access operation has occurred
WARNING: Illegal reflective access by com.google.inject.internal.cglib.core.$ReflectUtils$1 (file:/usr/share/maven/lib/guice.jar) to method java.lang.ClassLoader.defineClass(java.lang.String,byte[],int,int,java.security.ProtectionDomain)
WARNING: Please consider reporting this to the maintainers of com.google.inject.internal.cglib.core.$ReflectUtils$1
WARNING: Use --illegal-access=warn to enable warnings of further illegal reflective access operations
WARNING: All illegal access operations will be denied in a future release
SLF4J: Failed to load class "org.slf4j.impl.StaticLoggerBinder".
SLF4J: Defaulting to no-operation (NOP) logger implementation
SLF4J: See http://www.slf4j.org/codes.html#StaticLoggerBinder for further details.
Oct 09, 2022 2:22:26 PM se.kth.debug.Debugger launchVMAndJunit
INFO: java -cp /home/khesoem/exec-diff/d3/collector-sahab/target/collector-sahab-0.0.1-SNAPSHOT-jar-with-dependencies.jar:/home/khesoem/exec-diff/d3/drr-execdiff/Math-49/sahab-left_4227bd7b35bb6ac325767390e9cd907d3a2e8a38/classes:/home/khesoem/exec-diff/d3/drr-execdiff/Math-49/sahab-left_4227bd7b35bb6ac325767390e9cd907d3a2e8a38/test-classes:/root/.m2/repository/junit/junit/4.8.2/junit-4.8.2.jar se.kth.debug.JUnitTestRunner org.apache.commons.math.linear.SparseRealVectorTest::testConcurrentModification
Oct 09, 2022 2:22:26 PM se.kth.debug.Debugger launchVMAndJunit
INFO: Connected to port: 45169
Oct 09, 2022 2:22:26 PM se.kth.debug.Debugger addClassPrepareEvent
INFO: org.apache.commons.math.linear.OpenMapRealVector added!
Oct 09, 2022 2:22:28 PM se.kth.debug.EventProcessor startEventProcessor
WARNING: com.sun.jdi.VMDisconnectedException
Oct 09, 2022 2:22:28 PM se.kth.debug.Collector write
INFO: Breakpoints serialised!
Oct 09, 2022 2:22:28 PM se.kth.debug.Collector write
INFO: Return values serialised!
Oct 09, 2022 2:22:28 PM se.kth.debug.Collector write
INFO: File output to: /home/khesoem/exec-diff/d3/output/sahab-reports/4227bd7b35bb6ac325767390e9cd907d3a2e8a38/left.json
Oct 09, 2022 2:22:29 PM se.kth.debug.Debugger launchVMAndJunit
INFO: java -cp /home/khesoem/exec-diff/d3/collector-sahab/target/collector-sahab-0.0.1-SNAPSHOT-jar-with-dependencies.jar:/home/khesoem/exec-diff/d3/drr-execdiff/Math-49/sahab-right_4227bd7b35bb6ac325767390e9cd907d3a2e8a38/classes:/home/khesoem/exec-diff/d3/drr-execdiff/Math-49/sahab-right_4227bd7b35bb6ac325767390e9cd907d3a2e8a38/test-classes:/root/.m2/repository/junit/junit/4.8.2/junit-4.8.2.jar se.kth.debug.JUnitTestRunner org.apache.commons.math.linear.SparseRealVectorTest::testConcurrentModification
Oct 09, 2022 2:22:29 PM se.kth.debug.Debugger launchVMAndJunit
INFO: Connected to port: 51899
Oct 09, 2022 2:22:29 PM se.kth.debug.Debugger addClassPrepareEvent
INFO: org.apache.commons.math.linear.OpenMapRealVector added!
Oct 09, 2022 2:22:30 PM se.kth.debug.EventProcessor startEventProcessor
WARNING: com.sun.jdi.VMDisconnectedException
Oct 09, 2022 2:22:30 PM se.kth.debug.Collector write
INFO: Breakpoints serialised!
Oct 09, 2022 2:22:30 PM se.kth.debug.Collector write
INFO: Return values serialised!
Oct 09, 2022 2:22:30 PM se.kth.debug.Collector write
INFO: File output to: /home/khesoem/exec-diff/d3/output/sahab-reports/4227bd7b35bb6ac325767390e9cd907d3a2e8a38/right.json
