HEAD is now at e5d67a81 bugs added
WARNING: An illegal reflective access operation has occurred
WARNING: Illegal reflective access by com.google.inject.internal.cglib.core.$ReflectUtils$1 (file:/usr/share/maven/lib/guice.jar) to method java.lang.ClassLoader.defineClass(java.lang.String,byte[],int,int,java.security.ProtectionDomain)
WARNING: Please consider reporting this to the maintainers of com.google.inject.internal.cglib.core.$ReflectUtils$1
WARNING: Use --illegal-access=warn to enable warnings of further illegal reflective access operations
WARNING: All illegal access operations will be denied in a future release
WARNING: An illegal reflective access operation has occurred
WARNING: Illegal reflective access by com.google.inject.internal.cglib.core.$ReflectUtils$1 (file:/usr/share/maven/lib/guice.jar) to method java.lang.ClassLoader.defineClass(java.lang.String,byte[],int,int,java.security.ProtectionDomain)
WARNING: Please consider reporting this to the maintainers of com.google.inject.internal.cglib.core.$ReflectUtils$1
WARNING: Use --illegal-access=warn to enable warnings of further illegal reflective access operations
WARNING: All illegal access operations will be denied in a future release
Previous HEAD position was e5d67a81 bugs added
HEAD is now at e7f938d3 patch applied
WARNING: An illegal reflective access operation has occurred
WARNING: Illegal reflective access by com.google.inject.internal.cglib.core.$ReflectUtils$1 (file:/usr/share/maven/lib/guice.jar) to method java.lang.ClassLoader.defineClass(java.lang.String,byte[],int,int,java.security.ProtectionDomain)
WARNING: Please consider reporting this to the maintainers of com.google.inject.internal.cglib.core.$ReflectUtils$1
WARNING: Use --illegal-access=warn to enable warnings of further illegal reflective access operations
WARNING: All illegal access operations will be denied in a future release
WARNING: An illegal reflective access operation has occurred
WARNING: Illegal reflective access by com.google.inject.internal.cglib.core.$ReflectUtils$1 (file:/usr/share/maven/lib/guice.jar) to method java.lang.ClassLoader.defineClass(java.lang.String,byte[],int,int,java.security.ProtectionDomain)
WARNING: Please consider reporting this to the maintainers of com.google.inject.internal.cglib.core.$ReflectUtils$1
WARNING: Use --illegal-access=warn to enable warnings of further illegal reflective access operations
WARNING: All illegal access operations will be denied in a future release
SLF4J: Failed to load class "org.slf4j.impl.StaticLoggerBinder".
SLF4J: Defaulting to no-operation (NOP) logger implementation
SLF4J: See http://www.slf4j.org/codes.html#StaticLoggerBinder for further details.
Oct 09, 2022 12:19:59 AM se.kth.debug.Debugger launchVMAndJunit
INFO: java -cp /home/khesoem/exec-diff/d3/collector-sahab/target/collector-sahab-0.0.1-SNAPSHOT-jar-with-dependencies.jar:/home/khesoem/exec-diff/d3/drr-execdiff/Math-82/sahab-left_e7f938d38a43ff6250d746d19b590119b1ce14df/classes:/home/khesoem/exec-diff/d3/drr-execdiff/Math-82/sahab-left_e7f938d38a43ff6250d746d19b590119b1ce14df/test-classes:/root/.m2/repository/junit/junit/4.4/junit-4.4.jar se.kth.debug.JUnitTestRunner org.apache.commons.math.optimization.linear.SimplexSolverTest::testMath288
Oct 09, 2022 12:20:00 AM se.kth.debug.Debugger launchVMAndJunit
INFO: Connected to port: 34033
Oct 09, 2022 12:20:00 AM se.kth.debug.Debugger addClassPrepareEvent
INFO: org.apache.commons.math.optimization.linear.SimplexSolver added!
Oct 09, 2022 12:20:03 AM se.kth.debug.EventProcessor startEventProcessor
WARNING: com.sun.jdi.VMDisconnectedException
Oct 09, 2022 12:20:03 AM se.kth.debug.Collector write
INFO: Breakpoints serialised!
Oct 09, 2022 12:20:03 AM se.kth.debug.Collector write
INFO: Return values serialised!
Oct 09, 2022 12:20:03 AM se.kth.debug.Collector write
INFO: File output to: /home/khesoem/exec-diff/d3/output/sahab-reports/e7f938d38a43ff6250d746d19b590119b1ce14df/left.json
Oct 09, 2022 12:20:04 AM se.kth.debug.Debugger launchVMAndJunit
INFO: java -cp /home/khesoem/exec-diff/d3/collector-sahab/target/collector-sahab-0.0.1-SNAPSHOT-jar-with-dependencies.jar:/home/khesoem/exec-diff/d3/drr-execdiff/Math-82/sahab-right_e7f938d38a43ff6250d746d19b590119b1ce14df/classes:/home/khesoem/exec-diff/d3/drr-execdiff/Math-82/sahab-right_e7f938d38a43ff6250d746d19b590119b1ce14df/test-classes:/root/.m2/repository/junit/junit/4.4/junit-4.4.jar se.kth.debug.JUnitTestRunner org.apache.commons.math.optimization.linear.SimplexSolverTest::testMath288
Oct 09, 2022 12:20:04 AM se.kth.debug.Debugger launchVMAndJunit
INFO: Connected to port: 60471
Oct 09, 2022 12:20:04 AM se.kth.debug.Debugger addClassPrepareEvent
INFO: org.apache.commons.math.optimization.linear.SimplexSolver added!
Oct 09, 2022 12:20:06 AM se.kth.debug.EventProcessor startEventProcessor
WARNING: com.sun.jdi.VMDisconnectedException
Oct 09, 2022 12:20:06 AM se.kth.debug.Collector write
INFO: Breakpoints serialised!
Oct 09, 2022 12:20:06 AM se.kth.debug.Collector write
INFO: Return values serialised!
Oct 09, 2022 12:20:06 AM se.kth.debug.Collector write
INFO: File output to: /home/khesoem/exec-diff/d3/output/sahab-reports/e7f938d38a43ff6250d746d19b590119b1ce14df/right.json
