HEAD is now at e5d67a81 bugs added
WARNING: An illegal reflective access operation has occurred
WARNING: Illegal reflective access by com.google.inject.internal.cglib.core.$ReflectUtils$1 (file:/usr/share/maven/lib/guice.jar) to method java.lang.ClassLoader.defineClass(java.lang.String,byte[],int,int,java.security.ProtectionDomain)
WARNING: Please consider reporting this to the maintainers of com.google.inject.internal.cglib.core.$ReflectUtils$1
WARNING: Use --illegal-access=warn to enable warnings of further illegal reflective access operations
WARNING: All illegal access operations will be denied in a future release
WARNING: An illegal reflective access operation has occurred
WARNING: Illegal reflective access by com.google.inject.internal.cglib.core.$ReflectUtils$1 (file:/usr/share/maven/lib/guice.jar) to method java.lang.ClassLoader.defineClass(java.lang.String,byte[],int,int,java.security.ProtectionDomain)
WARNING: Please consider reporting this to the maintainers of com.google.inject.internal.cglib.core.$ReflectUtils$1
WARNING: Use --illegal-access=warn to enable warnings of further illegal reflective access operations
WARNING: All illegal access operations will be denied in a future release
Previous HEAD position was e5d67a81 bugs added
HEAD is now at 9c32db9c patch applied
WARNING: An illegal reflective access operation has occurred
WARNING: Illegal reflective access by com.google.inject.internal.cglib.core.$ReflectUtils$1 (file:/usr/share/maven/lib/guice.jar) to method java.lang.ClassLoader.defineClass(java.lang.String,byte[],int,int,java.security.ProtectionDomain)
WARNING: Please consider reporting this to the maintainers of com.google.inject.internal.cglib.core.$ReflectUtils$1
WARNING: Use --illegal-access=warn to enable warnings of further illegal reflective access operations
WARNING: All illegal access operations will be denied in a future release
WARNING: An illegal reflective access operation has occurred
WARNING: Illegal reflective access by com.google.inject.internal.cglib.core.$ReflectUtils$1 (file:/usr/share/maven/lib/guice.jar) to method java.lang.ClassLoader.defineClass(java.lang.String,byte[],int,int,java.security.ProtectionDomain)
WARNING: Please consider reporting this to the maintainers of com.google.inject.internal.cglib.core.$ReflectUtils$1
WARNING: Use --illegal-access=warn to enable warnings of further illegal reflective access operations
WARNING: All illegal access operations will be denied in a future release
SLF4J: Failed to load class "org.slf4j.impl.StaticLoggerBinder".
SLF4J: Defaulting to no-operation (NOP) logger implementation
SLF4J: See http://www.slf4j.org/codes.html#StaticLoggerBinder for further details.
Oct 09, 2022 1:51:34 PM se.kth.debug.Debugger launchVMAndJunit
INFO: java -cp /home/khesoem/exec-diff/d3/collector-sahab/target/collector-sahab-0.0.1-SNAPSHOT-jar-with-dependencies.jar:/home/khesoem/exec-diff/d3/drr-execdiff/Math-40/sahab-left_9c32db9c49780f3ca394cf8437302d56af604cf3/classes:/home/khesoem/exec-diff/d3/drr-execdiff/Math-40/sahab-left_9c32db9c49780f3ca394cf8437302d56af604cf3/test-classes:/root/.m2/repository/junit/junit/4.8.2/junit-4.8.2.jar se.kth.debug.JUnitTestRunner org.apache.commons.math.analysis.solvers.BracketingNthOrderBrentSolverTest::testIssue716
Oct 09, 2022 1:51:35 PM se.kth.debug.Debugger launchVMAndJunit
INFO: Connected to port: 38753
Oct 09, 2022 1:51:35 PM se.kth.debug.Debugger addClassPrepareEvent
INFO: org.apache.commons.math.analysis.solvers.BracketingNthOrderBrentSolver added!
Oct 09, 2022 1:51:35 PM se.kth.debug.Debugger setBreakpoints
WARNING: 167 is not a valid breakpoint in org.apache.commons.math.analysis.solvers.BracketingNthOrderBrentSolver
Oct 09, 2022 1:51:35 PM se.kth.debug.Debugger setBreakpoints
WARNING: 168 is not a valid breakpoint in org.apache.commons.math.analysis.solvers.BracketingNthOrderBrentSolver
Oct 09, 2022 1:51:35 PM se.kth.debug.Debugger setBreakpoints
WARNING: 208 is not a valid breakpoint in org.apache.commons.math.analysis.solvers.BracketingNthOrderBrentSolver
Oct 09, 2022 1:51:35 PM se.kth.debug.Debugger setBreakpoints
WARNING: 232 is not a valid breakpoint in org.apache.commons.math.analysis.solvers.BracketingNthOrderBrentSolver
Oct 09, 2022 1:51:35 PM se.kth.debug.Debugger setBreakpoints
WARNING: 245 is not a valid breakpoint in org.apache.commons.math.analysis.solvers.BracketingNthOrderBrentSolver
Oct 09, 2022 1:51:35 PM se.kth.debug.Debugger setBreakpoints
WARNING: 248 is not a valid breakpoint in org.apache.commons.math.analysis.solvers.BracketingNthOrderBrentSolver
Oct 09, 2022 1:55:35 PM se.kth.debug.EventProcessor startEventProcessor
WARNING: com.sun.jdi.VMDisconnectedException
Oct 09, 2022 1:55:46 PM se.kth.debug.Collector write
INFO: Breakpoints serialised!
Oct 09, 2022 1:55:46 PM se.kth.debug.Collector write
INFO: No method exits were encountered.
Oct 09, 2022 1:55:46 PM se.kth.debug.Collector write
INFO: File output to: /home/khesoem/exec-diff/d3/output/sahab-reports/9c32db9c49780f3ca394cf8437302d56af604cf3/left.json
Oct 09, 2022 1:55:47 PM se.kth.debug.Debugger launchVMAndJunit
INFO: java -cp /home/khesoem/exec-diff/d3/collector-sahab/target/collector-sahab-0.0.1-SNAPSHOT-jar-with-dependencies.jar:/home/khesoem/exec-diff/d3/drr-execdiff/Math-40/sahab-right_9c32db9c49780f3ca394cf8437302d56af604cf3/classes:/home/khesoem/exec-diff/d3/drr-execdiff/Math-40/sahab-right_9c32db9c49780f3ca394cf8437302d56af604cf3/test-classes:/root/.m2/repository/junit/junit/4.8.2/junit-4.8.2.jar se.kth.debug.JUnitTestRunner org.apache.commons.math.analysis.solvers.BracketingNthOrderBrentSolverTest::testIssue716
Oct 09, 2022 1:55:47 PM se.kth.debug.Debugger launchVMAndJunit
INFO: Connected to port: 33561
Oct 09, 2022 1:55:47 PM se.kth.debug.Debugger addClassPrepareEvent
INFO: org.apache.commons.math.analysis.solvers.BracketingNthOrderBrentSolver added!
Oct 09, 2022 1:55:47 PM se.kth.debug.Debugger setBreakpoints
WARNING: 167 is not a valid breakpoint in org.apache.commons.math.analysis.solvers.BracketingNthOrderBrentSolver
Oct 09, 2022 1:55:47 PM se.kth.debug.Debugger setBreakpoints
WARNING: 168 is not a valid breakpoint in org.apache.commons.math.analysis.solvers.BracketingNthOrderBrentSolver
Oct 09, 2022 1:55:47 PM se.kth.debug.Debugger setBreakpoints
WARNING: 208 is not a valid breakpoint in org.apache.commons.math.analysis.solvers.BracketingNthOrderBrentSolver
Oct 09, 2022 1:55:47 PM se.kth.debug.Debugger setBreakpoints
WARNING: 232 is not a valid breakpoint in org.apache.commons.math.analysis.solvers.BracketingNthOrderBrentSolver
Oct 09, 2022 1:55:47 PM se.kth.debug.Debugger setBreakpoints
WARNING: 245 is not a valid breakpoint in org.apache.commons.math.analysis.solvers.BracketingNthOrderBrentSolver
Oct 09, 2022 1:55:47 PM se.kth.debug.Debugger setBreakpoints
WARNING: 248 is not a valid breakpoint in org.apache.commons.math.analysis.solvers.BracketingNthOrderBrentSolver
Oct 09, 2022 1:56:05 PM se.kth.debug.EventProcessor startEventProcessor
WARNING: com.sun.jdi.VMDisconnectedException
Oct 09, 2022 1:56:06 PM se.kth.debug.Collector write
INFO: Breakpoints serialised!
Oct 09, 2022 1:56:06 PM se.kth.debug.Collector write
INFO: Return values serialised!
Oct 09, 2022 1:56:06 PM se.kth.debug.Collector write
INFO: File output to: /home/khesoem/exec-diff/d3/output/sahab-reports/9c32db9c49780f3ca394cf8437302d56af604cf3/right.json
