HEAD is now at e5d67a81 bugs added
WARNING: An illegal reflective access operation has occurred
WARNING: Illegal reflective access by com.google.inject.internal.cglib.core.$ReflectUtils$1 (file:/usr/share/maven/lib/guice.jar) to method java.lang.ClassLoader.defineClass(java.lang.String,byte[],int,int,java.security.ProtectionDomain)
WARNING: Please consider reporting this to the maintainers of com.google.inject.internal.cglib.core.$ReflectUtils$1
WARNING: Use --illegal-access=warn to enable warnings of further illegal reflective access operations
WARNING: All illegal access operations will be denied in a future release
WARNING: An illegal reflective access operation has occurred
WARNING: Illegal reflective access by com.google.inject.internal.cglib.core.$ReflectUtils$1 (file:/usr/share/maven/lib/guice.jar) to method java.lang.ClassLoader.defineClass(java.lang.String,byte[],int,int,java.security.ProtectionDomain)
WARNING: Please consider reporting this to the maintainers of com.google.inject.internal.cglib.core.$ReflectUtils$1
WARNING: Use --illegal-access=warn to enable warnings of further illegal reflective access operations
WARNING: All illegal access operations will be denied in a future release
Previous HEAD position was e5d67a81 bugs added
HEAD is now at 1d066b30 patch applied
WARNING: An illegal reflective access operation has occurred
WARNING: Illegal reflective access by com.google.inject.internal.cglib.core.$ReflectUtils$1 (file:/usr/share/maven/lib/guice.jar) to method java.lang.ClassLoader.defineClass(java.lang.String,byte[],int,int,java.security.ProtectionDomain)
WARNING: Please consider reporting this to the maintainers of com.google.inject.internal.cglib.core.$ReflectUtils$1
WARNING: Use --illegal-access=warn to enable warnings of further illegal reflective access operations
WARNING: All illegal access operations will be denied in a future release
WARNING: An illegal reflective access operation has occurred
WARNING: Illegal reflective access by com.google.inject.internal.cglib.core.$ReflectUtils$1 (file:/usr/share/maven/lib/guice.jar) to method java.lang.ClassLoader.defineClass(java.lang.String,byte[],int,int,java.security.ProtectionDomain)
WARNING: Please consider reporting this to the maintainers of com.google.inject.internal.cglib.core.$ReflectUtils$1
WARNING: Use --illegal-access=warn to enable warnings of further illegal reflective access operations
WARNING: All illegal access operations will be denied in a future release
SLF4J: Failed to load class "org.slf4j.impl.StaticLoggerBinder".
SLF4J: Defaulting to no-operation (NOP) logger implementation
SLF4J: See http://www.slf4j.org/codes.html#StaticLoggerBinder for further details.
Oct 06, 2022 3:43:46 AM se.kth.debug.Debugger launchVMAndJunit
INFO: java -cp /home/khesoem/exec-diff/d3/collector-sahab/target/collector-sahab-0.0.1-SNAPSHOT-jar-with-dependencies.jar:/home/khesoem/exec-diff/d3/drr-execdiff/Math-41/sahab-left_1d066b30a6d441b256cfa32034be73fbecb18b89/classes:/home/khesoem/exec-diff/d3/drr-execdiff/Math-41/sahab-left_1d066b30a6d441b256cfa32034be73fbecb18b89/test-classes:/root/.m2/repository/junit/junit/4.8.2/junit-4.8.2.jar se.kth.debug.JUnitTestRunner org.apache.commons.math.stat.descriptive.moment.VarianceTest::testEvaluateArraySegmentWeighted
Oct 06, 2022 3:43:46 AM se.kth.debug.Debugger launchVMAndJunit
INFO: Connected to port: 48029
Oct 06, 2022 3:43:46 AM se.kth.debug.Debugger addClassPrepareEvent
INFO: org.apache.commons.math.stat.descriptive.moment.Variance added!
Oct 06, 2022 3:43:47 AM se.kth.debug.EventProcessor startEventProcessor
WARNING: com.sun.jdi.VMDisconnectedException
Oct 06, 2022 3:43:47 AM se.kth.debug.Collector write
INFO: Breakpoints serialised!
Oct 06, 2022 3:43:47 AM se.kth.debug.Collector write
INFO: Return values serialised!
Oct 06, 2022 3:43:47 AM se.kth.debug.Collector write
INFO: File output to: /home/khesoem/exec-diff/d3/output/sahab-reports/1d066b30a6d441b256cfa32034be73fbecb18b89/left.json
Oct 06, 2022 3:43:48 AM se.kth.debug.Debugger launchVMAndJunit
INFO: java -cp /home/khesoem/exec-diff/d3/collector-sahab/target/collector-sahab-0.0.1-SNAPSHOT-jar-with-dependencies.jar:/home/khesoem/exec-diff/d3/drr-execdiff/Math-41/sahab-right_1d066b30a6d441b256cfa32034be73fbecb18b89/classes:/home/khesoem/exec-diff/d3/drr-execdiff/Math-41/sahab-right_1d066b30a6d441b256cfa32034be73fbecb18b89/test-classes:/root/.m2/repository/junit/junit/4.8.2/junit-4.8.2.jar se.kth.debug.JUnitTestRunner org.apache.commons.math.stat.descriptive.moment.VarianceTest::testEvaluateArraySegmentWeighted
Oct 06, 2022 3:43:48 AM se.kth.debug.Debugger launchVMAndJunit
INFO: Connected to port: 47899
Oct 06, 2022 3:43:48 AM se.kth.debug.Debugger addClassPrepareEvent
INFO: org.apache.commons.math.stat.descriptive.moment.Variance added!
Oct 06, 2022 3:43:50 AM se.kth.debug.EventProcessor startEventProcessor
WARNING: com.sun.jdi.VMDisconnectedException
Oct 06, 2022 3:43:50 AM se.kth.debug.Collector write
INFO: Breakpoints serialised!
Oct 06, 2022 3:43:50 AM se.kth.debug.Collector write
INFO: Return values serialised!
Oct 06, 2022 3:43:50 AM se.kth.debug.Collector write
INFO: File output to: /home/khesoem/exec-diff/d3/output/sahab-reports/1d066b30a6d441b256cfa32034be73fbecb18b89/right.json
