HEAD is now at e5d67a81 bugs added
WARNING: An illegal reflective access operation has occurred
WARNING: Illegal reflective access by com.google.inject.internal.cglib.core.$ReflectUtils$1 (file:/usr/share/maven/lib/guice.jar) to method java.lang.ClassLoader.defineClass(java.lang.String,byte[],int,int,java.security.ProtectionDomain)
WARNING: Please consider reporting this to the maintainers of com.google.inject.internal.cglib.core.$ReflectUtils$1
WARNING: Use --illegal-access=warn to enable warnings of further illegal reflective access operations
WARNING: All illegal access operations will be denied in a future release
WARNING: An illegal reflective access operation has occurred
WARNING: Illegal reflective access by com.google.inject.internal.cglib.core.$ReflectUtils$1 (file:/usr/share/maven/lib/guice.jar) to method java.lang.ClassLoader.defineClass(java.lang.String,byte[],int,int,java.security.ProtectionDomain)
WARNING: Please consider reporting this to the maintainers of com.google.inject.internal.cglib.core.$ReflectUtils$1
WARNING: Use --illegal-access=warn to enable warnings of further illegal reflective access operations
WARNING: All illegal access operations will be denied in a future release
Previous HEAD position was e5d67a81 bugs added
HEAD is now at 17927430 patch applied
WARNING: An illegal reflective access operation has occurred
WARNING: Illegal reflective access by com.google.inject.internal.cglib.core.$ReflectUtils$1 (file:/usr/share/maven/lib/guice.jar) to method java.lang.ClassLoader.defineClass(java.lang.String,byte[],int,int,java.security.ProtectionDomain)
WARNING: Please consider reporting this to the maintainers of com.google.inject.internal.cglib.core.$ReflectUtils$1
WARNING: Use --illegal-access=warn to enable warnings of further illegal reflective access operations
WARNING: All illegal access operations will be denied in a future release
WARNING: An illegal reflective access operation has occurred
WARNING: Illegal reflective access by com.google.inject.internal.cglib.core.$ReflectUtils$1 (file:/usr/share/maven/lib/guice.jar) to method java.lang.ClassLoader.defineClass(java.lang.String,byte[],int,int,java.security.ProtectionDomain)
WARNING: Please consider reporting this to the maintainers of com.google.inject.internal.cglib.core.$ReflectUtils$1
WARNING: Use --illegal-access=warn to enable warnings of further illegal reflective access operations
WARNING: All illegal access operations will be denied in a future release
SLF4J: Failed to load class "org.slf4j.impl.StaticLoggerBinder".
SLF4J: Defaulting to no-operation (NOP) logger implementation
SLF4J: See http://www.slf4j.org/codes.html#StaticLoggerBinder for further details.
Oct 12, 2022 7:40:51 PM se.kth.debug.Debugger launchVMAndJunit
INFO: java -cp /home/khesoem/exec-diff/d3/collector-sahab/target/collector-sahab-0.0.1-SNAPSHOT-jar-with-dependencies.jar:/home/khesoem/exec-diff/d3/drr-execdiff/Math-84/sahab-left_179274304f3f45ec8e0fe048e4c88c54c8df8f49/classes:/home/khesoem/exec-diff/d3/drr-execdiff/Math-84/sahab-left_179274304f3f45ec8e0fe048e4c88c54c8df8f49/test-classes:/root/.m2/repository/junit/junit/4.4/junit-4.4.jar se.kth.debug.JUnitTestRunner org.apache.commons.math.optimization.direct.MultiDirectionalTest::testMinimizeMaximize
Oct 12, 2022 7:40:52 PM se.kth.debug.Debugger launchVMAndJunit
INFO: Connected to port: 60279
Oct 12, 2022 7:40:52 PM se.kth.debug.Debugger addClassPrepareEvent
INFO: org.apache.commons.math.optimization.direct.MultiDirectional added!
Oct 12, 2022 7:40:52 PM se.kth.debug.Debugger setBreakpoints
WARNING: 64 is not a valid breakpoint in org.apache.commons.math.optimization.direct.MultiDirectional
Oct 12, 2022 7:40:58 PM se.kth.debug.EventProcessor startEventProcessor
WARNING: com.sun.jdi.VMDisconnectedException
Oct 12, 2022 7:40:59 PM se.kth.debug.Collector write
INFO: Breakpoints serialised!
Oct 12, 2022 7:40:59 PM se.kth.debug.Collector write
INFO: Return values serialised!
Oct 12, 2022 7:40:59 PM se.kth.debug.Collector write
INFO: File output to: /home/khesoem/exec-diff/d3/output/sahab-reports/179274304f3f45ec8e0fe048e4c88c54c8df8f49/left.json
Oct 12, 2022 7:40:59 PM se.kth.debug.Debugger launchVMAndJunit
INFO: java -cp /home/khesoem/exec-diff/d3/collector-sahab/target/collector-sahab-0.0.1-SNAPSHOT-jar-with-dependencies.jar:/home/khesoem/exec-diff/d3/drr-execdiff/Math-84/sahab-right_179274304f3f45ec8e0fe048e4c88c54c8df8f49/classes:/home/khesoem/exec-diff/d3/drr-execdiff/Math-84/sahab-right_179274304f3f45ec8e0fe048e4c88c54c8df8f49/test-classes:/root/.m2/repository/junit/junit/4.4/junit-4.4.jar se.kth.debug.JUnitTestRunner org.apache.commons.math.optimization.direct.MultiDirectionalTest::testMinimizeMaximize
Oct 12, 2022 7:40:59 PM se.kth.debug.Debugger launchVMAndJunit
INFO: Connected to port: 49489
Oct 12, 2022 7:40:59 PM se.kth.debug.Debugger addClassPrepareEvent
INFO: org.apache.commons.math.optimization.direct.MultiDirectional added!
Oct 12, 2022 7:41:00 PM se.kth.debug.Debugger setBreakpoints
WARNING: 64 is not a valid breakpoint in org.apache.commons.math.optimization.direct.MultiDirectional
Oct 12, 2022 7:41:22 PM se.kth.debug.EventProcessor startEventProcessor
WARNING: com.sun.jdi.VMDisconnectedException
Oct 12, 2022 7:41:23 PM se.kth.debug.Collector write
INFO: Breakpoints serialised!
Oct 12, 2022 7:41:23 PM se.kth.debug.Collector write
INFO: Return values serialised!
Oct 12, 2022 7:41:23 PM se.kth.debug.Collector write
INFO: File output to: /home/khesoem/exec-diff/d3/output/sahab-reports/179274304f3f45ec8e0fe048e4c88c54c8df8f49/right.json
