HEAD is now at e5d67a81 bugs added
WARNING: An illegal reflective access operation has occurred
WARNING: Illegal reflective access by com.google.inject.internal.cglib.core.$ReflectUtils$1 (file:/usr/share/maven/lib/guice.jar) to method java.lang.ClassLoader.defineClass(java.lang.String,byte[],int,int,java.security.ProtectionDomain)
WARNING: Please consider reporting this to the maintainers of com.google.inject.internal.cglib.core.$ReflectUtils$1
WARNING: Use --illegal-access=warn to enable warnings of further illegal reflective access operations
WARNING: All illegal access operations will be denied in a future release
WARNING: An illegal reflective access operation has occurred
WARNING: Illegal reflective access by com.google.inject.internal.cglib.core.$ReflectUtils$1 (file:/usr/share/maven/lib/guice.jar) to method java.lang.ClassLoader.defineClass(java.lang.String,byte[],int,int,java.security.ProtectionDomain)
WARNING: Please consider reporting this to the maintainers of com.google.inject.internal.cglib.core.$ReflectUtils$1
WARNING: Use --illegal-access=warn to enable warnings of further illegal reflective access operations
WARNING: All illegal access operations will be denied in a future release
Previous HEAD position was e5d67a81 bugs added
HEAD is now at b618db5d patch applied
WARNING: An illegal reflective access operation has occurred
WARNING: Illegal reflective access by com.google.inject.internal.cglib.core.$ReflectUtils$1 (file:/usr/share/maven/lib/guice.jar) to method java.lang.ClassLoader.defineClass(java.lang.String,byte[],int,int,java.security.ProtectionDomain)
WARNING: Please consider reporting this to the maintainers of com.google.inject.internal.cglib.core.$ReflectUtils$1
WARNING: Use --illegal-access=warn to enable warnings of further illegal reflective access operations
WARNING: All illegal access operations will be denied in a future release
WARNING: An illegal reflective access operation has occurred
WARNING: Illegal reflective access by com.google.inject.internal.cglib.core.$ReflectUtils$1 (file:/usr/share/maven/lib/guice.jar) to method java.lang.ClassLoader.defineClass(java.lang.String,byte[],int,int,java.security.ProtectionDomain)
WARNING: Please consider reporting this to the maintainers of com.google.inject.internal.cglib.core.$ReflectUtils$1
WARNING: Use --illegal-access=warn to enable warnings of further illegal reflective access operations
WARNING: All illegal access operations will be denied in a future release
SLF4J: Failed to load class "org.slf4j.impl.StaticLoggerBinder".
SLF4J: Defaulting to no-operation (NOP) logger implementation
SLF4J: See http://www.slf4j.org/codes.html#StaticLoggerBinder for further details.
Oct 08, 2022 12:59:30 PM se.kth.debug.Debugger launchVMAndJunit
INFO: java -cp /home/khesoem/exec-diff/d3/collector-sahab/target/collector-sahab-0.0.1-SNAPSHOT-jar-with-dependencies.jar:/home/khesoem/exec-diff/d3/drr-execdiff/Math-5/sahab-left_b618db5d09d4e65c43ea60e0b7c6caff6d138bec/classes:/home/khesoem/exec-diff/d3/drr-execdiff/Math-5/sahab-left_b618db5d09d4e65c43ea60e0b7c6caff6d138bec/test-classes:/root/.m2/repository/junit/junit/4.10/junit-4.10.jar:/root/.m2/repository/org/hamcrest/hamcrest-core/1.1/hamcrest-core-1.1.jar se.kth.debug.JUnitTestRunner org.apache.commons.math3.complex.ComplexTest::testReciprocalZero
Oct 08, 2022 12:59:30 PM se.kth.debug.Debugger launchVMAndJunit
INFO: Connected to port: 35663
Oct 08, 2022 12:59:30 PM se.kth.debug.Debugger addClassPrepareEvent
INFO: org.apache.commons.math3.complex.Complex added!
Oct 08, 2022 12:59:31 PM se.kth.debug.EventProcessor startEventProcessor
WARNING: com.sun.jdi.VMDisconnectedException
Oct 08, 2022 12:59:32 PM se.kth.debug.Collector write
INFO: Breakpoints serialised!
Oct 08, 2022 12:59:32 PM se.kth.debug.Collector write
INFO: Return values serialised!
Oct 08, 2022 12:59:32 PM se.kth.debug.Collector write
INFO: File output to: /home/khesoem/exec-diff/d3/output/sahab-reports/b618db5d09d4e65c43ea60e0b7c6caff6d138bec/left.json
Oct 08, 2022 12:59:32 PM se.kth.debug.Debugger launchVMAndJunit
INFO: java -cp /home/khesoem/exec-diff/d3/collector-sahab/target/collector-sahab-0.0.1-SNAPSHOT-jar-with-dependencies.jar:/home/khesoem/exec-diff/d3/drr-execdiff/Math-5/sahab-right_b618db5d09d4e65c43ea60e0b7c6caff6d138bec/classes:/home/khesoem/exec-diff/d3/drr-execdiff/Math-5/sahab-right_b618db5d09d4e65c43ea60e0b7c6caff6d138bec/test-classes:/root/.m2/repository/junit/junit/4.10/junit-4.10.jar:/root/.m2/repository/org/hamcrest/hamcrest-core/1.1/hamcrest-core-1.1.jar se.kth.debug.JUnitTestRunner org.apache.commons.math3.complex.ComplexTest::testReciprocalZero
Oct 08, 2022 12:59:32 PM se.kth.debug.Debugger launchVMAndJunit
INFO: Connected to port: 52031
Oct 08, 2022 12:59:32 PM se.kth.debug.Debugger addClassPrepareEvent
INFO: org.apache.commons.math3.complex.Complex added!
Oct 08, 2022 12:59:33 PM se.kth.debug.EventProcessor startEventProcessor
WARNING: com.sun.jdi.VMDisconnectedException
Oct 08, 2022 12:59:34 PM se.kth.debug.Collector write
INFO: Breakpoints serialised!
Oct 08, 2022 12:59:34 PM se.kth.debug.Collector write
INFO: Return values serialised!
Oct 08, 2022 12:59:34 PM se.kth.debug.Collector write
INFO: File output to: /home/khesoem/exec-diff/d3/output/sahab-reports/b618db5d09d4e65c43ea60e0b7c6caff6d138bec/right.json
