HEAD is now at e5d67a81 bugs added
WARNING: An illegal reflective access operation has occurred
WARNING: Illegal reflective access by com.google.inject.internal.cglib.core.$ReflectUtils$1 (file:/usr/share/maven/lib/guice.jar) to method java.lang.ClassLoader.defineClass(java.lang.String,byte[],int,int,java.security.ProtectionDomain)
WARNING: Please consider reporting this to the maintainers of com.google.inject.internal.cglib.core.$ReflectUtils$1
WARNING: Use --illegal-access=warn to enable warnings of further illegal reflective access operations
WARNING: All illegal access operations will be denied in a future release
WARNING: An illegal reflective access operation has occurred
WARNING: Illegal reflective access by com.google.inject.internal.cglib.core.$ReflectUtils$1 (file:/usr/share/maven/lib/guice.jar) to method java.lang.ClassLoader.defineClass(java.lang.String,byte[],int,int,java.security.ProtectionDomain)
WARNING: Please consider reporting this to the maintainers of com.google.inject.internal.cglib.core.$ReflectUtils$1
WARNING: Use --illegal-access=warn to enable warnings of further illegal reflective access operations
WARNING: All illegal access operations will be denied in a future release
Previous HEAD position was e5d67a81 bugs added
HEAD is now at 7ef3b85f patch applied
WARNING: An illegal reflective access operation has occurred
WARNING: Illegal reflective access by com.google.inject.internal.cglib.core.$ReflectUtils$1 (file:/usr/share/maven/lib/guice.jar) to method java.lang.ClassLoader.defineClass(java.lang.String,byte[],int,int,java.security.ProtectionDomain)
WARNING: Please consider reporting this to the maintainers of com.google.inject.internal.cglib.core.$ReflectUtils$1
WARNING: Use --illegal-access=warn to enable warnings of further illegal reflective access operations
WARNING: All illegal access operations will be denied in a future release
WARNING: An illegal reflective access operation has occurred
WARNING: Illegal reflective access by com.google.inject.internal.cglib.core.$ReflectUtils$1 (file:/usr/share/maven/lib/guice.jar) to method java.lang.ClassLoader.defineClass(java.lang.String,byte[],int,int,java.security.ProtectionDomain)
WARNING: Please consider reporting this to the maintainers of com.google.inject.internal.cglib.core.$ReflectUtils$1
WARNING: Use --illegal-access=warn to enable warnings of further illegal reflective access operations
WARNING: All illegal access operations will be denied in a future release
SLF4J: Failed to load class "org.slf4j.impl.StaticLoggerBinder".
SLF4J: Defaulting to no-operation (NOP) logger implementation
SLF4J: See http://www.slf4j.org/codes.html#StaticLoggerBinder for further details.
Oct 14, 2022 7:14:42 AM se.kth.debug.Debugger launchVMAndJunit
INFO: java -cp /home/khesoem/exec-diff/d3/collector-sahab/target/collector-sahab-0.0.1-SNAPSHOT-jar-with-dependencies.jar:/home/khesoem/exec-diff/d3/drr-execdiff/Math-79/sahab-left_7ef3b85fa81b4bd7a0d376f219d0717a6f0afd53/classes:/home/khesoem/exec-diff/d3/drr-execdiff/Math-79/sahab-left_7ef3b85fa81b4bd7a0d376f219d0717a6f0afd53/test-classes:/root/.m2/repository/junit/junit/4.4/junit-4.4.jar se.kth.debug.JUnitTestRunner org.apache.commons.math.stat.clustering.KMeansPlusPlusClustererTest::testPerformClusterAnalysisDegenerate
Oct 14, 2022 7:14:43 AM se.kth.debug.Debugger launchVMAndJunit
INFO: Connected to port: 53127
Oct 14, 2022 7:14:43 AM se.kth.debug.Debugger addClassPrepareEvent
INFO: org.apache.commons.math.stat.clustering.KMeansPlusPlusClusterer added!
Oct 14, 2022 7:14:44 AM se.kth.debug.EventProcessor startEventProcessor
WARNING: com.sun.jdi.VMDisconnectedException
Oct 14, 2022 7:14:44 AM se.kth.debug.Collector write
INFO: Breakpoints serialised!
Oct 14, 2022 7:14:44 AM se.kth.debug.Collector write
INFO: Return values serialised!
Oct 14, 2022 7:14:44 AM se.kth.debug.Collector write
INFO: File output to: /home/khesoem/exec-diff/d3/output/sahab-reports/7ef3b85fa81b4bd7a0d376f219d0717a6f0afd53/left.json
Oct 14, 2022 7:14:44 AM se.kth.debug.Debugger launchVMAndJunit
INFO: java -cp /home/khesoem/exec-diff/d3/collector-sahab/target/collector-sahab-0.0.1-SNAPSHOT-jar-with-dependencies.jar:/home/khesoem/exec-diff/d3/drr-execdiff/Math-79/sahab-right_7ef3b85fa81b4bd7a0d376f219d0717a6f0afd53/classes:/home/khesoem/exec-diff/d3/drr-execdiff/Math-79/sahab-right_7ef3b85fa81b4bd7a0d376f219d0717a6f0afd53/test-classes:/root/.m2/repository/junit/junit/4.4/junit-4.4.jar se.kth.debug.JUnitTestRunner org.apache.commons.math.stat.clustering.KMeansPlusPlusClustererTest::testPerformClusterAnalysisDegenerate
Oct 14, 2022 7:14:44 AM se.kth.debug.Debugger launchVMAndJunit
INFO: Connected to port: 40891
Oct 14, 2022 7:14:44 AM se.kth.debug.Debugger addClassPrepareEvent
INFO: org.apache.commons.math.stat.clustering.KMeansPlusPlusClusterer added!
Oct 14, 2022 7:14:45 AM se.kth.debug.EventProcessor startEventProcessor
WARNING: com.sun.jdi.VMDisconnectedException
Oct 14, 2022 7:14:45 AM se.kth.debug.Collector write
INFO: Breakpoints serialised!
Oct 14, 2022 7:14:45 AM se.kth.debug.Collector write
INFO: Return values serialised!
Oct 14, 2022 7:14:45 AM se.kth.debug.Collector write
INFO: File output to: /home/khesoem/exec-diff/d3/output/sahab-reports/7ef3b85fa81b4bd7a0d376f219d0717a6f0afd53/right.json
