HEAD is now at e5d67a81 bugs added
WARNING: An illegal reflective access operation has occurred
WARNING: Illegal reflective access by com.google.inject.internal.cglib.core.$ReflectUtils$1 (file:/usr/share/maven/lib/guice.jar) to method java.lang.ClassLoader.defineClass(java.lang.String,byte[],int,int,java.security.ProtectionDomain)
WARNING: Please consider reporting this to the maintainers of com.google.inject.internal.cglib.core.$ReflectUtils$1
WARNING: Use --illegal-access=warn to enable warnings of further illegal reflective access operations
WARNING: All illegal access operations will be denied in a future release
WARNING: An illegal reflective access operation has occurred
WARNING: Illegal reflective access by com.google.inject.internal.cglib.core.$ReflectUtils$1 (file:/usr/share/maven/lib/guice.jar) to method java.lang.ClassLoader.defineClass(java.lang.String,byte[],int,int,java.security.ProtectionDomain)
WARNING: Please consider reporting this to the maintainers of com.google.inject.internal.cglib.core.$ReflectUtils$1
WARNING: Use --illegal-access=warn to enable warnings of further illegal reflective access operations
WARNING: All illegal access operations will be denied in a future release
Previous HEAD position was e5d67a81 bugs added
HEAD is now at 8a21d074 patch applied
WARNING: An illegal reflective access operation has occurred
WARNING: Illegal reflective access by com.google.inject.internal.cglib.core.$ReflectUtils$1 (file:/usr/share/maven/lib/guice.jar) to method java.lang.ClassLoader.defineClass(java.lang.String,byte[],int,int,java.security.ProtectionDomain)
WARNING: Please consider reporting this to the maintainers of com.google.inject.internal.cglib.core.$ReflectUtils$1
WARNING: Use --illegal-access=warn to enable warnings of further illegal reflective access operations
WARNING: All illegal access operations will be denied in a future release
WARNING: An illegal reflective access operation has occurred
WARNING: Illegal reflective access by com.google.inject.internal.cglib.core.$ReflectUtils$1 (file:/usr/share/maven/lib/guice.jar) to method java.lang.ClassLoader.defineClass(java.lang.String,byte[],int,int,java.security.ProtectionDomain)
WARNING: Please consider reporting this to the maintainers of com.google.inject.internal.cglib.core.$ReflectUtils$1
WARNING: Use --illegal-access=warn to enable warnings of further illegal reflective access operations
WARNING: All illegal access operations will be denied in a future release
SLF4J: Failed to load class "org.slf4j.impl.StaticLoggerBinder".
SLF4J: Defaulting to no-operation (NOP) logger implementation
SLF4J: See http://www.slf4j.org/codes.html#StaticLoggerBinder for further details.
Oct 14, 2022 2:04:38 AM se.kth.debug.Debugger launchVMAndJunit
INFO: java -cp /home/khesoem/exec-diff/d3/collector-sahab/target/collector-sahab-0.0.1-SNAPSHOT-jar-with-dependencies.jar:/home/khesoem/exec-diff/d3/drr-execdiff/Math-63/sahab-left_8a21d074d895d0c1f9f3f7a8d2d01483b35f3e72/classes:/home/khesoem/exec-diff/d3/drr-execdiff/Math-63/sahab-left_8a21d074d895d0c1f9f3f7a8d2d01483b35f3e72/test-classes:/root/.m2/repository/junit/junit/4.4/junit-4.4.jar se.kth.debug.JUnitTestRunner org.apache.commons.math.util.MathUtilsTest::testArrayEquals
Oct 14, 2022 2:04:39 AM se.kth.debug.Debugger launchVMAndJunit
INFO: Connected to port: 47981
Oct 14, 2022 2:04:39 AM se.kth.debug.Debugger addClassPrepareEvent
INFO: org.apache.commons.math.util.MathUtils added!
Oct 14, 2022 2:04:41 AM se.kth.debug.EventProcessor startEventProcessor
WARNING: com.sun.jdi.VMDisconnectedException
Oct 14, 2022 2:04:41 AM se.kth.debug.Collector write
INFO: Output file was not generated as breakpoints were not encountered.
Oct 14, 2022 2:04:41 AM se.kth.debug.Collector write
INFO: Return values serialised!
Oct 14, 2022 2:04:41 AM se.kth.debug.Collector write
INFO: File output to: /home/khesoem/exec-diff/d3/output/sahab-reports/8a21d074d895d0c1f9f3f7a8d2d01483b35f3e72/left.json
Oct 14, 2022 2:04:42 AM se.kth.debug.Debugger launchVMAndJunit
INFO: java -cp /home/khesoem/exec-diff/d3/collector-sahab/target/collector-sahab-0.0.1-SNAPSHOT-jar-with-dependencies.jar:/home/khesoem/exec-diff/d3/drr-execdiff/Math-63/sahab-right_8a21d074d895d0c1f9f3f7a8d2d01483b35f3e72/classes:/home/khesoem/exec-diff/d3/drr-execdiff/Math-63/sahab-right_8a21d074d895d0c1f9f3f7a8d2d01483b35f3e72/test-classes:/root/.m2/repository/junit/junit/4.4/junit-4.4.jar se.kth.debug.JUnitTestRunner org.apache.commons.math.util.MathUtilsTest::testArrayEquals
Oct 14, 2022 2:04:42 AM se.kth.debug.Debugger launchVMAndJunit
INFO: Connected to port: 53195
Oct 14, 2022 2:04:42 AM se.kth.debug.Debugger addClassPrepareEvent
INFO: org.apache.commons.math.util.MathUtils added!
Oct 14, 2022 2:04:45 AM se.kth.debug.EventProcessor startEventProcessor
WARNING: com.sun.jdi.VMDisconnectedException
Oct 14, 2022 2:04:45 AM se.kth.debug.Collector write
INFO: Output file was not generated as breakpoints were not encountered.
Oct 14, 2022 2:04:45 AM se.kth.debug.Collector write
INFO: Return values serialised!
Oct 14, 2022 2:04:45 AM se.kth.debug.Collector write
INFO: File output to: /home/khesoem/exec-diff/d3/output/sahab-reports/8a21d074d895d0c1f9f3f7a8d2d01483b35f3e72/right.json
