HEAD is now at e5d67a81 bugs added
WARNING: An illegal reflective access operation has occurred
WARNING: Illegal reflective access by com.google.inject.internal.cglib.core.$ReflectUtils$1 (file:/usr/share/maven/lib/guice.jar) to method java.lang.ClassLoader.defineClass(java.lang.String,byte[],int,int,java.security.ProtectionDomain)
WARNING: Please consider reporting this to the maintainers of com.google.inject.internal.cglib.core.$ReflectUtils$1
WARNING: Use --illegal-access=warn to enable warnings of further illegal reflective access operations
WARNING: All illegal access operations will be denied in a future release
WARNING: An illegal reflective access operation has occurred
WARNING: Illegal reflective access by com.google.inject.internal.cglib.core.$ReflectUtils$1 (file:/usr/share/maven/lib/guice.jar) to method java.lang.ClassLoader.defineClass(java.lang.String,byte[],int,int,java.security.ProtectionDomain)
WARNING: Please consider reporting this to the maintainers of com.google.inject.internal.cglib.core.$ReflectUtils$1
WARNING: Use --illegal-access=warn to enable warnings of further illegal reflective access operations
WARNING: All illegal access operations will be denied in a future release
Previous HEAD position was e5d67a81 bugs added
HEAD is now at d93d9093 patch applied
WARNING: An illegal reflective access operation has occurred
WARNING: Illegal reflective access by com.google.inject.internal.cglib.core.$ReflectUtils$1 (file:/usr/share/maven/lib/guice.jar) to method java.lang.ClassLoader.defineClass(java.lang.String,byte[],int,int,java.security.ProtectionDomain)
WARNING: Please consider reporting this to the maintainers of com.google.inject.internal.cglib.core.$ReflectUtils$1
WARNING: Use --illegal-access=warn to enable warnings of further illegal reflective access operations
WARNING: All illegal access operations will be denied in a future release
WARNING: An illegal reflective access operation has occurred
WARNING: Illegal reflective access by com.google.inject.internal.cglib.core.$ReflectUtils$1 (file:/usr/share/maven/lib/guice.jar) to method java.lang.ClassLoader.defineClass(java.lang.String,byte[],int,int,java.security.ProtectionDomain)
WARNING: Please consider reporting this to the maintainers of com.google.inject.internal.cglib.core.$ReflectUtils$1
WARNING: Use --illegal-access=warn to enable warnings of further illegal reflective access operations
WARNING: All illegal access operations will be denied in a future release
SLF4J: Failed to load class "org.slf4j.impl.StaticLoggerBinder".
SLF4J: Defaulting to no-operation (NOP) logger implementation
SLF4J: See http://www.slf4j.org/codes.html#StaticLoggerBinder for further details.
Oct 14, 2022 11:55:38 AM se.kth.debug.Debugger launchVMAndJunit
INFO: java -cp /home/khesoem/exec-diff/d3/collector-sahab/target/collector-sahab-0.0.1-SNAPSHOT-jar-with-dependencies.jar:/home/khesoem/exec-diff/d3/drr-execdiff/Math-85/sahab-left_d93d9093afd036b612c26a97eaf6c9cd9f69e260/classes:/home/khesoem/exec-diff/d3/drr-execdiff/Math-85/sahab-left_d93d9093afd036b612c26a97eaf6c9cd9f69e260/test-classes:/root/.m2/repository/junit/junit/4.4/junit-4.4.jar se.kth.debug.JUnitTestRunner org.apache.commons.math.distribution.NormalDistributionTest::testMath280
Oct 14, 2022 11:55:38 AM se.kth.debug.Debugger launchVMAndJunit
INFO: Connected to port: 55579
Oct 14, 2022 11:55:38 AM se.kth.debug.Debugger addClassPrepareEvent
INFO: org.apache.commons.math.analysis.solvers.UnivariateRealSolverUtils added!
Oct 14, 2022 11:55:39 AM se.kth.debug.Debugger setBreakpoints
WARNING: 184 is not a valid breakpoint in org.apache.commons.math.analysis.solvers.UnivariateRealSolverUtils
Oct 14, 2022 11:55:39 AM se.kth.debug.Debugger setBreakpoints
WARNING: 185 is not a valid breakpoint in org.apache.commons.math.analysis.solvers.UnivariateRealSolverUtils
Oct 14, 2022 11:55:39 AM se.kth.debug.Debugger setBreakpoints
WARNING: 188 is not a valid breakpoint in org.apache.commons.math.analysis.solvers.UnivariateRealSolverUtils
Oct 14, 2022 11:55:40 AM se.kth.debug.EventProcessor startEventProcessor
WARNING: com.sun.jdi.VMDisconnectedException
Oct 14, 2022 11:55:40 AM se.kth.debug.Collector write
INFO: Breakpoints serialised!
Oct 14, 2022 11:55:40 AM se.kth.debug.Collector write
INFO: No method exits were encountered.
Oct 14, 2022 11:55:40 AM se.kth.debug.Collector write
INFO: File output to: /home/khesoem/exec-diff/d3/output/sahab-reports/d93d9093afd036b612c26a97eaf6c9cd9f69e260/left.json
Oct 14, 2022 11:55:40 AM se.kth.debug.Debugger launchVMAndJunit
INFO: java -cp /home/khesoem/exec-diff/d3/collector-sahab/target/collector-sahab-0.0.1-SNAPSHOT-jar-with-dependencies.jar:/home/khesoem/exec-diff/d3/drr-execdiff/Math-85/sahab-right_d93d9093afd036b612c26a97eaf6c9cd9f69e260/classes:/home/khesoem/exec-diff/d3/drr-execdiff/Math-85/sahab-right_d93d9093afd036b612c26a97eaf6c9cd9f69e260/test-classes:/root/.m2/repository/junit/junit/4.4/junit-4.4.jar se.kth.debug.JUnitTestRunner org.apache.commons.math.distribution.NormalDistributionTest::testMath280
Oct 14, 2022 11:55:40 AM se.kth.debug.Debugger launchVMAndJunit
INFO: Connected to port: 58733
Oct 14, 2022 11:55:40 AM se.kth.debug.Debugger addClassPrepareEvent
INFO: org.apache.commons.math.analysis.solvers.UnivariateRealSolverUtils added!
Oct 14, 2022 11:55:41 AM se.kth.debug.Debugger setBreakpoints
WARNING: 184 is not a valid breakpoint in org.apache.commons.math.analysis.solvers.UnivariateRealSolverUtils
Oct 14, 2022 11:55:41 AM se.kth.debug.Debugger setBreakpoints
WARNING: 185 is not a valid breakpoint in org.apache.commons.math.analysis.solvers.UnivariateRealSolverUtils
Oct 14, 2022 11:55:41 AM se.kth.debug.Debugger setBreakpoints
WARNING: 188 is not a valid breakpoint in org.apache.commons.math.analysis.solvers.UnivariateRealSolverUtils
Oct 14, 2022 11:55:41 AM se.kth.debug.EventProcessor startEventProcessor
WARNING: com.sun.jdi.VMDisconnectedException
Oct 14, 2022 11:55:41 AM se.kth.debug.Collector write
INFO: Breakpoints serialised!
Oct 14, 2022 11:55:41 AM se.kth.debug.Collector write
INFO: Return values serialised!
Oct 14, 2022 11:55:41 AM se.kth.debug.Collector write
INFO: File output to: /home/khesoem/exec-diff/d3/output/sahab-reports/d93d9093afd036b612c26a97eaf6c9cd9f69e260/right.json
