HEAD is now at e5d67a81 bugs added
WARNING: An illegal reflective access operation has occurred
WARNING: Illegal reflective access by com.google.inject.internal.cglib.core.$ReflectUtils$1 (file:/usr/share/maven/lib/guice.jar) to method java.lang.ClassLoader.defineClass(java.lang.String,byte[],int,int,java.security.ProtectionDomain)
WARNING: Please consider reporting this to the maintainers of com.google.inject.internal.cglib.core.$ReflectUtils$1
WARNING: Use --illegal-access=warn to enable warnings of further illegal reflective access operations
WARNING: All illegal access operations will be denied in a future release
WARNING: An illegal reflective access operation has occurred
WARNING: Illegal reflective access by com.google.inject.internal.cglib.core.$ReflectUtils$1 (file:/usr/share/maven/lib/guice.jar) to method java.lang.ClassLoader.defineClass(java.lang.String,byte[],int,int,java.security.ProtectionDomain)
WARNING: Please consider reporting this to the maintainers of com.google.inject.internal.cglib.core.$ReflectUtils$1
WARNING: Use --illegal-access=warn to enable warnings of further illegal reflective access operations
WARNING: All illegal access operations will be denied in a future release
Previous HEAD position was e5d67a81 bugs added
HEAD is now at 9964f70c patch applied
WARNING: An illegal reflective access operation has occurred
WARNING: Illegal reflective access by com.google.inject.internal.cglib.core.$ReflectUtils$1 (file:/usr/share/maven/lib/guice.jar) to method java.lang.ClassLoader.defineClass(java.lang.String,byte[],int,int,java.security.ProtectionDomain)
WARNING: Please consider reporting this to the maintainers of com.google.inject.internal.cglib.core.$ReflectUtils$1
WARNING: Use --illegal-access=warn to enable warnings of further illegal reflective access operations
WARNING: All illegal access operations will be denied in a future release
WARNING: An illegal reflective access operation has occurred
WARNING: Illegal reflective access by com.google.inject.internal.cglib.core.$ReflectUtils$1 (file:/usr/share/maven/lib/guice.jar) to method java.lang.ClassLoader.defineClass(java.lang.String,byte[],int,int,java.security.ProtectionDomain)
WARNING: Please consider reporting this to the maintainers of com.google.inject.internal.cglib.core.$ReflectUtils$1
WARNING: Use --illegal-access=warn to enable warnings of further illegal reflective access operations
WARNING: All illegal access operations will be denied in a future release
SLF4J: Failed to load class "org.slf4j.impl.StaticLoggerBinder".
SLF4J: Defaulting to no-operation (NOP) logger implementation
SLF4J: See http://www.slf4j.org/codes.html#StaticLoggerBinder for further details.
Oct 09, 2022 10:34:41 PM se.kth.debug.Debugger launchVMAndJunit
INFO: java -cp /home/khesoem/exec-diff/d3/collector-sahab/target/collector-sahab-0.0.1-SNAPSHOT-jar-with-dependencies.jar:/home/khesoem/exec-diff/d3/drr-execdiff/Math-5/sahab-left_9964f70c9caf430b7a71b2362a6ccd9a3998e99b/classes:/home/khesoem/exec-diff/d3/drr-execdiff/Math-5/sahab-left_9964f70c9caf430b7a71b2362a6ccd9a3998e99b/test-classes:/root/.m2/repository/junit/junit/4.10/junit-4.10.jar:/root/.m2/repository/org/hamcrest/hamcrest-core/1.1/hamcrest-core-1.1.jar se.kth.debug.JUnitTestRunner org.apache.commons.math3.complex.ComplexTest::testReciprocalZero
Oct 09, 2022 10:34:41 PM se.kth.debug.Debugger launchVMAndJunit
INFO: Connected to port: 35573
Oct 09, 2022 10:34:41 PM se.kth.debug.Debugger addClassPrepareEvent
INFO: org.apache.commons.math3.complex.Complex added!
Oct 09, 2022 10:34:43 PM se.kth.debug.EventProcessor startEventProcessor
WARNING: com.sun.jdi.VMDisconnectedException
Oct 09, 2022 10:34:43 PM se.kth.debug.Collector write
INFO: Breakpoints serialised!
Oct 09, 2022 10:34:43 PM se.kth.debug.Collector write
INFO: Return values serialised!
Oct 09, 2022 10:34:43 PM se.kth.debug.Collector write
INFO: File output to: /home/khesoem/exec-diff/d3/output/sahab-reports/9964f70c9caf430b7a71b2362a6ccd9a3998e99b/left.json
Oct 09, 2022 10:34:44 PM se.kth.debug.Debugger launchVMAndJunit
INFO: java -cp /home/khesoem/exec-diff/d3/collector-sahab/target/collector-sahab-0.0.1-SNAPSHOT-jar-with-dependencies.jar:/home/khesoem/exec-diff/d3/drr-execdiff/Math-5/sahab-right_9964f70c9caf430b7a71b2362a6ccd9a3998e99b/classes:/home/khesoem/exec-diff/d3/drr-execdiff/Math-5/sahab-right_9964f70c9caf430b7a71b2362a6ccd9a3998e99b/test-classes:/root/.m2/repository/junit/junit/4.10/junit-4.10.jar:/root/.m2/repository/org/hamcrest/hamcrest-core/1.1/hamcrest-core-1.1.jar se.kth.debug.JUnitTestRunner org.apache.commons.math3.complex.ComplexTest::testReciprocalZero
Oct 09, 2022 10:34:44 PM se.kth.debug.Debugger launchVMAndJunit
INFO: Connected to port: 39139
Oct 09, 2022 10:34:44 PM se.kth.debug.Debugger addClassPrepareEvent
INFO: org.apache.commons.math3.complex.Complex added!
Oct 09, 2022 10:34:46 PM se.kth.debug.EventProcessor startEventProcessor
WARNING: com.sun.jdi.VMDisconnectedException
Oct 09, 2022 10:34:46 PM se.kth.debug.Collector write
INFO: Breakpoints serialised!
Oct 09, 2022 10:34:46 PM se.kth.debug.Collector write
INFO: Return values serialised!
Oct 09, 2022 10:34:46 PM se.kth.debug.Collector write
INFO: File output to: /home/khesoem/exec-diff/d3/output/sahab-reports/9964f70c9caf430b7a71b2362a6ccd9a3998e99b/right.json
