HEAD is now at e5d67a81 bugs added
WARNING: An illegal reflective access operation has occurred
WARNING: Illegal reflective access by com.google.inject.internal.cglib.core.$ReflectUtils$1 (file:/usr/share/maven/lib/guice.jar) to method java.lang.ClassLoader.defineClass(java.lang.String,byte[],int,int,java.security.ProtectionDomain)
WARNING: Please consider reporting this to the maintainers of com.google.inject.internal.cglib.core.$ReflectUtils$1
WARNING: Use --illegal-access=warn to enable warnings of further illegal reflective access operations
WARNING: All illegal access operations will be denied in a future release
WARNING: An illegal reflective access operation has occurred
WARNING: Illegal reflective access by com.google.inject.internal.cglib.core.$ReflectUtils$1 (file:/usr/share/maven/lib/guice.jar) to method java.lang.ClassLoader.defineClass(java.lang.String,byte[],int,int,java.security.ProtectionDomain)
WARNING: Please consider reporting this to the maintainers of com.google.inject.internal.cglib.core.$ReflectUtils$1
WARNING: Use --illegal-access=warn to enable warnings of further illegal reflective access operations
WARNING: All illegal access operations will be denied in a future release
Previous HEAD position was e5d67a81 bugs added
HEAD is now at 16d60ba6 patch applied
WARNING: An illegal reflective access operation has occurred
WARNING: Illegal reflective access by com.google.inject.internal.cglib.core.$ReflectUtils$1 (file:/usr/share/maven/lib/guice.jar) to method java.lang.ClassLoader.defineClass(java.lang.String,byte[],int,int,java.security.ProtectionDomain)
WARNING: Please consider reporting this to the maintainers of com.google.inject.internal.cglib.core.$ReflectUtils$1
WARNING: Use --illegal-access=warn to enable warnings of further illegal reflective access operations
WARNING: All illegal access operations will be denied in a future release
WARNING: An illegal reflective access operation has occurred
WARNING: Illegal reflective access by com.google.inject.internal.cglib.core.$ReflectUtils$1 (file:/usr/share/maven/lib/guice.jar) to method java.lang.ClassLoader.defineClass(java.lang.String,byte[],int,int,java.security.ProtectionDomain)
WARNING: Please consider reporting this to the maintainers of com.google.inject.internal.cglib.core.$ReflectUtils$1
WARNING: Use --illegal-access=warn to enable warnings of further illegal reflective access operations
WARNING: All illegal access operations will be denied in a future release
SLF4J: Failed to load class "org.slf4j.impl.StaticLoggerBinder".
SLF4J: Defaulting to no-operation (NOP) logger implementation
SLF4J: See http://www.slf4j.org/codes.html#StaticLoggerBinder for further details.
Oct 10, 2022 1:50:56 PM se.kth.debug.Debugger launchVMAndJunit
INFO: java -cp /home/khesoem/exec-diff/d3/collector-sahab/target/collector-sahab-0.0.1-SNAPSHOT-jar-with-dependencies.jar:/home/khesoem/exec-diff/d3/drr-execdiff/Math-20/sahab-left_16d60ba6fb4ba6d7edf5477c6c1dff16e80bdc1e/classes:/home/khesoem/exec-diff/d3/drr-execdiff/Math-20/sahab-left_16d60ba6fb4ba6d7edf5477c6c1dff16e80bdc1e/test-classes:/root/.m2/repository/junit/junit/4.10/junit-4.10.jar:/root/.m2/repository/org/hamcrest/hamcrest-core/1.1/hamcrest-core-1.1.jar se.kth.debug.JUnitTestRunner org.apache.commons.math3.optimization.direct.CMAESOptimizerTest::testMath864
Oct 10, 2022 1:50:56 PM se.kth.debug.Debugger launchVMAndJunit
INFO: Connected to port: 37431
Oct 10, 2022 1:50:56 PM se.kth.debug.Debugger addClassPrepareEvent
INFO: org.apache.commons.math3.optimization.direct.CMAESOptimizer$FitnessFunction added!
Oct 10, 2022 1:50:57 PM se.kth.debug.EventProcessor startEventProcessor
WARNING: com.sun.jdi.VMDisconnectedException
Oct 10, 2022 1:50:57 PM se.kth.debug.Collector write
INFO: Breakpoints serialised!
Oct 10, 2022 1:50:57 PM se.kth.debug.Collector write
INFO: Return values serialised!
Oct 10, 2022 1:50:57 PM se.kth.debug.Collector write
INFO: File output to: /home/khesoem/exec-diff/d3/output/sahab-reports/16d60ba6fb4ba6d7edf5477c6c1dff16e80bdc1e/left.json
Oct 10, 2022 1:50:58 PM se.kth.debug.Debugger launchVMAndJunit
INFO: java -cp /home/khesoem/exec-diff/d3/collector-sahab/target/collector-sahab-0.0.1-SNAPSHOT-jar-with-dependencies.jar:/home/khesoem/exec-diff/d3/drr-execdiff/Math-20/sahab-right_16d60ba6fb4ba6d7edf5477c6c1dff16e80bdc1e/classes:/home/khesoem/exec-diff/d3/drr-execdiff/Math-20/sahab-right_16d60ba6fb4ba6d7edf5477c6c1dff16e80bdc1e/test-classes:/root/.m2/repository/junit/junit/4.10/junit-4.10.jar:/root/.m2/repository/org/hamcrest/hamcrest-core/1.1/hamcrest-core-1.1.jar se.kth.debug.JUnitTestRunner org.apache.commons.math3.optimization.direct.CMAESOptimizerTest::testMath864
Oct 10, 2022 1:50:58 PM se.kth.debug.Debugger launchVMAndJunit
INFO: Connected to port: 43605
Oct 10, 2022 1:50:58 PM se.kth.debug.Debugger addClassPrepareEvent
INFO: org.apache.commons.math3.optimization.direct.CMAESOptimizer$FitnessFunction added!
Oct 10, 2022 1:50:58 PM se.kth.debug.Debugger setBreakpoints
WARNING: 913 is not a valid breakpoint in org.apache.commons.math3.optimization.direct.CMAESOptimizer$FitnessFunction
Oct 10, 2022 1:50:58 PM se.kth.debug.Debugger setBreakpoints
WARNING: 908 is not a valid breakpoint in org.apache.commons.math3.optimization.direct.CMAESOptimizer$FitnessFunction
Oct 10, 2022 1:50:58 PM se.kth.debug.Debugger setBreakpoints
WARNING: 909 is not a valid breakpoint in org.apache.commons.math3.optimization.direct.CMAESOptimizer$FitnessFunction
Oct 10, 2022 1:50:58 PM se.kth.debug.Debugger setBreakpoints
WARNING: 910 is not a valid breakpoint in org.apache.commons.math3.optimization.direct.CMAESOptimizer$FitnessFunction
Oct 10, 2022 1:50:58 PM se.kth.debug.Debugger setBreakpoints
WARNING: 911 is not a valid breakpoint in org.apache.commons.math3.optimization.direct.CMAESOptimizer$FitnessFunction
Oct 10, 2022 1:50:59 PM se.kth.debug.EventProcessor startEventProcessor
WARNING: com.sun.jdi.VMDisconnectedException
Oct 10, 2022 1:50:59 PM se.kth.debug.Collector write
INFO: Breakpoints serialised!
Oct 10, 2022 1:50:59 PM se.kth.debug.Collector write
INFO: Return values serialised!
Oct 10, 2022 1:50:59 PM se.kth.debug.Collector write
INFO: File output to: /home/khesoem/exec-diff/d3/output/sahab-reports/16d60ba6fb4ba6d7edf5477c6c1dff16e80bdc1e/right.json
