HEAD is now at e5d67a81 bugs added
WARNING: An illegal reflective access operation has occurred
WARNING: Illegal reflective access by com.google.inject.internal.cglib.core.$ReflectUtils$1 (file:/usr/share/maven/lib/guice.jar) to method java.lang.ClassLoader.defineClass(java.lang.String,byte[],int,int,java.security.ProtectionDomain)
WARNING: Please consider reporting this to the maintainers of com.google.inject.internal.cglib.core.$ReflectUtils$1
WARNING: Use --illegal-access=warn to enable warnings of further illegal reflective access operations
WARNING: All illegal access operations will be denied in a future release
WARNING: An illegal reflective access operation has occurred
WARNING: Illegal reflective access by com.google.inject.internal.cglib.core.$ReflectUtils$1 (file:/usr/share/maven/lib/guice.jar) to method java.lang.ClassLoader.defineClass(java.lang.String,byte[],int,int,java.security.ProtectionDomain)
WARNING: Please consider reporting this to the maintainers of com.google.inject.internal.cglib.core.$ReflectUtils$1
WARNING: Use --illegal-access=warn to enable warnings of further illegal reflective access operations
WARNING: All illegal access operations will be denied in a future release
Previous HEAD position was e5d67a81 bugs added
HEAD is now at 8b033f93 patch applied
WARNING: An illegal reflective access operation has occurred
WARNING: Illegal reflective access by com.google.inject.internal.cglib.core.$ReflectUtils$1 (file:/usr/share/maven/lib/guice.jar) to method java.lang.ClassLoader.defineClass(java.lang.String,byte[],int,int,java.security.ProtectionDomain)
WARNING: Please consider reporting this to the maintainers of com.google.inject.internal.cglib.core.$ReflectUtils$1
WARNING: Use --illegal-access=warn to enable warnings of further illegal reflective access operations
WARNING: All illegal access operations will be denied in a future release
WARNING: An illegal reflective access operation has occurred
WARNING: Illegal reflective access by com.google.inject.internal.cglib.core.$ReflectUtils$1 (file:/usr/share/maven/lib/guice.jar) to method java.lang.ClassLoader.defineClass(java.lang.String,byte[],int,int,java.security.ProtectionDomain)
WARNING: Please consider reporting this to the maintainers of com.google.inject.internal.cglib.core.$ReflectUtils$1
WARNING: Use --illegal-access=warn to enable warnings of further illegal reflective access operations
WARNING: All illegal access operations will be denied in a future release
SLF4J: Failed to load class "org.slf4j.impl.StaticLoggerBinder".
SLF4J: Defaulting to no-operation (NOP) logger implementation
SLF4J: See http://www.slf4j.org/codes.html#StaticLoggerBinder for further details.
Oct 14, 2022 6:19:32 AM se.kth.debug.Debugger launchVMAndJunit
INFO: java -cp /home/khesoem/exec-diff/d3/collector-sahab/target/collector-sahab-0.0.1-SNAPSHOT-jar-with-dependencies.jar:/home/khesoem/exec-diff/d3/drr-execdiff/Math-78/sahab-left_8b033f93442e6730db11ae26fdde66ddc69012d1/classes:/home/khesoem/exec-diff/d3/drr-execdiff/Math-78/sahab-left_8b033f93442e6730db11ae26fdde66ddc69012d1/test-classes:/root/.m2/repository/junit/junit/4.4/junit-4.4.jar se.kth.debug.JUnitTestRunner org.apache.commons.math.ode.events.EventStateTest::closeEvents
Oct 14, 2022 6:19:32 AM se.kth.debug.Debugger launchVMAndJunit
INFO: Connected to port: 49661
Oct 14, 2022 6:19:32 AM se.kth.debug.Debugger addClassPrepareEvent
INFO: org.apache.commons.math.ode.events.EventState added!
Oct 14, 2022 6:19:33 AM se.kth.debug.Debugger setBreakpoints
WARNING: 205 is not a valid breakpoint in org.apache.commons.math.ode.events.EventState
Oct 14, 2022 6:19:33 AM se.kth.debug.Debugger setBreakpoints
WARNING: 206 is not a valid breakpoint in org.apache.commons.math.ode.events.EventState
Oct 14, 2022 6:19:33 AM se.kth.debug.Debugger setBreakpoints
WARNING: 207 is not a valid breakpoint in org.apache.commons.math.ode.events.EventState
Oct 14, 2022 6:19:33 AM se.kth.debug.Debugger setBreakpoints
WARNING: 209 is not a valid breakpoint in org.apache.commons.math.ode.events.EventState
Oct 14, 2022 6:19:33 AM se.kth.debug.Debugger setBreakpoints
WARNING: 211 is not a valid breakpoint in org.apache.commons.math.ode.events.EventState
Oct 14, 2022 6:19:33 AM se.kth.debug.Debugger setBreakpoints
WARNING: 170 is not a valid breakpoint in org.apache.commons.math.ode.events.EventState
Oct 14, 2022 6:19:34 AM se.kth.debug.EventProcessor startEventProcessor
WARNING: com.sun.jdi.VMDisconnectedException
Oct 14, 2022 6:19:34 AM se.kth.debug.Collector write
INFO: Breakpoints serialised!
Oct 14, 2022 6:19:34 AM se.kth.debug.Collector write
INFO: Return values serialised!
Oct 14, 2022 6:19:34 AM se.kth.debug.Collector write
INFO: File output to: /home/khesoem/exec-diff/d3/output/sahab-reports/8b033f93442e6730db11ae26fdde66ddc69012d1/left.json
Oct 14, 2022 6:19:35 AM se.kth.debug.Debugger launchVMAndJunit
INFO: java -cp /home/khesoem/exec-diff/d3/collector-sahab/target/collector-sahab-0.0.1-SNAPSHOT-jar-with-dependencies.jar:/home/khesoem/exec-diff/d3/drr-execdiff/Math-78/sahab-right_8b033f93442e6730db11ae26fdde66ddc69012d1/classes:/home/khesoem/exec-diff/d3/drr-execdiff/Math-78/sahab-right_8b033f93442e6730db11ae26fdde66ddc69012d1/test-classes:/root/.m2/repository/junit/junit/4.4/junit-4.4.jar se.kth.debug.JUnitTestRunner org.apache.commons.math.ode.events.EventStateTest::closeEvents
Oct 14, 2022 6:19:36 AM se.kth.debug.Debugger launchVMAndJunit
INFO: Connected to port: 59821
Oct 14, 2022 6:19:36 AM se.kth.debug.Debugger addClassPrepareEvent
INFO: org.apache.commons.math.ode.events.EventState added!
Oct 14, 2022 6:19:37 AM se.kth.debug.Debugger setBreakpoints
WARNING: 205 is not a valid breakpoint in org.apache.commons.math.ode.events.EventState
Oct 14, 2022 6:19:37 AM se.kth.debug.Debugger setBreakpoints
WARNING: 206 is not a valid breakpoint in org.apache.commons.math.ode.events.EventState
Oct 14, 2022 6:19:37 AM se.kth.debug.Debugger setBreakpoints
WARNING: 207 is not a valid breakpoint in org.apache.commons.math.ode.events.EventState
Oct 14, 2022 6:19:37 AM se.kth.debug.Debugger setBreakpoints
WARNING: 209 is not a valid breakpoint in org.apache.commons.math.ode.events.EventState
Oct 14, 2022 6:19:37 AM se.kth.debug.Debugger setBreakpoints
WARNING: 211 is not a valid breakpoint in org.apache.commons.math.ode.events.EventState
Oct 14, 2022 6:19:37 AM se.kth.debug.Debugger setBreakpoints
WARNING: 170 is not a valid breakpoint in org.apache.commons.math.ode.events.EventState
Oct 14, 2022 6:19:38 AM se.kth.debug.EventProcessor startEventProcessor
WARNING: com.sun.jdi.VMDisconnectedException
Oct 14, 2022 6:19:38 AM se.kth.debug.Collector write
INFO: Breakpoints serialised!
Oct 14, 2022 6:19:38 AM se.kth.debug.Collector write
INFO: Return values serialised!
Oct 14, 2022 6:19:38 AM se.kth.debug.Collector write
INFO: File output to: /home/khesoem/exec-diff/d3/output/sahab-reports/8b033f93442e6730db11ae26fdde66ddc69012d1/right.json
