HEAD is now at e5d67a81 bugs added
WARNING: An illegal reflective access operation has occurred
WARNING: Illegal reflective access by com.google.inject.internal.cglib.core.$ReflectUtils$1 (file:/usr/share/maven/lib/guice.jar) to method java.lang.ClassLoader.defineClass(java.lang.String,byte[],int,int,java.security.ProtectionDomain)
WARNING: Please consider reporting this to the maintainers of com.google.inject.internal.cglib.core.$ReflectUtils$1
WARNING: Use --illegal-access=warn to enable warnings of further illegal reflective access operations
WARNING: All illegal access operations will be denied in a future release
WARNING: An illegal reflective access operation has occurred
WARNING: Illegal reflective access by com.google.inject.internal.cglib.core.$ReflectUtils$1 (file:/usr/share/maven/lib/guice.jar) to method java.lang.ClassLoader.defineClass(java.lang.String,byte[],int,int,java.security.ProtectionDomain)
WARNING: Please consider reporting this to the maintainers of com.google.inject.internal.cglib.core.$ReflectUtils$1
WARNING: Use --illegal-access=warn to enable warnings of further illegal reflective access operations
WARNING: All illegal access operations will be denied in a future release
Previous HEAD position was e5d67a81 bugs added
HEAD is now at a679e27a patch applied
WARNING: An illegal reflective access operation has occurred
WARNING: Illegal reflective access by com.google.inject.internal.cglib.core.$ReflectUtils$1 (file:/usr/share/maven/lib/guice.jar) to method java.lang.ClassLoader.defineClass(java.lang.String,byte[],int,int,java.security.ProtectionDomain)
WARNING: Please consider reporting this to the maintainers of com.google.inject.internal.cglib.core.$ReflectUtils$1
WARNING: Use --illegal-access=warn to enable warnings of further illegal reflective access operations
WARNING: All illegal access operations will be denied in a future release
WARNING: An illegal reflective access operation has occurred
WARNING: Illegal reflective access by com.google.inject.internal.cglib.core.$ReflectUtils$1 (file:/usr/share/maven/lib/guice.jar) to method java.lang.ClassLoader.defineClass(java.lang.String,byte[],int,int,java.security.ProtectionDomain)
WARNING: Please consider reporting this to the maintainers of com.google.inject.internal.cglib.core.$ReflectUtils$1
WARNING: Use --illegal-access=warn to enable warnings of further illegal reflective access operations
WARNING: All illegal access operations will be denied in a future release
SLF4J: Failed to load class "org.slf4j.impl.StaticLoggerBinder".
SLF4J: Defaulting to no-operation (NOP) logger implementation
SLF4J: See http://www.slf4j.org/codes.html#StaticLoggerBinder for further details.
Oct 08, 2022 5:04:16 PM se.kth.debug.Debugger launchVMAndJunit
INFO: java -cp /home/khesoem/exec-diff/d3/collector-sahab/target/collector-sahab-0.0.1-SNAPSHOT-jar-with-dependencies.jar:/home/khesoem/exec-diff/d3/drr-execdiff/Math-71/sahab-left_a679e27a12f474ca61d27adb261f16cf31d75fc9/classes:/home/khesoem/exec-diff/d3/drr-execdiff/Math-71/sahab-left_a679e27a12f474ca61d27adb261f16cf31d75fc9/test-classes:/root/.m2/repository/junit/junit/4.4/junit-4.4.jar se.kth.debug.JUnitTestRunner org.apache.commons.math.ode.nonstiff.ClassicalRungeKuttaIntegratorTest::testMissedEndEvent
Oct 08, 2022 5:04:16 PM se.kth.debug.Debugger launchVMAndJunit
INFO: Connected to port: 40971
Oct 08, 2022 5:04:16 PM se.kth.debug.Debugger addClassPrepareEvent
INFO: org.apache.commons.math.ode.events.CombinedEventsManager added!
Oct 08, 2022 5:04:16 PM se.kth.debug.Debugger setBreakpoints
WARNING: 125 is not a valid breakpoint in org.apache.commons.math.ode.events.CombinedEventsManager
Oct 08, 2022 5:04:17 PM se.kth.debug.EventProcessor startEventProcessor
WARNING: com.sun.jdi.VMDisconnectedException
Oct 08, 2022 5:04:17 PM se.kth.debug.Collector write
INFO: Breakpoints serialised!
Oct 08, 2022 5:04:17 PM se.kth.debug.Collector write
INFO: Return values serialised!
Oct 08, 2022 5:04:17 PM se.kth.debug.Collector write
INFO: File output to: /home/khesoem/exec-diff/d3/output/sahab-reports/a679e27a12f474ca61d27adb261f16cf31d75fc9/left.json
Oct 08, 2022 5:04:18 PM se.kth.debug.Debugger launchVMAndJunit
INFO: java -cp /home/khesoem/exec-diff/d3/collector-sahab/target/collector-sahab-0.0.1-SNAPSHOT-jar-with-dependencies.jar:/home/khesoem/exec-diff/d3/drr-execdiff/Math-71/sahab-right_a679e27a12f474ca61d27adb261f16cf31d75fc9/classes:/home/khesoem/exec-diff/d3/drr-execdiff/Math-71/sahab-right_a679e27a12f474ca61d27adb261f16cf31d75fc9/test-classes:/root/.m2/repository/junit/junit/4.4/junit-4.4.jar se.kth.debug.JUnitTestRunner org.apache.commons.math.ode.nonstiff.ClassicalRungeKuttaIntegratorTest::testMissedEndEvent
Oct 08, 2022 5:04:18 PM se.kth.debug.Debugger launchVMAndJunit
INFO: Connected to port: 57049
Oct 08, 2022 5:04:18 PM se.kth.debug.Debugger addClassPrepareEvent
INFO: org.apache.commons.math.ode.events.CombinedEventsManager added!
Oct 08, 2022 5:04:18 PM se.kth.debug.Debugger setBreakpoints
WARNING: 125 is not a valid breakpoint in org.apache.commons.math.ode.events.CombinedEventsManager
Oct 08, 2022 5:04:19 PM se.kth.debug.EventProcessor startEventProcessor
WARNING: com.sun.jdi.VMDisconnectedException
Oct 08, 2022 5:04:19 PM se.kth.debug.Collector write
INFO: Breakpoints serialised!
Oct 08, 2022 5:04:19 PM se.kth.debug.Collector write
INFO: Return values serialised!
Oct 08, 2022 5:04:19 PM se.kth.debug.Collector write
INFO: File output to: /home/khesoem/exec-diff/d3/output/sahab-reports/a679e27a12f474ca61d27adb261f16cf31d75fc9/right.json
