HEAD is now at e5d67a81 bugs added
WARNING: An illegal reflective access operation has occurred
WARNING: Illegal reflective access by com.google.inject.internal.cglib.core.$ReflectUtils$1 (file:/usr/share/maven/lib/guice.jar) to method java.lang.ClassLoader.defineClass(java.lang.String,byte[],int,int,java.security.ProtectionDomain)
WARNING: Please consider reporting this to the maintainers of com.google.inject.internal.cglib.core.$ReflectUtils$1
WARNING: Use --illegal-access=warn to enable warnings of further illegal reflective access operations
WARNING: All illegal access operations will be denied in a future release
WARNING: An illegal reflective access operation has occurred
WARNING: Illegal reflective access by com.google.inject.internal.cglib.core.$ReflectUtils$1 (file:/usr/share/maven/lib/guice.jar) to method java.lang.ClassLoader.defineClass(java.lang.String,byte[],int,int,java.security.ProtectionDomain)
WARNING: Please consider reporting this to the maintainers of com.google.inject.internal.cglib.core.$ReflectUtils$1
WARNING: Use --illegal-access=warn to enable warnings of further illegal reflective access operations
WARNING: All illegal access operations will be denied in a future release
Previous HEAD position was e5d67a81 bugs added
HEAD is now at 848378a0 patch applied
WARNING: An illegal reflective access operation has occurred
WARNING: Illegal reflective access by com.google.inject.internal.cglib.core.$ReflectUtils$1 (file:/usr/share/maven/lib/guice.jar) to method java.lang.ClassLoader.defineClass(java.lang.String,byte[],int,int,java.security.ProtectionDomain)
WARNING: Please consider reporting this to the maintainers of com.google.inject.internal.cglib.core.$ReflectUtils$1
WARNING: Use --illegal-access=warn to enable warnings of further illegal reflective access operations
WARNING: All illegal access operations will be denied in a future release
WARNING: An illegal reflective access operation has occurred
WARNING: Illegal reflective access by com.google.inject.internal.cglib.core.$ReflectUtils$1 (file:/usr/share/maven/lib/guice.jar) to method java.lang.ClassLoader.defineClass(java.lang.String,byte[],int,int,java.security.ProtectionDomain)
WARNING: Please consider reporting this to the maintainers of com.google.inject.internal.cglib.core.$ReflectUtils$1
WARNING: Use --illegal-access=warn to enable warnings of further illegal reflective access operations
WARNING: All illegal access operations will be denied in a future release
SLF4J: Failed to load class "org.slf4j.impl.StaticLoggerBinder".
SLF4J: Defaulting to no-operation (NOP) logger implementation
SLF4J: See http://www.slf4j.org/codes.html#StaticLoggerBinder for further details.
Oct 11, 2022 2:32:37 PM se.kth.debug.Debugger launchVMAndJunit
INFO: java -cp /home/khesoem/exec-diff/d3/collector-sahab/target/collector-sahab-0.0.1-SNAPSHOT-jar-with-dependencies.jar:/home/khesoem/exec-diff/d3/drr-execdiff/Math-95/sahab-left_848378a04704484c1b81a77d5a03d1c24171055c/classes:/home/khesoem/exec-diff/d3/drr-execdiff/Math-95/sahab-left_848378a04704484c1b81a77d5a03d1c24171055c/test-classes:/root/.m2/repository/junit/junit/4.4/junit-4.4.jar se.kth.debug.JUnitTestRunner org.apache.commons.math.distribution.FDistributionTest::testSmallDegreesOfFreedom
Oct 11, 2022 2:32:37 PM se.kth.debug.Debugger launchVMAndJunit
INFO: Connected to port: 56643
Oct 11, 2022 2:32:37 PM se.kth.debug.Debugger addClassPrepareEvent
INFO: org.apache.commons.math.distribution.FDistributionImpl added!
Oct 11, 2022 2:32:37 PM se.kth.debug.Debugger setBreakpoints
WARNING: 144 is not a valid breakpoint in org.apache.commons.math.distribution.FDistributionImpl
Oct 11, 2022 2:32:38 PM se.kth.debug.EventProcessor startEventProcessor
WARNING: com.sun.jdi.VMDisconnectedException
Oct 11, 2022 2:32:38 PM se.kth.debug.Collector write
INFO: Breakpoints serialised!
Oct 11, 2022 2:32:38 PM se.kth.debug.Collector write
INFO: Return values serialised!
Oct 11, 2022 2:32:38 PM se.kth.debug.Collector write
INFO: File output to: /home/khesoem/exec-diff/d3/output/sahab-reports/848378a04704484c1b81a77d5a03d1c24171055c/left.json
Oct 11, 2022 2:32:38 PM se.kth.debug.Debugger launchVMAndJunit
INFO: java -cp /home/khesoem/exec-diff/d3/collector-sahab/target/collector-sahab-0.0.1-SNAPSHOT-jar-with-dependencies.jar:/home/khesoem/exec-diff/d3/drr-execdiff/Math-95/sahab-right_848378a04704484c1b81a77d5a03d1c24171055c/classes:/home/khesoem/exec-diff/d3/drr-execdiff/Math-95/sahab-right_848378a04704484c1b81a77d5a03d1c24171055c/test-classes:/root/.m2/repository/junit/junit/4.4/junit-4.4.jar se.kth.debug.JUnitTestRunner org.apache.commons.math.distribution.FDistributionTest::testSmallDegreesOfFreedom
Oct 11, 2022 2:32:38 PM se.kth.debug.Debugger launchVMAndJunit
INFO: Connected to port: 44735
Oct 11, 2022 2:32:38 PM se.kth.debug.Debugger addClassPrepareEvent
INFO: org.apache.commons.math.distribution.FDistributionImpl added!
Oct 11, 2022 2:32:39 PM se.kth.debug.Debugger setBreakpoints
WARNING: 144 is not a valid breakpoint in org.apache.commons.math.distribution.FDistributionImpl
Oct 11, 2022 2:32:39 PM se.kth.debug.EventProcessor startEventProcessor
WARNING: com.sun.jdi.VMDisconnectedException
Oct 11, 2022 2:32:39 PM se.kth.debug.Collector write
INFO: Breakpoints serialised!
Oct 11, 2022 2:32:39 PM se.kth.debug.Collector write
INFO: Return values serialised!
Oct 11, 2022 2:32:39 PM se.kth.debug.Collector write
INFO: File output to: /home/khesoem/exec-diff/d3/output/sahab-reports/848378a04704484c1b81a77d5a03d1c24171055c/right.json
