HEAD is now at e5d67a81 bugs added
WARNING: An illegal reflective access operation has occurred
WARNING: Illegal reflective access by com.google.inject.internal.cglib.core.$ReflectUtils$1 (file:/usr/share/maven/lib/guice.jar) to method java.lang.ClassLoader.defineClass(java.lang.String,byte[],int,int,java.security.ProtectionDomain)
WARNING: Please consider reporting this to the maintainers of com.google.inject.internal.cglib.core.$ReflectUtils$1
WARNING: Use --illegal-access=warn to enable warnings of further illegal reflective access operations
WARNING: All illegal access operations will be denied in a future release
WARNING: An illegal reflective access operation has occurred
WARNING: Illegal reflective access by com.google.inject.internal.cglib.core.$ReflectUtils$1 (file:/usr/share/maven/lib/guice.jar) to method java.lang.ClassLoader.defineClass(java.lang.String,byte[],int,int,java.security.ProtectionDomain)
WARNING: Please consider reporting this to the maintainers of com.google.inject.internal.cglib.core.$ReflectUtils$1
WARNING: Use --illegal-access=warn to enable warnings of further illegal reflective access operations
WARNING: All illegal access operations will be denied in a future release
Previous HEAD position was e5d67a81 bugs added
HEAD is now at 650f7262 patch applied
WARNING: An illegal reflective access operation has occurred
WARNING: Illegal reflective access by com.google.inject.internal.cglib.core.$ReflectUtils$1 (file:/usr/share/maven/lib/guice.jar) to method java.lang.ClassLoader.defineClass(java.lang.String,byte[],int,int,java.security.ProtectionDomain)
WARNING: Please consider reporting this to the maintainers of com.google.inject.internal.cglib.core.$ReflectUtils$1
WARNING: Use --illegal-access=warn to enable warnings of further illegal reflective access operations
WARNING: All illegal access operations will be denied in a future release
WARNING: An illegal reflective access operation has occurred
WARNING: Illegal reflective access by com.google.inject.internal.cglib.core.$ReflectUtils$1 (file:/usr/share/maven/lib/guice.jar) to method java.lang.ClassLoader.defineClass(java.lang.String,byte[],int,int,java.security.ProtectionDomain)
WARNING: Please consider reporting this to the maintainers of com.google.inject.internal.cglib.core.$ReflectUtils$1
WARNING: Use --illegal-access=warn to enable warnings of further illegal reflective access operations
WARNING: All illegal access operations will be denied in a future release
SLF4J: Failed to load class "org.slf4j.impl.StaticLoggerBinder".
SLF4J: Defaulting to no-operation (NOP) logger implementation
SLF4J: See http://www.slf4j.org/codes.html#StaticLoggerBinder for further details.
Oct 11, 2022 7:59:43 PM se.kth.debug.Debugger launchVMAndJunit
INFO: java -cp /home/khesoem/exec-diff/d3/collector-sahab/target/collector-sahab-0.0.1-SNAPSHOT-jar-with-dependencies.jar:/home/khesoem/exec-diff/d3/drr-execdiff/Math-2/sahab-left_650f72623c02da89df5fa255cf2cb4d34a7de4f5/classes:/home/khesoem/exec-diff/d3/drr-execdiff/Math-2/sahab-left_650f72623c02da89df5fa255cf2cb4d34a7de4f5/test-classes:/root/.m2/repository/junit/junit/4.10/junit-4.10.jar:/root/.m2/repository/org/hamcrest/hamcrest-core/1.1/hamcrest-core-1.1.jar se.kth.debug.JUnitTestRunner org.apache.commons.math3.distribution.HypergeometricDistributionTest::testMath1021
Oct 11, 2022 7:59:43 PM se.kth.debug.Debugger launchVMAndJunit
INFO: Connected to port: 49503
Oct 11, 2022 7:59:43 PM se.kth.debug.Debugger addClassPrepareEvent
INFO: org.apache.commons.math3.distribution.AbstractIntegerDistribution added!
Oct 11, 2022 7:59:44 PM se.kth.debug.EventProcessor startEventProcessor
WARNING: com.sun.jdi.VMDisconnectedException
Oct 11, 2022 7:59:44 PM se.kth.debug.Collector write
INFO: Breakpoints serialised!
Oct 11, 2022 7:59:44 PM se.kth.debug.Collector write
INFO: Return values serialised!
Oct 11, 2022 7:59:44 PM se.kth.debug.Collector write
INFO: File output to: /home/khesoem/exec-diff/d3/output/sahab-reports/650f72623c02da89df5fa255cf2cb4d34a7de4f5/left.json
Oct 11, 2022 7:59:44 PM se.kth.debug.Debugger launchVMAndJunit
INFO: java -cp /home/khesoem/exec-diff/d3/collector-sahab/target/collector-sahab-0.0.1-SNAPSHOT-jar-with-dependencies.jar:/home/khesoem/exec-diff/d3/drr-execdiff/Math-2/sahab-right_650f72623c02da89df5fa255cf2cb4d34a7de4f5/classes:/home/khesoem/exec-diff/d3/drr-execdiff/Math-2/sahab-right_650f72623c02da89df5fa255cf2cb4d34a7de4f5/test-classes:/root/.m2/repository/junit/junit/4.10/junit-4.10.jar:/root/.m2/repository/org/hamcrest/hamcrest-core/1.1/hamcrest-core-1.1.jar se.kth.debug.JUnitTestRunner org.apache.commons.math3.distribution.HypergeometricDistributionTest::testMath1021
Oct 11, 2022 7:59:45 PM se.kth.debug.Debugger launchVMAndJunit
INFO: Connected to port: 36465
Oct 11, 2022 7:59:45 PM se.kth.debug.Debugger addClassPrepareEvent
INFO: org.apache.commons.math3.distribution.AbstractIntegerDistribution added!
Oct 11, 2022 8:00:31 PM se.kth.debug.EventProcessor startEventProcessor
WARNING: com.sun.jdi.VMDisconnectedException
Oct 11, 2022 8:00:33 PM se.kth.debug.Collector write
INFO: Breakpoints serialised!
Oct 11, 2022 8:00:33 PM se.kth.debug.Collector write
INFO: Return values serialised!
Oct 11, 2022 8:00:33 PM se.kth.debug.Collector write
INFO: File output to: /home/khesoem/exec-diff/d3/output/sahab-reports/650f72623c02da89df5fa255cf2cb4d34a7de4f5/right.json
