HEAD is now at e5d67a81 bugs added
WARNING: An illegal reflective access operation has occurred
WARNING: Illegal reflective access by com.google.inject.internal.cglib.core.$ReflectUtils$1 (file:/usr/share/maven/lib/guice.jar) to method java.lang.ClassLoader.defineClass(java.lang.String,byte[],int,int,java.security.ProtectionDomain)
WARNING: Please consider reporting this to the maintainers of com.google.inject.internal.cglib.core.$ReflectUtils$1
WARNING: Use --illegal-access=warn to enable warnings of further illegal reflective access operations
WARNING: All illegal access operations will be denied in a future release
WARNING: An illegal reflective access operation has occurred
WARNING: Illegal reflective access by com.google.inject.internal.cglib.core.$ReflectUtils$1 (file:/usr/share/maven/lib/guice.jar) to method java.lang.ClassLoader.defineClass(java.lang.String,byte[],int,int,java.security.ProtectionDomain)
WARNING: Please consider reporting this to the maintainers of com.google.inject.internal.cglib.core.$ReflectUtils$1
WARNING: Use --illegal-access=warn to enable warnings of further illegal reflective access operations
WARNING: All illegal access operations will be denied in a future release
Previous HEAD position was e5d67a81 bugs added
HEAD is now at 89899b9f patch applied
WARNING: An illegal reflective access operation has occurred
WARNING: Illegal reflective access by com.google.inject.internal.cglib.core.$ReflectUtils$1 (file:/usr/share/maven/lib/guice.jar) to method java.lang.ClassLoader.defineClass(java.lang.String,byte[],int,int,java.security.ProtectionDomain)
WARNING: Please consider reporting this to the maintainers of com.google.inject.internal.cglib.core.$ReflectUtils$1
WARNING: Use --illegal-access=warn to enable warnings of further illegal reflective access operations
WARNING: All illegal access operations will be denied in a future release
WARNING: An illegal reflective access operation has occurred
WARNING: Illegal reflective access by com.google.inject.internal.cglib.core.$ReflectUtils$1 (file:/usr/share/maven/lib/guice.jar) to method java.lang.ClassLoader.defineClass(java.lang.String,byte[],int,int,java.security.ProtectionDomain)
WARNING: Please consider reporting this to the maintainers of com.google.inject.internal.cglib.core.$ReflectUtils$1
WARNING: Use --illegal-access=warn to enable warnings of further illegal reflective access operations
WARNING: All illegal access operations will be denied in a future release
SLF4J: Failed to load class "org.slf4j.impl.StaticLoggerBinder".
SLF4J: Defaulting to no-operation (NOP) logger implementation
SLF4J: See http://www.slf4j.org/codes.html#StaticLoggerBinder for further details.
Oct 10, 2022 7:15:32 PM se.kth.debug.Debugger launchVMAndJunit
INFO: java -cp /home/khesoem/exec-diff/d3/collector-sahab/target/collector-sahab-0.0.1-SNAPSHOT-jar-with-dependencies.jar:/home/khesoem/exec-diff/d3/drr-execdiff/Math-49/sahab-left_89899b9f642e5c2cec6539bad539011a1de690e4/classes:/home/khesoem/exec-diff/d3/drr-execdiff/Math-49/sahab-left_89899b9f642e5c2cec6539bad539011a1de690e4/test-classes:/root/.m2/repository/junit/junit/4.8.2/junit-4.8.2.jar se.kth.debug.JUnitTestRunner org.apache.commons.math.linear.SparseRealVectorTest::testConcurrentModification
Oct 10, 2022 7:15:32 PM se.kth.debug.Debugger launchVMAndJunit
INFO: Connected to port: 50275
Oct 10, 2022 7:15:32 PM se.kth.debug.Debugger addClassPrepareEvent
INFO: org.apache.commons.math.util.OpenIntToDoubleHashMap added!
Oct 10, 2022 7:15:34 PM se.kth.debug.EventProcessor startEventProcessor
WARNING: com.sun.jdi.VMDisconnectedException
Oct 10, 2022 7:15:34 PM se.kth.debug.Collector write
INFO: Breakpoints serialised!
Oct 10, 2022 7:15:34 PM se.kth.debug.Collector write
INFO: Return values serialised!
Oct 10, 2022 7:15:34 PM se.kth.debug.Collector write
INFO: File output to: /home/khesoem/exec-diff/d3/output/sahab-reports/89899b9f642e5c2cec6539bad539011a1de690e4/left.json
Oct 10, 2022 7:15:34 PM se.kth.debug.Debugger launchVMAndJunit
INFO: java -cp /home/khesoem/exec-diff/d3/collector-sahab/target/collector-sahab-0.0.1-SNAPSHOT-jar-with-dependencies.jar:/home/khesoem/exec-diff/d3/drr-execdiff/Math-49/sahab-right_89899b9f642e5c2cec6539bad539011a1de690e4/classes:/home/khesoem/exec-diff/d3/drr-execdiff/Math-49/sahab-right_89899b9f642e5c2cec6539bad539011a1de690e4/test-classes:/root/.m2/repository/junit/junit/4.8.2/junit-4.8.2.jar se.kth.debug.JUnitTestRunner org.apache.commons.math.linear.SparseRealVectorTest::testConcurrentModification
Oct 10, 2022 7:15:34 PM se.kth.debug.Debugger launchVMAndJunit
INFO: Connected to port: 40557
Oct 10, 2022 7:15:34 PM se.kth.debug.Debugger addClassPrepareEvent
INFO: org.apache.commons.math.util.OpenIntToDoubleHashMap added!
Oct 10, 2022 7:15:36 PM se.kth.debug.EventProcessor startEventProcessor
WARNING: com.sun.jdi.VMDisconnectedException
Oct 10, 2022 7:15:36 PM se.kth.debug.Collector write
INFO: Breakpoints serialised!
Oct 10, 2022 7:15:36 PM se.kth.debug.Collector write
INFO: Return values serialised!
Oct 10, 2022 7:15:36 PM se.kth.debug.Collector write
INFO: File output to: /home/khesoem/exec-diff/d3/output/sahab-reports/89899b9f642e5c2cec6539bad539011a1de690e4/right.json
