HEAD is now at e5d67a81 bugs added
WARNING: An illegal reflective access operation has occurred
WARNING: Illegal reflective access by com.google.inject.internal.cglib.core.$ReflectUtils$1 (file:/usr/share/maven/lib/guice.jar) to method java.lang.ClassLoader.defineClass(java.lang.String,byte[],int,int,java.security.ProtectionDomain)
WARNING: Please consider reporting this to the maintainers of com.google.inject.internal.cglib.core.$ReflectUtils$1
WARNING: Use --illegal-access=warn to enable warnings of further illegal reflective access operations
WARNING: All illegal access operations will be denied in a future release
WARNING: An illegal reflective access operation has occurred
WARNING: Illegal reflective access by com.google.inject.internal.cglib.core.$ReflectUtils$1 (file:/usr/share/maven/lib/guice.jar) to method java.lang.ClassLoader.defineClass(java.lang.String,byte[],int,int,java.security.ProtectionDomain)
WARNING: Please consider reporting this to the maintainers of com.google.inject.internal.cglib.core.$ReflectUtils$1
WARNING: Use --illegal-access=warn to enable warnings of further illegal reflective access operations
WARNING: All illegal access operations will be denied in a future release
Previous HEAD position was e5d67a81 bugs added
HEAD is now at e12c96d6 patch applied
WARNING: An illegal reflective access operation has occurred
WARNING: Illegal reflective access by com.google.inject.internal.cglib.core.$ReflectUtils$1 (file:/usr/share/maven/lib/guice.jar) to method java.lang.ClassLoader.defineClass(java.lang.String,byte[],int,int,java.security.ProtectionDomain)
WARNING: Please consider reporting this to the maintainers of com.google.inject.internal.cglib.core.$ReflectUtils$1
WARNING: Use --illegal-access=warn to enable warnings of further illegal reflective access operations
WARNING: All illegal access operations will be denied in a future release
WARNING: An illegal reflective access operation has occurred
WARNING: Illegal reflective access by com.google.inject.internal.cglib.core.$ReflectUtils$1 (file:/usr/share/maven/lib/guice.jar) to method java.lang.ClassLoader.defineClass(java.lang.String,byte[],int,int,java.security.ProtectionDomain)
WARNING: Please consider reporting this to the maintainers of com.google.inject.internal.cglib.core.$ReflectUtils$1
WARNING: Use --illegal-access=warn to enable warnings of further illegal reflective access operations
WARNING: All illegal access operations will be denied in a future release
SLF4J: Failed to load class "org.slf4j.impl.StaticLoggerBinder".
SLF4J: Defaulting to no-operation (NOP) logger implementation
SLF4J: See http://www.slf4j.org/codes.html#StaticLoggerBinder for further details.
Oct 08, 2022 4:17:45 PM se.kth.debug.Debugger launchVMAndJunit
INFO: java -cp /home/khesoem/exec-diff/d3/collector-sahab/target/collector-sahab-0.0.1-SNAPSHOT-jar-with-dependencies.jar:/home/khesoem/exec-diff/d3/drr-execdiff/Math-63/sahab-left_e12c96d6843e46f5448c964f7a2e32162db82bd7/classes:/home/khesoem/exec-diff/d3/drr-execdiff/Math-63/sahab-left_e12c96d6843e46f5448c964f7a2e32162db82bd7/test-classes:/root/.m2/repository/junit/junit/4.4/junit-4.4.jar se.kth.debug.JUnitTestRunner org.apache.commons.math.util.MathUtilsTest::testArrayEquals
Oct 08, 2022 4:17:45 PM se.kth.debug.Debugger launchVMAndJunit
INFO: Connected to port: 60441
Oct 08, 2022 4:17:45 PM se.kth.debug.Debugger addClassPrepareEvent
INFO: org.apache.commons.math.util.MathUtils added!
Oct 08, 2022 4:17:46 PM se.kth.debug.EventProcessor startEventProcessor
WARNING: com.sun.jdi.VMDisconnectedException
Oct 08, 2022 4:17:46 PM se.kth.debug.Collector write
INFO: Output file was not generated as breakpoints were not encountered.
Oct 08, 2022 4:17:46 PM se.kth.debug.Collector write
INFO: Return values serialised!
Oct 08, 2022 4:17:46 PM se.kth.debug.Collector write
INFO: File output to: /home/khesoem/exec-diff/d3/output/sahab-reports/e12c96d6843e46f5448c964f7a2e32162db82bd7/left.json
Oct 08, 2022 4:17:46 PM se.kth.debug.Debugger launchVMAndJunit
INFO: java -cp /home/khesoem/exec-diff/d3/collector-sahab/target/collector-sahab-0.0.1-SNAPSHOT-jar-with-dependencies.jar:/home/khesoem/exec-diff/d3/drr-execdiff/Math-63/sahab-right_e12c96d6843e46f5448c964f7a2e32162db82bd7/classes:/home/khesoem/exec-diff/d3/drr-execdiff/Math-63/sahab-right_e12c96d6843e46f5448c964f7a2e32162db82bd7/test-classes:/root/.m2/repository/junit/junit/4.4/junit-4.4.jar se.kth.debug.JUnitTestRunner org.apache.commons.math.util.MathUtilsTest::testArrayEquals
Oct 08, 2022 4:17:47 PM se.kth.debug.Debugger launchVMAndJunit
INFO: Connected to port: 36205
Oct 08, 2022 4:17:47 PM se.kth.debug.Debugger addClassPrepareEvent
INFO: org.apache.commons.math.util.MathUtils added!
Oct 08, 2022 4:17:48 PM se.kth.debug.EventProcessor startEventProcessor
WARNING: com.sun.jdi.VMDisconnectedException
Oct 08, 2022 4:17:48 PM se.kth.debug.Collector write
INFO: Output file was not generated as breakpoints were not encountered.
Oct 08, 2022 4:17:48 PM se.kth.debug.Collector write
INFO: Return values serialised!
Oct 08, 2022 4:17:48 PM se.kth.debug.Collector write
INFO: File output to: /home/khesoem/exec-diff/d3/output/sahab-reports/e12c96d6843e46f5448c964f7a2e32162db82bd7/right.json
