SLF4J: Failed to load class "org.slf4j.impl.StaticLoggerBinder".
SLF4J: Defaulting to no-operation (NOP) logger implementation
SLF4J: See http://www.slf4j.org/codes.html#StaticLoggerBinder for further details.
Starting ChromeDriver 101.0.4951.41 (93c720db8323b3ec10d056025ab95c23a31997c9-refs/branch-heads/4951@{#904}) on port 42828
Only local connections are allowed.
Please see https://chromedriver.chromium.org/security-considerations for suggestions on keeping ChromeDriver safe.
ChromeDriver was started successfully.
[1665322416.415][WARNING]: This version of ChromeDriver has not been tested with Chrome version 102.
Oct 09, 2022 1:33:36 PM org.openqa.selenium.remote.ProtocolHandshake createSession
INFO: Detected dialect: W3C
Oct 09, 2022 1:33:36 PM org.openqa.selenium.devtools.CdpVersionFinder findNearestMatch
WARNING: Unable to find an exact match for CDP version 102, so returning the closest version found: a no-op implementation
Oct 09, 2022 1:33:36 PM org.openqa.selenium.devtools.CdpVersionFinder findNearestMatch
INFO: Unable to find CDP implementation matching 102.
Oct 09, 2022 1:33:36 PM org.openqa.selenium.chromium.ChromiumDriver lambda$new$3
WARNING: Unable to find version of CDP to use for . You may need to include a dependency on a specific version of the CDP using something similar to `org.seleniumhq.selenium:selenium-devtools-v86:4.0.0` where the version ("v86") matches the version of the chromium-based browser you're using and the version number of the artifact is the same as Selenium's.
Oct 09, 2022 1:34:25 PM se.kth.assertgroup.core.analysis.statediff.ui.StateDiffUIManipulator addStateDiffToExecDiffUI
INFO: Line mappings and vars computed.
Oct 09, 2022 1:34:25 PM se.kth.assertgroup.core.analysis.statediff.ui.StateDiffUIManipulator addStateDiffToExecDiffUI
INFO: For commit 906037295f12ab340310e88d16db1984e4227436 line mappings and vars computation took 51520 MILLIS
Oct 09, 2022 1:49:32 PM se.kth.assertgroup.core.analysis.statediff.ui.StateDiffUIManipulator addStateDiffToExecDiffUI
INFO: ProgramStateDiff{firstOriginalUniqueStateSummary=UniqueStateSummary{differencingTest=org.apache.commons.math.optimization.fitting.GaussianFitterTest::testMath519, firstUniqueStateLine=620, firstUniqueVarValLine=620, firstUniqueStateHash=1516775837, firstUniqueVarVal='parl=0.004284264296595094'}, firstPatchedUniqueStateSummary=UniqueStateSummary{differencingTest=org.apache.commons.math.optimization.fitting.GaussianFitterTest::testMath519, firstUniqueStateLine=564, firstUniqueVarValLine=482, firstUniqueStateHash=-1864505881, firstUniqueVarVal='lmDir[2]=3.1544797289228557'}, originalUniqueReturn=UniqueReturnSummary{differencingTest=null, firstUniqueVarValLine=null, firstUniqueReturnLine=null, firstUniqueReturnHash=null, firstUniqueVarVal='null'}, patchedUniqueReturn=UniqueReturnSummary{differencingTest=org.apache.commons.math.optimization.fitting.GaussianFitterTest::testMath519, firstUniqueVarValLine=625, firstUniqueReturnLine=625, firstUniqueReturnHash=-1647641141, firstUniqueVarVal='{return-object}=<void value>'}}
Oct 09, 2022 1:49:32 PM se.kth.assertgroup.core.analysis.statediff.ui.StateDiffUIManipulator addStateDiffToExecDiffUI
INFO: For commit 906037295f12ab340310e88d16db1984e4227436 diff computation took 907154 MILLIS
Oct 09, 2022 1:49:32 PM se.kth.assertgroup.core.analysis.statediff.ui.StateDiffUIManipulator addStateDiffToExecDiffUI
INFO: For commit 906037295f12ab340310e88d16db1984e4227436 UI manipulation took 48 MILLIS
