SLF4J: Failed to load class "org.slf4j.impl.StaticLoggerBinder".
SLF4J: Defaulting to no-operation (NOP) logger implementation
SLF4J: See http://www.slf4j.org/codes.html#StaticLoggerBinder for further details.
Starting ChromeDriver 101.0.4951.41 (93c720db8323b3ec10d056025ab95c23a31997c9-refs/branch-heads/4951@{#904}) on port 35327
Only local connections are allowed.
Please see https://chromedriver.chromium.org/security-considerations for suggestions on keeping ChromeDriver safe.
ChromeDriver was started successfully.
[1665089848.961][WARNING]: This version of ChromeDriver has not been tested with Chrome version 102.
Oct 06, 2022 8:57:29 PM org.openqa.selenium.remote.ProtocolHandshake createSession
INFO: Detected dialect: W3C
Oct 06, 2022 8:57:29 PM org.openqa.selenium.devtools.CdpVersionFinder findNearestMatch
WARNING: Unable to find an exact match for CDP version 102, so returning the closest version found: a no-op implementation
Oct 06, 2022 8:57:29 PM org.openqa.selenium.devtools.CdpVersionFinder findNearestMatch
INFO: Unable to find CDP implementation matching 102.
Oct 06, 2022 8:57:29 PM org.openqa.selenium.chromium.ChromiumDriver lambda$new$3
WARNING: Unable to find version of CDP to use for . You may need to include a dependency on a specific version of the CDP using something similar to `org.seleniumhq.selenium:selenium-devtools-v86:4.0.0` where the version ("v86") matches the version of the chromium-based browser you're using and the version number of the artifact is the same as Selenium's.
Oct 06, 2022 8:58:49 PM se.kth.assertgroup.core.analysis.statediff.ui.StateDiffUIManipulator addStateDiffToExecDiffUI
INFO: Line mappings and vars computed.
Oct 06, 2022 8:58:49 PM se.kth.assertgroup.core.analysis.statediff.ui.StateDiffUIManipulator addStateDiffToExecDiffUI
INFO: For commit 187de653ef51444790c5edb70180f178570e1902 line mappings and vars computation took 84505 MILLIS
Oct 06, 2022 9:04:49 PM se.kth.assertgroup.core.analysis.statediff.ui.StateDiffUIManipulator addStateDiffToExecDiffUI
INFO: ProgramStateDiff{firstOriginalUniqueStateSummary=UniqueStateSummary{differencingTest=org.apache.commons.math3.optimization.direct.CMAESOptimizerTest::testFitAccuracyDependsOnBoundary, firstUniqueStateLine=356, firstUniqueVarValLine=360, firstUniqueStateHash=489444054, firstUniqueVarVal='fitfun.this$0.random.mt=[-2147483648,2112395836,1588580924,1240200423,588109098,112834164,-142318490,-634420382,1152084534,-243926587]'}, firstPatchedUniqueStateSummary=UniqueStateSummary{differencingTest=org.apache.commons.math3.optimization.direct.CMAESOptimizerTest::testFitAccuracyDependsOnBoundary, firstUniqueStateLine=356, firstUniqueVarValLine=360, firstUniqueStateHash=1869812262, firstUniqueVarVal='fitfun.this$0.random.mt=[-2147483648,-1482903537,1689756486,787806278,-897100054,-88105325,-92213573,553715782,1720330043,722921458]'}, originalUniqueReturn=UniqueReturnSummary{differencingTest=org.apache.commons.math3.optimization.direct.CMAESOptimizerTest::testFitAccuracyDependsOnBoundary, firstUniqueVarValLine=498, firstUniqueReturnLine=498, firstUniqueReturnHash=-664251311, firstUniqueVarVal='{return-object}.key[0]=11.100000000828544'}, patchedUniqueReturn=UniqueReturnSummary{differencingTest=org.apache.commons.math3.optimization.direct.CMAESOptimizerTest::testFitAccuracyDependsOnBoundary, firstUniqueVarValLine=498, firstUniqueReturnLine=498, firstUniqueReturnHash=-219650367, firstUniqueVarVal='{return-object}.key[0]=1.0'}}
Oct 06, 2022 9:04:49 PM se.kth.assertgroup.core.analysis.statediff.ui.StateDiffUIManipulator addStateDiffToExecDiffUI
INFO: For commit 187de653ef51444790c5edb70180f178570e1902 diff computation took 359559 MILLIS
Oct 06, 2022 9:04:49 PM se.kth.assertgroup.core.analysis.statediff.ui.StateDiffUIManipulator addStateDiffToExecDiffUI
INFO: For commit 187de653ef51444790c5edb70180f178570e1902 UI manipulation took 65 MILLIS
