SLF4J: Failed to load class "org.slf4j.impl.StaticLoggerBinder".
SLF4J: Defaulting to no-operation (NOP) logger implementation
SLF4J: See http://www.slf4j.org/codes.html#StaticLoggerBinder for further details.
Starting ChromeDriver 101.0.4951.41 (93c720db8323b3ec10d056025ab95c23a31997c9-refs/branch-heads/4951@{#904}) on port 41819
Only local connections are allowed.
Please see https://chromedriver.chromium.org/security-considerations for suggestions on keeping ChromeDriver safe.
ChromeDriver was started successfully.
[1665413350.926][WARNING]: This version of ChromeDriver has not been tested with Chrome version 102.
Oct 10, 2022 2:49:11 PM org.openqa.selenium.remote.ProtocolHandshake createSession
INFO: Detected dialect: W3C
Oct 10, 2022 2:49:11 PM org.openqa.selenium.devtools.CdpVersionFinder findNearestMatch
WARNING: Unable to find an exact match for CDP version 102, so returning the closest version found: a no-op implementation
Oct 10, 2022 2:49:11 PM org.openqa.selenium.devtools.CdpVersionFinder findNearestMatch
INFO: Unable to find CDP implementation matching 102.
Oct 10, 2022 2:49:11 PM org.openqa.selenium.chromium.ChromiumDriver lambda$new$3
WARNING: Unable to find version of CDP to use for . You may need to include a dependency on a specific version of the CDP using something similar to `org.seleniumhq.selenium:selenium-devtools-v86:4.0.0` where the version ("v86") matches the version of the chromium-based browser you're using and the version number of the artifact is the same as Selenium's.
Oct 10, 2022 2:49:46 PM se.kth.assertgroup.core.analysis.statediff.ui.StateDiffUIManipulator addStateDiffToExecDiffUI
INFO: Line mappings and vars computed.
Oct 10, 2022 2:49:46 PM se.kth.assertgroup.core.analysis.statediff.ui.StateDiffUIManipulator addStateDiffToExecDiffUI
INFO: For commit b37bf7ee9dfac425245fb9c969896ffa89a748d7 line mappings and vars computation took 37112 MILLIS
Oct 10, 2022 2:56:07 PM se.kth.assertgroup.core.analysis.statediff.ui.StateDiffUIManipulator addStateDiffToExecDiffUI
INFO: ProgramStateDiff{firstOriginalUniqueStateSummary=UniqueStateSummary{differencingTest=org.apache.commons.math3.geometry.euclidean.threed.PolyhedronsSetTest::testIssue780, firstUniqueStateLine=331, firstUniqueVarValLine=331, firstUniqueStateHash=-417482749, firstUniqueVarVal='inverse=1.0000000000001283'}, firstPatchedUniqueStateSummary=UniqueStateSummary{differencingTest=org.apache.commons.math3.geometry.euclidean.threed.PolyhedronsSetTest::testIssue780, firstUniqueStateLine=331, firstUniqueVarValLine=331, firstUniqueStateHash=1393802957, firstUniqueVarVal='inverse=0.9999999999998717'}, originalUniqueReturn=UniqueReturnSummary{differencingTest=org.apache.commons.math3.geometry.euclidean.threed.PolyhedronsSetTest::testIssue780, firstUniqueVarValLine=331, firstUniqueReturnLine=331, firstUniqueReturnHash=-563481948, firstUniqueVarVal='{return-object}.z=0.9999999999998717'}, patchedUniqueReturn=UniqueReturnSummary{differencingTest=org.apache.commons.math3.geometry.euclidean.threed.PolyhedronsSetTest::testIssue780, firstUniqueVarValLine=331, firstUniqueReturnLine=331, firstUniqueReturnHash=1422693954, firstUniqueVarVal='{return-object}.z=0.9999999999997433'}}
Oct 10, 2022 2:56:07 PM se.kth.assertgroup.core.analysis.statediff.ui.StateDiffUIManipulator addStateDiffToExecDiffUI
INFO: For commit b37bf7ee9dfac425245fb9c969896ffa89a748d7 diff computation took 381394 MILLIS
Oct 10, 2022 2:56:07 PM se.kth.assertgroup.core.analysis.statediff.ui.StateDiffUIManipulator addStateDiffToExecDiffUI
INFO: For commit b37bf7ee9dfac425245fb9c969896ffa89a748d7 UI manipulation took 67 MILLIS
