SLF4J: Failed to load class "org.slf4j.impl.StaticLoggerBinder".
SLF4J: Defaulting to no-operation (NOP) logger implementation
SLF4J: See http://www.slf4j.org/codes.html#StaticLoggerBinder for further details.
Starting ChromeDriver 101.0.4951.41 (93c720db8323b3ec10d056025ab95c23a31997c9-refs/branch-heads/4951@{#904}) on port 58217
Only local connections are allowed.
Please see https://chromedriver.chromium.org/security-considerations for suggestions on keeping ChromeDriver safe.
ChromeDriver was started successfully.
[1665381941.021][WARNING]: This version of ChromeDriver has not been tested with Chrome version 102.
Oct 10, 2022 6:05:41 AM org.openqa.selenium.remote.ProtocolHandshake createSession
INFO: Detected dialect: W3C
Oct 10, 2022 6:05:41 AM org.openqa.selenium.devtools.CdpVersionFinder findNearestMatch
WARNING: Unable to find an exact match for CDP version 102, so returning the closest version found: a no-op implementation
Oct 10, 2022 6:05:41 AM org.openqa.selenium.devtools.CdpVersionFinder findNearestMatch
INFO: Unable to find CDP implementation matching 102.
Oct 10, 2022 6:05:41 AM org.openqa.selenium.chromium.ChromiumDriver lambda$new$3
WARNING: Unable to find version of CDP to use for . You may need to include a dependency on a specific version of the CDP using something similar to `org.seleniumhq.selenium:selenium-devtools-v86:4.0.0` where the version ("v86") matches the version of the chromium-based browser you're using and the version number of the artifact is the same as Selenium's.
Oct 10, 2022 6:06:54 AM se.kth.assertgroup.core.analysis.statediff.ui.StateDiffUIManipulator addStateDiffToExecDiffUI
INFO: Line mappings and vars computed.
Oct 10, 2022 6:06:54 AM se.kth.assertgroup.core.analysis.statediff.ui.StateDiffUIManipulator addStateDiffToExecDiffUI
INFO: For commit 3b47797a8c8938f5aff44cc69409d88a068626e5 line mappings and vars computation took 76092 MILLIS
Oct 10, 2022 6:06:55 AM se.kth.assertgroup.core.analysis.statediff.ui.StateDiffUIManipulator addStateDiffToExecDiffUI
INFO: ProgramStateDiff{firstOriginalUniqueStateSummary=UniqueStateSummary{differencingTest=org.joda.time.TestDateTimeZoneCutover::testBug3476684_adjustOffset, firstUniqueStateLine=1167, firstUniqueVarValLine=1169, firstUniqueStateHash=-1369858594, firstUniqueVarVal='instantAfter=1330215300000'}, firstPatchedUniqueStateSummary=UniqueStateSummary{differencingTest=org.joda.time.TestDateTimeZoneCutover::testBug3476684_adjustOffset, firstUniqueStateLine=1167, firstUniqueVarValLine=1169, firstUniqueStateHash=615004926, firstUniqueVarVal='instantAfter=1330226100000'}, originalUniqueReturn=UniqueReturnSummary{differencingTest=null, firstUniqueVarValLine=null, firstUniqueReturnLine=null, firstUniqueReturnHash=null, firstUniqueVarVal='null'}, patchedUniqueReturn=UniqueReturnSummary{differencingTest=org.joda.time.TestDateTimeZoneCutover::testBug3476684_adjustOffset, firstUniqueVarValLine=1175, firstUniqueReturnLine=1175, firstUniqueReturnHash=-568472498, firstUniqueVarVal='{return-object}=1330222500000'}}
Oct 10, 2022 6:06:55 AM se.kth.assertgroup.core.analysis.statediff.ui.StateDiffUIManipulator addStateDiffToExecDiffUI
INFO: For commit 3b47797a8c8938f5aff44cc69409d88a068626e5 diff computation took 805 MILLIS
Oct 10, 2022 6:06:55 AM se.kth.assertgroup.core.analysis.statediff.ui.StateDiffUIManipulator addStateDiffToExecDiffUI
INFO: For commit 3b47797a8c8938f5aff44cc69409d88a068626e5 UI manipulation took 58 MILLIS
