SLF4J: Failed to load class "org.slf4j.impl.StaticLoggerBinder".
SLF4J: Defaulting to no-operation (NOP) logger implementation
SLF4J: See http://www.slf4j.org/codes.html#StaticLoggerBinder for further details.
Starting ChromeDriver 101.0.4951.41 (93c720db8323b3ec10d056025ab95c23a31997c9-refs/branch-heads/4951@{#904}) on port 36026
Only local connections are allowed.
Please see https://chromedriver.chromium.org/security-considerations for suggestions on keeping ChromeDriver safe.
ChromeDriver was started successfully.
[1665810830.699][WARNING]: This version of ChromeDriver has not been tested with Chrome version 102.
Oct 15, 2022 5:13:50 AM org.openqa.selenium.remote.ProtocolHandshake createSession
INFO: Detected dialect: W3C
Oct 15, 2022 5:13:51 AM org.openqa.selenium.devtools.CdpVersionFinder findNearestMatch
WARNING: Unable to find an exact match for CDP version 102, so returning the closest version found: a no-op implementation
Oct 15, 2022 5:13:51 AM org.openqa.selenium.devtools.CdpVersionFinder findNearestMatch
INFO: Unable to find CDP implementation matching 102.
Oct 15, 2022 5:13:51 AM org.openqa.selenium.chromium.ChromiumDriver lambda$new$3
WARNING: Unable to find version of CDP to use for . You may need to include a dependency on a specific version of the CDP using something similar to `org.seleniumhq.selenium:selenium-devtools-v86:4.0.0` where the version ("v86") matches the version of the chromium-based browser you're using and the version number of the artifact is the same as Selenium's.
Oct 15, 2022 5:14:15 AM se.kth.assertgroup.core.analysis.statediff.ui.StateDiffUIManipulator addStateDiffToExecDiffUI
INFO: Line mappings and vars computed.
Oct 15, 2022 5:14:15 AM se.kth.assertgroup.core.analysis.statediff.ui.StateDiffUIManipulator addStateDiffToExecDiffUI
INFO: For commit 9dfca56fa7be3c517019fd810a73dcae14cea2ea line mappings and vars computation took 31893 MILLIS
Oct 15, 2022 5:14:51 AM se.kth.assertgroup.core.analysis.statediff.ui.StateDiffUIManipulator addStateDiffToExecDiffUI
INFO: ProgramStateDiff{firstOriginalUniqueStateSummary=UniqueStateSummary{differencingTest=org.apache.commons.math.analysis.solvers.BracketingNthOrderBrentSolverTest::testIssue716, firstUniqueStateLine=375, firstUniqueVarValLine=375, firstUniqueStateHash=-1874689999, firstUniqueVarVal='x0=1599.999689157831'}, firstPatchedUniqueStateSummary=UniqueStateSummary{differencingTest=org.apache.commons.math.analysis.solvers.BracketingNthOrderBrentSolverTest::testIssue716, firstUniqueStateLine=375, firstUniqueVarValLine=375, firstUniqueStateHash=236985355, firstUniqueVarVal='j=4'}, originalUniqueReturn=UniqueReturnSummary{differencingTest=org.apache.commons.math.analysis.solvers.BracketingNthOrderBrentSolverTest::testIssue716, firstUniqueVarValLine=378, firstUniqueReturnLine=378, firstUniqueReturnHash=-1626454937, firstUniqueVarVal='{return-object}=14.999993800000622'}, patchedUniqueReturn=UniqueReturnSummary{differencingTest=org.apache.commons.math.analysis.solvers.BracketingNthOrderBrentSolverTest::testIssue716, firstUniqueVarValLine=378, firstUniqueReturnLine=378, firstUniqueReturnHash=1474428510, firstUniqueVarVal='{return-object}=-502.9997874278022'}}
Oct 15, 2022 5:14:51 AM se.kth.assertgroup.core.analysis.statediff.ui.StateDiffUIManipulator addStateDiffToExecDiffUI
INFO: For commit 9dfca56fa7be3c517019fd810a73dcae14cea2ea diff computation took 35750 MILLIS
Oct 15, 2022 5:14:51 AM se.kth.assertgroup.core.analysis.statediff.ui.StateDiffUIManipulator addStateDiffToExecDiffUI
INFO: For commit 9dfca56fa7be3c517019fd810a73dcae14cea2ea UI manipulation took 134 MILLIS
