SLF4J: Failed to load class "org.slf4j.impl.StaticLoggerBinder".
SLF4J: Defaulting to no-operation (NOP) logger implementation
SLF4J: See http://www.slf4j.org/codes.html#StaticLoggerBinder for further details.
Starting ChromeDriver 101.0.4951.41 (93c720db8323b3ec10d056025ab95c23a31997c9-refs/branch-heads/4951@{#904}) on port 39725
Only local connections are allowed.
Please see https://chromedriver.chromium.org/security-considerations for suggestions on keeping ChromeDriver safe.
ChromeDriver was started successfully.
[1665113217.583][WARNING]: This version of ChromeDriver has not been tested with Chrome version 102.
Oct 07, 2022 3:26:57 AM org.openqa.selenium.remote.ProtocolHandshake createSession
INFO: Detected dialect: W3C
Oct 07, 2022 3:26:57 AM org.openqa.selenium.devtools.CdpVersionFinder findNearestMatch
WARNING: Unable to find an exact match for CDP version 102, so returning the closest version found: a no-op implementation
Oct 07, 2022 3:26:57 AM org.openqa.selenium.devtools.CdpVersionFinder findNearestMatch
INFO: Unable to find CDP implementation matching 102.
Oct 07, 2022 3:26:57 AM org.openqa.selenium.chromium.ChromiumDriver lambda$new$3
WARNING: Unable to find version of CDP to use for . You may need to include a dependency on a specific version of the CDP using something similar to `org.seleniumhq.selenium:selenium-devtools-v86:4.0.0` where the version ("v86") matches the version of the chromium-based browser you're using and the version number of the artifact is the same as Selenium's.
Oct 07, 2022 3:27:12 AM se.kth.assertgroup.core.analysis.statediff.ui.StateDiffUIManipulator addStateDiffToExecDiffUI
INFO: Line mappings and vars computed.
Oct 07, 2022 3:27:12 AM se.kth.assertgroup.core.analysis.statediff.ui.StateDiffUIManipulator addStateDiffToExecDiffUI
INFO: For commit 5db7253811426931ad8b303027542106bbe756e5 line mappings and vars computation took 17470 MILLIS
Unexpected token END OF FILE at position 57327616.
	at org.json.simple.parser.JSONParser.parse(Unknown Source)
	at org.json.simple.parser.JSONParser.parse(Unknown Source)
	at se.kth.assertgroup.core.analysis.statediff.computer.StateDiffComputer.getFirstDistinctStateOnRelevantLine(StateDiffComputer.java:134)
	at se.kth.assertgroup.core.analysis.statediff.computer.StateDiffComputer.computeProgramStateDiff(StateDiffComputer.java:46)
	at se.kth.assertgroup.core.analysis.statediff.ui.StateDiffUIManipulator.addStateDiffToExecDiffUI(StateDiffUIManipulator.java:86)
	at se.kth.assertgroup.core.analysis.statediff.StateDiffCommand.call(StateDiffCommand.java:68)
	at se.kth.assertgroup.core.analysis.statediff.StateDiffCommand.call(StateDiffCommand.java:10)
	at picocli.CommandLine.executeUserObject(CommandLine.java:1953)
	at picocli.CommandLine.access$1300(CommandLine.java:145)
	at picocli.CommandLine$RunLast.executeUserObjectOfLastSubcommandWithSameParent(CommandLine.java:2358)
	at picocli.CommandLine$RunLast.handle(CommandLine.java:2352)
	at picocli.CommandLine$RunLast.handle(CommandLine.java:2314)
	at picocli.CommandLine$AbstractParseResultHandler.execute(CommandLine.java:2179)
	at picocli.CommandLine$RunLast.execute(CommandLine.java:2316)
	at picocli.CommandLine.execute(CommandLine.java:2078)
	at se.kth.assertgroup.core.analysis.ExecDiffMain.main(ExecDiffMain.java:16)
