SLF4J: Failed to load class "org.slf4j.impl.StaticLoggerBinder".
SLF4J: Defaulting to no-operation (NOP) logger implementation
SLF4J: See http://www.slf4j.org/codes.html#StaticLoggerBinder for further details.
Starting ChromeDriver 101.0.4951.41 (93c720db8323b3ec10d056025ab95c23a31997c9-refs/branch-heads/4951@{#904}) on port 52484
Only local connections are allowed.
Please see https://chromedriver.chromium.org/security-considerations for suggestions on keeping ChromeDriver safe.
ChromeDriver was started successfully.
[1665418566.202][WARNING]: This version of ChromeDriver has not been tested with Chrome version 102.
Oct 10, 2022 4:16:06 PM org.openqa.selenium.remote.ProtocolHandshake createSession
INFO: Detected dialect: W3C
Oct 10, 2022 4:16:06 PM org.openqa.selenium.devtools.CdpVersionFinder findNearestMatch
WARNING: Unable to find an exact match for CDP version 102, so returning the closest version found: a no-op implementation
Oct 10, 2022 4:16:06 PM org.openqa.selenium.devtools.CdpVersionFinder findNearestMatch
INFO: Unable to find CDP implementation matching 102.
Oct 10, 2022 4:16:06 PM org.openqa.selenium.chromium.ChromiumDriver lambda$new$3
WARNING: Unable to find version of CDP to use for . You may need to include a dependency on a specific version of the CDP using something similar to `org.seleniumhq.selenium:selenium-devtools-v86:4.0.0` where the version ("v86") matches the version of the chromium-based browser you're using and the version number of the artifact is the same as Selenium's.
Oct 10, 2022 4:16:31 PM se.kth.assertgroup.core.analysis.statediff.ui.StateDiffUIManipulator addStateDiffToExecDiffUI
INFO: Line mappings and vars computed.
Oct 10, 2022 4:16:31 PM se.kth.assertgroup.core.analysis.statediff.ui.StateDiffUIManipulator addStateDiffToExecDiffUI
INFO: For commit 9c32db9c49780f3ca394cf8437302d56af604cf3 line mappings and vars computation took 28964 MILLIS
Oct 10, 2022 4:17:02 PM se.kth.assertgroup.core.analysis.statediff.ui.StateDiffUIManipulator addStateDiffToExecDiffUI
INFO: ProgramStateDiff{firstOriginalUniqueStateSummary=UniqueStateSummary{differencingTest=org.apache.commons.math.analysis.solvers.BracketingNthOrderBrentSolverTest::testIssue716, firstUniqueStateLine=269, firstUniqueVarValLine=252, firstUniqueStateHash=820265903, firstUniqueVarVal='tmpX[2]=2.559999490093933E13'}, firstPatchedUniqueStateSummary=UniqueStateSummary{differencingTest=org.apache.commons.math.analysis.solvers.BracketingNthOrderBrentSolverTest::testIssue716, firstUniqueStateLine=269, firstUniqueVarValLine=260, firstUniqueStateHash=-752334739, firstUniqueVarVal='signChangeIndex=2'}, originalUniqueReturn=UniqueReturnSummary{differencingTest=null, firstUniqueVarValLine=null, firstUniqueReturnLine=null, firstUniqueReturnHash=null, firstUniqueVarVal='null'}, patchedUniqueReturn=UniqueReturnSummary{differencingTest=org.apache.commons.math.analysis.solvers.BracketingNthOrderBrentSolverTest::testIssue716, firstUniqueVarValLine=287, firstUniqueReturnLine=287, firstUniqueReturnHash=1980947896, firstUniqueVarVal='{return-object}=-0.5'}}
Oct 10, 2022 4:17:02 PM se.kth.assertgroup.core.analysis.statediff.ui.StateDiffUIManipulator addStateDiffToExecDiffUI
INFO: For commit 9c32db9c49780f3ca394cf8437302d56af604cf3 diff computation took 31098 MILLIS
Oct 10, 2022 4:17:02 PM se.kth.assertgroup.core.analysis.statediff.ui.StateDiffUIManipulator addStateDiffToExecDiffUI
INFO: For commit 9c32db9c49780f3ca394cf8437302d56af604cf3 UI manipulation took 59 MILLIS
