SLF4J: Failed to load class "org.slf4j.impl.StaticLoggerBinder".
SLF4J: Defaulting to no-operation (NOP) logger implementation
SLF4J: See http://www.slf4j.org/codes.html#StaticLoggerBinder for further details.
Starting ChromeDriver 101.0.4951.41 (93c720db8323b3ec10d056025ab95c23a31997c9-refs/branch-heads/4951@{#904}) on port 48262
Only local connections are allowed.
Please see https://chromedriver.chromium.org/security-considerations for suggestions on keeping ChromeDriver safe.
ChromeDriver was started successfully.
[1665508935.614][WARNING]: This version of ChromeDriver has not been tested with Chrome version 102.
Oct 11, 2022 5:22:15 PM org.openqa.selenium.remote.ProtocolHandshake createSession
INFO: Detected dialect: W3C
Oct 11, 2022 5:22:15 PM org.openqa.selenium.devtools.CdpVersionFinder findNearestMatch
WARNING: Unable to find an exact match for CDP version 102, so returning the closest version found: a no-op implementation
Oct 11, 2022 5:22:15 PM org.openqa.selenium.devtools.CdpVersionFinder findNearestMatch
INFO: Unable to find CDP implementation matching 102.
Oct 11, 2022 5:22:15 PM org.openqa.selenium.chromium.ChromiumDriver lambda$new$3
WARNING: Unable to find version of CDP to use for . You may need to include a dependency on a specific version of the CDP using something similar to `org.seleniumhq.selenium:selenium-devtools-v86:4.0.0` where the version ("v86") matches the version of the chromium-based browser you're using and the version number of the artifact is the same as Selenium's.
Oct 11, 2022 5:22:32 PM se.kth.assertgroup.core.analysis.statediff.ui.StateDiffUIManipulator addStateDiffToExecDiffUI
INFO: Line mappings and vars computed.
Oct 11, 2022 5:22:32 PM se.kth.assertgroup.core.analysis.statediff.ui.StateDiffUIManipulator addStateDiffToExecDiffUI
INFO: For commit a5a1da0e03c35e663f5b392281fa934607756aaf line mappings and vars computation took 19862 MILLIS
Oct 11, 2022 5:25:13 PM se.kth.assertgroup.core.analysis.statediff.ui.StateDiffUIManipulator addStateDiffToExecDiffUI
INFO: ProgramStateDiff{firstOriginalUniqueStateSummary=UniqueStateSummary{differencingTest=org.apache.commons.math3.optimization.linear.SimplexSolverTest::testMath828Cycle, firstUniqueStateLine=146, firstUniqueVarValLine=144, firstUniqueStateHash=-209275239, firstUniqueVarVal='minIndex=22'}, firstPatchedUniqueStateSummary=UniqueStateSummary{differencingTest=org.apache.commons.math3.optimization.linear.SimplexSolverTest::testMath828Cycle, firstUniqueStateLine=145, firstUniqueVarValLine=94, firstUniqueStateHash=-518198563, firstUniqueVarVal='tableau.tableau.data[3]=[0.0,0.0,-0.4583609341915382,8.19351247335739,10.81708388799952,8.106662705385466,11.559365153130203,-1.2128549855149293,-2.862572640814801,4.3879108661748]'}, originalUniqueReturn=UniqueReturnSummary{differencingTest=org.apache.commons.math3.optimization.linear.SimplexSolverTest::testMath828Cycle, firstUniqueVarValLine=151, firstUniqueReturnLine=151, firstUniqueReturnHash=1004288533, firstUniqueVarVal='{return-object}=5'}, patchedUniqueReturn=UniqueReturnSummary{differencingTest=null, firstUniqueVarValLine=null, firstUniqueReturnLine=null, firstUniqueReturnHash=null, firstUniqueVarVal='null'}}
Oct 11, 2022 5:25:13 PM se.kth.assertgroup.core.analysis.statediff.ui.StateDiffUIManipulator addStateDiffToExecDiffUI
INFO: For commit a5a1da0e03c35e663f5b392281fa934607756aaf diff computation took 160917 MILLIS
Oct 11, 2022 5:25:13 PM se.kth.assertgroup.core.analysis.statediff.ui.StateDiffUIManipulator addStateDiffToExecDiffUI
INFO: For commit a5a1da0e03c35e663f5b392281fa934607756aaf UI manipulation took 55 MILLIS
