SLF4J: Failed to load class "org.slf4j.impl.StaticLoggerBinder".
SLF4J: Defaulting to no-operation (NOP) logger implementation
SLF4J: See http://www.slf4j.org/codes.html#StaticLoggerBinder for further details.
Starting ChromeDriver 101.0.4951.41 (93c720db8323b3ec10d056025ab95c23a31997c9-refs/branch-heads/4951@{#904}) on port 55045
Only local connections are allowed.
Please see https://chromedriver.chromium.org/security-considerations for suggestions on keeping ChromeDriver safe.
ChromeDriver was started successfully.
[1665754343.417][WARNING]: This version of ChromeDriver has not been tested with Chrome version 102.
Oct 14, 2022 1:32:23 PM org.openqa.selenium.remote.ProtocolHandshake createSession
INFO: Detected dialect: W3C
Oct 14, 2022 1:32:23 PM org.openqa.selenium.devtools.CdpVersionFinder findNearestMatch
WARNING: Unable to find an exact match for CDP version 102, so returning the closest version found: a no-op implementation
Oct 14, 2022 1:32:23 PM org.openqa.selenium.devtools.CdpVersionFinder findNearestMatch
INFO: Unable to find CDP implementation matching 102.
Oct 14, 2022 1:32:23 PM org.openqa.selenium.chromium.ChromiumDriver lambda$new$3
WARNING: Unable to find version of CDP to use for . You may need to include a dependency on a specific version of the CDP using something similar to `org.seleniumhq.selenium:selenium-devtools-v86:4.0.0` where the version ("v86") matches the version of the chromium-based browser you're using and the version number of the artifact is the same as Selenium's.
Oct 14, 2022 1:32:39 PM se.kth.assertgroup.core.analysis.statediff.ui.StateDiffUIManipulator addStateDiffToExecDiffUI
INFO: Line mappings and vars computed.
Oct 14, 2022 1:32:39 PM se.kth.assertgroup.core.analysis.statediff.ui.StateDiffUIManipulator addStateDiffToExecDiffUI
INFO: For commit 6a11afd99e203acb3d83a640e5266f2c1633a91f line mappings and vars computation took 19497 MILLIS
Oct 14, 2022 1:32:39 PM se.kth.assertgroup.core.analysis.statediff.ui.StateDiffUIManipulator addStateDiffToExecDiffUI
INFO: ProgramStateDiff{firstOriginalUniqueStateSummary=UniqueStateSummary{differencingTest=null, firstUniqueStateLine=199, firstUniqueVarValLine=null, firstUniqueStateHash=-2091236817, firstUniqueVarVal='null'}, firstPatchedUniqueStateSummary=UniqueStateSummary{differencingTest=org.apache.commons.math.distribution.NormalDistributionTest::testMath280, firstUniqueStateLine=207, firstUniqueVarValLine=207, firstUniqueStateHash=-2091236817, firstUniqueVarVal='a=0.0'}, originalUniqueReturn=UniqueReturnSummary{differencingTest=null, firstUniqueVarValLine=null, firstUniqueReturnLine=null, firstUniqueReturnHash=null, firstUniqueVarVal='null'}, patchedUniqueReturn=UniqueReturnSummary{differencingTest=org.apache.commons.math.distribution.NormalDistributionTest::testMath280, firstUniqueVarValLine=207, firstUniqueReturnLine=207, firstUniqueReturnHash=-1591875680, firstUniqueVarVal='{return-object}[1]=2.0'}}
Oct 14, 2022 1:32:39 PM se.kth.assertgroup.core.analysis.statediff.ui.StateDiffUIManipulator addStateDiffToExecDiffUI
INFO: For commit 6a11afd99e203acb3d83a640e5266f2c1633a91f diff computation took 209 MILLIS
Oct 14, 2022 1:32:39 PM se.kth.assertgroup.core.analysis.statediff.ui.StateDiffUIManipulator addStateDiffToExecDiffUI
INFO: For commit 6a11afd99e203acb3d83a640e5266f2c1633a91f UI manipulation took 42 MILLIS
