SLF4J: Failed to load class "org.slf4j.impl.StaticLoggerBinder".
SLF4J: Defaulting to no-operation (NOP) logger implementation
SLF4J: See http://www.slf4j.org/codes.html#StaticLoggerBinder for further details.
Starting ChromeDriver 101.0.4951.41 (93c720db8323b3ec10d056025ab95c23a31997c9-refs/branch-heads/4951@{#904}) on port 51404
Only local connections are allowed.
Please see https://chromedriver.chromium.org/security-considerations for suggestions on keeping ChromeDriver safe.
ChromeDriver was started successfully.
[1665176945.404][WARNING]: This version of ChromeDriver has not been tested with Chrome version 102.
Oct 07, 2022 9:09:05 PM org.openqa.selenium.remote.ProtocolHandshake createSession
INFO: Detected dialect: W3C
Oct 07, 2022 9:09:05 PM org.openqa.selenium.devtools.CdpVersionFinder findNearestMatch
WARNING: Unable to find an exact match for CDP version 102, so returning the closest version found: a no-op implementation
Oct 07, 2022 9:09:05 PM org.openqa.selenium.devtools.CdpVersionFinder findNearestMatch
INFO: Unable to find CDP implementation matching 102.
Oct 07, 2022 9:09:05 PM org.openqa.selenium.chromium.ChromiumDriver lambda$new$3
WARNING: Unable to find version of CDP to use for . You may need to include a dependency on a specific version of the CDP using something similar to `org.seleniumhq.selenium:selenium-devtools-v86:4.0.0` where the version ("v86") matches the version of the chromium-based browser you're using and the version number of the artifact is the same as Selenium's.
Oct 07, 2022 9:09:23 PM se.kth.assertgroup.core.analysis.statediff.ui.StateDiffUIManipulator addStateDiffToExecDiffUI
INFO: Line mappings and vars computed.
Oct 07, 2022 9:09:23 PM se.kth.assertgroup.core.analysis.statediff.ui.StateDiffUIManipulator addStateDiffToExecDiffUI
INFO: For commit 44b1a99ac1fbafdbeac01e337e0c191472fe3d37 line mappings and vars computation took 20392 MILLIS
Oct 07, 2022 9:23:23 PM se.kth.assertgroup.core.analysis.statediff.ui.StateDiffUIManipulator addStateDiffToExecDiffUI
INFO: ProgramStateDiff{firstOriginalUniqueStateSummary=UniqueStateSummary{differencingTest=org.apache.commons.math.analysis.solvers.RegulaFalsiSolverTest::testIssue631, firstUniqueStateLine=198, firstUniqueVarValLine=235, firstUniqueStateHash=722560844, firstUniqueVarVal='x0=6.717094328774089'}, firstPatchedUniqueStateSummary=UniqueStateSummary{differencingTest=null, firstUniqueStateLine=187, firstUniqueVarValLine=null, firstUniqueStateHash=42396562, firstUniqueVarVal='null'}, originalUniqueReturn=UniqueReturnSummary{differencingTest=org.apache.commons.math.analysis.solvers.RegulaFalsiSolverTest::testIssue631, firstUniqueVarValLine=239, firstUniqueReturnLine=239, firstUniqueReturnHash=-1186700920, firstUniqueVarVal='{return-object}=3.4341896575482003'}, patchedUniqueReturn=UniqueReturnSummary{differencingTest=null, firstUniqueVarValLine=null, firstUniqueReturnLine=null, firstUniqueReturnHash=null, firstUniqueVarVal='null'}}
Oct 07, 2022 9:23:23 PM se.kth.assertgroup.core.analysis.statediff.ui.StateDiffUIManipulator addStateDiffToExecDiffUI
INFO: For commit 44b1a99ac1fbafdbeac01e337e0c191472fe3d37 diff computation took 840743 MILLIS
Oct 07, 2022 9:23:23 PM se.kth.assertgroup.core.analysis.statediff.ui.StateDiffUIManipulator addStateDiffToExecDiffUI
INFO: For commit 44b1a99ac1fbafdbeac01e337e0c191472fe3d37 UI manipulation took 34 MILLIS
