SLF4J: Failed to load class "org.slf4j.impl.StaticLoggerBinder".
SLF4J: Defaulting to no-operation (NOP) logger implementation
SLF4J: See http://www.slf4j.org/codes.html#StaticLoggerBinder for further details.
Starting ChromeDriver 101.0.4951.41 (93c720db8323b3ec10d056025ab95c23a31997c9-refs/branch-heads/4951@{#904}) on port 37278
Only local connections are allowed.
Please see https://chromedriver.chromium.org/security-considerations for suggestions on keeping ChromeDriver safe.
ChromeDriver was started successfully.
[1665369506.518][WARNING]: This version of ChromeDriver has not been tested with Chrome version 102.
Oct 10, 2022 2:38:26 AM org.openqa.selenium.remote.ProtocolHandshake createSession
INFO: Detected dialect: W3C
Oct 10, 2022 2:38:26 AM org.openqa.selenium.devtools.CdpVersionFinder findNearestMatch
WARNING: Unable to find an exact match for CDP version 102, so returning the closest version found: a no-op implementation
Oct 10, 2022 2:38:26 AM org.openqa.selenium.devtools.CdpVersionFinder findNearestMatch
INFO: Unable to find CDP implementation matching 102.
Oct 10, 2022 2:38:26 AM org.openqa.selenium.chromium.ChromiumDriver lambda$new$3
WARNING: Unable to find version of CDP to use for . You may need to include a dependency on a specific version of the CDP using something similar to `org.seleniumhq.selenium:selenium-devtools-v86:4.0.0` where the version ("v86") matches the version of the chromium-based browser you're using and the version number of the artifact is the same as Selenium's.
Oct 10, 2022 2:38:41 AM se.kth.assertgroup.core.analysis.statediff.ui.StateDiffUIManipulator addStateDiffToExecDiffUI
INFO: Line mappings and vars computed.
Oct 10, 2022 2:38:41 AM se.kth.assertgroup.core.analysis.statediff.ui.StateDiffUIManipulator addStateDiffToExecDiffUI
INFO: For commit 732e2c6a5948852b8d5b3381c21ecc301a653ee0 line mappings and vars computation took 17084 MILLIS
Oct 10, 2022 2:38:41 AM se.kth.assertgroup.core.analysis.statediff.ui.StateDiffUIManipulator addStateDiffToExecDiffUI
INFO: ProgramStateDiff{firstOriginalUniqueStateSummary=UniqueStateSummary{differencingTest=null, firstUniqueStateLine=199, firstUniqueVarValLine=null, firstUniqueStateHash=-2091236817, firstUniqueVarVal='null'}, firstPatchedUniqueStateSummary=UniqueStateSummary{differencingTest=org.apache.commons.math.distribution.NormalDistributionTest::testMath280, firstUniqueStateLine=209, firstUniqueVarValLine=209, firstUniqueStateHash=-2091236817, firstUniqueVarVal='a=0.0'}, originalUniqueReturn=UniqueReturnSummary{differencingTest=null, firstUniqueVarValLine=null, firstUniqueReturnLine=null, firstUniqueReturnHash=null, firstUniqueVarVal='null'}, patchedUniqueReturn=UniqueReturnSummary{differencingTest=org.apache.commons.math.distribution.NormalDistributionTest::testMath280, firstUniqueVarValLine=209, firstUniqueReturnLine=209, firstUniqueReturnHash=-1591875680, firstUniqueVarVal='{return-object}[1]=2.0'}}
Oct 10, 2022 2:38:41 AM se.kth.assertgroup.core.analysis.statediff.ui.StateDiffUIManipulator addStateDiffToExecDiffUI
INFO: For commit 732e2c6a5948852b8d5b3381c21ecc301a653ee0 diff computation took 58 MILLIS
Oct 10, 2022 2:38:42 AM se.kth.assertgroup.core.analysis.statediff.ui.StateDiffUIManipulator addStateDiffToExecDiffUI
INFO: For commit 732e2c6a5948852b8d5b3381c21ecc301a653ee0 UI manipulation took 38 MILLIS
