SLF4J: Failed to load class "org.slf4j.impl.StaticLoggerBinder".
SLF4J: Defaulting to no-operation (NOP) logger implementation
SLF4J: See http://www.slf4j.org/codes.html#StaticLoggerBinder for further details.
Starting ChromeDriver 101.0.4951.41 (93c720db8323b3ec10d056025ab95c23a31997c9-refs/branch-heads/4951@{#904}) on port 57445
Only local connections are allowed.
Please see https://chromedriver.chromium.org/security-considerations for suggestions on keeping ChromeDriver safe.
ChromeDriver was started successfully.
[1665399031.671][WARNING]: This version of ChromeDriver has not been tested with Chrome version 102.
Oct 10, 2022 10:50:31 AM org.openqa.selenium.remote.ProtocolHandshake createSession
INFO: Detected dialect: W3C
Oct 10, 2022 10:50:31 AM org.openqa.selenium.devtools.CdpVersionFinder findNearestMatch
WARNING: Unable to find an exact match for CDP version 102, so returning the closest version found: a no-op implementation
Oct 10, 2022 10:50:31 AM org.openqa.selenium.devtools.CdpVersionFinder findNearestMatch
INFO: Unable to find CDP implementation matching 102.
Oct 10, 2022 10:50:31 AM org.openqa.selenium.chromium.ChromiumDriver lambda$new$3
WARNING: Unable to find version of CDP to use for . You may need to include a dependency on a specific version of the CDP using something similar to `org.seleniumhq.selenium:selenium-devtools-v86:4.0.0` where the version ("v86") matches the version of the chromium-based browser you're using and the version number of the artifact is the same as Selenium's.
Oct 10, 2022 10:50:48 AM se.kth.assertgroup.core.analysis.statediff.ui.StateDiffUIManipulator addStateDiffToExecDiffUI
INFO: Line mappings and vars computed.
Oct 10, 2022 10:50:48 AM se.kth.assertgroup.core.analysis.statediff.ui.StateDiffUIManipulator addStateDiffToExecDiffUI
INFO: For commit ec0623df748f0f7e78505c97283e88df4aea8e78 line mappings and vars computation took 18322 MILLIS
Oct 10, 2022 10:50:50 AM se.kth.assertgroup.core.analysis.statediff.ui.StateDiffUIManipulator addStateDiffToExecDiffUI
INFO: ProgramStateDiff{firstOriginalUniqueStateSummary=UniqueStateSummary{differencingTest=org.apache.commons.math3.distribution.HypergeometricDistributionTest::testMath1021, firstUniqueStateLine=101, firstUniqueVarValLine=101, firstUniqueStateHash=-1836769711, firstUniqueVarVal='p=0.6422518476792236'}, firstPatchedUniqueStateSummary=UniqueStateSummary{differencingTest=org.apache.commons.math3.distribution.HypergeometricDistributionTest::testMath1021, firstUniqueStateLine=101, firstUniqueVarValLine=101, firstUniqueStateHash=1758948696, firstUniqueVarVal='p=0.662232108826375'}, originalUniqueReturn=UniqueReturnSummary{differencingTest=org.apache.commons.math3.distribution.HypergeometricDistributionTest::testMath1021, firstUniqueVarValLine=142, firstUniqueReturnLine=142, firstUniqueReturnHash=-1451969112, firstUniqueVarVal='{return-object}=-50'}, patchedUniqueReturn=UniqueReturnSummary{differencingTest=org.apache.commons.math3.distribution.HypergeometricDistributionTest::testMath1021, firstUniqueVarValLine=141, firstUniqueReturnLine=141, firstUniqueReturnHash=1010715369, firstUniqueVarVal='{return-object}=50'}}
Oct 10, 2022 10:50:50 AM se.kth.assertgroup.core.analysis.statediff.ui.StateDiffUIManipulator addStateDiffToExecDiffUI
INFO: For commit ec0623df748f0f7e78505c97283e88df4aea8e78 diff computation took 1965 MILLIS
Oct 10, 2022 10:50:50 AM se.kth.assertgroup.core.analysis.statediff.ui.StateDiffUIManipulator addStateDiffToExecDiffUI
INFO: For commit ec0623df748f0f7e78505c97283e88df4aea8e78 UI manipulation took 49 MILLIS
