SLF4J: Failed to load class "org.slf4j.impl.StaticLoggerBinder".
SLF4J: Defaulting to no-operation (NOP) logger implementation
SLF4J: See http://www.slf4j.org/codes.html#StaticLoggerBinder for further details.
Starting ChromeDriver 101.0.4951.41 (93c720db8323b3ec10d056025ab95c23a31997c9-refs/branch-heads/4951@{#904}) on port 55847
Only local connections are allowed.
Please see https://chromedriver.chromium.org/security-considerations for suggestions on keeping ChromeDriver safe.
ChromeDriver was started successfully.
[1665635792.049][WARNING]: This version of ChromeDriver has not been tested with Chrome version 102.
Oct 13, 2022 4:36:32 AM org.openqa.selenium.remote.ProtocolHandshake createSession
INFO: Detected dialect: W3C
Oct 13, 2022 4:36:32 AM org.openqa.selenium.devtools.CdpVersionFinder findNearestMatch
WARNING: Unable to find an exact match for CDP version 102, so returning the closest version found: a no-op implementation
Oct 13, 2022 4:36:32 AM org.openqa.selenium.devtools.CdpVersionFinder findNearestMatch
INFO: Unable to find CDP implementation matching 102.
Oct 13, 2022 4:36:32 AM org.openqa.selenium.chromium.ChromiumDriver lambda$new$3
WARNING: Unable to find version of CDP to use for . You may need to include a dependency on a specific version of the CDP using something similar to `org.seleniumhq.selenium:selenium-devtools-v86:4.0.0` where the version ("v86") matches the version of the chromium-based browser you're using and the version number of the artifact is the same as Selenium's.
Oct 13, 2022 4:37:52 AM se.kth.assertgroup.core.analysis.statediff.ui.StateDiffUIManipulator addStateDiffToExecDiffUI
INFO: Line mappings and vars computed.
Oct 13, 2022 4:37:52 AM se.kth.assertgroup.core.analysis.statediff.ui.StateDiffUIManipulator addStateDiffToExecDiffUI
INFO: For commit 09e40b014905153aa3ec35974152e4613b6ec885 line mappings and vars computation took 87580 MILLIS
Oct 13, 2022 4:47:14 AM se.kth.assertgroup.core.analysis.statediff.ui.StateDiffUIManipulator addStateDiffToExecDiffUI
INFO: ProgramStateDiff{firstOriginalUniqueStateSummary=UniqueStateSummary{differencingTest=org.apache.commons.math3.optimization.direct.CMAESOptimizerTest::testFitAccuracyDependsOnBoundary, firstUniqueStateLine=356, firstUniqueVarValLine=360, firstUniqueStateHash=1395337486, firstUniqueVarVal='fitfun.this$0.random.mt=[-2147483648,258725800,-479210503,-399162010,-460409153,-1422769625,563588083,185070374,-175987384,446637327]'}, firstPatchedUniqueStateSummary=UniqueStateSummary{differencingTest=org.apache.commons.math3.optimization.direct.CMAESOptimizerTest::testFitAccuracyDependsOnBoundary, firstUniqueStateLine=356, firstUniqueVarValLine=360, firstUniqueStateHash=-796929546, firstUniqueVarVal='fitfun.this$0.random.mt=[-2147483648,-1045974361,-168831842,908384872,-124163322,-1815246789,275410737,1500223626,183353915,1710724239]'}, originalUniqueReturn=UniqueReturnSummary{differencingTest=org.apache.commons.math3.optimization.direct.CMAESOptimizerTest::testFitAccuracyDependsOnBoundary, firstUniqueVarValLine=498, firstUniqueReturnLine=498, firstUniqueReturnHash=-1368217945, firstUniqueVarVal='{return-object}.key[0]=11.100000001034555'}, patchedUniqueReturn=UniqueReturnSummary{differencingTest=org.apache.commons.math3.optimization.direct.CMAESOptimizerTest::testFitAccuracyDependsOnBoundary, firstUniqueVarValLine=498, firstUniqueReturnLine=498, firstUniqueReturnHash=-219650367, firstUniqueVarVal='{return-object}.key[0]=1.0'}}
Oct 13, 2022 4:47:14 AM se.kth.assertgroup.core.analysis.statediff.ui.StateDiffUIManipulator addStateDiffToExecDiffUI
INFO: For commit 09e40b014905153aa3ec35974152e4613b6ec885 diff computation took 562151 MILLIS
Oct 13, 2022 4:47:14 AM se.kth.assertgroup.core.analysis.statediff.ui.StateDiffUIManipulator addStateDiffToExecDiffUI
INFO: For commit 09e40b014905153aa3ec35974152e4613b6ec885 UI manipulation took 82 MILLIS
