SLF4J: Failed to load class "org.slf4j.impl.StaticLoggerBinder".
SLF4J: Defaulting to no-operation (NOP) logger implementation
SLF4J: See http://www.slf4j.org/codes.html#StaticLoggerBinder for further details.
Starting ChromeDriver 101.0.4951.41 (93c720db8323b3ec10d056025ab95c23a31997c9-refs/branch-heads/4951@{#904}) on port 59723
Only local connections are allowed.
Please see https://chromedriver.chromium.org/security-considerations for suggestions on keeping ChromeDriver safe.
ChromeDriver was started successfully.
[1665381271.219][WARNING]: This version of ChromeDriver has not been tested with Chrome version 102.
Oct 10, 2022 5:54:31 AM org.openqa.selenium.remote.ProtocolHandshake createSession
INFO: Detected dialect: W3C
Oct 10, 2022 5:54:31 AM org.openqa.selenium.devtools.CdpVersionFinder findNearestMatch
WARNING: Unable to find an exact match for CDP version 102, so returning the closest version found: a no-op implementation
Oct 10, 2022 5:54:31 AM org.openqa.selenium.devtools.CdpVersionFinder findNearestMatch
INFO: Unable to find CDP implementation matching 102.
Oct 10, 2022 5:54:31 AM org.openqa.selenium.chromium.ChromiumDriver lambda$new$3
WARNING: Unable to find version of CDP to use for . You may need to include a dependency on a specific version of the CDP using something similar to `org.seleniumhq.selenium:selenium-devtools-v86:4.0.0` where the version ("v86") matches the version of the chromium-based browser you're using and the version number of the artifact is the same as Selenium's.
Oct 10, 2022 5:54:51 AM se.kth.assertgroup.core.analysis.statediff.ui.StateDiffUIManipulator addStateDiffToExecDiffUI
INFO: Line mappings and vars computed.
Oct 10, 2022 5:54:51 AM se.kth.assertgroup.core.analysis.statediff.ui.StateDiffUIManipulator addStateDiffToExecDiffUI
INFO: For commit 6ac4672bf5c560e734e27a6ec9f363ace5961ee1 line mappings and vars computation took 22604 MILLIS
Oct 10, 2022 5:54:52 AM se.kth.assertgroup.core.analysis.statediff.ui.StateDiffUIManipulator addStateDiffToExecDiffUI
INFO: ProgramStateDiff{firstOriginalUniqueStateSummary=UniqueStateSummary{differencingTest=org.joda.time.field.TestFieldUtils::testSafeMultiplyLongInt, firstUniqueStateLine=138, firstUniqueVarValLine=138, firstUniqueStateHash=-1274738072, firstUniqueVarVal='val1=-9223372036854775808'}, firstPatchedUniqueStateSummary=UniqueStateSummary{differencingTest=org.joda.time.field.TestFieldUtils::testSafeMultiplyLongInt, firstUniqueStateLine=136, firstUniqueVarValLine=136, firstUniqueStateHash=-858583187, firstUniqueVarVal='val2=100'}, originalUniqueReturn=UniqueReturnSummary{differencingTest=org.joda.time.field.TestFieldUtils::testSafeMultiplyLongInt, firstUniqueVarValLine=138, firstUniqueReturnLine=138, firstUniqueReturnHash=2035701220, firstUniqueVarVal='{return-object}=-9223372036854775808'}, patchedUniqueReturn=UniqueReturnSummary{differencingTest=null, firstUniqueVarValLine=null, firstUniqueReturnLine=null, firstUniqueReturnHash=null, firstUniqueVarVal='null'}}
Oct 10, 2022 5:54:52 AM se.kth.assertgroup.core.analysis.statediff.ui.StateDiffUIManipulator addStateDiffToExecDiffUI
INFO: For commit 6ac4672bf5c560e734e27a6ec9f363ace5961ee1 diff computation took 53 MILLIS
Oct 10, 2022 5:54:52 AM se.kth.assertgroup.core.analysis.statediff.ui.StateDiffUIManipulator addStateDiffToExecDiffUI
INFO: For commit 6ac4672bf5c560e734e27a6ec9f363ace5961ee1 UI manipulation took 42 MILLIS
