HEAD is now at e5d67a81 bugs added
WARNING: An illegal reflective access operation has occurred
WARNING: Illegal reflective access by com.google.inject.internal.cglib.core.$ReflectUtils$1 (file:/usr/share/maven/lib/guice.jar) to method java.lang.ClassLoader.defineClass(java.lang.String,byte[],int,int,java.security.ProtectionDomain)
WARNING: Please consider reporting this to the maintainers of com.google.inject.internal.cglib.core.$ReflectUtils$1
WARNING: Use --illegal-access=warn to enable warnings of further illegal reflective access operations
WARNING: All illegal access operations will be denied in a future release
WARNING: An illegal reflective access operation has occurred
WARNING: Illegal reflective access by com.google.inject.internal.cglib.core.$ReflectUtils$1 (file:/usr/share/maven/lib/guice.jar) to method java.lang.ClassLoader.defineClass(java.lang.String,byte[],int,int,java.security.ProtectionDomain)
WARNING: Please consider reporting this to the maintainers of com.google.inject.internal.cglib.core.$ReflectUtils$1
WARNING: Use --illegal-access=warn to enable warnings of further illegal reflective access operations
WARNING: All illegal access operations will be denied in a future release
Previous HEAD position was e5d67a81 bugs added
HEAD is now at f8431b4c patch applied
WARNING: An illegal reflective access operation has occurred
WARNING: Illegal reflective access by com.google.inject.internal.cglib.core.$ReflectUtils$1 (file:/usr/share/maven/lib/guice.jar) to method java.lang.ClassLoader.defineClass(java.lang.String,byte[],int,int,java.security.ProtectionDomain)
WARNING: Please consider reporting this to the maintainers of com.google.inject.internal.cglib.core.$ReflectUtils$1
WARNING: Use --illegal-access=warn to enable warnings of further illegal reflective access operations
WARNING: All illegal access operations will be denied in a future release
WARNING: An illegal reflective access operation has occurred
WARNING: Illegal reflective access by com.google.inject.internal.cglib.core.$ReflectUtils$1 (file:/usr/share/maven/lib/guice.jar) to method java.lang.ClassLoader.defineClass(java.lang.String,byte[],int,int,java.security.ProtectionDomain)
WARNING: Please consider reporting this to the maintainers of com.google.inject.internal.cglib.core.$ReflectUtils$1
WARNING: Use --illegal-access=warn to enable warnings of further illegal reflective access operations
WARNING: All illegal access operations will be denied in a future release
SLF4J: Failed to load class "org.slf4j.impl.StaticLoggerBinder".
SLF4J: Defaulting to no-operation (NOP) logger implementation
SLF4J: See http://www.slf4j.org/codes.html#StaticLoggerBinder for further details.
Oct 13, 2022 3:07:20 AM se.kth.debug.Debugger launchVMAndJunit
INFO: java -cp /home/khesoem/exec-diff/d2/collector-sahab/target/collector-sahab-0.0.1-SNAPSHOT-jar-with-dependencies.jar:/home/khesoem/exec-diff/d2/drr-execdiff/Time-17/sahab-left_f8431b4cbe4570108789c8ad6a23f02cab486b05/classes:/home/khesoem/exec-diff/d2/drr-execdiff/Time-17/sahab-left_f8431b4cbe4570108789c8ad6a23f02cab486b05/test-classes:/root/.m2/repository/org/joda/joda-convert/1.1/joda-convert-1.1.jar:/root/.m2/repository/junit/junit/3.8.2/junit-3.8.2.jar se.kth.debug.JUnitTestRunner org.joda.time.TestDateTimeZoneCutover::testBug3476684_adjustOffset
Oct 13, 2022 3:07:20 AM se.kth.debug.Debugger launchVMAndJunit
INFO: Connected to port: 39569
Oct 13, 2022 3:07:20 AM se.kth.debug.Debugger addClassPrepareEvent
INFO: org.joda.time.DateTimeZone added!
Oct 13, 2022 3:07:30 AM se.kth.debug.EventProcessor startEventProcessor
WARNING: com.sun.jdi.VMDisconnectedException
Oct 13, 2022 3:07:30 AM se.kth.debug.Collector write
INFO: Breakpoints serialised!
Oct 13, 2022 3:07:30 AM se.kth.debug.Collector write
INFO: Return values serialised!
Oct 13, 2022 3:07:30 AM se.kth.debug.Collector write
INFO: File output to: /home/khesoem/exec-diff/d2/output/sahab-reports/f8431b4cbe4570108789c8ad6a23f02cab486b05/left.json
Oct 13, 2022 3:07:31 AM se.kth.debug.Debugger launchVMAndJunit
INFO: java -cp /home/khesoem/exec-diff/d2/collector-sahab/target/collector-sahab-0.0.1-SNAPSHOT-jar-with-dependencies.jar:/home/khesoem/exec-diff/d2/drr-execdiff/Time-17/sahab-right_f8431b4cbe4570108789c8ad6a23f02cab486b05/classes:/home/khesoem/exec-diff/d2/drr-execdiff/Time-17/sahab-right_f8431b4cbe4570108789c8ad6a23f02cab486b05/test-classes:/root/.m2/repository/org/joda/joda-convert/1.1/joda-convert-1.1.jar:/root/.m2/repository/junit/junit/3.8.2/junit-3.8.2.jar se.kth.debug.JUnitTestRunner org.joda.time.TestDateTimeZoneCutover::testBug3476684_adjustOffset
Oct 13, 2022 3:07:31 AM se.kth.debug.Debugger launchVMAndJunit
INFO: Connected to port: 48663
Oct 13, 2022 3:07:31 AM se.kth.debug.Debugger addClassPrepareEvent
INFO: org.joda.time.DateTimeZone added!
Oct 13, 2022 3:07:41 AM se.kth.debug.EventProcessor startEventProcessor
WARNING: com.sun.jdi.VMDisconnectedException
Oct 13, 2022 3:07:42 AM se.kth.debug.Collector write
INFO: Breakpoints serialised!
Oct 13, 2022 3:07:42 AM se.kth.debug.Collector write
INFO: Return values serialised!
Oct 13, 2022 3:07:42 AM se.kth.debug.Collector write
INFO: File output to: /home/khesoem/exec-diff/d2/output/sahab-reports/f8431b4cbe4570108789c8ad6a23f02cab486b05/right.json
