HEAD is now at e5d67a81 bugs added
WARNING: An illegal reflective access operation has occurred
WARNING: Illegal reflective access by com.google.inject.internal.cglib.core.$ReflectUtils$1 (file:/usr/share/maven/lib/guice.jar) to method java.lang.ClassLoader.defineClass(java.lang.String,byte[],int,int,java.security.ProtectionDomain)
WARNING: Please consider reporting this to the maintainers of com.google.inject.internal.cglib.core.$ReflectUtils$1
WARNING: Use --illegal-access=warn to enable warnings of further illegal reflective access operations
WARNING: All illegal access operations will be denied in a future release
WARNING: An illegal reflective access operation has occurred
WARNING: Illegal reflective access by com.google.inject.internal.cglib.core.$ReflectUtils$1 (file:/usr/share/maven/lib/guice.jar) to method java.lang.ClassLoader.defineClass(java.lang.String,byte[],int,int,java.security.ProtectionDomain)
WARNING: Please consider reporting this to the maintainers of com.google.inject.internal.cglib.core.$ReflectUtils$1
WARNING: Use --illegal-access=warn to enable warnings of further illegal reflective access operations
WARNING: All illegal access operations will be denied in a future release
Previous HEAD position was e5d67a81 bugs added
HEAD is now at 8f688d11 patch applied
WARNING: An illegal reflective access operation has occurred
WARNING: Illegal reflective access by com.google.inject.internal.cglib.core.$ReflectUtils$1 (file:/usr/share/maven/lib/guice.jar) to method java.lang.ClassLoader.defineClass(java.lang.String,byte[],int,int,java.security.ProtectionDomain)
WARNING: Please consider reporting this to the maintainers of com.google.inject.internal.cglib.core.$ReflectUtils$1
WARNING: Use --illegal-access=warn to enable warnings of further illegal reflective access operations
WARNING: All illegal access operations will be denied in a future release
WARNING: An illegal reflective access operation has occurred
WARNING: Illegal reflective access by com.google.inject.internal.cglib.core.$ReflectUtils$1 (file:/usr/share/maven/lib/guice.jar) to method java.lang.ClassLoader.defineClass(java.lang.String,byte[],int,int,java.security.ProtectionDomain)
WARNING: Please consider reporting this to the maintainers of com.google.inject.internal.cglib.core.$ReflectUtils$1
WARNING: Use --illegal-access=warn to enable warnings of further illegal reflective access operations
WARNING: All illegal access operations will be denied in a future release
SLF4J: Failed to load class "org.slf4j.impl.StaticLoggerBinder".
SLF4J: Defaulting to no-operation (NOP) logger implementation
SLF4J: See http://www.slf4j.org/codes.html#StaticLoggerBinder for further details.
Oct 11, 2022 10:16:11 AM se.kth.debug.Debugger launchVMAndJunit
INFO: java -cp /home/khesoem/exec-diff/d2/collector-sahab/target/collector-sahab-0.0.1-SNAPSHOT-jar-with-dependencies.jar:/home/khesoem/exec-diff/d2/drr-execdiff/Math-88/sahab-left_8f688d11a3c7803f52dc4eae0660398a9a84076b/classes:/home/khesoem/exec-diff/d2/drr-execdiff/Math-88/sahab-left_8f688d11a3c7803f52dc4eae0660398a9a84076b/test-classes:/root/.m2/repository/junit/junit/4.4/junit-4.4.jar se.kth.debug.JUnitTestRunner org.apache.commons.math.optimization.linear.SimplexSolverTest::testMath272
Oct 11, 2022 10:16:11 AM se.kth.debug.Debugger launchVMAndJunit
INFO: Connected to port: 52057
Oct 11, 2022 10:16:11 AM se.kth.debug.Debugger addClassPrepareEvent
INFO: org.apache.commons.math.optimization.linear.SimplexSolver added!
Oct 11, 2022 10:16:14 AM se.kth.debug.EventProcessor startEventProcessor
WARNING: com.sun.jdi.VMDisconnectedException
Oct 11, 2022 10:16:14 AM se.kth.debug.Collector write
INFO: Breakpoints serialised!
Oct 11, 2022 10:16:14 AM se.kth.debug.Collector write
INFO: Return values serialised!
Oct 11, 2022 10:16:14 AM se.kth.debug.Collector write
INFO: File output to: /home/khesoem/exec-diff/d2/output/sahab-reports/8f688d11a3c7803f52dc4eae0660398a9a84076b/left.json
Oct 11, 2022 10:16:15 AM se.kth.debug.Debugger launchVMAndJunit
INFO: java -cp /home/khesoem/exec-diff/d2/collector-sahab/target/collector-sahab-0.0.1-SNAPSHOT-jar-with-dependencies.jar:/home/khesoem/exec-diff/d2/drr-execdiff/Math-88/sahab-right_8f688d11a3c7803f52dc4eae0660398a9a84076b/classes:/home/khesoem/exec-diff/d2/drr-execdiff/Math-88/sahab-right_8f688d11a3c7803f52dc4eae0660398a9a84076b/test-classes:/root/.m2/repository/junit/junit/4.4/junit-4.4.jar se.kth.debug.JUnitTestRunner org.apache.commons.math.optimization.linear.SimplexSolverTest::testMath272
Oct 11, 2022 10:16:15 AM se.kth.debug.Debugger launchVMAndJunit
INFO: Connected to port: 42681
Oct 11, 2022 10:16:15 AM se.kth.debug.Debugger addClassPrepareEvent
INFO: org.apache.commons.math.optimization.linear.SimplexSolver added!
Oct 11, 2022 10:16:17 AM se.kth.debug.EventProcessor startEventProcessor
WARNING: com.sun.jdi.VMDisconnectedException
Oct 11, 2022 10:16:17 AM se.kth.debug.Collector write
INFO: Breakpoints serialised!
Oct 11, 2022 10:16:17 AM se.kth.debug.Collector write
INFO: Return values serialised!
Oct 11, 2022 10:16:17 AM se.kth.debug.Collector write
INFO: File output to: /home/khesoem/exec-diff/d2/output/sahab-reports/8f688d11a3c7803f52dc4eae0660398a9a84076b/right.json
