HEAD is now at e5d67a81 bugs added
WARNING: An illegal reflective access operation has occurred
WARNING: Illegal reflective access by com.google.inject.internal.cglib.core.$ReflectUtils$1 (file:/usr/share/maven/lib/guice.jar) to method java.lang.ClassLoader.defineClass(java.lang.String,byte[],int,int,java.security.ProtectionDomain)
WARNING: Please consider reporting this to the maintainers of com.google.inject.internal.cglib.core.$ReflectUtils$1
WARNING: Use --illegal-access=warn to enable warnings of further illegal reflective access operations
WARNING: All illegal access operations will be denied in a future release
WARNING: An illegal reflective access operation has occurred
WARNING: Illegal reflective access by com.google.inject.internal.cglib.core.$ReflectUtils$1 (file:/usr/share/maven/lib/guice.jar) to method java.lang.ClassLoader.defineClass(java.lang.String,byte[],int,int,java.security.ProtectionDomain)
WARNING: Please consider reporting this to the maintainers of com.google.inject.internal.cglib.core.$ReflectUtils$1
WARNING: Use --illegal-access=warn to enable warnings of further illegal reflective access operations
WARNING: All illegal access operations will be denied in a future release
Previous HEAD position was e5d67a81 bugs added
HEAD is now at 9dfca56f patch applied
WARNING: An illegal reflective access operation has occurred
WARNING: Illegal reflective access by com.google.inject.internal.cglib.core.$ReflectUtils$1 (file:/usr/share/maven/lib/guice.jar) to method java.lang.ClassLoader.defineClass(java.lang.String,byte[],int,int,java.security.ProtectionDomain)
WARNING: Please consider reporting this to the maintainers of com.google.inject.internal.cglib.core.$ReflectUtils$1
WARNING: Use --illegal-access=warn to enable warnings of further illegal reflective access operations
WARNING: All illegal access operations will be denied in a future release
WARNING: An illegal reflective access operation has occurred
WARNING: Illegal reflective access by com.google.inject.internal.cglib.core.$ReflectUtils$1 (file:/usr/share/maven/lib/guice.jar) to method java.lang.ClassLoader.defineClass(java.lang.String,byte[],int,int,java.security.ProtectionDomain)
WARNING: Please consider reporting this to the maintainers of com.google.inject.internal.cglib.core.$ReflectUtils$1
WARNING: Use --illegal-access=warn to enable warnings of further illegal reflective access operations
WARNING: All illegal access operations will be denied in a future release
SLF4J: Failed to load class "org.slf4j.impl.StaticLoggerBinder".
SLF4J: Defaulting to no-operation (NOP) logger implementation
SLF4J: See http://www.slf4j.org/codes.html#StaticLoggerBinder for further details.
Oct 15, 2022 5:11:24 AM se.kth.debug.Debugger launchVMAndJunit
INFO: java -cp /home/khesoem/exec-diff/d2/collector-sahab/target/collector-sahab-0.0.1-SNAPSHOT-jar-with-dependencies.jar:/home/khesoem/exec-diff/d2/drr-execdiff/Math-40/sahab-left_9dfca56fa7be3c517019fd810a73dcae14cea2ea/classes:/home/khesoem/exec-diff/d2/drr-execdiff/Math-40/sahab-left_9dfca56fa7be3c517019fd810a73dcae14cea2ea/test-classes:/root/.m2/repository/junit/junit/4.8.2/junit-4.8.2.jar se.kth.debug.JUnitTestRunner org.apache.commons.math.analysis.solvers.BracketingNthOrderBrentSolverTest::testIssue716
Oct 15, 2022 5:11:24 AM se.kth.debug.Debugger launchVMAndJunit
INFO: Connected to port: 56339
Oct 15, 2022 5:11:24 AM se.kth.debug.Debugger addClassPrepareEvent
INFO: org.apache.commons.math.analysis.solvers.BracketingNthOrderBrentSolver added!
Oct 15, 2022 5:13:19 AM se.kth.debug.EventProcessor startEventProcessor
WARNING: com.sun.jdi.VMDisconnectedException
Oct 15, 2022 5:13:31 AM se.kth.debug.Collector write
INFO: Breakpoints serialised!
Oct 15, 2022 5:13:31 AM se.kth.debug.Collector write
INFO: Return values serialised!
Oct 15, 2022 5:13:31 AM se.kth.debug.Collector write
INFO: File output to: /home/khesoem/exec-diff/d2/output/sahab-reports/9dfca56fa7be3c517019fd810a73dcae14cea2ea/left.json
Oct 15, 2022 5:13:32 AM se.kth.debug.Debugger launchVMAndJunit
INFO: java -cp /home/khesoem/exec-diff/d2/collector-sahab/target/collector-sahab-0.0.1-SNAPSHOT-jar-with-dependencies.jar:/home/khesoem/exec-diff/d2/drr-execdiff/Math-40/sahab-right_9dfca56fa7be3c517019fd810a73dcae14cea2ea/classes:/home/khesoem/exec-diff/d2/drr-execdiff/Math-40/sahab-right_9dfca56fa7be3c517019fd810a73dcae14cea2ea/test-classes:/root/.m2/repository/junit/junit/4.8.2/junit-4.8.2.jar se.kth.debug.JUnitTestRunner org.apache.commons.math.analysis.solvers.BracketingNthOrderBrentSolverTest::testIssue716
Oct 15, 2022 5:13:32 AM se.kth.debug.Debugger launchVMAndJunit
INFO: Connected to port: 46185
Oct 15, 2022 5:13:32 AM se.kth.debug.Debugger addClassPrepareEvent
INFO: org.apache.commons.math.analysis.solvers.BracketingNthOrderBrentSolver added!
Oct 15, 2022 5:13:41 AM se.kth.debug.EventProcessor startEventProcessor
WARNING: com.sun.jdi.VMDisconnectedException
Oct 15, 2022 5:13:42 AM se.kth.debug.Collector write
INFO: Breakpoints serialised!
Oct 15, 2022 5:13:42 AM se.kth.debug.Collector write
INFO: Return values serialised!
Oct 15, 2022 5:13:42 AM se.kth.debug.Collector write
INFO: File output to: /home/khesoem/exec-diff/d2/output/sahab-reports/9dfca56fa7be3c517019fd810a73dcae14cea2ea/right.json
