HEAD is now at e5d67a81 bugs added
WARNING: An illegal reflective access operation has occurred
WARNING: Illegal reflective access by com.google.inject.internal.cglib.core.$ReflectUtils$1 (file:/usr/share/maven/lib/guice.jar) to method java.lang.ClassLoader.defineClass(java.lang.String,byte[],int,int,java.security.ProtectionDomain)
WARNING: Please consider reporting this to the maintainers of com.google.inject.internal.cglib.core.$ReflectUtils$1
WARNING: Use --illegal-access=warn to enable warnings of further illegal reflective access operations
WARNING: All illegal access operations will be denied in a future release
WARNING: An illegal reflective access operation has occurred
WARNING: Illegal reflective access by com.google.inject.internal.cglib.core.$ReflectUtils$1 (file:/usr/share/maven/lib/guice.jar) to method java.lang.ClassLoader.defineClass(java.lang.String,byte[],int,int,java.security.ProtectionDomain)
WARNING: Please consider reporting this to the maintainers of com.google.inject.internal.cglib.core.$ReflectUtils$1
WARNING: Use --illegal-access=warn to enable warnings of further illegal reflective access operations
WARNING: All illegal access operations will be denied in a future release
Previous HEAD position was e5d67a81 bugs added
HEAD is now at d4c1da3c patch applied
WARNING: An illegal reflective access operation has occurred
WARNING: Illegal reflective access by com.google.inject.internal.cglib.core.$ReflectUtils$1 (file:/usr/share/maven/lib/guice.jar) to method java.lang.ClassLoader.defineClass(java.lang.String,byte[],int,int,java.security.ProtectionDomain)
WARNING: Please consider reporting this to the maintainers of com.google.inject.internal.cglib.core.$ReflectUtils$1
WARNING: Use --illegal-access=warn to enable warnings of further illegal reflective access operations
WARNING: All illegal access operations will be denied in a future release
WARNING: An illegal reflective access operation has occurred
WARNING: Illegal reflective access by com.google.inject.internal.cglib.core.$ReflectUtils$1 (file:/usr/share/maven/lib/guice.jar) to method java.lang.ClassLoader.defineClass(java.lang.String,byte[],int,int,java.security.ProtectionDomain)
WARNING: Please consider reporting this to the maintainers of com.google.inject.internal.cglib.core.$ReflectUtils$1
WARNING: Use --illegal-access=warn to enable warnings of further illegal reflective access operations
WARNING: All illegal access operations will be denied in a future release
SLF4J: Failed to load class "org.slf4j.impl.StaticLoggerBinder".
SLF4J: Defaulting to no-operation (NOP) logger implementation
SLF4J: See http://www.slf4j.org/codes.html#StaticLoggerBinder for further details.
Oct 09, 2022 10:00:44 PM se.kth.debug.Debugger launchVMAndJunit
INFO: java -cp /home/khesoem/exec-diff/d2/collector-sahab/target/collector-sahab-0.0.1-SNAPSHOT-jar-with-dependencies.jar:/home/khesoem/exec-diff/d2/drr-execdiff/Math-74/sahab-left_d4c1da3ceadd8113b544e697db375c572d7de30e/classes:/home/khesoem/exec-diff/d2/drr-execdiff/Math-74/sahab-left_d4c1da3ceadd8113b544e697db375c572d7de30e/test-classes:/root/.m2/repository/junit/junit/4.4/junit-4.4.jar se.kth.debug.JUnitTestRunner org.apache.commons.math.ode.nonstiff.AdamsMoultonIntegratorTest::polynomial
Oct 09, 2022 10:00:44 PM se.kth.debug.Debugger launchVMAndJunit
INFO: Connected to port: 59173
Oct 09, 2022 10:00:45 PM se.kth.debug.Debugger addClassPrepareEvent
INFO: org.apache.commons.math.ode.MultistepIntegrator$NordsieckInitializer added!
Oct 09, 2022 10:00:59 PM se.kth.debug.EventProcessor startEventProcessor
WARNING: com.sun.jdi.VMDisconnectedException
Oct 09, 2022 10:01:00 PM se.kth.debug.Collector write
INFO: Breakpoints serialised!
Oct 09, 2022 10:01:00 PM se.kth.debug.Collector write
INFO: No method exits were encountered.
Oct 09, 2022 10:01:00 PM se.kth.debug.Collector write
INFO: File output to: /home/khesoem/exec-diff/d2/output/sahab-reports/d4c1da3ceadd8113b544e697db375c572d7de30e/left.json
Oct 09, 2022 10:01:01 PM se.kth.debug.Debugger launchVMAndJunit
INFO: java -cp /home/khesoem/exec-diff/d2/collector-sahab/target/collector-sahab-0.0.1-SNAPSHOT-jar-with-dependencies.jar:/home/khesoem/exec-diff/d2/drr-execdiff/Math-74/sahab-right_d4c1da3ceadd8113b544e697db375c572d7de30e/classes:/home/khesoem/exec-diff/d2/drr-execdiff/Math-74/sahab-right_d4c1da3ceadd8113b544e697db375c572d7de30e/test-classes:/root/.m2/repository/junit/junit/4.4/junit-4.4.jar se.kth.debug.JUnitTestRunner org.apache.commons.math.ode.nonstiff.AdamsMoultonIntegratorTest::polynomial
Oct 09, 2022 10:01:01 PM se.kth.debug.Debugger launchVMAndJunit
INFO: Connected to port: 56185
Oct 09, 2022 10:01:01 PM se.kth.debug.Debugger addClassPrepareEvent
INFO: org.apache.commons.math.ode.MultistepIntegrator$NordsieckInitializer added!
Oct 09, 2022 10:01:15 PM se.kth.debug.EventProcessor startEventProcessor
WARNING: com.sun.jdi.VMDisconnectedException
Oct 09, 2022 10:01:16 PM se.kth.debug.Collector write
INFO: Breakpoints serialised!
Oct 09, 2022 10:01:16 PM se.kth.debug.Collector write
INFO: No method exits were encountered.
Oct 09, 2022 10:01:16 PM se.kth.debug.Collector write
INFO: File output to: /home/khesoem/exec-diff/d2/output/sahab-reports/d4c1da3ceadd8113b544e697db375c572d7de30e/right.json
