HEAD is now at e5d67a81 bugs added
WARNING: An illegal reflective access operation has occurred
WARNING: Illegal reflective access by com.google.inject.internal.cglib.core.$ReflectUtils$1 (file:/usr/share/maven/lib/guice.jar) to method java.lang.ClassLoader.defineClass(java.lang.String,byte[],int,int,java.security.ProtectionDomain)
WARNING: Please consider reporting this to the maintainers of com.google.inject.internal.cglib.core.$ReflectUtils$1
WARNING: Use --illegal-access=warn to enable warnings of further illegal reflective access operations
WARNING: All illegal access operations will be denied in a future release
WARNING: An illegal reflective access operation has occurred
WARNING: Illegal reflective access by com.google.inject.internal.cglib.core.$ReflectUtils$1 (file:/usr/share/maven/lib/guice.jar) to method java.lang.ClassLoader.defineClass(java.lang.String,byte[],int,int,java.security.ProtectionDomain)
WARNING: Please consider reporting this to the maintainers of com.google.inject.internal.cglib.core.$ReflectUtils$1
WARNING: Use --illegal-access=warn to enable warnings of further illegal reflective access operations
WARNING: All illegal access operations will be denied in a future release
Previous HEAD position was e5d67a81 bugs added
HEAD is now at b80210e1 patch applied
WARNING: An illegal reflective access operation has occurred
WARNING: Illegal reflective access by com.google.inject.internal.cglib.core.$ReflectUtils$1 (file:/usr/share/maven/lib/guice.jar) to method java.lang.ClassLoader.defineClass(java.lang.String,byte[],int,int,java.security.ProtectionDomain)
WARNING: Please consider reporting this to the maintainers of com.google.inject.internal.cglib.core.$ReflectUtils$1
WARNING: Use --illegal-access=warn to enable warnings of further illegal reflective access operations
WARNING: All illegal access operations will be denied in a future release
WARNING: An illegal reflective access operation has occurred
WARNING: Illegal reflective access by com.google.inject.internal.cglib.core.$ReflectUtils$1 (file:/usr/share/maven/lib/guice.jar) to method java.lang.ClassLoader.defineClass(java.lang.String,byte[],int,int,java.security.ProtectionDomain)
WARNING: Please consider reporting this to the maintainers of com.google.inject.internal.cglib.core.$ReflectUtils$1
WARNING: Use --illegal-access=warn to enable warnings of further illegal reflective access operations
WARNING: All illegal access operations will be denied in a future release
SLF4J: Failed to load class "org.slf4j.impl.StaticLoggerBinder".
SLF4J: Defaulting to no-operation (NOP) logger implementation
SLF4J: See http://www.slf4j.org/codes.html#StaticLoggerBinder for further details.
Oct 14, 2022 4:32:26 PM se.kth.debug.Debugger launchVMAndJunit
INFO: java -cp /home/khesoem/exec-diff/d2/collector-sahab/target/collector-sahab-0.0.1-SNAPSHOT-jar-with-dependencies.jar:/home/khesoem/exec-diff/d2/drr-execdiff/Math-97/sahab-left_b80210e1b93b5b074b85069f52ec4ac51b75668d/classes:/home/khesoem/exec-diff/d2/drr-execdiff/Math-97/sahab-left_b80210e1b93b5b074b85069f52ec4ac51b75668d/test-classes:/root/.m2/repository/junit/junit/4.4/junit-4.4.jar se.kth.debug.JUnitTestRunner org.apache.commons.math.analysis.BrentSolverTest::testRootEndpoints
Oct 14, 2022 4:32:26 PM se.kth.debug.Debugger launchVMAndJunit
INFO: Connected to port: 36125
Oct 14, 2022 4:32:26 PM se.kth.debug.Debugger addClassPrepareEvent
INFO: org.apache.commons.math.analysis.BrentSolver added!
Oct 14, 2022 4:32:27 PM se.kth.debug.EventProcessor startEventProcessor
WARNING: com.sun.jdi.VMDisconnectedException
Oct 14, 2022 4:32:27 PM se.kth.debug.Collector write
INFO: Breakpoints serialised!
Oct 14, 2022 4:32:27 PM se.kth.debug.Collector write
INFO: Return values serialised!
Oct 14, 2022 4:32:27 PM se.kth.debug.Collector write
INFO: File output to: /home/khesoem/exec-diff/d2/output/sahab-reports/b80210e1b93b5b074b85069f52ec4ac51b75668d/left.json
Oct 14, 2022 4:32:28 PM se.kth.debug.Debugger launchVMAndJunit
INFO: java -cp /home/khesoem/exec-diff/d2/collector-sahab/target/collector-sahab-0.0.1-SNAPSHOT-jar-with-dependencies.jar:/home/khesoem/exec-diff/d2/drr-execdiff/Math-97/sahab-right_b80210e1b93b5b074b85069f52ec4ac51b75668d/classes:/home/khesoem/exec-diff/d2/drr-execdiff/Math-97/sahab-right_b80210e1b93b5b074b85069f52ec4ac51b75668d/test-classes:/root/.m2/repository/junit/junit/4.4/junit-4.4.jar se.kth.debug.JUnitTestRunner org.apache.commons.math.analysis.BrentSolverTest::testRootEndpoints
Oct 14, 2022 4:32:28 PM se.kth.debug.Debugger launchVMAndJunit
INFO: Connected to port: 44113
Oct 14, 2022 4:32:28 PM se.kth.debug.Debugger addClassPrepareEvent
INFO: org.apache.commons.math.analysis.BrentSolver added!
Oct 14, 2022 4:32:29 PM se.kth.debug.EventProcessor startEventProcessor
WARNING: com.sun.jdi.VMDisconnectedException
Oct 14, 2022 4:32:29 PM se.kth.debug.Collector write
INFO: Breakpoints serialised!
Oct 14, 2022 4:32:29 PM se.kth.debug.Collector write
INFO: Return values serialised!
Oct 14, 2022 4:32:29 PM se.kth.debug.Collector write
INFO: File output to: /home/khesoem/exec-diff/d2/output/sahab-reports/b80210e1b93b5b074b85069f52ec4ac51b75668d/right.json
