HEAD is now at e5d67a81 bugs added
WARNING: An illegal reflective access operation has occurred
WARNING: Illegal reflective access by com.google.inject.internal.cglib.core.$ReflectUtils$1 (file:/usr/share/maven/lib/guice.jar) to method java.lang.ClassLoader.defineClass(java.lang.String,byte[],int,int,java.security.ProtectionDomain)
WARNING: Please consider reporting this to the maintainers of com.google.inject.internal.cglib.core.$ReflectUtils$1
WARNING: Use --illegal-access=warn to enable warnings of further illegal reflective access operations
WARNING: All illegal access operations will be denied in a future release
WARNING: An illegal reflective access operation has occurred
WARNING: Illegal reflective access by com.google.inject.internal.cglib.core.$ReflectUtils$1 (file:/usr/share/maven/lib/guice.jar) to method java.lang.ClassLoader.defineClass(java.lang.String,byte[],int,int,java.security.ProtectionDomain)
WARNING: Please consider reporting this to the maintainers of com.google.inject.internal.cglib.core.$ReflectUtils$1
WARNING: Use --illegal-access=warn to enable warnings of further illegal reflective access operations
WARNING: All illegal access operations will be denied in a future release
Previous HEAD position was e5d67a81 bugs added
HEAD is now at 93f034c6 patch applied
WARNING: An illegal reflective access operation has occurred
WARNING: Illegal reflective access by com.google.inject.internal.cglib.core.$ReflectUtils$1 (file:/usr/share/maven/lib/guice.jar) to method java.lang.ClassLoader.defineClass(java.lang.String,byte[],int,int,java.security.ProtectionDomain)
WARNING: Please consider reporting this to the maintainers of com.google.inject.internal.cglib.core.$ReflectUtils$1
WARNING: Use --illegal-access=warn to enable warnings of further illegal reflective access operations
WARNING: All illegal access operations will be denied in a future release
WARNING: An illegal reflective access operation has occurred
WARNING: Illegal reflective access by com.google.inject.internal.cglib.core.$ReflectUtils$1 (file:/usr/share/maven/lib/guice.jar) to method java.lang.ClassLoader.defineClass(java.lang.String,byte[],int,int,java.security.ProtectionDomain)
WARNING: Please consider reporting this to the maintainers of com.google.inject.internal.cglib.core.$ReflectUtils$1
WARNING: Use --illegal-access=warn to enable warnings of further illegal reflective access operations
WARNING: All illegal access operations will be denied in a future release
SLF4J: Failed to load class "org.slf4j.impl.StaticLoggerBinder".
SLF4J: Defaulting to no-operation (NOP) logger implementation
SLF4J: See http://www.slf4j.org/codes.html#StaticLoggerBinder for further details.
Oct 10, 2022 1:45:19 AM se.kth.debug.Debugger launchVMAndJunit
INFO: java -cp /home/khesoem/exec-diff/d2/collector-sahab/target/collector-sahab-0.0.1-SNAPSHOT-jar-with-dependencies.jar:/home/khesoem/exec-diff/d2/drr-execdiff/Math-81/sahab-left_93f034c6d290bac631cc116f780507aa162f8802/classes:/home/khesoem/exec-diff/d2/drr-execdiff/Math-81/sahab-left_93f034c6d290bac631cc116f780507aa162f8802/test-classes:/root/.m2/repository/junit/junit/4.4/junit-4.4.jar se.kth.debug.JUnitTestRunner org.apache.commons.math.linear.EigenDecompositionImplTest::testMath308
Oct 10, 2022 1:45:19 AM se.kth.debug.Debugger launchVMAndJunit
INFO: Connected to port: 53691
Oct 10, 2022 1:45:19 AM se.kth.debug.Debugger addClassPrepareEvent
INFO: org.apache.commons.math.linear.EigenDecompositionImpl added!
Oct 10, 2022 1:45:20 AM se.kth.debug.Debugger setBreakpoints
WARNING: 1476 is not a valid breakpoint in org.apache.commons.math.linear.EigenDecompositionImpl
Oct 10, 2022 1:45:20 AM se.kth.debug.Debugger setBreakpoints
WARNING: 1477 is not a valid breakpoint in org.apache.commons.math.linear.EigenDecompositionImpl
Oct 10, 2022 1:45:25 AM se.kth.debug.EventProcessor startEventProcessor
WARNING: com.sun.jdi.VMDisconnectedException
Oct 10, 2022 1:45:26 AM se.kth.debug.Collector write
INFO: Breakpoints serialised!
Oct 10, 2022 1:45:26 AM se.kth.debug.Collector write
INFO: Return values serialised!
Oct 10, 2022 1:45:26 AM se.kth.debug.Collector write
INFO: File output to: /home/khesoem/exec-diff/d2/output/sahab-reports/93f034c6d290bac631cc116f780507aa162f8802/left.json
Oct 10, 2022 1:45:26 AM se.kth.debug.Debugger launchVMAndJunit
INFO: java -cp /home/khesoem/exec-diff/d2/collector-sahab/target/collector-sahab-0.0.1-SNAPSHOT-jar-with-dependencies.jar:/home/khesoem/exec-diff/d2/drr-execdiff/Math-81/sahab-right_93f034c6d290bac631cc116f780507aa162f8802/classes:/home/khesoem/exec-diff/d2/drr-execdiff/Math-81/sahab-right_93f034c6d290bac631cc116f780507aa162f8802/test-classes:/root/.m2/repository/junit/junit/4.4/junit-4.4.jar se.kth.debug.JUnitTestRunner org.apache.commons.math.linear.EigenDecompositionImplTest::testMath308
Oct 10, 2022 1:45:26 AM se.kth.debug.Debugger launchVMAndJunit
INFO: Connected to port: 57833
Oct 10, 2022 1:45:26 AM se.kth.debug.Debugger addClassPrepareEvent
INFO: org.apache.commons.math.linear.EigenDecompositionImpl added!
Oct 10, 2022 1:45:27 AM se.kth.debug.Debugger setBreakpoints
WARNING: 1476 is not a valid breakpoint in org.apache.commons.math.linear.EigenDecompositionImpl
Oct 10, 2022 1:45:27 AM se.kth.debug.Debugger setBreakpoints
WARNING: 1477 is not a valid breakpoint in org.apache.commons.math.linear.EigenDecompositionImpl
Oct 10, 2022 1:45:36 AM se.kth.debug.EventProcessor startEventProcessor
WARNING: com.sun.jdi.VMDisconnectedException
Oct 10, 2022 1:45:37 AM se.kth.debug.Collector write
INFO: Breakpoints serialised!
Oct 10, 2022 1:45:37 AM se.kth.debug.Collector write
INFO: Return values serialised!
Oct 10, 2022 1:45:37 AM se.kth.debug.Collector write
INFO: File output to: /home/khesoem/exec-diff/d2/output/sahab-reports/93f034c6d290bac631cc116f780507aa162f8802/right.json
