HEAD is now at e5d67a81 bugs added
WARNING: An illegal reflective access operation has occurred
WARNING: Illegal reflective access by com.google.inject.internal.cglib.core.$ReflectUtils$1 (file:/usr/share/maven/lib/guice.jar) to method java.lang.ClassLoader.defineClass(java.lang.String,byte[],int,int,java.security.ProtectionDomain)
WARNING: Please consider reporting this to the maintainers of com.google.inject.internal.cglib.core.$ReflectUtils$1
WARNING: Use --illegal-access=warn to enable warnings of further illegal reflective access operations
WARNING: All illegal access operations will be denied in a future release
WARNING: An illegal reflective access operation has occurred
WARNING: Illegal reflective access by com.google.inject.internal.cglib.core.$ReflectUtils$1 (file:/usr/share/maven/lib/guice.jar) to method java.lang.ClassLoader.defineClass(java.lang.String,byte[],int,int,java.security.ProtectionDomain)
WARNING: Please consider reporting this to the maintainers of com.google.inject.internal.cglib.core.$ReflectUtils$1
WARNING: Use --illegal-access=warn to enable warnings of further illegal reflective access operations
WARNING: All illegal access operations will be denied in a future release
Previous HEAD position was e5d67a81 bugs added
HEAD is now at e6dc8cd3 patch applied
WARNING: An illegal reflective access operation has occurred
WARNING: Illegal reflective access by com.google.inject.internal.cglib.core.$ReflectUtils$1 (file:/usr/share/maven/lib/guice.jar) to method java.lang.ClassLoader.defineClass(java.lang.String,byte[],int,int,java.security.ProtectionDomain)
WARNING: Please consider reporting this to the maintainers of com.google.inject.internal.cglib.core.$ReflectUtils$1
WARNING: Use --illegal-access=warn to enable warnings of further illegal reflective access operations
WARNING: All illegal access operations will be denied in a future release
WARNING: An illegal reflective access operation has occurred
WARNING: Illegal reflective access by com.google.inject.internal.cglib.core.$ReflectUtils$1 (file:/usr/share/maven/lib/guice.jar) to method java.lang.ClassLoader.defineClass(java.lang.String,byte[],int,int,java.security.ProtectionDomain)
WARNING: Please consider reporting this to the maintainers of com.google.inject.internal.cglib.core.$ReflectUtils$1
WARNING: Use --illegal-access=warn to enable warnings of further illegal reflective access operations
WARNING: All illegal access operations will be denied in a future release
SLF4J: Failed to load class "org.slf4j.impl.StaticLoggerBinder".
SLF4J: Defaulting to no-operation (NOP) logger implementation
SLF4J: See http://www.slf4j.org/codes.html#StaticLoggerBinder for further details.
Oct 14, 2022 8:21:54 PM se.kth.debug.Debugger launchVMAndJunit
INFO: java -cp /home/khesoem/exec-diff/d2/collector-sahab/target/collector-sahab-0.0.1-SNAPSHOT-jar-with-dependencies.jar:/home/khesoem/exec-diff/d2/drr-execdiff/Time-4/sahab-left_e6dc8cd382299e52fd3b5416dbf4b9344649184b/classes:/home/khesoem/exec-diff/d2/drr-execdiff/Time-4/sahab-left_e6dc8cd382299e52fd3b5416dbf4b9344649184b/test-classes:/root/.m2/repository/org/joda/joda-convert/1.2/joda-convert-1.2.jar:/root/.m2/repository/junit/junit/3.8.2/junit-3.8.2.jar se.kth.debug.JUnitTestRunner org.joda.time.TestPartial_Basics::testWith3
Oct 14, 2022 8:21:54 PM se.kth.debug.Debugger launchVMAndJunit
INFO: Connected to port: 60949
Oct 14, 2022 8:21:54 PM se.kth.debug.Debugger addClassPrepareEvent
INFO: org.joda.time.field.ZeroIsMaxDateTimeField added!
Oct 14, 2022 8:22:00 PM se.kth.debug.EventProcessor startEventProcessor
WARNING: com.sun.jdi.VMDisconnectedException
Oct 14, 2022 8:22:00 PM se.kth.debug.Collector write
INFO: Output file was not generated as breakpoints were not encountered.
Oct 14, 2022 8:22:00 PM se.kth.debug.Collector write
INFO: Return values serialised!
Oct 14, 2022 8:22:00 PM se.kth.debug.Collector write
INFO: File output to: /home/khesoem/exec-diff/d2/output/sahab-reports/e6dc8cd382299e52fd3b5416dbf4b9344649184b/left.json
Oct 14, 2022 8:22:00 PM se.kth.debug.Debugger launchVMAndJunit
INFO: java -cp /home/khesoem/exec-diff/d2/collector-sahab/target/collector-sahab-0.0.1-SNAPSHOT-jar-with-dependencies.jar:/home/khesoem/exec-diff/d2/drr-execdiff/Time-4/sahab-right_e6dc8cd382299e52fd3b5416dbf4b9344649184b/classes:/home/khesoem/exec-diff/d2/drr-execdiff/Time-4/sahab-right_e6dc8cd382299e52fd3b5416dbf4b9344649184b/test-classes:/root/.m2/repository/org/joda/joda-convert/1.2/joda-convert-1.2.jar:/root/.m2/repository/junit/junit/3.8.2/junit-3.8.2.jar se.kth.debug.JUnitTestRunner org.joda.time.TestPartial_Basics::testWith3
Oct 14, 2022 8:22:00 PM se.kth.debug.Debugger launchVMAndJunit
INFO: Connected to port: 59703
Oct 14, 2022 8:22:00 PM se.kth.debug.Debugger addClassPrepareEvent
INFO: org.joda.time.field.ZeroIsMaxDateTimeField added!
Oct 14, 2022 8:22:06 PM se.kth.debug.EventProcessor startEventProcessor
WARNING: com.sun.jdi.VMDisconnectedException
Oct 14, 2022 8:22:06 PM se.kth.debug.Collector write
INFO: Output file was not generated as breakpoints were not encountered.
Oct 14, 2022 8:22:06 PM se.kth.debug.Collector write
INFO: Return values serialised!
Oct 14, 2022 8:22:06 PM se.kth.debug.Collector write
INFO: File output to: /home/khesoem/exec-diff/d2/output/sahab-reports/e6dc8cd382299e52fd3b5416dbf4b9344649184b/right.json
