HEAD is now at e5d67a81 bugs added
WARNING: An illegal reflective access operation has occurred
WARNING: Illegal reflective access by com.google.inject.internal.cglib.core.$ReflectUtils$1 (file:/usr/share/maven/lib/guice.jar) to method java.lang.ClassLoader.defineClass(java.lang.String,byte[],int,int,java.security.ProtectionDomain)
WARNING: Please consider reporting this to the maintainers of com.google.inject.internal.cglib.core.$ReflectUtils$1
WARNING: Use --illegal-access=warn to enable warnings of further illegal reflective access operations
WARNING: All illegal access operations will be denied in a future release
WARNING: An illegal reflective access operation has occurred
WARNING: Illegal reflective access by com.google.inject.internal.cglib.core.$ReflectUtils$1 (file:/usr/share/maven/lib/guice.jar) to method java.lang.ClassLoader.defineClass(java.lang.String,byte[],int,int,java.security.ProtectionDomain)
WARNING: Please consider reporting this to the maintainers of com.google.inject.internal.cglib.core.$ReflectUtils$1
WARNING: Use --illegal-access=warn to enable warnings of further illegal reflective access operations
WARNING: All illegal access operations will be denied in a future release
Previous HEAD position was e5d67a81 bugs added
HEAD is now at 5b35da90 patch applied
WARNING: An illegal reflective access operation has occurred
WARNING: Illegal reflective access by com.google.inject.internal.cglib.core.$ReflectUtils$1 (file:/usr/share/maven/lib/guice.jar) to method java.lang.ClassLoader.defineClass(java.lang.String,byte[],int,int,java.security.ProtectionDomain)
WARNING: Please consider reporting this to the maintainers of com.google.inject.internal.cglib.core.$ReflectUtils$1
WARNING: Use --illegal-access=warn to enable warnings of further illegal reflective access operations
WARNING: All illegal access operations will be denied in a future release
WARNING: An illegal reflective access operation has occurred
WARNING: Illegal reflective access by com.google.inject.internal.cglib.core.$ReflectUtils$1 (file:/usr/share/maven/lib/guice.jar) to method java.lang.ClassLoader.defineClass(java.lang.String,byte[],int,int,java.security.ProtectionDomain)
WARNING: Please consider reporting this to the maintainers of com.google.inject.internal.cglib.core.$ReflectUtils$1
WARNING: Use --illegal-access=warn to enable warnings of further illegal reflective access operations
WARNING: All illegal access operations will be denied in a future release
SLF4J: Failed to load class "org.slf4j.impl.StaticLoggerBinder".
SLF4J: Defaulting to no-operation (NOP) logger implementation
SLF4J: See http://www.slf4j.org/codes.html#StaticLoggerBinder for further details.
Oct 07, 2022 4:42:08 AM se.kth.debug.Debugger launchVMAndJunit
INFO: java -cp /home/khesoem/exec-diff/d2/collector-sahab/target/collector-sahab-0.0.1-SNAPSHOT-jar-with-dependencies.jar:/home/khesoem/exec-diff/d2/drr-execdiff/Math-32/sahab-left_5b35da90da9501eda187fba8a5dac943c1a2c5f5/classes:/home/khesoem/exec-diff/d2/drr-execdiff/Math-32/sahab-left_5b35da90da9501eda187fba8a5dac943c1a2c5f5/test-classes:/root/.m2/repository/junit/junit/4.10/junit-4.10.jar:/root/.m2/repository/org/hamcrest/hamcrest-core/1.1/hamcrest-core-1.1.jar se.kth.debug.JUnitTestRunner org.apache.commons.math3.geometry.euclidean.threed.PolyhedronsSetTest::testIssue780
Oct 07, 2022 4:42:09 AM se.kth.debug.Debugger launchVMAndJunit
INFO: Connected to port: 50351
Oct 07, 2022 4:42:09 AM se.kth.debug.Debugger addClassPrepareEvent
INFO: org.apache.commons.math3.geometry.partitioning.AbstractRegion added!
Oct 07, 2022 4:42:35 AM se.kth.debug.EventProcessor startEventProcessor
WARNING: com.sun.jdi.VMDisconnectedException
Oct 07, 2022 4:42:37 AM se.kth.debug.Collector write
INFO: Breakpoints serialised!
Oct 07, 2022 4:42:37 AM se.kth.debug.Collector write
INFO: Return values serialised!
Oct 07, 2022 4:42:37 AM se.kth.debug.Collector write
INFO: File output to: /home/khesoem/exec-diff/d2/output/sahab-reports/5b35da90da9501eda187fba8a5dac943c1a2c5f5/left.json
Oct 07, 2022 4:42:37 AM se.kth.debug.Debugger launchVMAndJunit
INFO: java -cp /home/khesoem/exec-diff/d2/collector-sahab/target/collector-sahab-0.0.1-SNAPSHOT-jar-with-dependencies.jar:/home/khesoem/exec-diff/d2/drr-execdiff/Math-32/sahab-right_5b35da90da9501eda187fba8a5dac943c1a2c5f5/classes:/home/khesoem/exec-diff/d2/drr-execdiff/Math-32/sahab-right_5b35da90da9501eda187fba8a5dac943c1a2c5f5/test-classes:/root/.m2/repository/junit/junit/4.10/junit-4.10.jar:/root/.m2/repository/org/hamcrest/hamcrest-core/1.1/hamcrest-core-1.1.jar se.kth.debug.JUnitTestRunner org.apache.commons.math3.geometry.euclidean.threed.PolyhedronsSetTest::testIssue780
Oct 07, 2022 4:42:38 AM se.kth.debug.Debugger launchVMAndJunit
INFO: Connected to port: 37111
Oct 07, 2022 4:42:38 AM se.kth.debug.Debugger addClassPrepareEvent
INFO: org.apache.commons.math3.geometry.partitioning.AbstractRegion added!
Oct 07, 2022 4:43:08 AM se.kth.debug.EventProcessor startEventProcessor
WARNING: com.sun.jdi.VMDisconnectedException
Oct 07, 2022 4:43:09 AM se.kth.debug.Collector write
INFO: Breakpoints serialised!
Oct 07, 2022 4:43:10 AM se.kth.debug.Collector write
INFO: Return values serialised!
Oct 07, 2022 4:43:10 AM se.kth.debug.Collector write
INFO: File output to: /home/khesoem/exec-diff/d2/output/sahab-reports/5b35da90da9501eda187fba8a5dac943c1a2c5f5/right.json
