HEAD is now at e5d67a81 bugs added
WARNING: An illegal reflective access operation has occurred
WARNING: Illegal reflective access by com.google.inject.internal.cglib.core.$ReflectUtils$1 (file:/usr/share/maven/lib/guice.jar) to method java.lang.ClassLoader.defineClass(java.lang.String,byte[],int,int,java.security.ProtectionDomain)
WARNING: Please consider reporting this to the maintainers of com.google.inject.internal.cglib.core.$ReflectUtils$1
WARNING: Use --illegal-access=warn to enable warnings of further illegal reflective access operations
WARNING: All illegal access operations will be denied in a future release
WARNING: An illegal reflective access operation has occurred
WARNING: Illegal reflective access by com.google.inject.internal.cglib.core.$ReflectUtils$1 (file:/usr/share/maven/lib/guice.jar) to method java.lang.ClassLoader.defineClass(java.lang.String,byte[],int,int,java.security.ProtectionDomain)
WARNING: Please consider reporting this to the maintainers of com.google.inject.internal.cglib.core.$ReflectUtils$1
WARNING: Use --illegal-access=warn to enable warnings of further illegal reflective access operations
WARNING: All illegal access operations will be denied in a future release
Previous HEAD position was e5d67a81 bugs added
HEAD is now at 1b13fa70 patch applied
WARNING: An illegal reflective access operation has occurred
WARNING: Illegal reflective access by com.google.inject.internal.cglib.core.$ReflectUtils$1 (file:/usr/share/maven/lib/guice.jar) to method java.lang.ClassLoader.defineClass(java.lang.String,byte[],int,int,java.security.ProtectionDomain)
WARNING: Please consider reporting this to the maintainers of com.google.inject.internal.cglib.core.$ReflectUtils$1
WARNING: Use --illegal-access=warn to enable warnings of further illegal reflective access operations
WARNING: All illegal access operations will be denied in a future release
WARNING: An illegal reflective access operation has occurred
WARNING: Illegal reflective access by com.google.inject.internal.cglib.core.$ReflectUtils$1 (file:/usr/share/maven/lib/guice.jar) to method java.lang.ClassLoader.defineClass(java.lang.String,byte[],int,int,java.security.ProtectionDomain)
WARNING: Please consider reporting this to the maintainers of com.google.inject.internal.cglib.core.$ReflectUtils$1
WARNING: Use --illegal-access=warn to enable warnings of further illegal reflective access operations
WARNING: All illegal access operations will be denied in a future release
SLF4J: Failed to load class "org.slf4j.impl.StaticLoggerBinder".
SLF4J: Defaulting to no-operation (NOP) logger implementation
SLF4J: See http://www.slf4j.org/codes.html#StaticLoggerBinder for further details.
Oct 07, 2022 5:08:10 AM se.kth.debug.Debugger launchVMAndJunit
INFO: java -cp /home/khesoem/exec-diff/d2/collector-sahab/target/collector-sahab-0.0.1-SNAPSHOT-jar-with-dependencies.jar:/home/khesoem/exec-diff/d2/drr-execdiff/Math-34/sahab-left_1b13fa70728a3ae68bcfb18ffc8e05beac816809/classes:/home/khesoem/exec-diff/d2/drr-execdiff/Math-34/sahab-left_1b13fa70728a3ae68bcfb18ffc8e05beac816809/test-classes:/root/.m2/repository/junit/junit/4.10/junit-4.10.jar:/root/.m2/repository/org/hamcrest/hamcrest-core/1.1/hamcrest-core-1.1.jar se.kth.debug.JUnitTestRunner org.apache.commons.math3.genetics.ListPopulationTest::testIterator
Oct 07, 2022 5:08:11 AM se.kth.debug.Debugger launchVMAndJunit
INFO: Connected to port: 57743
Oct 07, 2022 5:08:11 AM se.kth.debug.Debugger addClassPrepareEvent
INFO: org.apache.commons.math3.genetics.ListPopulation added!
Oct 07, 2022 5:08:11 AM se.kth.debug.EventProcessor startEventProcessor
WARNING: com.sun.jdi.VMDisconnectedException
Oct 07, 2022 5:08:11 AM se.kth.debug.Collector write
INFO: Output file was not generated as breakpoints were not encountered.
Oct 07, 2022 5:08:11 AM se.kth.debug.Collector write
INFO: Return values serialised!
Oct 07, 2022 5:08:11 AM se.kth.debug.Collector write
INFO: File output to: /home/khesoem/exec-diff/d2/output/sahab-reports/1b13fa70728a3ae68bcfb18ffc8e05beac816809/left.json
Oct 07, 2022 5:08:12 AM se.kth.debug.Debugger launchVMAndJunit
INFO: java -cp /home/khesoem/exec-diff/d2/collector-sahab/target/collector-sahab-0.0.1-SNAPSHOT-jar-with-dependencies.jar:/home/khesoem/exec-diff/d2/drr-execdiff/Math-34/sahab-right_1b13fa70728a3ae68bcfb18ffc8e05beac816809/classes:/home/khesoem/exec-diff/d2/drr-execdiff/Math-34/sahab-right_1b13fa70728a3ae68bcfb18ffc8e05beac816809/test-classes:/root/.m2/repository/junit/junit/4.10/junit-4.10.jar:/root/.m2/repository/org/hamcrest/hamcrest-core/1.1/hamcrest-core-1.1.jar se.kth.debug.JUnitTestRunner org.apache.commons.math3.genetics.ListPopulationTest::testIterator
Oct 07, 2022 5:08:12 AM se.kth.debug.Debugger launchVMAndJunit
INFO: Connected to port: 56553
Oct 07, 2022 5:08:12 AM se.kth.debug.Debugger addClassPrepareEvent
INFO: org.apache.commons.math3.genetics.ListPopulation added!
Oct 07, 2022 5:08:12 AM se.kth.debug.EventProcessor startEventProcessor
WARNING: com.sun.jdi.VMDisconnectedException
Oct 07, 2022 5:08:12 AM se.kth.debug.Collector write
INFO: Output file was not generated as breakpoints were not encountered.
Oct 07, 2022 5:08:12 AM se.kth.debug.Collector write
INFO: Return values serialised!
Oct 07, 2022 5:08:12 AM se.kth.debug.Collector write
INFO: File output to: /home/khesoem/exec-diff/d2/output/sahab-reports/1b13fa70728a3ae68bcfb18ffc8e05beac816809/right.json
