HEAD is now at e5d67a81 bugs added
WARNING: An illegal reflective access operation has occurred
WARNING: Illegal reflective access by com.google.inject.internal.cglib.core.$ReflectUtils$1 (file:/usr/share/maven/lib/guice.jar) to method java.lang.ClassLoader.defineClass(java.lang.String,byte[],int,int,java.security.ProtectionDomain)
WARNING: Please consider reporting this to the maintainers of com.google.inject.internal.cglib.core.$ReflectUtils$1
WARNING: Use --illegal-access=warn to enable warnings of further illegal reflective access operations
WARNING: All illegal access operations will be denied in a future release
WARNING: An illegal reflective access operation has occurred
WARNING: Illegal reflective access by com.google.inject.internal.cglib.core.$ReflectUtils$1 (file:/usr/share/maven/lib/guice.jar) to method java.lang.ClassLoader.defineClass(java.lang.String,byte[],int,int,java.security.ProtectionDomain)
WARNING: Please consider reporting this to the maintainers of com.google.inject.internal.cglib.core.$ReflectUtils$1
WARNING: Use --illegal-access=warn to enable warnings of further illegal reflective access operations
WARNING: All illegal access operations will be denied in a future release
Previous HEAD position was e5d67a81 bugs added
HEAD is now at 8eae3e06 patch applied
WARNING: An illegal reflective access operation has occurred
WARNING: Illegal reflective access by com.google.inject.internal.cglib.core.$ReflectUtils$1 (file:/usr/share/maven/lib/guice.jar) to method java.lang.ClassLoader.defineClass(java.lang.String,byte[],int,int,java.security.ProtectionDomain)
WARNING: Please consider reporting this to the maintainers of com.google.inject.internal.cglib.core.$ReflectUtils$1
WARNING: Use --illegal-access=warn to enable warnings of further illegal reflective access operations
WARNING: All illegal access operations will be denied in a future release
WARNING: An illegal reflective access operation has occurred
WARNING: Illegal reflective access by com.google.inject.internal.cglib.core.$ReflectUtils$1 (file:/usr/share/maven/lib/guice.jar) to method java.lang.ClassLoader.defineClass(java.lang.String,byte[],int,int,java.security.ProtectionDomain)
WARNING: Please consider reporting this to the maintainers of com.google.inject.internal.cglib.core.$ReflectUtils$1
WARNING: Use --illegal-access=warn to enable warnings of further illegal reflective access operations
WARNING: All illegal access operations will be denied in a future release
SLF4J: Failed to load class "org.slf4j.impl.StaticLoggerBinder".
SLF4J: Defaulting to no-operation (NOP) logger implementation
SLF4J: See http://www.slf4j.org/codes.html#StaticLoggerBinder for further details.
Oct 09, 2022 6:07:29 PM se.kth.debug.Debugger launchVMAndJunit
INFO: java -cp /home/khesoem/exec-diff/d2/collector-sahab/target/collector-sahab-0.0.1-SNAPSHOT-jar-with-dependencies.jar:/home/khesoem/exec-diff/d2/drr-execdiff/Math-62/sahab-left_8eae3e069849915fa211cd36320ce44cc2450de0/classes:/home/khesoem/exec-diff/d2/drr-execdiff/Math-62/sahab-left_8eae3e069849915fa211cd36320ce44cc2450de0/test-classes:/root/.m2/repository/junit/junit/4.4/junit-4.4.jar se.kth.debug.JUnitTestRunner org.apache.commons.math.optimization.univariate.MultiStartUnivariateRealOptimizerTest::testQuinticMin
Oct 09, 2022 6:07:30 PM se.kth.debug.Debugger launchVMAndJunit
INFO: Connected to port: 50861
Oct 09, 2022 6:07:30 PM se.kth.debug.Debugger addClassPrepareEvent
INFO: org.apache.commons.math.optimization.univariate.MultiStartUnivariateRealOptimizer added!
Oct 09, 2022 6:07:30 PM se.kth.debug.Debugger setBreakpoints
WARNING: 159 is not a valid breakpoint in org.apache.commons.math.optimization.univariate.MultiStartUnivariateRealOptimizer
Oct 09, 2022 6:07:32 PM se.kth.debug.EventProcessor startEventProcessor
WARNING: com.sun.jdi.VMDisconnectedException
Oct 09, 2022 6:07:32 PM se.kth.debug.Collector write
INFO: Breakpoints serialised!
Oct 09, 2022 6:07:32 PM se.kth.debug.Collector write
INFO: Return values serialised!
Oct 09, 2022 6:07:32 PM se.kth.debug.Collector write
INFO: File output to: /home/khesoem/exec-diff/d2/output/sahab-reports/8eae3e069849915fa211cd36320ce44cc2450de0/left.json
Oct 09, 2022 6:07:33 PM se.kth.debug.Debugger launchVMAndJunit
INFO: java -cp /home/khesoem/exec-diff/d2/collector-sahab/target/collector-sahab-0.0.1-SNAPSHOT-jar-with-dependencies.jar:/home/khesoem/exec-diff/d2/drr-execdiff/Math-62/sahab-right_8eae3e069849915fa211cd36320ce44cc2450de0/classes:/home/khesoem/exec-diff/d2/drr-execdiff/Math-62/sahab-right_8eae3e069849915fa211cd36320ce44cc2450de0/test-classes:/root/.m2/repository/junit/junit/4.4/junit-4.4.jar se.kth.debug.JUnitTestRunner org.apache.commons.math.optimization.univariate.MultiStartUnivariateRealOptimizerTest::testQuinticMin
Oct 09, 2022 6:07:33 PM se.kth.debug.Debugger launchVMAndJunit
INFO: Connected to port: 56105
Oct 09, 2022 6:07:33 PM se.kth.debug.Debugger addClassPrepareEvent
INFO: org.apache.commons.math.optimization.univariate.MultiStartUnivariateRealOptimizer added!
Oct 09, 2022 6:07:33 PM se.kth.debug.Debugger setBreakpoints
WARNING: 159 is not a valid breakpoint in org.apache.commons.math.optimization.univariate.MultiStartUnivariateRealOptimizer
Oct 09, 2022 6:07:35 PM se.kth.debug.EventProcessor startEventProcessor
WARNING: com.sun.jdi.VMDisconnectedException
Oct 09, 2022 6:07:35 PM se.kth.debug.Collector write
INFO: Breakpoints serialised!
Oct 09, 2022 6:07:35 PM se.kth.debug.Collector write
INFO: Return values serialised!
Oct 09, 2022 6:07:35 PM se.kth.debug.Collector write
INFO: File output to: /home/khesoem/exec-diff/d2/output/sahab-reports/8eae3e069849915fa211cd36320ce44cc2450de0/right.json
