HEAD is now at e5d67a81 bugs added
WARNING: An illegal reflective access operation has occurred
WARNING: Illegal reflective access by com.google.inject.internal.cglib.core.$ReflectUtils$1 (file:/usr/share/maven/lib/guice.jar) to method java.lang.ClassLoader.defineClass(java.lang.String,byte[],int,int,java.security.ProtectionDomain)
WARNING: Please consider reporting this to the maintainers of com.google.inject.internal.cglib.core.$ReflectUtils$1
WARNING: Use --illegal-access=warn to enable warnings of further illegal reflective access operations
WARNING: All illegal access operations will be denied in a future release
WARNING: An illegal reflective access operation has occurred
WARNING: Illegal reflective access by com.google.inject.internal.cglib.core.$ReflectUtils$1 (file:/usr/share/maven/lib/guice.jar) to method java.lang.ClassLoader.defineClass(java.lang.String,byte[],int,int,java.security.ProtectionDomain)
WARNING: Please consider reporting this to the maintainers of com.google.inject.internal.cglib.core.$ReflectUtils$1
WARNING: Use --illegal-access=warn to enable warnings of further illegal reflective access operations
WARNING: All illegal access operations will be denied in a future release
Previous HEAD position was e5d67a81 bugs added
HEAD is now at c0dc12e0 patch applied
WARNING: An illegal reflective access operation has occurred
WARNING: Illegal reflective access by com.google.inject.internal.cglib.core.$ReflectUtils$1 (file:/usr/share/maven/lib/guice.jar) to method java.lang.ClassLoader.defineClass(java.lang.String,byte[],int,int,java.security.ProtectionDomain)
WARNING: Please consider reporting this to the maintainers of com.google.inject.internal.cglib.core.$ReflectUtils$1
WARNING: Use --illegal-access=warn to enable warnings of further illegal reflective access operations
WARNING: All illegal access operations will be denied in a future release
WARNING: An illegal reflective access operation has occurred
WARNING: Illegal reflective access by com.google.inject.internal.cglib.core.$ReflectUtils$1 (file:/usr/share/maven/lib/guice.jar) to method java.lang.ClassLoader.defineClass(java.lang.String,byte[],int,int,java.security.ProtectionDomain)
WARNING: Please consider reporting this to the maintainers of com.google.inject.internal.cglib.core.$ReflectUtils$1
WARNING: Use --illegal-access=warn to enable warnings of further illegal reflective access operations
WARNING: All illegal access operations will be denied in a future release
SLF4J: Failed to load class "org.slf4j.impl.StaticLoggerBinder".
SLF4J: Defaulting to no-operation (NOP) logger implementation
SLF4J: See http://www.slf4j.org/codes.html#StaticLoggerBinder for further details.
Oct 16, 2022 8:01:05 PM se.kth.debug.Debugger launchVMAndJunit
INFO: java -cp /home/khesoem/exec-diff/d2/collector-sahab/target/collector-sahab-0.0.1-SNAPSHOT-jar-with-dependencies.jar:/home/khesoem/exec-diff/d2/drr-execdiff/Math-85/sahab-left_c0dc12e022f2263d885322e07366815a61baf9a6/classes:/home/khesoem/exec-diff/d2/drr-execdiff/Math-85/sahab-left_c0dc12e022f2263d885322e07366815a61baf9a6/test-classes:/root/.m2/repository/junit/junit/4.4/junit-4.4.jar se.kth.debug.JUnitTestRunner org.apache.commons.math.distribution.NormalDistributionTest::testMath280
Oct 16, 2022 8:01:05 PM se.kth.debug.Debugger launchVMAndJunit
INFO: Connected to port: 43885
Oct 16, 2022 8:01:05 PM se.kth.debug.Debugger addClassPrepareEvent
INFO: org.apache.commons.math.analysis.solvers.UnivariateRealSolverUtils added!
Oct 16, 2022 8:01:06 PM se.kth.debug.Debugger setBreakpoints
WARNING: 184 is not a valid breakpoint in org.apache.commons.math.analysis.solvers.UnivariateRealSolverUtils
Oct 16, 2022 8:01:06 PM se.kth.debug.Debugger setBreakpoints
WARNING: 185 is not a valid breakpoint in org.apache.commons.math.analysis.solvers.UnivariateRealSolverUtils
Oct 16, 2022 8:01:06 PM se.kth.debug.Debugger setBreakpoints
WARNING: 188 is not a valid breakpoint in org.apache.commons.math.analysis.solvers.UnivariateRealSolverUtils
Oct 16, 2022 8:01:07 PM se.kth.debug.EventProcessor startEventProcessor
WARNING: com.sun.jdi.VMDisconnectedException
Oct 16, 2022 8:01:07 PM se.kth.debug.Collector write
INFO: Breakpoints serialised!
Oct 16, 2022 8:01:07 PM se.kth.debug.Collector write
INFO: No method exits were encountered.
Oct 16, 2022 8:01:07 PM se.kth.debug.Collector write
INFO: File output to: /home/khesoem/exec-diff/d2/output/sahab-reports/c0dc12e022f2263d885322e07366815a61baf9a6/left.json
Oct 16, 2022 8:01:08 PM se.kth.debug.Debugger launchVMAndJunit
INFO: java -cp /home/khesoem/exec-diff/d2/collector-sahab/target/collector-sahab-0.0.1-SNAPSHOT-jar-with-dependencies.jar:/home/khesoem/exec-diff/d2/drr-execdiff/Math-85/sahab-right_c0dc12e022f2263d885322e07366815a61baf9a6/classes:/home/khesoem/exec-diff/d2/drr-execdiff/Math-85/sahab-right_c0dc12e022f2263d885322e07366815a61baf9a6/test-classes:/root/.m2/repository/junit/junit/4.4/junit-4.4.jar se.kth.debug.JUnitTestRunner org.apache.commons.math.distribution.NormalDistributionTest::testMath280
Oct 16, 2022 8:01:08 PM se.kth.debug.Debugger launchVMAndJunit
INFO: Connected to port: 57487
Oct 16, 2022 8:01:08 PM se.kth.debug.Debugger addClassPrepareEvent
INFO: org.apache.commons.math.analysis.solvers.UnivariateRealSolverUtils added!
Oct 16, 2022 8:01:09 PM se.kth.debug.Debugger setBreakpoints
WARNING: 184 is not a valid breakpoint in org.apache.commons.math.analysis.solvers.UnivariateRealSolverUtils
Oct 16, 2022 8:01:09 PM se.kth.debug.Debugger setBreakpoints
WARNING: 185 is not a valid breakpoint in org.apache.commons.math.analysis.solvers.UnivariateRealSolverUtils
Oct 16, 2022 8:01:09 PM se.kth.debug.Debugger setBreakpoints
WARNING: 188 is not a valid breakpoint in org.apache.commons.math.analysis.solvers.UnivariateRealSolverUtils
Oct 16, 2022 8:01:09 PM se.kth.debug.EventProcessor startEventProcessor
WARNING: com.sun.jdi.VMDisconnectedException
Oct 16, 2022 8:01:09 PM se.kth.debug.Collector write
INFO: Breakpoints serialised!
Oct 16, 2022 8:01:09 PM se.kth.debug.Collector write
INFO: Return values serialised!
Oct 16, 2022 8:01:09 PM se.kth.debug.Collector write
INFO: File output to: /home/khesoem/exec-diff/d2/output/sahab-reports/c0dc12e022f2263d885322e07366815a61baf9a6/right.json
