HEAD is now at e5d67a81 bugs added
WARNING: An illegal reflective access operation has occurred
WARNING: Illegal reflective access by com.google.inject.internal.cglib.core.$ReflectUtils$1 (file:/usr/share/maven/lib/guice.jar) to method java.lang.ClassLoader.defineClass(java.lang.String,byte[],int,int,java.security.ProtectionDomain)
WARNING: Please consider reporting this to the maintainers of com.google.inject.internal.cglib.core.$ReflectUtils$1
WARNING: Use --illegal-access=warn to enable warnings of further illegal reflective access operations
WARNING: All illegal access operations will be denied in a future release
WARNING: An illegal reflective access operation has occurred
WARNING: Illegal reflective access by com.google.inject.internal.cglib.core.$ReflectUtils$1 (file:/usr/share/maven/lib/guice.jar) to method java.lang.ClassLoader.defineClass(java.lang.String,byte[],int,int,java.security.ProtectionDomain)
WARNING: Please consider reporting this to the maintainers of com.google.inject.internal.cglib.core.$ReflectUtils$1
WARNING: Use --illegal-access=warn to enable warnings of further illegal reflective access operations
WARNING: All illegal access operations will be denied in a future release
Previous HEAD position was e5d67a81 bugs added
HEAD is now at 257eacb2 patch applied
WARNING: An illegal reflective access operation has occurred
WARNING: Illegal reflective access by com.google.inject.internal.cglib.core.$ReflectUtils$1 (file:/usr/share/maven/lib/guice.jar) to method java.lang.ClassLoader.defineClass(java.lang.String,byte[],int,int,java.security.ProtectionDomain)
WARNING: Please consider reporting this to the maintainers of com.google.inject.internal.cglib.core.$ReflectUtils$1
WARNING: Use --illegal-access=warn to enable warnings of further illegal reflective access operations
WARNING: All illegal access operations will be denied in a future release
WARNING: An illegal reflective access operation has occurred
WARNING: Illegal reflective access by com.google.inject.internal.cglib.core.$ReflectUtils$1 (file:/usr/share/maven/lib/guice.jar) to method java.lang.ClassLoader.defineClass(java.lang.String,byte[],int,int,java.security.ProtectionDomain)
WARNING: Please consider reporting this to the maintainers of com.google.inject.internal.cglib.core.$ReflectUtils$1
WARNING: Use --illegal-access=warn to enable warnings of further illegal reflective access operations
WARNING: All illegal access operations will be denied in a future release
SLF4J: Failed to load class "org.slf4j.impl.StaticLoggerBinder".
SLF4J: Defaulting to no-operation (NOP) logger implementation
SLF4J: See http://www.slf4j.org/codes.html#StaticLoggerBinder for further details.
Oct 11, 2022 2:52:22 AM se.kth.debug.Debugger launchVMAndJunit
INFO: java -cp /home/khesoem/exec-diff/d2/collector-sahab/target/collector-sahab-0.0.1-SNAPSHOT-jar-with-dependencies.jar:/home/khesoem/exec-diff/d2/drr-execdiff/Math-63/sahab-left_257eacb2789f51d4d915b82553ccb08ede950bed/classes:/home/khesoem/exec-diff/d2/drr-execdiff/Math-63/sahab-left_257eacb2789f51d4d915b82553ccb08ede950bed/test-classes:/root/.m2/repository/junit/junit/4.4/junit-4.4.jar se.kth.debug.JUnitTestRunner org.apache.commons.math.util.MathUtilsTest::testArrayEquals
Oct 11, 2022 2:52:22 AM se.kth.debug.Debugger launchVMAndJunit
INFO: Connected to port: 50431
Oct 11, 2022 2:52:22 AM se.kth.debug.Debugger addClassPrepareEvent
INFO: org.apache.commons.math.util.MathUtils added!
Oct 11, 2022 2:52:23 AM se.kth.debug.EventProcessor startEventProcessor
WARNING: com.sun.jdi.VMDisconnectedException
Oct 11, 2022 2:52:23 AM se.kth.debug.Collector write
INFO: Output file was not generated as breakpoints were not encountered.
Oct 11, 2022 2:52:23 AM se.kth.debug.Collector write
INFO: Return values serialised!
Oct 11, 2022 2:52:23 AM se.kth.debug.Collector write
INFO: File output to: /home/khesoem/exec-diff/d2/output/sahab-reports/257eacb2789f51d4d915b82553ccb08ede950bed/left.json
Oct 11, 2022 2:52:23 AM se.kth.debug.Debugger launchVMAndJunit
INFO: java -cp /home/khesoem/exec-diff/d2/collector-sahab/target/collector-sahab-0.0.1-SNAPSHOT-jar-with-dependencies.jar:/home/khesoem/exec-diff/d2/drr-execdiff/Math-63/sahab-right_257eacb2789f51d4d915b82553ccb08ede950bed/classes:/home/khesoem/exec-diff/d2/drr-execdiff/Math-63/sahab-right_257eacb2789f51d4d915b82553ccb08ede950bed/test-classes:/root/.m2/repository/junit/junit/4.4/junit-4.4.jar se.kth.debug.JUnitTestRunner org.apache.commons.math.util.MathUtilsTest::testArrayEquals
Oct 11, 2022 2:52:23 AM se.kth.debug.Debugger launchVMAndJunit
INFO: Connected to port: 50545
Oct 11, 2022 2:52:23 AM se.kth.debug.Debugger addClassPrepareEvent
INFO: org.apache.commons.math.util.MathUtils added!
Oct 11, 2022 2:52:25 AM se.kth.debug.EventProcessor startEventProcessor
WARNING: com.sun.jdi.VMDisconnectedException
Oct 11, 2022 2:52:25 AM se.kth.debug.Collector write
INFO: Output file was not generated as breakpoints were not encountered.
Oct 11, 2022 2:52:25 AM se.kth.debug.Collector write
INFO: Return values serialised!
Oct 11, 2022 2:52:25 AM se.kth.debug.Collector write
INFO: File output to: /home/khesoem/exec-diff/d2/output/sahab-reports/257eacb2789f51d4d915b82553ccb08ede950bed/right.json
