HEAD is now at e5d67a81 bugs added
WARNING: An illegal reflective access operation has occurred
WARNING: Illegal reflective access by com.google.inject.internal.cglib.core.$ReflectUtils$1 (file:/usr/share/maven/lib/guice.jar) to method java.lang.ClassLoader.defineClass(java.lang.String,byte[],int,int,java.security.ProtectionDomain)
WARNING: Please consider reporting this to the maintainers of com.google.inject.internal.cglib.core.$ReflectUtils$1
WARNING: Use --illegal-access=warn to enable warnings of further illegal reflective access operations
WARNING: All illegal access operations will be denied in a future release
WARNING: An illegal reflective access operation has occurred
WARNING: Illegal reflective access by com.google.inject.internal.cglib.core.$ReflectUtils$1 (file:/usr/share/maven/lib/guice.jar) to method java.lang.ClassLoader.defineClass(java.lang.String,byte[],int,int,java.security.ProtectionDomain)
WARNING: Please consider reporting this to the maintainers of com.google.inject.internal.cglib.core.$ReflectUtils$1
WARNING: Use --illegal-access=warn to enable warnings of further illegal reflective access operations
WARNING: All illegal access operations will be denied in a future release
Previous HEAD position was e5d67a81 bugs added
HEAD is now at 587961ee patch applied
WARNING: An illegal reflective access operation has occurred
WARNING: Illegal reflective access by com.google.inject.internal.cglib.core.$ReflectUtils$1 (file:/usr/share/maven/lib/guice.jar) to method java.lang.ClassLoader.defineClass(java.lang.String,byte[],int,int,java.security.ProtectionDomain)
WARNING: Please consider reporting this to the maintainers of com.google.inject.internal.cglib.core.$ReflectUtils$1
WARNING: Use --illegal-access=warn to enable warnings of further illegal reflective access operations
WARNING: All illegal access operations will be denied in a future release
WARNING: An illegal reflective access operation has occurred
WARNING: Illegal reflective access by com.google.inject.internal.cglib.core.$ReflectUtils$1 (file:/usr/share/maven/lib/guice.jar) to method java.lang.ClassLoader.defineClass(java.lang.String,byte[],int,int,java.security.ProtectionDomain)
WARNING: Please consider reporting this to the maintainers of com.google.inject.internal.cglib.core.$ReflectUtils$1
WARNING: Use --illegal-access=warn to enable warnings of further illegal reflective access operations
WARNING: All illegal access operations will be denied in a future release
SLF4J: Failed to load class "org.slf4j.impl.StaticLoggerBinder".
SLF4J: Defaulting to no-operation (NOP) logger implementation
SLF4J: See http://www.slf4j.org/codes.html#StaticLoggerBinder for further details.
Oct 07, 2022 2:23:39 PM se.kth.debug.Debugger launchVMAndJunit
INFO: java -cp /home/khesoem/exec-diff/d2/collector-sahab/target/collector-sahab-0.0.1-SNAPSHOT-jar-with-dependencies.jar:/home/khesoem/exec-diff/d2/drr-execdiff/Math-50/sahab-left_587961ee65b1f949f20da557cdd5b09573b7e483/classes:/home/khesoem/exec-diff/d2/drr-execdiff/Math-50/sahab-left_587961ee65b1f949f20da557cdd5b09573b7e483/test-classes:/root/.m2/repository/junit/junit/4.8.2/junit-4.8.2.jar se.kth.debug.JUnitTestRunner org.apache.commons.math.analysis.solvers.RegulaFalsiSolverTest::testIssue631
Oct 07, 2022 2:23:39 PM se.kth.debug.Debugger launchVMAndJunit
INFO: Connected to port: 54103
Oct 07, 2022 2:23:39 PM se.kth.debug.Debugger addClassPrepareEvent
INFO: org.apache.commons.math.analysis.solvers.BaseSecantSolver added!
Oct 07, 2022 2:23:39 PM se.kth.debug.Debugger setBreakpoints
WARNING: 158 is not a valid breakpoint in org.apache.commons.math.analysis.solvers.BaseSecantSolver
Oct 07, 2022 2:23:39 PM se.kth.debug.Debugger setBreakpoints
WARNING: 191 is not a valid breakpoint in org.apache.commons.math.analysis.solvers.BaseSecantSolver
Oct 07, 2022 2:23:39 PM se.kth.debug.Debugger setBreakpoints
WARNING: 212 is not a valid breakpoint in org.apache.commons.math.analysis.solvers.BaseSecantSolver
Oct 07, 2022 2:23:39 PM se.kth.debug.Debugger setBreakpoints
WARNING: 217 is not a valid breakpoint in org.apache.commons.math.analysis.solvers.BaseSecantSolver
Oct 07, 2022 2:23:39 PM se.kth.debug.Debugger setBreakpoints
WARNING: 222 is not a valid breakpoint in org.apache.commons.math.analysis.solvers.BaseSecantSolver
Oct 07, 2022 2:23:39 PM se.kth.debug.Debugger setBreakpoints
WARNING: 227 is not a valid breakpoint in org.apache.commons.math.analysis.solvers.BaseSecantSolver
Oct 07, 2022 3:15:00 PM se.kth.debug.EventProcessor startEventProcessor
WARNING: com.sun.jdi.VMDisconnectedException
Oct 07, 2022 3:17:21 PM se.kth.debug.Collector write
INFO: Breakpoints serialised!
Oct 07, 2022 3:17:21 PM se.kth.debug.Collector write
INFO: Return values serialised!
Oct 07, 2022 3:17:21 PM se.kth.debug.Collector write
INFO: File output to: /home/khesoem/exec-diff/d2/output/sahab-reports/587961ee65b1f949f20da557cdd5b09573b7e483/left.json
Oct 07, 2022 3:17:22 PM se.kth.debug.Debugger launchVMAndJunit
INFO: java -cp /home/khesoem/exec-diff/d2/collector-sahab/target/collector-sahab-0.0.1-SNAPSHOT-jar-with-dependencies.jar:/home/khesoem/exec-diff/d2/drr-execdiff/Math-50/sahab-right_587961ee65b1f949f20da557cdd5b09573b7e483/classes:/home/khesoem/exec-diff/d2/drr-execdiff/Math-50/sahab-right_587961ee65b1f949f20da557cdd5b09573b7e483/test-classes:/root/.m2/repository/junit/junit/4.8.2/junit-4.8.2.jar se.kth.debug.JUnitTestRunner org.apache.commons.math.analysis.solvers.RegulaFalsiSolverTest::testIssue631
Oct 07, 2022 3:17:22 PM se.kth.debug.Debugger launchVMAndJunit
INFO: Connected to port: 37337
Oct 07, 2022 3:17:22 PM se.kth.debug.Debugger addClassPrepareEvent
INFO: org.apache.commons.math.analysis.solvers.BaseSecantSolver added!
Oct 07, 2022 3:17:23 PM se.kth.debug.Debugger setBreakpoints
WARNING: 158 is not a valid breakpoint in org.apache.commons.math.analysis.solvers.BaseSecantSolver
Oct 07, 2022 3:17:23 PM se.kth.debug.Debugger setBreakpoints
WARNING: 195 is not a valid breakpoint in org.apache.commons.math.analysis.solvers.BaseSecantSolver
Oct 07, 2022 3:17:23 PM se.kth.debug.Debugger setBreakpoints
WARNING: 216 is not a valid breakpoint in org.apache.commons.math.analysis.solvers.BaseSecantSolver
Oct 07, 2022 3:17:23 PM se.kth.debug.Debugger setBreakpoints
WARNING: 221 is not a valid breakpoint in org.apache.commons.math.analysis.solvers.BaseSecantSolver
Oct 07, 2022 3:17:23 PM se.kth.debug.Debugger setBreakpoints
WARNING: 226 is not a valid breakpoint in org.apache.commons.math.analysis.solvers.BaseSecantSolver
Oct 07, 2022 3:17:23 PM se.kth.debug.Debugger setBreakpoints
WARNING: 231 is not a valid breakpoint in org.apache.commons.math.analysis.solvers.BaseSecantSolver
Oct 07, 2022 4:07:40 PM se.kth.debug.EventProcessor startEventProcessor
WARNING: com.sun.jdi.VMDisconnectedException
Oct 07, 2022 4:10:16 PM se.kth.debug.Collector write
INFO: Breakpoints serialised!
Oct 07, 2022 4:10:16 PM se.kth.debug.Collector write
INFO: No method exits were encountered.
Oct 07, 2022 4:10:16 PM se.kth.debug.Collector write
INFO: File output to: /home/khesoem/exec-diff/d2/output/sahab-reports/587961ee65b1f949f20da557cdd5b09573b7e483/right.json
