HEAD is now at e5d67a81 bugs added
WARNING: An illegal reflective access operation has occurred
WARNING: Illegal reflective access by com.google.inject.internal.cglib.core.$ReflectUtils$1 (file:/usr/share/maven/lib/guice.jar) to method java.lang.ClassLoader.defineClass(java.lang.String,byte[],int,int,java.security.ProtectionDomain)
WARNING: Please consider reporting this to the maintainers of com.google.inject.internal.cglib.core.$ReflectUtils$1
WARNING: Use --illegal-access=warn to enable warnings of further illegal reflective access operations
WARNING: All illegal access operations will be denied in a future release
WARNING: An illegal reflective access operation has occurred
WARNING: Illegal reflective access by com.google.inject.internal.cglib.core.$ReflectUtils$1 (file:/usr/share/maven/lib/guice.jar) to method java.lang.ClassLoader.defineClass(java.lang.String,byte[],int,int,java.security.ProtectionDomain)
WARNING: Please consider reporting this to the maintainers of com.google.inject.internal.cglib.core.$ReflectUtils$1
WARNING: Use --illegal-access=warn to enable warnings of further illegal reflective access operations
WARNING: All illegal access operations will be denied in a future release
Previous HEAD position was e5d67a81 bugs added
HEAD is now at 32535b76 patch applied
WARNING: An illegal reflective access operation has occurred
WARNING: Illegal reflective access by com.google.inject.internal.cglib.core.$ReflectUtils$1 (file:/usr/share/maven/lib/guice.jar) to method java.lang.ClassLoader.defineClass(java.lang.String,byte[],int,int,java.security.ProtectionDomain)
WARNING: Please consider reporting this to the maintainers of com.google.inject.internal.cglib.core.$ReflectUtils$1
WARNING: Use --illegal-access=warn to enable warnings of further illegal reflective access operations
WARNING: All illegal access operations will be denied in a future release
WARNING: An illegal reflective access operation has occurred
WARNING: Illegal reflective access by com.google.inject.internal.cglib.core.$ReflectUtils$1 (file:/usr/share/maven/lib/guice.jar) to method java.lang.ClassLoader.defineClass(java.lang.String,byte[],int,int,java.security.ProtectionDomain)
WARNING: Please consider reporting this to the maintainers of com.google.inject.internal.cglib.core.$ReflectUtils$1
WARNING: Use --illegal-access=warn to enable warnings of further illegal reflective access operations
WARNING: All illegal access operations will be denied in a future release
SLF4J: Failed to load class "org.slf4j.impl.StaticLoggerBinder".
SLF4J: Defaulting to no-operation (NOP) logger implementation
SLF4J: See http://www.slf4j.org/codes.html#StaticLoggerBinder for further details.
Oct 14, 2022 4:30:44 AM se.kth.debug.Debugger launchVMAndJunit
INFO: java -cp /home/khesoem/exec-diff/d2/collector-sahab/target/collector-sahab-0.0.1-SNAPSHOT-jar-with-dependencies.jar:/home/khesoem/exec-diff/d2/drr-execdiff/Math-74/sahab-left_32535b76c8ff05d9877cf73026ad458f22d0ca6b/classes:/home/khesoem/exec-diff/d2/drr-execdiff/Math-74/sahab-left_32535b76c8ff05d9877cf73026ad458f22d0ca6b/test-classes:/root/.m2/repository/junit/junit/4.4/junit-4.4.jar se.kth.debug.JUnitTestRunner org.apache.commons.math.ode.nonstiff.AdamsMoultonIntegratorTest::polynomial
Oct 14, 2022 4:30:44 AM se.kth.debug.Debugger launchVMAndJunit
INFO: Connected to port: 53883
Oct 14, 2022 4:30:44 AM se.kth.debug.Debugger addClassPrepareEvent
INFO: org.apache.commons.math.ode.nonstiff.AdamsMoultonIntegrator added!
Oct 14, 2022 5:17:16 AM se.kth.debug.EventProcessor startEventProcessor
WARNING: com.sun.jdi.VMDisconnectedException
Oct 14, 2022 5:24:08 AM se.kth.debug.Collector write
INFO: Breakpoints serialised!
Oct 14, 2022 5:24:08 AM se.kth.debug.Collector write
INFO: Return values serialised!
Oct 14, 2022 5:24:08 AM se.kth.debug.Collector write
INFO: File output to: /home/khesoem/exec-diff/d2/output/sahab-reports/32535b76c8ff05d9877cf73026ad458f22d0ca6b/left.json
Oct 14, 2022 5:24:09 AM se.kth.debug.Debugger launchVMAndJunit
INFO: java -cp /home/khesoem/exec-diff/d2/collector-sahab/target/collector-sahab-0.0.1-SNAPSHOT-jar-with-dependencies.jar:/home/khesoem/exec-diff/d2/drr-execdiff/Math-74/sahab-right_32535b76c8ff05d9877cf73026ad458f22d0ca6b/classes:/home/khesoem/exec-diff/d2/drr-execdiff/Math-74/sahab-right_32535b76c8ff05d9877cf73026ad458f22d0ca6b/test-classes:/root/.m2/repository/junit/junit/4.4/junit-4.4.jar se.kth.debug.JUnitTestRunner org.apache.commons.math.ode.nonstiff.AdamsMoultonIntegratorTest::polynomial
Oct 14, 2022 5:24:09 AM se.kth.debug.Debugger launchVMAndJunit
INFO: Connected to port: 32981
Oct 14, 2022 5:24:09 AM se.kth.debug.Debugger addClassPrepareEvent
INFO: org.apache.commons.math.ode.nonstiff.AdamsMoultonIntegrator added!
Oct 14, 2022 6:08:30 AM se.kth.debug.EventProcessor startEventProcessor
WARNING: com.sun.jdi.VMDisconnectedException
Oct 14, 2022 6:14:42 AM se.kth.debug.Collector write
INFO: Breakpoints serialised!
Oct 14, 2022 6:14:42 AM se.kth.debug.Collector write
INFO: Return values serialised!
Oct 14, 2022 6:14:42 AM se.kth.debug.Collector write
INFO: File output to: /home/khesoem/exec-diff/d2/output/sahab-reports/32535b76c8ff05d9877cf73026ad458f22d0ca6b/right.json
