HEAD is now at e5d67a81 bugs added
WARNING: An illegal reflective access operation has occurred
WARNING: Illegal reflective access by com.google.inject.internal.cglib.core.$ReflectUtils$1 (file:/usr/share/maven/lib/guice.jar) to method java.lang.ClassLoader.defineClass(java.lang.String,byte[],int,int,java.security.ProtectionDomain)
WARNING: Please consider reporting this to the maintainers of com.google.inject.internal.cglib.core.$ReflectUtils$1
WARNING: Use --illegal-access=warn to enable warnings of further illegal reflective access operations
WARNING: All illegal access operations will be denied in a future release
WARNING: An illegal reflective access operation has occurred
WARNING: Illegal reflective access by com.google.inject.internal.cglib.core.$ReflectUtils$1 (file:/usr/share/maven/lib/guice.jar) to method java.lang.ClassLoader.defineClass(java.lang.String,byte[],int,int,java.security.ProtectionDomain)
WARNING: Please consider reporting this to the maintainers of com.google.inject.internal.cglib.core.$ReflectUtils$1
WARNING: Use --illegal-access=warn to enable warnings of further illegal reflective access operations
WARNING: All illegal access operations will be denied in a future release
Previous HEAD position was e5d67a81 bugs added
HEAD is now at cf51b103 patch applied
WARNING: An illegal reflective access operation has occurred
WARNING: Illegal reflective access by com.google.inject.internal.cglib.core.$ReflectUtils$1 (file:/usr/share/maven/lib/guice.jar) to method java.lang.ClassLoader.defineClass(java.lang.String,byte[],int,int,java.security.ProtectionDomain)
WARNING: Please consider reporting this to the maintainers of com.google.inject.internal.cglib.core.$ReflectUtils$1
WARNING: Use --illegal-access=warn to enable warnings of further illegal reflective access operations
WARNING: All illegal access operations will be denied in a future release
WARNING: An illegal reflective access operation has occurred
WARNING: Illegal reflective access by com.google.inject.internal.cglib.core.$ReflectUtils$1 (file:/usr/share/maven/lib/guice.jar) to method java.lang.ClassLoader.defineClass(java.lang.String,byte[],int,int,java.security.ProtectionDomain)
WARNING: Please consider reporting this to the maintainers of com.google.inject.internal.cglib.core.$ReflectUtils$1
WARNING: Use --illegal-access=warn to enable warnings of further illegal reflective access operations
WARNING: All illegal access operations will be denied in a future release
SLF4J: Failed to load class "org.slf4j.impl.StaticLoggerBinder".
SLF4J: Defaulting to no-operation (NOP) logger implementation
SLF4J: See http://www.slf4j.org/codes.html#StaticLoggerBinder for further details.
Oct 06, 2022 7:11:08 PM se.kth.debug.Debugger launchVMAndJunit
INFO: java -cp /home/khesoem/exec-diff/d2/collector-sahab/target/collector-sahab-0.0.1-SNAPSHOT-jar-with-dependencies.jar:/home/khesoem/exec-diff/d2/drr-execdiff/Math-28/sahab-left_cf51b103fdb4a232f3a27127a46acf43fd352b93/classes:/home/khesoem/exec-diff/d2/drr-execdiff/Math-28/sahab-left_cf51b103fdb4a232f3a27127a46acf43fd352b93/test-classes:/root/.m2/repository/junit/junit/4.10/junit-4.10.jar:/root/.m2/repository/org/hamcrest/hamcrest-core/1.1/hamcrest-core-1.1.jar se.kth.debug.JUnitTestRunner org.apache.commons.math3.optimization.linear.SimplexSolverTest::testMath828Cycle
Oct 06, 2022 7:11:08 PM se.kth.debug.Debugger launchVMAndJunit
INFO: Connected to port: 45179
Oct 06, 2022 7:11:08 PM se.kth.debug.Debugger addClassPrepareEvent
INFO: org.apache.commons.math3.optimization.linear.SimplexSolver added!
HEAD is now at e5d67a81 bugs added
WARNING: An illegal reflective access operation has occurred
WARNING: Illegal reflective access by com.google.inject.internal.cglib.core.$ReflectUtils$1 (file:/usr/share/maven/lib/guice.jar) to method java.lang.ClassLoader.defineClass(java.lang.String,byte[],int,int,java.security.ProtectionDomain)
WARNING: Please consider reporting this to the maintainers of com.google.inject.internal.cglib.core.$ReflectUtils$1
WARNING: Use --illegal-access=warn to enable warnings of further illegal reflective access operations
WARNING: All illegal access operations will be denied in a future release
WARNING: An illegal reflective access operation has occurred
WARNING: Illegal reflective access by com.google.inject.internal.cglib.core.$ReflectUtils$1 (file:/usr/share/maven/lib/guice.jar) to method java.lang.ClassLoader.defineClass(java.lang.String,byte[],int,int,java.security.ProtectionDomain)
WARNING: Please consider reporting this to the maintainers of com.google.inject.internal.cglib.core.$ReflectUtils$1
WARNING: Use --illegal-access=warn to enable warnings of further illegal reflective access operations
WARNING: All illegal access operations will be denied in a future release
Previous HEAD position was e5d67a81 bugs added
HEAD is now at cf51b103 patch applied
WARNING: An illegal reflective access operation has occurred
WARNING: Illegal reflective access by com.google.inject.internal.cglib.core.$ReflectUtils$1 (file:/usr/share/maven/lib/guice.jar) to method java.lang.ClassLoader.defineClass(java.lang.String,byte[],int,int,java.security.ProtectionDomain)
WARNING: Please consider reporting this to the maintainers of com.google.inject.internal.cglib.core.$ReflectUtils$1
WARNING: Use --illegal-access=warn to enable warnings of further illegal reflective access operations
WARNING: All illegal access operations will be denied in a future release
WARNING: An illegal reflective access operation has occurred
WARNING: Illegal reflective access by com.google.inject.internal.cglib.core.$ReflectUtils$1 (file:/usr/share/maven/lib/guice.jar) to method java.lang.ClassLoader.defineClass(java.lang.String,byte[],int,int,java.security.ProtectionDomain)
WARNING: Please consider reporting this to the maintainers of com.google.inject.internal.cglib.core.$ReflectUtils$1
WARNING: Use --illegal-access=warn to enable warnings of further illegal reflective access operations
WARNING: All illegal access operations will be denied in a future release
SLF4J: Failed to load class "org.slf4j.impl.StaticLoggerBinder".
SLF4J: Defaulting to no-operation (NOP) logger implementation
SLF4J: See http://www.slf4j.org/codes.html#StaticLoggerBinder for further details.
Oct 06, 2022 7:17:11 PM se.kth.debug.Debugger launchVMAndJunit
INFO: java -cp /home/khesoem/exec-diff/d2/collector-sahab/target/collector-sahab-0.0.1-SNAPSHOT-jar-with-dependencies.jar:/home/khesoem/exec-diff/d2/drr-execdiff/Math-28/sahab-left_cf51b103fdb4a232f3a27127a46acf43fd352b93/classes:/home/khesoem/exec-diff/d2/drr-execdiff/Math-28/sahab-left_cf51b103fdb4a232f3a27127a46acf43fd352b93/test-classes:/root/.m2/repository/junit/junit/4.10/junit-4.10.jar:/root/.m2/repository/org/hamcrest/hamcrest-core/1.1/hamcrest-core-1.1.jar se.kth.debug.JUnitTestRunner org.apache.commons.math3.optimization.linear.SimplexSolverTest::testMath828Cycle
Oct 06, 2022 7:17:11 PM se.kth.debug.Debugger launchVMAndJunit
INFO: Connected to port: 36733
Oct 06, 2022 7:17:11 PM se.kth.debug.Debugger addClassPrepareEvent
INFO: org.apache.commons.math3.optimization.linear.SimplexSolver added!
Oct 06, 2022 7:19:49 PM se.kth.debug.EventProcessor startEventProcessor
WARNING: com.sun.jdi.VMDisconnectedException
Oct 06, 2022 7:20:29 PM se.kth.debug.Collector write
INFO: Breakpoints serialised!
Oct 06, 2022 7:20:29 PM se.kth.debug.Collector write
INFO: Return values serialised!
Oct 06, 2022 7:20:29 PM se.kth.debug.Collector write
INFO: File output to: /home/khesoem/exec-diff/d2/output/sahab-reports/cf51b103fdb4a232f3a27127a46acf43fd352b93/left.json
Oct 06, 2022 7:20:30 PM se.kth.debug.Debugger launchVMAndJunit
INFO: java -cp /home/khesoem/exec-diff/d2/collector-sahab/target/collector-sahab-0.0.1-SNAPSHOT-jar-with-dependencies.jar:/home/khesoem/exec-diff/d2/drr-execdiff/Math-28/sahab-right_cf51b103fdb4a232f3a27127a46acf43fd352b93/classes:/home/khesoem/exec-diff/d2/drr-execdiff/Math-28/sahab-right_cf51b103fdb4a232f3a27127a46acf43fd352b93/test-classes:/root/.m2/repository/junit/junit/4.10/junit-4.10.jar:/root/.m2/repository/org/hamcrest/hamcrest-core/1.1/hamcrest-core-1.1.jar se.kth.debug.JUnitTestRunner org.apache.commons.math3.optimization.linear.SimplexSolverTest::testMath828Cycle
Oct 06, 2022 7:20:30 PM se.kth.debug.Debugger launchVMAndJunit
INFO: Connected to port: 47145
Oct 06, 2022 7:20:30 PM se.kth.debug.Debugger addClassPrepareEvent
INFO: org.apache.commons.math3.optimization.linear.SimplexSolver added!
Oct 06, 2022 7:22:07 PM se.kth.debug.EventProcessor startEventProcessor
WARNING: com.sun.jdi.VMDisconnectedException
Oct 06, 2022 7:22:18 PM se.kth.debug.EventProcessor startEventProcessor
WARNING: com.sun.jdi.VMDisconnectedException
Oct 06, 2022 7:22:19 PM se.kth.debug.Collector write
INFO: Breakpoints serialised!
Oct 06, 2022 7:22:19 PM se.kth.debug.Collector write
INFO: Return values serialised!
Oct 06, 2022 7:22:20 PM se.kth.debug.Collector write
INFO: File output to: /home/khesoem/exec-diff/d2/output/sahab-reports/cf51b103fdb4a232f3a27127a46acf43fd352b93/left.json
Oct 06, 2022 7:22:20 PM se.kth.debug.Debugger launchVMAndJunit
INFO: java -cp /home/khesoem/exec-diff/d2/collector-sahab/target/collector-sahab-0.0.1-SNAPSHOT-jar-with-dependencies.jar:/home/khesoem/exec-diff/d2/drr-execdiff/Math-28/sahab-right_cf51b103fdb4a232f3a27127a46acf43fd352b93/classes:/home/khesoem/exec-diff/d2/drr-execdiff/Math-28/sahab-right_cf51b103fdb4a232f3a27127a46acf43fd352b93/test-classes:/root/.m2/repository/junit/junit/4.10/junit-4.10.jar:/root/.m2/repository/org/hamcrest/hamcrest-core/1.1/hamcrest-core-1.1.jar se.kth.debug.JUnitTestRunner org.apache.commons.math3.optimization.linear.SimplexSolverTest::testMath828Cycle
Oct 06, 2022 7:22:20 PM se.kth.debug.Debugger launchVMAndJunit
INFO: Connected to port: 41927
Oct 06, 2022 7:22:20 PM se.kth.debug.Debugger addClassPrepareEvent
INFO: org.apache.commons.math3.optimization.linear.SimplexSolver added!
Oct 06, 2022 7:22:25 PM se.kth.debug.Collector write
INFO: Breakpoints serialised!
Oct 06, 2022 7:22:25 PM se.kth.debug.Collector write
INFO: Return values serialised!
Oct 06, 2022 7:22:25 PM se.kth.debug.Collector write
INFO: File output to: /home/khesoem/exec-diff/d2/output/sahab-reports/cf51b103fdb4a232f3a27127a46acf43fd352b93/right.json
Oct 06, 2022 7:23:25 PM se.kth.debug.EventProcessor startEventProcessor
WARNING: com.sun.jdi.VMDisconnectedException
Oct 06, 2022 7:23:28 PM se.kth.debug.Collector write
INFO: Breakpoints serialised!
Oct 06, 2022 7:23:28 PM se.kth.debug.Collector write
INFO: Return values serialised!
Oct 06, 2022 7:23:28 PM se.kth.debug.Collector write
INFO: File output to: /home/khesoem/exec-diff/d2/output/sahab-reports/cf51b103fdb4a232f3a27127a46acf43fd352b93/right.json
