HEAD is now at e5d67a81 bugs added
WARNING: An illegal reflective access operation has occurred
WARNING: Illegal reflective access by com.google.inject.internal.cglib.core.$ReflectUtils$1 (file:/usr/share/maven/lib/guice.jar) to method java.lang.ClassLoader.defineClass(java.lang.String,byte[],int,int,java.security.ProtectionDomain)
WARNING: Please consider reporting this to the maintainers of com.google.inject.internal.cglib.core.$ReflectUtils$1
WARNING: Use --illegal-access=warn to enable warnings of further illegal reflective access operations
WARNING: All illegal access operations will be denied in a future release
WARNING: An illegal reflective access operation has occurred
WARNING: Illegal reflective access by com.google.inject.internal.cglib.core.$ReflectUtils$1 (file:/usr/share/maven/lib/guice.jar) to method java.lang.ClassLoader.defineClass(java.lang.String,byte[],int,int,java.security.ProtectionDomain)
WARNING: Please consider reporting this to the maintainers of com.google.inject.internal.cglib.core.$ReflectUtils$1
WARNING: Use --illegal-access=warn to enable warnings of further illegal reflective access operations
WARNING: All illegal access operations will be denied in a future release
Previous HEAD position was e5d67a81 bugs added
HEAD is now at dd6a74ee patch applied
WARNING: An illegal reflective access operation has occurred
WARNING: Illegal reflective access by com.google.inject.internal.cglib.core.$ReflectUtils$1 (file:/usr/share/maven/lib/guice.jar) to method java.lang.ClassLoader.defineClass(java.lang.String,byte[],int,int,java.security.ProtectionDomain)
WARNING: Please consider reporting this to the maintainers of com.google.inject.internal.cglib.core.$ReflectUtils$1
WARNING: Use --illegal-access=warn to enable warnings of further illegal reflective access operations
WARNING: All illegal access operations will be denied in a future release
WARNING: An illegal reflective access operation has occurred
WARNING: Illegal reflective access by com.google.inject.internal.cglib.core.$ReflectUtils$1 (file:/usr/share/maven/lib/guice.jar) to method java.lang.ClassLoader.defineClass(java.lang.String,byte[],int,int,java.security.ProtectionDomain)
WARNING: Please consider reporting this to the maintainers of com.google.inject.internal.cglib.core.$ReflectUtils$1
WARNING: Use --illegal-access=warn to enable warnings of further illegal reflective access operations
WARNING: All illegal access operations will be denied in a future release
SLF4J: Failed to load class "org.slf4j.impl.StaticLoggerBinder".
SLF4J: Defaulting to no-operation (NOP) logger implementation
SLF4J: See http://www.slf4j.org/codes.html#StaticLoggerBinder for further details.
Oct 08, 2022 10:13:50 AM se.kth.debug.Debugger launchVMAndJunit
INFO: java -cp /home/khesoem/exec-diff/d2/collector-sahab/target/collector-sahab-0.0.1-SNAPSHOT-jar-with-dependencies.jar:/home/khesoem/exec-diff/d2/drr-execdiff/Math-50/sahab-left_dd6a74ee04e6335bee23bc57c285810646f1e777/classes:/home/khesoem/exec-diff/d2/drr-execdiff/Math-50/sahab-left_dd6a74ee04e6335bee23bc57c285810646f1e777/test-classes:/root/.m2/repository/junit/junit/4.8.2/junit-4.8.2.jar se.kth.debug.JUnitTestRunner org.apache.commons.math.analysis.solvers.RegulaFalsiSolverTest::testIssue631
Oct 08, 2022 10:13:50 AM se.kth.debug.Debugger launchVMAndJunit
INFO: Connected to port: 53677
Oct 08, 2022 10:13:50 AM se.kth.debug.Debugger addClassPrepareEvent
INFO: org.apache.commons.math.analysis.solvers.BaseSecantSolver added!
Oct 08, 2022 10:13:50 AM se.kth.debug.Debugger setBreakpoints
WARNING: 158 is not a valid breakpoint in org.apache.commons.math.analysis.solvers.BaseSecantSolver
Oct 08, 2022 10:13:50 AM se.kth.debug.Debugger setBreakpoints
WARNING: 191 is not a valid breakpoint in org.apache.commons.math.analysis.solvers.BaseSecantSolver
Oct 08, 2022 10:13:50 AM se.kth.debug.Debugger setBreakpoints
WARNING: 212 is not a valid breakpoint in org.apache.commons.math.analysis.solvers.BaseSecantSolver
Oct 08, 2022 10:13:50 AM se.kth.debug.Debugger setBreakpoints
WARNING: 217 is not a valid breakpoint in org.apache.commons.math.analysis.solvers.BaseSecantSolver
Oct 08, 2022 10:13:50 AM se.kth.debug.Debugger setBreakpoints
WARNING: 222 is not a valid breakpoint in org.apache.commons.math.analysis.solvers.BaseSecantSolver
Oct 08, 2022 10:13:50 AM se.kth.debug.Debugger setBreakpoints
WARNING: 227 is not a valid breakpoint in org.apache.commons.math.analysis.solvers.BaseSecantSolver
Oct 08, 2022 11:00:17 AM se.kth.debug.EventProcessor startEventProcessor
WARNING: com.sun.jdi.VMDisconnectedException
Oct 08, 2022 11:02:22 AM se.kth.debug.Collector write
INFO: Breakpoints serialised!
Oct 08, 2022 11:02:22 AM se.kth.debug.Collector write
INFO: Return values serialised!
Oct 08, 2022 11:02:22 AM se.kth.debug.Collector write
INFO: File output to: /home/khesoem/exec-diff/d2/output/sahab-reports/dd6a74ee04e6335bee23bc57c285810646f1e777/left.json
Oct 08, 2022 11:02:22 AM se.kth.debug.Debugger launchVMAndJunit
INFO: java -cp /home/khesoem/exec-diff/d2/collector-sahab/target/collector-sahab-0.0.1-SNAPSHOT-jar-with-dependencies.jar:/home/khesoem/exec-diff/d2/drr-execdiff/Math-50/sahab-right_dd6a74ee04e6335bee23bc57c285810646f1e777/classes:/home/khesoem/exec-diff/d2/drr-execdiff/Math-50/sahab-right_dd6a74ee04e6335bee23bc57c285810646f1e777/test-classes:/root/.m2/repository/junit/junit/4.8.2/junit-4.8.2.jar se.kth.debug.JUnitTestRunner org.apache.commons.math.analysis.solvers.RegulaFalsiSolverTest::testIssue631
Oct 08, 2022 11:02:22 AM se.kth.debug.Debugger launchVMAndJunit
INFO: Connected to port: 60803
Oct 08, 2022 11:02:22 AM se.kth.debug.Debugger addClassPrepareEvent
INFO: org.apache.commons.math.analysis.solvers.BaseSecantSolver added!
Oct 08, 2022 11:02:23 AM se.kth.debug.Debugger setBreakpoints
WARNING: 158 is not a valid breakpoint in org.apache.commons.math.analysis.solvers.BaseSecantSolver
Oct 08, 2022 11:02:23 AM se.kth.debug.Debugger setBreakpoints
WARNING: 209 is not a valid breakpoint in org.apache.commons.math.analysis.solvers.BaseSecantSolver
Oct 08, 2022 11:02:23 AM se.kth.debug.Debugger setBreakpoints
WARNING: 214 is not a valid breakpoint in org.apache.commons.math.analysis.solvers.BaseSecantSolver
Oct 08, 2022 11:02:23 AM se.kth.debug.Debugger setBreakpoints
WARNING: 219 is not a valid breakpoint in org.apache.commons.math.analysis.solvers.BaseSecantSolver
Oct 08, 2022 11:02:23 AM se.kth.debug.Debugger setBreakpoints
WARNING: 224 is not a valid breakpoint in org.apache.commons.math.analysis.solvers.BaseSecantSolver
Oct 08, 2022 11:52:50 AM se.kth.debug.EventProcessor startEventProcessor
WARNING: com.sun.jdi.VMDisconnectedException
Oct 08, 2022 11:55:30 AM se.kth.debug.Collector write
INFO: Breakpoints serialised!
Oct 08, 2022 11:55:30 AM se.kth.debug.Collector write
INFO: No method exits were encountered.
Oct 08, 2022 11:55:31 AM se.kth.debug.Collector write
INFO: File output to: /home/khesoem/exec-diff/d2/output/sahab-reports/dd6a74ee04e6335bee23bc57c285810646f1e777/right.json
