HEAD is now at e5d67a81 bugs added
WARNING: An illegal reflective access operation has occurred
WARNING: Illegal reflective access by com.google.inject.internal.cglib.core.$ReflectUtils$1 (file:/usr/share/maven/lib/guice.jar) to method java.lang.ClassLoader.defineClass(java.lang.String,byte[],int,int,java.security.ProtectionDomain)
WARNING: Please consider reporting this to the maintainers of com.google.inject.internal.cglib.core.$ReflectUtils$1
WARNING: Use --illegal-access=warn to enable warnings of further illegal reflective access operations
WARNING: All illegal access operations will be denied in a future release
WARNING: An illegal reflective access operation has occurred
WARNING: Illegal reflective access by com.google.inject.internal.cglib.core.$ReflectUtils$1 (file:/usr/share/maven/lib/guice.jar) to method java.lang.ClassLoader.defineClass(java.lang.String,byte[],int,int,java.security.ProtectionDomain)
WARNING: Please consider reporting this to the maintainers of com.google.inject.internal.cglib.core.$ReflectUtils$1
WARNING: Use --illegal-access=warn to enable warnings of further illegal reflective access operations
WARNING: All illegal access operations will be denied in a future release
Previous HEAD position was e5d67a81 bugs added
HEAD is now at 574281ef patch applied
WARNING: An illegal reflective access operation has occurred
WARNING: Illegal reflective access by com.google.inject.internal.cglib.core.$ReflectUtils$1 (file:/usr/share/maven/lib/guice.jar) to method java.lang.ClassLoader.defineClass(java.lang.String,byte[],int,int,java.security.ProtectionDomain)
WARNING: Please consider reporting this to the maintainers of com.google.inject.internal.cglib.core.$ReflectUtils$1
WARNING: Use --illegal-access=warn to enable warnings of further illegal reflective access operations
WARNING: All illegal access operations will be denied in a future release
WARNING: An illegal reflective access operation has occurred
WARNING: Illegal reflective access by com.google.inject.internal.cglib.core.$ReflectUtils$1 (file:/usr/share/maven/lib/guice.jar) to method java.lang.ClassLoader.defineClass(java.lang.String,byte[],int,int,java.security.ProtectionDomain)
WARNING: Please consider reporting this to the maintainers of com.google.inject.internal.cglib.core.$ReflectUtils$1
WARNING: Use --illegal-access=warn to enable warnings of further illegal reflective access operations
WARNING: All illegal access operations will be denied in a future release
SLF4J: Failed to load class "org.slf4j.impl.StaticLoggerBinder".
SLF4J: Defaulting to no-operation (NOP) logger implementation
SLF4J: See http://www.slf4j.org/codes.html#StaticLoggerBinder for further details.
Oct 09, 2022 12:15:35 PM se.kth.debug.Debugger launchVMAndJunit
INFO: java -cp /home/khesoem/exec-diff/d2/collector-sahab/target/collector-sahab-0.0.1-SNAPSHOT-jar-with-dependencies.jar:/home/khesoem/exec-diff/d2/drr-execdiff/Math-58/sahab-left_574281efda53164c9f7eb8a2a7e58ee4fd390f5b/classes:/home/khesoem/exec-diff/d2/drr-execdiff/Math-58/sahab-left_574281efda53164c9f7eb8a2a7e58ee4fd390f5b/test-classes:/root/.m2/repository/junit/junit/4.4/junit-4.4.jar se.kth.debug.JUnitTestRunner org.apache.commons.math.optimization.fitting.GaussianFitterTest::testMath519
Oct 09, 2022 12:15:36 PM se.kth.debug.Debugger launchVMAndJunit
INFO: Connected to port: 51881
Oct 09, 2022 12:15:36 PM se.kth.debug.Debugger addClassPrepareEvent
INFO: org.apache.commons.math.optimization.fitting.GaussianFitter added!
Oct 09, 2022 12:15:38 PM se.kth.debug.EventProcessor startEventProcessor
WARNING: com.sun.jdi.VMDisconnectedException
Oct 09, 2022 12:15:38 PM se.kth.debug.Collector write
INFO: Breakpoints serialised!
Oct 09, 2022 12:15:38 PM se.kth.debug.Collector write
INFO: No method exits were encountered.
Oct 09, 2022 12:15:38 PM se.kth.debug.Collector write
INFO: File output to: /home/khesoem/exec-diff/d2/output/sahab-reports/574281efda53164c9f7eb8a2a7e58ee4fd390f5b/left.json
Oct 09, 2022 12:15:38 PM se.kth.debug.Debugger launchVMAndJunit
INFO: java -cp /home/khesoem/exec-diff/d2/collector-sahab/target/collector-sahab-0.0.1-SNAPSHOT-jar-with-dependencies.jar:/home/khesoem/exec-diff/d2/drr-execdiff/Math-58/sahab-right_574281efda53164c9f7eb8a2a7e58ee4fd390f5b/classes:/home/khesoem/exec-diff/d2/drr-execdiff/Math-58/sahab-right_574281efda53164c9f7eb8a2a7e58ee4fd390f5b/test-classes:/root/.m2/repository/junit/junit/4.4/junit-4.4.jar se.kth.debug.JUnitTestRunner org.apache.commons.math.optimization.fitting.GaussianFitterTest::testMath519
Oct 09, 2022 12:15:38 PM se.kth.debug.Debugger launchVMAndJunit
INFO: Connected to port: 51987
Oct 09, 2022 12:15:38 PM se.kth.debug.Debugger addClassPrepareEvent
INFO: org.apache.commons.math.optimization.fitting.GaussianFitter added!
Oct 09, 2022 12:15:40 PM se.kth.debug.EventProcessor startEventProcessor
WARNING: com.sun.jdi.VMDisconnectedException
Oct 09, 2022 12:15:40 PM se.kth.debug.Collector write
INFO: Breakpoints serialised!
Oct 09, 2022 12:15:40 PM se.kth.debug.Collector write
INFO: Return values serialised!
Oct 09, 2022 12:15:40 PM se.kth.debug.Collector write
INFO: File output to: /home/khesoem/exec-diff/d2/output/sahab-reports/574281efda53164c9f7eb8a2a7e58ee4fd390f5b/right.json
