HEAD is now at e5d67a81 bugs added
WARNING: An illegal reflective access operation has occurred
WARNING: Illegal reflective access by com.google.inject.internal.cglib.core.$ReflectUtils$1 (file:/usr/share/maven/lib/guice.jar) to method java.lang.ClassLoader.defineClass(java.lang.String,byte[],int,int,java.security.ProtectionDomain)
WARNING: Please consider reporting this to the maintainers of com.google.inject.internal.cglib.core.$ReflectUtils$1
WARNING: Use --illegal-access=warn to enable warnings of further illegal reflective access operations
WARNING: All illegal access operations will be denied in a future release
WARNING: An illegal reflective access operation has occurred
WARNING: Illegal reflective access by com.google.inject.internal.cglib.core.$ReflectUtils$1 (file:/usr/share/maven/lib/guice.jar) to method java.lang.ClassLoader.defineClass(java.lang.String,byte[],int,int,java.security.ProtectionDomain)
WARNING: Please consider reporting this to the maintainers of com.google.inject.internal.cglib.core.$ReflectUtils$1
WARNING: Use --illegal-access=warn to enable warnings of further illegal reflective access operations
WARNING: All illegal access operations will be denied in a future release
Previous HEAD position was e5d67a81 bugs added
HEAD is now at 2691a66b patch applied
WARNING: An illegal reflective access operation has occurred
WARNING: Illegal reflective access by com.google.inject.internal.cglib.core.$ReflectUtils$1 (file:/usr/share/maven/lib/guice.jar) to method java.lang.ClassLoader.defineClass(java.lang.String,byte[],int,int,java.security.ProtectionDomain)
WARNING: Please consider reporting this to the maintainers of com.google.inject.internal.cglib.core.$ReflectUtils$1
WARNING: Use --illegal-access=warn to enable warnings of further illegal reflective access operations
WARNING: All illegal access operations will be denied in a future release
WARNING: An illegal reflective access operation has occurred
WARNING: Illegal reflective access by com.google.inject.internal.cglib.core.$ReflectUtils$1 (file:/usr/share/maven/lib/guice.jar) to method java.lang.ClassLoader.defineClass(java.lang.String,byte[],int,int,java.security.ProtectionDomain)
WARNING: Please consider reporting this to the maintainers of com.google.inject.internal.cglib.core.$ReflectUtils$1
WARNING: Use --illegal-access=warn to enable warnings of further illegal reflective access operations
WARNING: All illegal access operations will be denied in a future release
SLF4J: Failed to load class "org.slf4j.impl.StaticLoggerBinder".
SLF4J: Defaulting to no-operation (NOP) logger implementation
SLF4J: See http://www.slf4j.org/codes.html#StaticLoggerBinder for further details.
Oct 09, 2022 10:03:31 PM se.kth.debug.Debugger launchVMAndJunit
INFO: java -cp /home/khesoem/exec-diff/d2/collector-sahab/target/collector-sahab-0.0.1-SNAPSHOT-jar-with-dependencies.jar:/home/khesoem/exec-diff/d2/drr-execdiff/Math-74/sahab-left_2691a66b76d6165fb45dd577bf6e332ef98e5fae/classes:/home/khesoem/exec-diff/d2/drr-execdiff/Math-74/sahab-left_2691a66b76d6165fb45dd577bf6e332ef98e5fae/test-classes:/root/.m2/repository/junit/junit/4.4/junit-4.4.jar se.kth.debug.JUnitTestRunner org.apache.commons.math.ode.nonstiff.AdamsMoultonIntegratorTest::polynomial
Oct 09, 2022 10:03:31 PM se.kth.debug.Debugger launchVMAndJunit
INFO: Connected to port: 49035
Oct 09, 2022 10:03:31 PM se.kth.debug.Debugger addClassPrepareEvent
INFO: org.apache.commons.math.ode.nonstiff.AdamsMoultonIntegrator added!
Oct 09, 2022 11:04:47 PM se.kth.debug.EventProcessor startEventProcessor
WARNING: com.sun.jdi.VMDisconnectedException
Oct 09, 2022 11:09:12 PM se.kth.debug.Collector write
INFO: Breakpoints serialised!
Oct 09, 2022 11:09:12 PM se.kth.debug.Collector write
INFO: Return values serialised!
Oct 09, 2022 11:09:12 PM se.kth.debug.Collector write
INFO: File output to: /home/khesoem/exec-diff/d2/output/sahab-reports/2691a66b76d6165fb45dd577bf6e332ef98e5fae/left.json
Oct 09, 2022 11:09:13 PM se.kth.debug.Debugger launchVMAndJunit
INFO: java -cp /home/khesoem/exec-diff/d2/collector-sahab/target/collector-sahab-0.0.1-SNAPSHOT-jar-with-dependencies.jar:/home/khesoem/exec-diff/d2/drr-execdiff/Math-74/sahab-right_2691a66b76d6165fb45dd577bf6e332ef98e5fae/classes:/home/khesoem/exec-diff/d2/drr-execdiff/Math-74/sahab-right_2691a66b76d6165fb45dd577bf6e332ef98e5fae/test-classes:/root/.m2/repository/junit/junit/4.4/junit-4.4.jar se.kth.debug.JUnitTestRunner org.apache.commons.math.ode.nonstiff.AdamsMoultonIntegratorTest::polynomial
Oct 09, 2022 11:09:13 PM se.kth.debug.Debugger launchVMAndJunit
INFO: Connected to port: 49925
Oct 09, 2022 11:09:13 PM se.kth.debug.Debugger addClassPrepareEvent
INFO: org.apache.commons.math.ode.nonstiff.AdamsMoultonIntegrator added!
Oct 10, 2022 12:08:06 AM se.kth.debug.EventProcessor startEventProcessor
WARNING: com.sun.jdi.VMDisconnectedException
Oct 10, 2022 12:11:41 AM se.kth.debug.Collector write
INFO: Breakpoints serialised!
Oct 10, 2022 12:11:41 AM se.kth.debug.Collector write
INFO: Return values serialised!
Oct 10, 2022 12:11:41 AM se.kth.debug.Collector write
INFO: File output to: /home/khesoem/exec-diff/d2/output/sahab-reports/2691a66b76d6165fb45dd577bf6e332ef98e5fae/right.json
