HEAD is now at e5d67a81 bugs added
WARNING: An illegal reflective access operation has occurred
WARNING: Illegal reflective access by com.google.inject.internal.cglib.core.$ReflectUtils$1 (file:/usr/share/maven/lib/guice.jar) to method java.lang.ClassLoader.defineClass(java.lang.String,byte[],int,int,java.security.ProtectionDomain)
WARNING: Please consider reporting this to the maintainers of com.google.inject.internal.cglib.core.$ReflectUtils$1
WARNING: Use --illegal-access=warn to enable warnings of further illegal reflective access operations
WARNING: All illegal access operations will be denied in a future release
WARNING: An illegal reflective access operation has occurred
WARNING: Illegal reflective access by com.google.inject.internal.cglib.core.$ReflectUtils$1 (file:/usr/share/maven/lib/guice.jar) to method java.lang.ClassLoader.defineClass(java.lang.String,byte[],int,int,java.security.ProtectionDomain)
WARNING: Please consider reporting this to the maintainers of com.google.inject.internal.cglib.core.$ReflectUtils$1
WARNING: Use --illegal-access=warn to enable warnings of further illegal reflective access operations
WARNING: All illegal access operations will be denied in a future release
Previous HEAD position was e5d67a81 bugs added
HEAD is now at 0b2c5280 patch applied
WARNING: An illegal reflective access operation has occurred
WARNING: Illegal reflective access by com.google.inject.internal.cglib.core.$ReflectUtils$1 (file:/usr/share/maven/lib/guice.jar) to method java.lang.ClassLoader.defineClass(java.lang.String,byte[],int,int,java.security.ProtectionDomain)
WARNING: Please consider reporting this to the maintainers of com.google.inject.internal.cglib.core.$ReflectUtils$1
WARNING: Use --illegal-access=warn to enable warnings of further illegal reflective access operations
WARNING: All illegal access operations will be denied in a future release
WARNING: An illegal reflective access operation has occurred
WARNING: Illegal reflective access by com.google.inject.internal.cglib.core.$ReflectUtils$1 (file:/usr/share/maven/lib/guice.jar) to method java.lang.ClassLoader.defineClass(java.lang.String,byte[],int,int,java.security.ProtectionDomain)
WARNING: Please consider reporting this to the maintainers of com.google.inject.internal.cglib.core.$ReflectUtils$1
WARNING: Use --illegal-access=warn to enable warnings of further illegal reflective access operations
WARNING: All illegal access operations will be denied in a future release
SLF4J: Failed to load class "org.slf4j.impl.StaticLoggerBinder".
SLF4J: Defaulting to no-operation (NOP) logger implementation
SLF4J: See http://www.slf4j.org/codes.html#StaticLoggerBinder for further details.
Oct 15, 2022 11:20:06 PM se.kth.debug.Debugger launchVMAndJunit
INFO: java -cp /home/khesoem/exec-diff/d2/collector-sahab/target/collector-sahab-0.0.1-SNAPSHOT-jar-with-dependencies.jar:/home/khesoem/exec-diff/d2/drr-execdiff/Time-11/sahab-left_0b2c52804393eb56080a86d04533b88ca8971077/classes:/home/khesoem/exec-diff/d2/drr-execdiff/Time-11/sahab-left_0b2c52804393eb56080a86d04533b88ca8971077/test-classes:/root/.m2/repository/org/joda/joda-convert/1.2/joda-convert-1.2.jar:/root/.m2/repository/junit/junit/3.8.2/junit-3.8.2.jar se.kth.debug.JUnitTestRunner org.joda.time.tz.TestCompiler::testDateTimeZoneBuilder
Oct 15, 2022 11:20:06 PM se.kth.debug.Debugger launchVMAndJunit
INFO: Connected to port: 60725
Oct 15, 2022 11:20:06 PM se.kth.debug.Debugger addClassPrepareEvent
INFO: org.joda.time.tz.DateTimeZoneBuilder$PrecalculatedZone added!
Oct 15, 2022 11:26:33 PM se.kth.debug.EventProcessor startEventProcessor
WARNING: com.sun.jdi.VMDisconnectedException
Oct 15, 2022 11:27:20 PM se.kth.debug.Collector write
INFO: Breakpoints serialised!
Oct 15, 2022 11:27:20 PM se.kth.debug.Collector write
INFO: Return values serialised!
Oct 15, 2022 11:27:20 PM se.kth.debug.Collector write
INFO: File output to: /home/khesoem/exec-diff/d2/output/sahab-reports/0b2c52804393eb56080a86d04533b88ca8971077/left.json
Oct 15, 2022 11:27:21 PM se.kth.debug.Debugger launchVMAndJunit
INFO: java -cp /home/khesoem/exec-diff/d2/collector-sahab/target/collector-sahab-0.0.1-SNAPSHOT-jar-with-dependencies.jar:/home/khesoem/exec-diff/d2/drr-execdiff/Time-11/sahab-right_0b2c52804393eb56080a86d04533b88ca8971077/classes:/home/khesoem/exec-diff/d2/drr-execdiff/Time-11/sahab-right_0b2c52804393eb56080a86d04533b88ca8971077/test-classes:/root/.m2/repository/org/joda/joda-convert/1.2/joda-convert-1.2.jar:/root/.m2/repository/junit/junit/3.8.2/junit-3.8.2.jar se.kth.debug.JUnitTestRunner org.joda.time.tz.TestCompiler::testDateTimeZoneBuilder
Oct 15, 2022 11:27:21 PM se.kth.debug.Debugger launchVMAndJunit
INFO: Connected to port: 49279
Oct 15, 2022 11:27:21 PM se.kth.debug.Debugger addClassPrepareEvent
INFO: org.joda.time.tz.DateTimeZoneBuilder$PrecalculatedZone added!
Oct 15, 2022 11:27:21 PM se.kth.debug.Debugger setBreakpoints
WARNING: 1459 is not a valid breakpoint in org.joda.time.tz.DateTimeZoneBuilder$PrecalculatedZone
Oct 15, 2022 11:27:21 PM se.kth.debug.Debugger setBreakpoints
WARNING: 1460 is not a valid breakpoint in org.joda.time.tz.DateTimeZoneBuilder$PrecalculatedZone
Oct 15, 2022 11:27:21 PM se.kth.debug.Debugger setBreakpoints
WARNING: 1463 is not a valid breakpoint in org.joda.time.tz.DateTimeZoneBuilder$PrecalculatedZone
Oct 15, 2022 11:27:21 PM se.kth.debug.Debugger setBreakpoints
WARNING: 1464 is not a valid breakpoint in org.joda.time.tz.DateTimeZoneBuilder$PrecalculatedZone
Oct 15, 2022 11:27:21 PM se.kth.debug.Debugger setBreakpoints
WARNING: 1470 is not a valid breakpoint in org.joda.time.tz.DateTimeZoneBuilder$PrecalculatedZone
Oct 15, 2022 11:33:41 PM se.kth.debug.EventProcessor startEventProcessor
WARNING: com.sun.jdi.VMDisconnectedException
Oct 15, 2022 11:34:29 PM se.kth.debug.Collector write
INFO: Breakpoints serialised!
Oct 15, 2022 11:34:29 PM se.kth.debug.Collector write
INFO: Return values serialised!
Oct 15, 2022 11:34:29 PM se.kth.debug.Collector write
INFO: File output to: /home/khesoem/exec-diff/d2/output/sahab-reports/0b2c52804393eb56080a86d04533b88ca8971077/right.json
