HEAD is now at e5d67a81 bugs added
WARNING: An illegal reflective access operation has occurred
WARNING: Illegal reflective access by com.google.inject.internal.cglib.core.$ReflectUtils$1 (file:/usr/share/maven/lib/guice.jar) to method java.lang.ClassLoader.defineClass(java.lang.String,byte[],int,int,java.security.ProtectionDomain)
WARNING: Please consider reporting this to the maintainers of com.google.inject.internal.cglib.core.$ReflectUtils$1
WARNING: Use --illegal-access=warn to enable warnings of further illegal reflective access operations
WARNING: All illegal access operations will be denied in a future release
WARNING: An illegal reflective access operation has occurred
WARNING: Illegal reflective access by com.google.inject.internal.cglib.core.$ReflectUtils$1 (file:/usr/share/maven/lib/guice.jar) to method java.lang.ClassLoader.defineClass(java.lang.String,byte[],int,int,java.security.ProtectionDomain)
WARNING: Please consider reporting this to the maintainers of com.google.inject.internal.cglib.core.$ReflectUtils$1
WARNING: Use --illegal-access=warn to enable warnings of further illegal reflective access operations
WARNING: All illegal access operations will be denied in a future release
Previous HEAD position was e5d67a81 bugs added
HEAD is now at 8b137228 patch applied
WARNING: An illegal reflective access operation has occurred
WARNING: Illegal reflective access by com.google.inject.internal.cglib.core.$ReflectUtils$1 (file:/usr/share/maven/lib/guice.jar) to method java.lang.ClassLoader.defineClass(java.lang.String,byte[],int,int,java.security.ProtectionDomain)
WARNING: Please consider reporting this to the maintainers of com.google.inject.internal.cglib.core.$ReflectUtils$1
WARNING: Use --illegal-access=warn to enable warnings of further illegal reflective access operations
WARNING: All illegal access operations will be denied in a future release
WARNING: An illegal reflective access operation has occurred
WARNING: Illegal reflective access by com.google.inject.internal.cglib.core.$ReflectUtils$1 (file:/usr/share/maven/lib/guice.jar) to method java.lang.ClassLoader.defineClass(java.lang.String,byte[],int,int,java.security.ProtectionDomain)
WARNING: Please consider reporting this to the maintainers of com.google.inject.internal.cglib.core.$ReflectUtils$1
WARNING: Use --illegal-access=warn to enable warnings of further illegal reflective access operations
WARNING: All illegal access operations will be denied in a future release
SLF4J: Failed to load class "org.slf4j.impl.StaticLoggerBinder".
SLF4J: Defaulting to no-operation (NOP) logger implementation
SLF4J: See http://www.slf4j.org/codes.html#StaticLoggerBinder for further details.
Oct 11, 2022 9:37:35 PM se.kth.debug.Debugger launchVMAndJunit
INFO: java -cp /home/khesoem/exec-diff/d2/collector-sahab/target/collector-sahab-0.0.1-SNAPSHOT-jar-with-dependencies.jar:/home/khesoem/exec-diff/d2/drr-execdiff/Math-41/sahab-left_8b1372284ef2b5d53c029f2f84d7a7815c11b1e6/classes:/home/khesoem/exec-diff/d2/drr-execdiff/Math-41/sahab-left_8b1372284ef2b5d53c029f2f84d7a7815c11b1e6/test-classes:/root/.m2/repository/junit/junit/4.8.2/junit-4.8.2.jar se.kth.debug.JUnitTestRunner org.apache.commons.math.stat.descriptive.moment.VarianceTest::testEvaluateArraySegmentWeighted
Oct 11, 2022 9:37:35 PM se.kth.debug.Debugger launchVMAndJunit
INFO: Connected to port: 58903
Oct 11, 2022 9:37:35 PM se.kth.debug.Debugger addClassPrepareEvent
INFO: org.apache.commons.math.stat.descriptive.moment.Variance added!
Oct 11, 2022 9:37:36 PM se.kth.debug.EventProcessor startEventProcessor
WARNING: com.sun.jdi.VMDisconnectedException
Oct 11, 2022 9:37:36 PM se.kth.debug.Collector write
INFO: Output file was not generated as breakpoints were not encountered.
Oct 11, 2022 9:37:36 PM se.kth.debug.Collector write
INFO: Return values serialised!
Oct 11, 2022 9:37:36 PM se.kth.debug.Collector write
INFO: File output to: /home/khesoem/exec-diff/d2/output/sahab-reports/8b1372284ef2b5d53c029f2f84d7a7815c11b1e6/left.json
Oct 11, 2022 9:37:36 PM se.kth.debug.Debugger launchVMAndJunit
INFO: java -cp /home/khesoem/exec-diff/d2/collector-sahab/target/collector-sahab-0.0.1-SNAPSHOT-jar-with-dependencies.jar:/home/khesoem/exec-diff/d2/drr-execdiff/Math-41/sahab-right_8b1372284ef2b5d53c029f2f84d7a7815c11b1e6/classes:/home/khesoem/exec-diff/d2/drr-execdiff/Math-41/sahab-right_8b1372284ef2b5d53c029f2f84d7a7815c11b1e6/test-classes:/root/.m2/repository/junit/junit/4.8.2/junit-4.8.2.jar se.kth.debug.JUnitTestRunner org.apache.commons.math.stat.descriptive.moment.VarianceTest::testEvaluateArraySegmentWeighted
Oct 11, 2022 9:37:36 PM se.kth.debug.Debugger launchVMAndJunit
INFO: Connected to port: 36703
Oct 11, 2022 9:37:36 PM se.kth.debug.Debugger addClassPrepareEvent
INFO: org.apache.commons.math.stat.descriptive.moment.Variance added!
Oct 11, 2022 9:37:37 PM se.kth.debug.EventProcessor startEventProcessor
WARNING: com.sun.jdi.VMDisconnectedException
Oct 11, 2022 9:37:37 PM se.kth.debug.Collector write
INFO: Output file was not generated as breakpoints were not encountered.
Oct 11, 2022 9:37:37 PM se.kth.debug.Collector write
INFO: Return values serialised!
Oct 11, 2022 9:37:37 PM se.kth.debug.Collector write
INFO: File output to: /home/khesoem/exec-diff/d2/output/sahab-reports/8b1372284ef2b5d53c029f2f84d7a7815c11b1e6/right.json
