HEAD is now at e5d67a81 bugs added
WARNING: An illegal reflective access operation has occurred
WARNING: Illegal reflective access by com.google.inject.internal.cglib.core.$ReflectUtils$1 (file:/usr/share/maven/lib/guice.jar) to method java.lang.ClassLoader.defineClass(java.lang.String,byte[],int,int,java.security.ProtectionDomain)
WARNING: Please consider reporting this to the maintainers of com.google.inject.internal.cglib.core.$ReflectUtils$1
WARNING: Use --illegal-access=warn to enable warnings of further illegal reflective access operations
WARNING: All illegal access operations will be denied in a future release
WARNING: An illegal reflective access operation has occurred
WARNING: Illegal reflective access by com.google.inject.internal.cglib.core.$ReflectUtils$1 (file:/usr/share/maven/lib/guice.jar) to method java.lang.ClassLoader.defineClass(java.lang.String,byte[],int,int,java.security.ProtectionDomain)
WARNING: Please consider reporting this to the maintainers of com.google.inject.internal.cglib.core.$ReflectUtils$1
WARNING: Use --illegal-access=warn to enable warnings of further illegal reflective access operations
WARNING: All illegal access operations will be denied in a future release
Previous HEAD position was e5d67a81 bugs added
HEAD is now at 14612e9a patch applied
WARNING: An illegal reflective access operation has occurred
WARNING: Illegal reflective access by com.google.inject.internal.cglib.core.$ReflectUtils$1 (file:/usr/share/maven/lib/guice.jar) to method java.lang.ClassLoader.defineClass(java.lang.String,byte[],int,int,java.security.ProtectionDomain)
WARNING: Please consider reporting this to the maintainers of com.google.inject.internal.cglib.core.$ReflectUtils$1
WARNING: Use --illegal-access=warn to enable warnings of further illegal reflective access operations
WARNING: All illegal access operations will be denied in a future release
WARNING: An illegal reflective access operation has occurred
WARNING: Illegal reflective access by com.google.inject.internal.cglib.core.$ReflectUtils$1 (file:/usr/share/maven/lib/guice.jar) to method java.lang.ClassLoader.defineClass(java.lang.String,byte[],int,int,java.security.ProtectionDomain)
WARNING: Please consider reporting this to the maintainers of com.google.inject.internal.cglib.core.$ReflectUtils$1
WARNING: Use --illegal-access=warn to enable warnings of further illegal reflective access operations
WARNING: All illegal access operations will be denied in a future release
SLF4J: Failed to load class "org.slf4j.impl.StaticLoggerBinder".
SLF4J: Defaulting to no-operation (NOP) logger implementation
SLF4J: See http://www.slf4j.org/codes.html#StaticLoggerBinder for further details.
Oct 13, 2022 5:49:45 AM se.kth.debug.Debugger launchVMAndJunit
INFO: java -cp /home/khesoem/exec-diff/d2/collector-sahab/target/collector-sahab-0.0.1-SNAPSHOT-jar-with-dependencies.jar:/home/khesoem/exec-diff/d2/drr-execdiff/Math-28/sahab-left_14612e9aa334bb851ede6198a13d944304b1c447/classes:/home/khesoem/exec-diff/d2/drr-execdiff/Math-28/sahab-left_14612e9aa334bb851ede6198a13d944304b1c447/test-classes:/root/.m2/repository/junit/junit/4.10/junit-4.10.jar:/root/.m2/repository/org/hamcrest/hamcrest-core/1.1/hamcrest-core-1.1.jar se.kth.debug.JUnitTestRunner org.apache.commons.math3.optimization.linear.SimplexSolverTest::testMath828Cycle
Oct 13, 2022 5:49:45 AM se.kth.debug.Debugger launchVMAndJunit
INFO: Connected to port: 36261
Oct 13, 2022 5:49:45 AM se.kth.debug.Debugger addClassPrepareEvent
INFO: org.apache.commons.math3.optimization.linear.SimplexSolver added!
Oct 13, 2022 5:56:51 AM se.kth.debug.EventProcessor startEventProcessor
WARNING: com.sun.jdi.VMDisconnectedException
Oct 13, 2022 5:57:47 AM se.kth.debug.Collector write
INFO: Breakpoints serialised!
Oct 13, 2022 5:57:47 AM se.kth.debug.Collector write
INFO: Return values serialised!
Oct 13, 2022 5:57:47 AM se.kth.debug.Collector write
INFO: File output to: /home/khesoem/exec-diff/d2/output/sahab-reports/14612e9aa334bb851ede6198a13d944304b1c447/left.json
Oct 13, 2022 5:57:48 AM se.kth.debug.Debugger launchVMAndJunit
INFO: java -cp /home/khesoem/exec-diff/d2/collector-sahab/target/collector-sahab-0.0.1-SNAPSHOT-jar-with-dependencies.jar:/home/khesoem/exec-diff/d2/drr-execdiff/Math-28/sahab-right_14612e9aa334bb851ede6198a13d944304b1c447/classes:/home/khesoem/exec-diff/d2/drr-execdiff/Math-28/sahab-right_14612e9aa334bb851ede6198a13d944304b1c447/test-classes:/root/.m2/repository/junit/junit/4.10/junit-4.10.jar:/root/.m2/repository/org/hamcrest/hamcrest-core/1.1/hamcrest-core-1.1.jar se.kth.debug.JUnitTestRunner org.apache.commons.math3.optimization.linear.SimplexSolverTest::testMath828Cycle
Oct 13, 2022 5:57:49 AM se.kth.debug.Debugger launchVMAndJunit
INFO: Connected to port: 36871
Oct 13, 2022 5:57:49 AM se.kth.debug.Debugger addClassPrepareEvent
INFO: org.apache.commons.math3.optimization.linear.SimplexSolver added!
Oct 13, 2022 5:59:34 AM se.kth.debug.EventProcessor startEventProcessor
WARNING: com.sun.jdi.VMDisconnectedException
Oct 13, 2022 5:59:48 AM se.kth.debug.Collector write
INFO: Breakpoints serialised!
Oct 13, 2022 5:59:48 AM se.kth.debug.Collector write
INFO: Return values serialised!
Oct 13, 2022 5:59:48 AM se.kth.debug.Collector write
INFO: File output to: /home/khesoem/exec-diff/d2/output/sahab-reports/14612e9aa334bb851ede6198a13d944304b1c447/right.json
