HEAD is now at e5d67a81 bugs added
WARNING: An illegal reflective access operation has occurred
WARNING: Illegal reflective access by com.google.inject.internal.cglib.core.$ReflectUtils$1 (file:/usr/share/maven/lib/guice.jar) to method java.lang.ClassLoader.defineClass(java.lang.String,byte[],int,int,java.security.ProtectionDomain)
WARNING: Please consider reporting this to the maintainers of com.google.inject.internal.cglib.core.$ReflectUtils$1
WARNING: Use --illegal-access=warn to enable warnings of further illegal reflective access operations
WARNING: All illegal access operations will be denied in a future release
WARNING: An illegal reflective access operation has occurred
WARNING: Illegal reflective access by com.google.inject.internal.cglib.core.$ReflectUtils$1 (file:/usr/share/maven/lib/guice.jar) to method java.lang.ClassLoader.defineClass(java.lang.String,byte[],int,int,java.security.ProtectionDomain)
WARNING: Please consider reporting this to the maintainers of com.google.inject.internal.cglib.core.$ReflectUtils$1
WARNING: Use --illegal-access=warn to enable warnings of further illegal reflective access operations
WARNING: All illegal access operations will be denied in a future release
Previous HEAD position was e5d67a81 bugs added
HEAD is now at cf7568af patch applied
WARNING: An illegal reflective access operation has occurred
WARNING: Illegal reflective access by com.google.inject.internal.cglib.core.$ReflectUtils$1 (file:/usr/share/maven/lib/guice.jar) to method java.lang.ClassLoader.defineClass(java.lang.String,byte[],int,int,java.security.ProtectionDomain)
WARNING: Please consider reporting this to the maintainers of com.google.inject.internal.cglib.core.$ReflectUtils$1
WARNING: Use --illegal-access=warn to enable warnings of further illegal reflective access operations
WARNING: All illegal access operations will be denied in a future release
WARNING: An illegal reflective access operation has occurred
WARNING: Illegal reflective access by com.google.inject.internal.cglib.core.$ReflectUtils$1 (file:/usr/share/maven/lib/guice.jar) to method java.lang.ClassLoader.defineClass(java.lang.String,byte[],int,int,java.security.ProtectionDomain)
WARNING: Please consider reporting this to the maintainers of com.google.inject.internal.cglib.core.$ReflectUtils$1
WARNING: Use --illegal-access=warn to enable warnings of further illegal reflective access operations
WARNING: All illegal access operations will be denied in a future release
SLF4J: Failed to load class "org.slf4j.impl.StaticLoggerBinder".
SLF4J: Defaulting to no-operation (NOP) logger implementation
SLF4J: See http://www.slf4j.org/codes.html#StaticLoggerBinder for further details.
Oct 16, 2022 8:01:59 AM se.kth.debug.Debugger launchVMAndJunit
INFO: java -cp /home/khesoem/exec-diff/d2/collector-sahab/target/collector-sahab-0.0.1-SNAPSHOT-jar-with-dependencies.jar:/home/khesoem/exec-diff/d2/drr-execdiff/Math-20/sahab-left_cf7568af9959511d8b11a8ed498b09bf471fbe6b/classes:/home/khesoem/exec-diff/d2/drr-execdiff/Math-20/sahab-left_cf7568af9959511d8b11a8ed498b09bf471fbe6b/test-classes:/root/.m2/repository/junit/junit/4.10/junit-4.10.jar:/root/.m2/repository/org/hamcrest/hamcrest-core/1.1/hamcrest-core-1.1.jar se.kth.debug.JUnitTestRunner org.apache.commons.math3.optimization.direct.CMAESOptimizerTest::testMath864
Oct 16, 2022 8:02:00 AM se.kth.debug.Debugger launchVMAndJunit
INFO: Connected to port: 39835
Oct 16, 2022 8:02:00 AM se.kth.debug.Debugger addClassPrepareEvent
INFO: org.apache.commons.math3.optimization.direct.CMAESOptimizer$FitnessFunction added!
Oct 16, 2022 8:02:04 AM se.kth.debug.EventProcessor startEventProcessor
WARNING: com.sun.jdi.VMDisconnectedException
Oct 16, 2022 8:02:04 AM se.kth.debug.Collector write
INFO: Breakpoints serialised!
Oct 16, 2022 8:02:04 AM se.kth.debug.Collector write
INFO: Return values serialised!
Oct 16, 2022 8:02:04 AM se.kth.debug.Collector write
INFO: File output to: /home/khesoem/exec-diff/d2/output/sahab-reports/cf7568af9959511d8b11a8ed498b09bf471fbe6b/left.json
Oct 16, 2022 8:02:05 AM se.kth.debug.Debugger launchVMAndJunit
INFO: java -cp /home/khesoem/exec-diff/d2/collector-sahab/target/collector-sahab-0.0.1-SNAPSHOT-jar-with-dependencies.jar:/home/khesoem/exec-diff/d2/drr-execdiff/Math-20/sahab-right_cf7568af9959511d8b11a8ed498b09bf471fbe6b/classes:/home/khesoem/exec-diff/d2/drr-execdiff/Math-20/sahab-right_cf7568af9959511d8b11a8ed498b09bf471fbe6b/test-classes:/root/.m2/repository/junit/junit/4.10/junit-4.10.jar:/root/.m2/repository/org/hamcrest/hamcrest-core/1.1/hamcrest-core-1.1.jar se.kth.debug.JUnitTestRunner org.apache.commons.math3.optimization.direct.CMAESOptimizerTest::testMath864
Oct 16, 2022 8:02:06 AM se.kth.debug.Debugger launchVMAndJunit
INFO: Connected to port: 47645
Oct 16, 2022 8:02:06 AM se.kth.debug.Debugger addClassPrepareEvent
INFO: org.apache.commons.math3.optimization.direct.CMAESOptimizer$FitnessFunction added!
Oct 16, 2022 8:02:09 AM se.kth.debug.EventProcessor startEventProcessor
WARNING: com.sun.jdi.VMDisconnectedException
Oct 16, 2022 8:02:09 AM se.kth.debug.Collector write
INFO: Breakpoints serialised!
Oct 16, 2022 8:02:09 AM se.kth.debug.Collector write
INFO: Return values serialised!
Oct 16, 2022 8:02:09 AM se.kth.debug.Collector write
INFO: File output to: /home/khesoem/exec-diff/d2/output/sahab-reports/cf7568af9959511d8b11a8ed498b09bf471fbe6b/right.json
