HEAD is now at e5d67a81 bugs added
WARNING: An illegal reflective access operation has occurred
WARNING: Illegal reflective access by com.google.inject.internal.cglib.core.$ReflectUtils$1 (file:/usr/share/maven/lib/guice.jar) to method java.lang.ClassLoader.defineClass(java.lang.String,byte[],int,int,java.security.ProtectionDomain)
WARNING: Please consider reporting this to the maintainers of com.google.inject.internal.cglib.core.$ReflectUtils$1
WARNING: Use --illegal-access=warn to enable warnings of further illegal reflective access operations
WARNING: All illegal access operations will be denied in a future release
WARNING: An illegal reflective access operation has occurred
WARNING: Illegal reflective access by com.google.inject.internal.cglib.core.$ReflectUtils$1 (file:/usr/share/maven/lib/guice.jar) to method java.lang.ClassLoader.defineClass(java.lang.String,byte[],int,int,java.security.ProtectionDomain)
WARNING: Please consider reporting this to the maintainers of com.google.inject.internal.cglib.core.$ReflectUtils$1
WARNING: Use --illegal-access=warn to enable warnings of further illegal reflective access operations
WARNING: All illegal access operations will be denied in a future release
Previous HEAD position was e5d67a81 bugs added
HEAD is now at 98dc9eef patch applied
WARNING: An illegal reflective access operation has occurred
WARNING: Illegal reflective access by com.google.inject.internal.cglib.core.$ReflectUtils$1 (file:/usr/share/maven/lib/guice.jar) to method java.lang.ClassLoader.defineClass(java.lang.String,byte[],int,int,java.security.ProtectionDomain)
WARNING: Please consider reporting this to the maintainers of com.google.inject.internal.cglib.core.$ReflectUtils$1
WARNING: Use --illegal-access=warn to enable warnings of further illegal reflective access operations
WARNING: All illegal access operations will be denied in a future release
WARNING: An illegal reflective access operation has occurred
WARNING: Illegal reflective access by com.google.inject.internal.cglib.core.$ReflectUtils$1 (file:/usr/share/maven/lib/guice.jar) to method java.lang.ClassLoader.defineClass(java.lang.String,byte[],int,int,java.security.ProtectionDomain)
WARNING: Please consider reporting this to the maintainers of com.google.inject.internal.cglib.core.$ReflectUtils$1
WARNING: Use --illegal-access=warn to enable warnings of further illegal reflective access operations
WARNING: All illegal access operations will be denied in a future release
SLF4J: Failed to load class "org.slf4j.impl.StaticLoggerBinder".
SLF4J: Defaulting to no-operation (NOP) logger implementation
SLF4J: See http://www.slf4j.org/codes.html#StaticLoggerBinder for further details.
Oct 10, 2022 7:13:49 AM se.kth.debug.Debugger launchVMAndJunit
INFO: java -cp /home/khesoem/exec-diff/d2/collector-sahab/target/collector-sahab-0.0.1-SNAPSHOT-jar-with-dependencies.jar:/home/khesoem/exec-diff/d2/drr-execdiff/Math-104/sahab-left_98dc9eef38a8a3353d110786ffed93ec83d1cc02/classes:/root/.m2/repository/junit/junit/3.8.1/junit-3.8.1.jar:/root/.m2/repository/commons-logging/commons-logging/1.0.4/commons-logging-1.0.4.jar:/root/.m2/repository/commons-discovery/commons-discovery/0.2/commons-discovery-0.2.jar se.kth.debug.JUnitTestRunner org.apache.commons.math.special.GammaTest::testRegularizedGammaPositivePositive
Oct 10, 2022 7:13:49 AM se.kth.debug.Debugger launchVMAndJunit
INFO: Connected to port: 36183
Oct 10, 2022 7:13:49 AM se.kth.debug.Debugger addClassPrepareEvent
INFO: org.apache.commons.math.special.Gamma added!
Oct 10, 2022 7:13:49 AM se.kth.debug.EventProcessor startEventProcessor
WARNING: com.sun.jdi.VMDisconnectedException
Oct 10, 2022 7:13:49 AM se.kth.debug.Collector write
INFO: Output file was not generated as breakpoints were not encountered.
Oct 10, 2022 7:13:49 AM se.kth.debug.Collector write
INFO: No method exits were encountered.
Oct 10, 2022 7:13:49 AM se.kth.debug.Collector write
INFO: File output to: /home/khesoem/exec-diff/d2/output/sahab-reports/98dc9eef38a8a3353d110786ffed93ec83d1cc02/left.json
Oct 10, 2022 7:13:49 AM se.kth.debug.Debugger launchVMAndJunit
INFO: java -cp /home/khesoem/exec-diff/d2/collector-sahab/target/collector-sahab-0.0.1-SNAPSHOT-jar-with-dependencies.jar:/home/khesoem/exec-diff/d2/drr-execdiff/Math-104/sahab-right_98dc9eef38a8a3353d110786ffed93ec83d1cc02/classes:/root/.m2/repository/junit/junit/3.8.1/junit-3.8.1.jar:/root/.m2/repository/commons-logging/commons-logging/1.0.4/commons-logging-1.0.4.jar:/root/.m2/repository/commons-discovery/commons-discovery/0.2/commons-discovery-0.2.jar se.kth.debug.JUnitTestRunner org.apache.commons.math.special.GammaTest::testRegularizedGammaPositivePositive
Oct 10, 2022 7:13:49 AM se.kth.debug.Debugger launchVMAndJunit
INFO: Connected to port: 35563
Oct 10, 2022 7:13:49 AM se.kth.debug.Debugger addClassPrepareEvent
INFO: org.apache.commons.math.special.Gamma added!
Oct 10, 2022 7:13:50 AM se.kth.debug.EventProcessor startEventProcessor
WARNING: com.sun.jdi.VMDisconnectedException
Oct 10, 2022 7:13:50 AM se.kth.debug.Collector write
INFO: Output file was not generated as breakpoints were not encountered.
Oct 10, 2022 7:13:50 AM se.kth.debug.Collector write
INFO: No method exits were encountered.
Oct 10, 2022 7:13:50 AM se.kth.debug.Collector write
INFO: File output to: /home/khesoem/exec-diff/d2/output/sahab-reports/98dc9eef38a8a3353d110786ffed93ec83d1cc02/right.json
