HEAD is now at e5d67a81 bugs added
WARNING: An illegal reflective access operation has occurred
WARNING: Illegal reflective access by com.google.inject.internal.cglib.core.$ReflectUtils$1 (file:/usr/share/maven/lib/guice.jar) to method java.lang.ClassLoader.defineClass(java.lang.String,byte[],int,int,java.security.ProtectionDomain)
WARNING: Please consider reporting this to the maintainers of com.google.inject.internal.cglib.core.$ReflectUtils$1
WARNING: Use --illegal-access=warn to enable warnings of further illegal reflective access operations
WARNING: All illegal access operations will be denied in a future release
WARNING: An illegal reflective access operation has occurred
WARNING: Illegal reflective access by com.google.inject.internal.cglib.core.$ReflectUtils$1 (file:/usr/share/maven/lib/guice.jar) to method java.lang.ClassLoader.defineClass(java.lang.String,byte[],int,int,java.security.ProtectionDomain)
WARNING: Please consider reporting this to the maintainers of com.google.inject.internal.cglib.core.$ReflectUtils$1
WARNING: Use --illegal-access=warn to enable warnings of further illegal reflective access operations
WARNING: All illegal access operations will be denied in a future release
Previous HEAD position was e5d67a81 bugs added
HEAD is now at 864490e6 patch applied
WARNING: An illegal reflective access operation has occurred
WARNING: Illegal reflective access by com.google.inject.internal.cglib.core.$ReflectUtils$1 (file:/usr/share/maven/lib/guice.jar) to method java.lang.ClassLoader.defineClass(java.lang.String,byte[],int,int,java.security.ProtectionDomain)
WARNING: Please consider reporting this to the maintainers of com.google.inject.internal.cglib.core.$ReflectUtils$1
WARNING: Use --illegal-access=warn to enable warnings of further illegal reflective access operations
WARNING: All illegal access operations will be denied in a future release
WARNING: An illegal reflective access operation has occurred
WARNING: Illegal reflective access by com.google.inject.internal.cglib.core.$ReflectUtils$1 (file:/usr/share/maven/lib/guice.jar) to method java.lang.ClassLoader.defineClass(java.lang.String,byte[],int,int,java.security.ProtectionDomain)
WARNING: Please consider reporting this to the maintainers of com.google.inject.internal.cglib.core.$ReflectUtils$1
WARNING: Use --illegal-access=warn to enable warnings of further illegal reflective access operations
WARNING: All illegal access operations will be denied in a future release
SLF4J: Failed to load class "org.slf4j.impl.StaticLoggerBinder".
SLF4J: Defaulting to no-operation (NOP) logger implementation
SLF4J: See http://www.slf4j.org/codes.html#StaticLoggerBinder for further details.
Oct 11, 2022 9:17:51 AM se.kth.debug.Debugger launchVMAndJunit
INFO: java -cp /home/khesoem/exec-diff/d2/collector-sahab/target/collector-sahab-0.0.1-SNAPSHOT-jar-with-dependencies.jar:/home/khesoem/exec-diff/d2/drr-execdiff/Math-81/sahab-left_864490e65d2fb0de53b50a71b8d711f0367dda89/classes:/home/khesoem/exec-diff/d2/drr-execdiff/Math-81/sahab-left_864490e65d2fb0de53b50a71b8d711f0367dda89/test-classes:/root/.m2/repository/junit/junit/4.4/junit-4.4.jar se.kth.debug.JUnitTestRunner org.apache.commons.math.linear.EigenDecompositionImplTest::testMath308
Oct 11, 2022 9:17:51 AM se.kth.debug.Debugger launchVMAndJunit
INFO: Connected to port: 32809
Oct 11, 2022 9:17:51 AM se.kth.debug.Debugger addClassPrepareEvent
INFO: org.apache.commons.math.linear.EigenDecompositionImpl added!
Oct 11, 2022 9:17:51 AM se.kth.debug.Debugger setBreakpoints
WARNING: 1476 is not a valid breakpoint in org.apache.commons.math.linear.EigenDecompositionImpl
Oct 11, 2022 9:17:51 AM se.kth.debug.Debugger setBreakpoints
WARNING: 1477 is not a valid breakpoint in org.apache.commons.math.linear.EigenDecompositionImpl
Oct 11, 2022 9:17:57 AM se.kth.debug.EventProcessor startEventProcessor
WARNING: com.sun.jdi.VMDisconnectedException
Oct 11, 2022 9:17:57 AM se.kth.debug.Collector write
INFO: Breakpoints serialised!
Oct 11, 2022 9:17:57 AM se.kth.debug.Collector write
INFO: Return values serialised!
Oct 11, 2022 9:17:57 AM se.kth.debug.Collector write
INFO: File output to: /home/khesoem/exec-diff/d2/output/sahab-reports/864490e65d2fb0de53b50a71b8d711f0367dda89/left.json
Oct 11, 2022 9:17:58 AM se.kth.debug.Debugger launchVMAndJunit
INFO: java -cp /home/khesoem/exec-diff/d2/collector-sahab/target/collector-sahab-0.0.1-SNAPSHOT-jar-with-dependencies.jar:/home/khesoem/exec-diff/d2/drr-execdiff/Math-81/sahab-right_864490e65d2fb0de53b50a71b8d711f0367dda89/classes:/home/khesoem/exec-diff/d2/drr-execdiff/Math-81/sahab-right_864490e65d2fb0de53b50a71b8d711f0367dda89/test-classes:/root/.m2/repository/junit/junit/4.4/junit-4.4.jar se.kth.debug.JUnitTestRunner org.apache.commons.math.linear.EigenDecompositionImplTest::testMath308
Oct 11, 2022 9:17:58 AM se.kth.debug.Debugger launchVMAndJunit
INFO: Connected to port: 45779
Oct 11, 2022 9:17:58 AM se.kth.debug.Debugger addClassPrepareEvent
INFO: org.apache.commons.math.linear.EigenDecompositionImpl added!
Oct 11, 2022 9:17:58 AM se.kth.debug.Debugger setBreakpoints
WARNING: 1544 is not a valid breakpoint in org.apache.commons.math.linear.EigenDecompositionImpl
Oct 11, 2022 9:17:58 AM se.kth.debug.Debugger setBreakpoints
WARNING: 1545 is not a valid breakpoint in org.apache.commons.math.linear.EigenDecompositionImpl
Oct 11, 2022 9:17:58 AM se.kth.debug.Debugger setBreakpoints
WARNING: 1546 is not a valid breakpoint in org.apache.commons.math.linear.EigenDecompositionImpl
Oct 11, 2022 9:17:58 AM se.kth.debug.Debugger setBreakpoints
WARNING: 1547 is not a valid breakpoint in org.apache.commons.math.linear.EigenDecompositionImpl
Oct 11, 2022 9:17:58 AM se.kth.debug.Debugger setBreakpoints
WARNING: 1548 is not a valid breakpoint in org.apache.commons.math.linear.EigenDecompositionImpl
Oct 11, 2022 9:17:58 AM se.kth.debug.Debugger setBreakpoints
WARNING: 1550 is not a valid breakpoint in org.apache.commons.math.linear.EigenDecompositionImpl
Oct 11, 2022 9:17:58 AM se.kth.debug.Debugger setBreakpoints
WARNING: 1551 is not a valid breakpoint in org.apache.commons.math.linear.EigenDecompositionImpl
Oct 11, 2022 9:17:58 AM se.kth.debug.Debugger setBreakpoints
WARNING: 1552 is not a valid breakpoint in org.apache.commons.math.linear.EigenDecompositionImpl
Oct 11, 2022 9:17:58 AM se.kth.debug.Debugger setBreakpoints
WARNING: 1554 is not a valid breakpoint in org.apache.commons.math.linear.EigenDecompositionImpl
Oct 11, 2022 9:17:58 AM se.kth.debug.Debugger setBreakpoints
WARNING: 1555 is not a valid breakpoint in org.apache.commons.math.linear.EigenDecompositionImpl
Oct 11, 2022 9:17:58 AM se.kth.debug.Debugger setBreakpoints
WARNING: 1556 is not a valid breakpoint in org.apache.commons.math.linear.EigenDecompositionImpl
Oct 11, 2022 9:17:58 AM se.kth.debug.Debugger setBreakpoints
WARNING: 1557 is not a valid breakpoint in org.apache.commons.math.linear.EigenDecompositionImpl
Oct 11, 2022 9:17:58 AM se.kth.debug.Debugger setBreakpoints
WARNING: 1560 is not a valid breakpoint in org.apache.commons.math.linear.EigenDecompositionImpl
Oct 11, 2022 9:17:58 AM se.kth.debug.Debugger setBreakpoints
WARNING: 1476 is not a valid breakpoint in org.apache.commons.math.linear.EigenDecompositionImpl
Oct 11, 2022 9:17:58 AM se.kth.debug.Debugger setBreakpoints
WARNING: 1477 is not a valid breakpoint in org.apache.commons.math.linear.EigenDecompositionImpl
Oct 11, 2022 9:18:05 AM se.kth.debug.EventProcessor startEventProcessor
WARNING: com.sun.jdi.VMDisconnectedException
Oct 11, 2022 9:18:06 AM se.kth.debug.Collector write
INFO: Breakpoints serialised!
Oct 11, 2022 9:18:06 AM se.kth.debug.Collector write
INFO: Return values serialised!
Oct 11, 2022 9:18:06 AM se.kth.debug.Collector write
INFO: File output to: /home/khesoem/exec-diff/d2/output/sahab-reports/864490e65d2fb0de53b50a71b8d711f0367dda89/right.json
