HEAD is now at e5d67a81 bugs added
WARNING: An illegal reflective access operation has occurred
WARNING: Illegal reflective access by com.google.inject.internal.cglib.core.$ReflectUtils$1 (file:/usr/share/maven/lib/guice.jar) to method java.lang.ClassLoader.defineClass(java.lang.String,byte[],int,int,java.security.ProtectionDomain)
WARNING: Please consider reporting this to the maintainers of com.google.inject.internal.cglib.core.$ReflectUtils$1
WARNING: Use --illegal-access=warn to enable warnings of further illegal reflective access operations
WARNING: All illegal access operations will be denied in a future release
WARNING: An illegal reflective access operation has occurred
WARNING: Illegal reflective access by com.google.inject.internal.cglib.core.$ReflectUtils$1 (file:/usr/share/maven/lib/guice.jar) to method java.lang.ClassLoader.defineClass(java.lang.String,byte[],int,int,java.security.ProtectionDomain)
WARNING: Please consider reporting this to the maintainers of com.google.inject.internal.cglib.core.$ReflectUtils$1
WARNING: Use --illegal-access=warn to enable warnings of further illegal reflective access operations
WARNING: All illegal access operations will be denied in a future release
Previous HEAD position was e5d67a81 bugs added
HEAD is now at 75093e2c patch applied
WARNING: An illegal reflective access operation has occurred
WARNING: Illegal reflective access by com.google.inject.internal.cglib.core.$ReflectUtils$1 (file:/usr/share/maven/lib/guice.jar) to method java.lang.ClassLoader.defineClass(java.lang.String,byte[],int,int,java.security.ProtectionDomain)
WARNING: Please consider reporting this to the maintainers of com.google.inject.internal.cglib.core.$ReflectUtils$1
WARNING: Use --illegal-access=warn to enable warnings of further illegal reflective access operations
WARNING: All illegal access operations will be denied in a future release
WARNING: An illegal reflective access operation has occurred
WARNING: Illegal reflective access by com.google.inject.internal.cglib.core.$ReflectUtils$1 (file:/usr/share/maven/lib/guice.jar) to method java.lang.ClassLoader.defineClass(java.lang.String,byte[],int,int,java.security.ProtectionDomain)
WARNING: Please consider reporting this to the maintainers of com.google.inject.internal.cglib.core.$ReflectUtils$1
WARNING: Use --illegal-access=warn to enable warnings of further illegal reflective access operations
WARNING: All illegal access operations will be denied in a future release
SLF4J: Failed to load class "org.slf4j.impl.StaticLoggerBinder".
SLF4J: Defaulting to no-operation (NOP) logger implementation
SLF4J: See http://www.slf4j.org/codes.html#StaticLoggerBinder for further details.
Oct 10, 2022 5:51:31 AM se.kth.debug.Debugger launchVMAndJunit
INFO: java -cp /home/khesoem/exec-diff/d2/collector-sahab/target/collector-sahab-0.0.1-SNAPSHOT-jar-with-dependencies.jar:/home/khesoem/exec-diff/d2/drr-execdiff/Time-14/sahab-left_75093e2c7b15373ef75dfeb8ab2e9ce16562fce5/classes:/home/khesoem/exec-diff/d2/drr-execdiff/Time-14/sahab-left_75093e2c7b15373ef75dfeb8ab2e9ce16562fce5/test-classes:/root/.m2/repository/org/joda/joda-convert/1.2/joda-convert-1.2.jar:/root/.m2/repository/junit/junit/3.8.2/junit-3.8.2.jar se.kth.debug.JUnitTestRunner org.joda.time.TestMonthDay_Basics::testPlusMonths_int_negativeFromLeap
Oct 10, 2022 5:51:31 AM se.kth.debug.Debugger launchVMAndJunit
INFO: Connected to port: 52103
Oct 10, 2022 5:51:31 AM se.kth.debug.Debugger addClassPrepareEvent
INFO: org.joda.time.MonthDay added!
Oct 10, 2022 5:51:37 AM se.kth.debug.EventProcessor startEventProcessor
WARNING: com.sun.jdi.VMDisconnectedException
Oct 10, 2022 5:51:38 AM se.kth.debug.Collector write
INFO: Breakpoints serialised!
Oct 10, 2022 5:51:38 AM se.kth.debug.Collector write
INFO: No method exits were encountered.
Oct 10, 2022 5:51:38 AM se.kth.debug.Collector write
INFO: File output to: /home/khesoem/exec-diff/d2/output/sahab-reports/75093e2c7b15373ef75dfeb8ab2e9ce16562fce5/left.json
Oct 10, 2022 5:51:38 AM se.kth.debug.Debugger launchVMAndJunit
INFO: java -cp /home/khesoem/exec-diff/d2/collector-sahab/target/collector-sahab-0.0.1-SNAPSHOT-jar-with-dependencies.jar:/home/khesoem/exec-diff/d2/drr-execdiff/Time-14/sahab-right_75093e2c7b15373ef75dfeb8ab2e9ce16562fce5/classes:/home/khesoem/exec-diff/d2/drr-execdiff/Time-14/sahab-right_75093e2c7b15373ef75dfeb8ab2e9ce16562fce5/test-classes:/root/.m2/repository/org/joda/joda-convert/1.2/joda-convert-1.2.jar:/root/.m2/repository/junit/junit/3.8.2/junit-3.8.2.jar se.kth.debug.JUnitTestRunner org.joda.time.TestMonthDay_Basics::testPlusMonths_int_negativeFromLeap
Oct 10, 2022 5:51:38 AM se.kth.debug.Debugger launchVMAndJunit
INFO: Connected to port: 34593
Oct 10, 2022 5:51:38 AM se.kth.debug.Debugger addClassPrepareEvent
INFO: org.joda.time.MonthDay added!
Oct 10, 2022 5:51:47 AM se.kth.debug.EventProcessor startEventProcessor
WARNING: com.sun.jdi.VMDisconnectedException
Oct 10, 2022 5:51:48 AM se.kth.debug.Collector write
INFO: Breakpoints serialised!
Oct 10, 2022 5:51:48 AM se.kth.debug.Collector write
INFO: Return values serialised!
Oct 10, 2022 5:51:48 AM se.kth.debug.Collector write
INFO: File output to: /home/khesoem/exec-diff/d2/output/sahab-reports/75093e2c7b15373ef75dfeb8ab2e9ce16562fce5/right.json
