HEAD is now at e5d67a81 bugs added
WARNING: An illegal reflective access operation has occurred
WARNING: Illegal reflective access by com.google.inject.internal.cglib.core.$ReflectUtils$1 (file:/usr/share/maven/lib/guice.jar) to method java.lang.ClassLoader.defineClass(java.lang.String,byte[],int,int,java.security.ProtectionDomain)
WARNING: Please consider reporting this to the maintainers of com.google.inject.internal.cglib.core.$ReflectUtils$1
WARNING: Use --illegal-access=warn to enable warnings of further illegal reflective access operations
WARNING: All illegal access operations will be denied in a future release
WARNING: An illegal reflective access operation has occurred
WARNING: Illegal reflective access by com.google.inject.internal.cglib.core.$ReflectUtils$1 (file:/usr/share/maven/lib/guice.jar) to method java.lang.ClassLoader.defineClass(java.lang.String,byte[],int,int,java.security.ProtectionDomain)
WARNING: Please consider reporting this to the maintainers of com.google.inject.internal.cglib.core.$ReflectUtils$1
WARNING: Use --illegal-access=warn to enable warnings of further illegal reflective access operations
WARNING: All illegal access operations will be denied in a future release
Previous HEAD position was e5d67a81 bugs added
HEAD is now at 44b1a99a patch applied
WARNING: An illegal reflective access operation has occurred
WARNING: Illegal reflective access by com.google.inject.internal.cglib.core.$ReflectUtils$1 (file:/usr/share/maven/lib/guice.jar) to method java.lang.ClassLoader.defineClass(java.lang.String,byte[],int,int,java.security.ProtectionDomain)
WARNING: Please consider reporting this to the maintainers of com.google.inject.internal.cglib.core.$ReflectUtils$1
WARNING: Use --illegal-access=warn to enable warnings of further illegal reflective access operations
WARNING: All illegal access operations will be denied in a future release
WARNING: An illegal reflective access operation has occurred
WARNING: Illegal reflective access by com.google.inject.internal.cglib.core.$ReflectUtils$1 (file:/usr/share/maven/lib/guice.jar) to method java.lang.ClassLoader.defineClass(java.lang.String,byte[],int,int,java.security.ProtectionDomain)
WARNING: Please consider reporting this to the maintainers of com.google.inject.internal.cglib.core.$ReflectUtils$1
WARNING: Use --illegal-access=warn to enable warnings of further illegal reflective access operations
WARNING: All illegal access operations will be denied in a future release
SLF4J: Failed to load class "org.slf4j.impl.StaticLoggerBinder".
SLF4J: Defaulting to no-operation (NOP) logger implementation
SLF4J: See http://www.slf4j.org/codes.html#StaticLoggerBinder for further details.
Oct 07, 2022 7:27:08 PM se.kth.debug.Debugger launchVMAndJunit
INFO: java -cp /home/khesoem/exec-diff/d2/collector-sahab/target/collector-sahab-0.0.1-SNAPSHOT-jar-with-dependencies.jar:/home/khesoem/exec-diff/d2/drr-execdiff/Math-50/sahab-left_44b1a99ac1fbafdbeac01e337e0c191472fe3d37/classes:/home/khesoem/exec-diff/d2/drr-execdiff/Math-50/sahab-left_44b1a99ac1fbafdbeac01e337e0c191472fe3d37/test-classes:/root/.m2/repository/junit/junit/4.8.2/junit-4.8.2.jar se.kth.debug.JUnitTestRunner org.apache.commons.math.analysis.solvers.RegulaFalsiSolverTest::testIssue631
Oct 07, 2022 7:27:08 PM se.kth.debug.Debugger launchVMAndJunit
INFO: Connected to port: 48531
Oct 07, 2022 7:27:08 PM se.kth.debug.Debugger addClassPrepareEvent
INFO: org.apache.commons.math.analysis.solvers.BaseSecantSolver added!
Oct 07, 2022 7:27:08 PM se.kth.debug.Debugger setBreakpoints
WARNING: 158 is not a valid breakpoint in org.apache.commons.math.analysis.solvers.BaseSecantSolver
Oct 07, 2022 7:27:08 PM se.kth.debug.Debugger setBreakpoints
WARNING: 191 is not a valid breakpoint in org.apache.commons.math.analysis.solvers.BaseSecantSolver
Oct 07, 2022 7:27:08 PM se.kth.debug.Debugger setBreakpoints
WARNING: 212 is not a valid breakpoint in org.apache.commons.math.analysis.solvers.BaseSecantSolver
Oct 07, 2022 7:27:08 PM se.kth.debug.Debugger setBreakpoints
WARNING: 217 is not a valid breakpoint in org.apache.commons.math.analysis.solvers.BaseSecantSolver
Oct 07, 2022 7:27:08 PM se.kth.debug.Debugger setBreakpoints
WARNING: 222 is not a valid breakpoint in org.apache.commons.math.analysis.solvers.BaseSecantSolver
Oct 07, 2022 7:27:08 PM se.kth.debug.Debugger setBreakpoints
WARNING: 227 is not a valid breakpoint in org.apache.commons.math.analysis.solvers.BaseSecantSolver
Oct 07, 2022 8:13:12 PM se.kth.debug.EventProcessor startEventProcessor
WARNING: com.sun.jdi.VMDisconnectedException
Oct 07, 2022 8:15:19 PM se.kth.debug.Collector write
INFO: Breakpoints serialised!
Oct 07, 2022 8:15:19 PM se.kth.debug.Collector write
INFO: Return values serialised!
Oct 07, 2022 8:15:19 PM se.kth.debug.Collector write
INFO: File output to: /home/khesoem/exec-diff/d2/output/sahab-reports/44b1a99ac1fbafdbeac01e337e0c191472fe3d37/left.json
Oct 07, 2022 8:15:20 PM se.kth.debug.Debugger launchVMAndJunit
INFO: java -cp /home/khesoem/exec-diff/d2/collector-sahab/target/collector-sahab-0.0.1-SNAPSHOT-jar-with-dependencies.jar:/home/khesoem/exec-diff/d2/drr-execdiff/Math-50/sahab-right_44b1a99ac1fbafdbeac01e337e0c191472fe3d37/classes:/home/khesoem/exec-diff/d2/drr-execdiff/Math-50/sahab-right_44b1a99ac1fbafdbeac01e337e0c191472fe3d37/test-classes:/root/.m2/repository/junit/junit/4.8.2/junit-4.8.2.jar se.kth.debug.JUnitTestRunner org.apache.commons.math.analysis.solvers.RegulaFalsiSolverTest::testIssue631
Oct 07, 2022 8:15:20 PM se.kth.debug.Debugger launchVMAndJunit
INFO: Connected to port: 45095
Oct 07, 2022 8:15:20 PM se.kth.debug.Debugger addClassPrepareEvent
INFO: org.apache.commons.math.analysis.solvers.BaseSecantSolver added!
Oct 07, 2022 8:15:20 PM se.kth.debug.Debugger setBreakpoints
WARNING: 158 is not a valid breakpoint in org.apache.commons.math.analysis.solvers.BaseSecantSolver
Oct 07, 2022 8:15:20 PM se.kth.debug.Debugger setBreakpoints
WARNING: 208 is not a valid breakpoint in org.apache.commons.math.analysis.solvers.BaseSecantSolver
Oct 07, 2022 8:15:20 PM se.kth.debug.Debugger setBreakpoints
WARNING: 213 is not a valid breakpoint in org.apache.commons.math.analysis.solvers.BaseSecantSolver
Oct 07, 2022 8:15:20 PM se.kth.debug.Debugger setBreakpoints
WARNING: 218 is not a valid breakpoint in org.apache.commons.math.analysis.solvers.BaseSecantSolver
Oct 07, 2022 8:15:20 PM se.kth.debug.Debugger setBreakpoints
WARNING: 223 is not a valid breakpoint in org.apache.commons.math.analysis.solvers.BaseSecantSolver
Oct 07, 2022 9:06:38 PM se.kth.debug.EventProcessor startEventProcessor
WARNING: com.sun.jdi.VMDisconnectedException
Oct 07, 2022 9:09:02 PM se.kth.debug.Collector write
INFO: Breakpoints serialised!
Oct 07, 2022 9:09:02 PM se.kth.debug.Collector write
INFO: No method exits were encountered.
Oct 07, 2022 9:09:02 PM se.kth.debug.Collector write
INFO: File output to: /home/khesoem/exec-diff/d2/output/sahab-reports/44b1a99ac1fbafdbeac01e337e0c191472fe3d37/right.json
